Log file open, 10/28/18 00:26:03
LogWindows: Failed to load 'aqProf.dll' (GetLastError=126)
LogWindows: File 'aqProf.dll' does not exist
LogWindows: Failed to load 'VtuneApi.dll' (GetLastError=126)
LogWindows: File 'VtuneApi.dll' does not exist
LogWindows: Failed to load 'VtuneApi32e.dll' (GetLastError=126)
LogWindows: File 'VtuneApi32e.dll' does not exist
LogInit: Display: Running engine for game: ControliePractice
LogPlatformFile: Not using cached read wrapper
LogTaskGraph: Started task graph with 5 named threads and 23 total threads with 3 sets of task threads.
LogStats: Stats thread started at 0.313211
LogD3D11RHI: Loaded GFSDK_Aftermath_Lib.x64.dll
LogICUInternationalization: Display: ICU TimeZone Detection - Raw Offset: -6:00, Platform Override: ''
LogPluginManager: Mounting plugin Paper2D
LogPluginManager: Mounting plugin AISupport
LogPluginManager: Mounting plugin LightPropagationVolume
LogPluginManager: Mounting plugin CLionSourceCodeAccess
LogPluginManager: Mounting plugin CodeLiteSourceCodeAccess
LogPluginManager: Mounting plugin GitSourceControl
LogPluginManager: Mounting plugin KDevelopSourceCodeAccess
LogPluginManager: Mounting plugin NullSourceCodeAccess
LogPluginManager: Mounting plugin PerforceSourceControl
LogPluginManager: Mounting plugin SubversionSourceControl
LogPluginManager: Mounting plugin UObjectPlugin
LogPluginManager: Mounting plugin VisualStudioCodeSourceCodeAccess
LogPluginManager: Mounting plugin VisualStudioSourceCodeAccess
LogPluginManager: Mounting plugin XCodeSourceCodeAccess
LogPluginManager: Mounting plugin AssetManagerEditor
LogPluginManager: Mounting plugin CryptoKeys
LogPluginManager: Mounting plugin DataValidation
LogPluginManager: Mounting plugin EditorScriptingUtilities
LogPluginManager: Mounting plugin FacialAnimation
LogPluginManager: Mounting plugin GameplayTagsEditor
LogPluginManager: Mounting plugin MacGraphicsSwitching
LogPluginManager: Mounting plugin MeshEditor
LogPluginManager: Mounting plugin MobileLauncherProfileWizard
LogPluginManager: Mounting plugin PluginBrowser
LogPluginManager: Mounting plugin SpeedTreeImporter
LogPluginManager: Mounting plugin DatasmithContent
LogPluginManager: Mounting plugin AlembicImporter
LogPluginManager: Mounting plugin AppleImageUtils
LogPluginManager: Mounting plugin AppleVision
LogPluginManager: Mounting plugin BackChannel
LogPluginManager: Mounting plugin CharacterAI
LogPluginManager: Mounting plugin GeometryCache
LogPluginManager: Mounting plugin HTML5Networking
LogPluginManager: Mounting plugin ProxyLODPlugin
LogPluginManager: Mounting plugin MagicLeap
LogPluginManager: Mounting plugin MagicLeapEmulator
LogPluginManager: Mounting plugin MagicLeapMedia
LogPluginManager: Mounting plugin AndroidMedia
LogPluginManager: Mounting plugin AvfMedia
LogPluginManager: Mounting plugin ImgMedia
LogPluginManager: Mounting plugin LinearTimecode
LogPluginManager: Mounting plugin MediaCompositing
LogPluginManager: Mounting plugin MediaPlayerEditor
LogPluginManager: Mounting plugin WmfMedia
LogPluginManager: Mounting plugin TcpMessaging
LogPluginManager: Mounting plugin UdpMessaging
LogPluginManager: Mounting plugin ActorSequence
LogPluginManager: Mounting plugin LevelSequenceEditor
LogPluginManager: Mounting plugin MatineeToLevelSequence
LogPluginManager: Mounting plugin NetcodeUnitTest
LogPluginManager: Mounting plugin NUTUnrealEngine4
LogPluginManager: Mounting plugin OnlineSubsystemGooglePlay
LogPluginManager: Mounting plugin OnlineSubsystemIOS
LogPluginManager: Mounting plugin OnlineSubsystem
LogPluginManager: Mounting plugin OnlineSubsystemNull
LogPluginManager: Mounting plugin OnlineSubsystemUtils
LogPluginManager: Mounting plugin LauncherChunkInstaller
LogPluginManager: Mounting plugin AndroidDeviceProfileSelector
LogPluginManager: Mounting plugin AndroidMoviePlayer
LogPluginManager: Mounting plugin AndroidPermission
LogPluginManager: Mounting plugin AppleMoviePlayer
LogPluginManager: Mounting plugin ArchVisCharacter
LogPluginManager: Mounting plugin AudioCapture
LogPluginManager: Mounting plugin CableComponent
LogPluginManager: Mounting plugin CustomMeshComponent
LogPluginManager: Mounting plugin EditableMesh
LogPluginManager: Mounting plugin ExampleDeviceProfileSelector
LogPluginManager: Mounting plugin GoogleCloudMessaging
LogPluginManager: Mounting plugin ImmediatePhysics
LogPluginManager: Mounting plugin IOSDeviceProfileSelector
LogPluginManager: Mounting plugin LinuxDeviceProfileSelector
LogPluginManager: Mounting plugin LocationServicesBPLibrary
LogPluginManager: Mounting plugin MobilePatchingUtils
LogPluginManager: Mounting plugin OculusVR
LogPluginManager: Plugin shader directory ../../../Engine/Plugins/Runtime/Oculus/OculusVR/Shaders found
LogPluginManager: Mapping shader source directory ../../../Engine/Plugins/Runtime/Oculus/OculusVR/Shaders to virtual directory /Plugin/OculusVR
LogPluginManager: Mounting plugin PhysXVehicles
LogPluginManager: Mounting plugin ProceduralMeshComponent
LogPluginManager: Mounting plugin RuntimePhysXCooking
LogPluginManager: Mounting plugin SteamVR
LogPluginManager: Mounting plugin WindowsMoviePlayer
LogPluginManager: Mounting plugin DatasmithCADImporter
LogPluginManager: Mounting plugin DatasmithFBXImporter
LogPluginManager: Mounting plugin DatasmithImporter
LogPluginManager: Mounting plugin DatasmithMDLImporter
LogPluginManager: Mounting plugin StaticMeshEditorExtension
LogStreaming: Display: Took  0.195s to configure plugins.
LogInit: Using libcurl 7.55.1-DEV
LogInit:  - built for x86_64-pc-win32
LogInit:  - supports SSL with OpenSSL/1.0.2h
LogInit:  - supports HTTP deflate (compression) using libz 1.2.8
LogInit:  - other features:
LogInit:      CURL_VERSION_SSL
LogInit:      CURL_VERSION_LIBZ
LogInit:      CURL_VERSION_IPV6
LogInit:      CURL_VERSION_ASYNCHDNS
LogInit:      CURL_VERSION_LARGEFILE
LogInit:      CURL_VERSION_IDN
LogInit:  CurlRequestOptions (configurable via config and command line):
LogInit:  - bVerifyPeer = false  - Libcurl will NOT verify peer certificate
LogInit:  - bUseHttpProxy = false  - Libcurl will NOT use HTTP proxy
LogInit:  - bDontReuseConnections = false  - Libcurl will reuse connections
LogInit:  - CertBundlePath = nullptr  - Libcurl will use whatever was configured at build time.
LogInit:  - MaxHostConnections = 16  - Libcurl will limit the number of connections to a host
LogInit:  - LocalHostAddr = Default
LogInit:  - BufferSize = 65536
LogInit: WinSock: version 1.1 (2.2), MaxSocks=32767, MaxUdp=65467
LogHMD: Failed initializing OVRPlugin 1.25.0
LogInit: Build: ++UE4+Release-4.20-CL-4369336
LogInit: Engine Version: 4.20.3-4369336+++UE4+Release-4.20
LogInit: Compatible Engine Version: 4.20.0-4212847+++UE4+Release-4.20
LogInit: Net CL: 4212847
LogInit: OS: Windows 10 (), CPU: AMD FX(tm)-8350 Eight-Core Processor           , GPU: AMD Radeon R9 200 Series
LogInit: Compiled (64-bit): Sep 17 2018 12:26:19
LogInit: Compiled with Visual C++: 19.13.26129.00
LogInit: Build Configuration: Development
LogInit: Branch Name: ++UE4+Release-4.20
LogInit: Command Line:  -skipcompile
LogInit: Base Directory: E:/Unreal_Engine/UE_4.20/Engine/Binaries/Win64/
LogInit: Installed Engine Build: 1
LogDevObjectVersion: Number of dev versions registered: 20
LogDevObjectVersion:   Dev-Blueprints (B0D832E4-1F89-4F0D-ACCF-7EB736FD4AA2): 10
LogDevObjectVersion:   Dev-Build (E1C64328-A22C-4D53-A36C-8E866417BD8C): 0
LogDevObjectVersion:   Dev-Core (375EC13C-06E4-48FB-B500-84F0262A717E): 2
LogDevObjectVersion:   Dev-Editor (E4B068ED-F494-42E9-A231-DA0B2E46BB41): 24
LogDevObjectVersion:   Dev-Framework (CFFC743F-43B0-4480-9391-14DF171D2073): 34
LogDevObjectVersion:   Dev-Mobile (B02B49B5-BB20-44E9-A304-32B752E40360): 2
LogDevObjectVersion:   Dev-Networking (A4E4105C-59A1-49B5-A7C5-40C4547EDFEE): 0
LogDevObjectVersion:   Dev-Online (39C831C9-5AE6-47DC-9A44-9C173E1C8E7C): 0
LogDevObjectVersion:   Dev-Physics (78F01B33-EBEA-4F98-B9B4-84EACCB95AA2): 0
LogDevObjectVersion:   Dev-Platform (6631380F-2D4D-43E0-8009-CF276956A95A): 0
LogDevObjectVersion:   Dev-Rendering (12F88B9F-8875-4AFC-A67C-D90C383ABD29): 26
LogDevObjectVersion:   Dev-Sequencer (7B5AE74C-D270-4C10-A958-57980B212A5A): 9
LogDevObjectVersion:   Dev-VR (D7296918-1DD6-4BDD-9DE2-64A83CC13884): 2
LogDevObjectVersion:   Dev-LoadTimes (C2A15278-BFE7-4AFE-6C17-90FF531DF755): 1
LogDevObjectVersion:   Private-Geometry (6EACA3D4-40EC-4CC1-B786-8BED09428FC5): 3
LogDevObjectVersion:   Dev-AnimPhys (29E575DD-E0A3-4627-9D10-D276232CDCEA): 17
LogDevObjectVersion:   Dev-ReflectionCapture (6B266CEC-1EC7-4B8F-A30B-E4D90942FC07): 1
LogDevObjectVersion:   Dev-Automation (0DF73D61-A23F-47EA-B727-89E90C41499A): 1
LogDevObjectVersion:   FortniteMain (601D1886-AC64-4F84-AA16-D3DE0DEAC7D6): 12
LogDevObjectVersion:   Dev-Enterprise (9DFFBCD6-494F-0158-E221-12823C92A888): 1
LogStreaming: Display: Took  0.002s to delete old logs.
LogInit: Presizing for max 8388607 objects, including 0 objects not considered by GC, pre-allocating 0 bytes for permanent pool.
LogInit: Object subsystem initialized
[2018.10.28-05.26.04:831][  0]LogInit: Selected Device Profile: [Windows]
[2018.10.28-05.26.04:831][  0]LogInit: Applying CVar settings loaded from the selected device profile: [Windows]
[2018.10.28-05.26.04:849][  0]LogHAL: Display: Platform has ~ 16 GB [17075896320 / 17179869184 / 16], which maps to Larger [LargestMinGB=32, LargerMinGB=12, DefaultMinGB=8, SmallerMinGB=6, SmallestMinGB=0)
[2018.10.28-05.26.04:849][  0]LogInit: Setting Device Profile CVar: [[r.Vulkan.UseRealUBs:1]]
[2018.10.28-05.26.04:849][  0]LogInit: Going up to parent DeviceProfile []
[2018.10.28-05.26.04:850][  0]LogInit: Computer: BLACKWIDOW-PC
[2018.10.28-05.26.04:850][  0]LogInit: User: Rayray
[2018.10.28-05.26.04:850][  0]LogInit: CPU Page size=4096, Cores=4
[2018.10.28-05.26.04:850][  0]LogInit: High frequency timer resolution =3.919296 MHz
[2018.10.28-05.26.04:850][  0]LogMemory: Memory total: Physical=15.9GB (16GB approx)
[2018.10.28-05.26.04:850][  0]LogMemory: Platform Memory Stats for Windows
[2018.10.28-05.26.04:850][  0]LogMemory: Process Physical Memory: 103.70 MB used, 103.70 MB peak
[2018.10.28-05.26.04:850][  0]LogMemory: Process Virtual Memory: 90.35 MB used, 90.35 MB peak
[2018.10.28-05.26.04:850][  0]LogMemory: Physical Memory: 6950.60 MB used,  9334.25 MB free, 16284.84 MB total
[2018.10.28-05.26.04:850][  0]LogMemory: Virtual Memory: 4651.27 MB used,  9334.25 MB free, 134217728.00 MB total
[2018.10.28-05.26.04:873][  0]LogInit: Using OS detected language (en-US).
[2018.10.28-05.26.04:873][  0]LogInit: Using OS detected locale (en-US).
[2018.10.28-05.26.04:874][  0]LogTextLocalizationManager: No specific localization for 'en-US' exists, so the 'en' localization will be used.
[2018.10.28-05.26.05:323][  0]LogStreaming: Display: Took  0.450s to InitEngineTextLocalization.
[2018.10.28-05.26.05:323][  0]LogInit: Setting process to per monitor DPI aware
[2018.10.28-05.26.05:370][  0]LogSlate: New Slate User Created.  User Index 0, Is Virtual User: 0
[2018.10.28-05.26.05:370][  0]LogSlate: Slate User Registered.  User Index 0, Is Virtual User: 0
[2018.10.28-05.26.12:767][  0]LogHMD: Failed to initialize OpenVR with code 108
[2018.10.28-05.26.12:767][  0]LogD3D11RHI: D3D11 adapters:
[2018.10.28-05.26.12:797][  0]LogD3D11RHI:    0. 'AMD Radeon R9 200 Series' (Feature Level 11_0)
[2018.10.28-05.26.12:797][  0]LogD3D11RHI:       4072/0/8142 MB DedicatedVideo/DedicatedSystem/SharedSystem, Outputs:2, VendorId:0x1002
[2018.10.28-05.26.12:800][  0]LogD3D11RHI:    1. 'Microsoft Basic Render Driver' (Feature Level 11_0)
[2018.10.28-05.26.12:800][  0]LogD3D11RHI:       0/0/8142 MB DedicatedVideo/DedicatedSystem/SharedSystem, Outputs:0, VendorId:0x1414
[2018.10.28-05.26.12:800][  0]LogD3D11RHI: Chosen D3D11 Adapter: 0
[2018.10.28-05.26.12:818][  0]LogD3D11RHI: Creating new Direct3DDevice
[2018.10.28-05.26.12:818][  0]LogD3D11RHI:     GPU DeviceId: 0x67b0 (for the marketing name, search the web for "GPU Device Id")
[2018.10.28-05.26.12:818][  0]LogWindows: EnumDisplayDevices:
[2018.10.28-05.26.12:818][  0]LogWindows:    0. 'AMD Radeon R9 200 Series' (P:1 D:1)
[2018.10.28-05.26.12:818][  0]LogWindows:    1. 'AMD Radeon R9 200 Series' (P:0 D:1)
[2018.10.28-05.26.12:819][  0]LogWindows:    2. 'AMD Radeon R9 200 Series' (P:0 D:0)
[2018.10.28-05.26.12:819][  0]LogWindows:    3. 'AMD Radeon R9 200 Series' (P:0 D:0)
[2018.10.28-05.26.12:820][  0]LogWindows:    4. 'AMD Radeon R9 200 Series' (P:0 D:0)
[2018.10.28-05.26.12:820][  0]LogWindows:    5. 'AMD Radeon R9 200 Series' (P:0 D:0)
[2018.10.28-05.26.12:820][  0]LogWindows: DebugString: FoundDriverCount:6 
[2018.10.28-05.26.12:820][  0]LogD3D11RHI:     Adapter Name: AMD Radeon R9 200 Series
[2018.10.28-05.26.12:820][  0]LogD3D11RHI:   Driver Version: Crimson ReLive 17.7 (internal:22.19.677.257, unified:22.19.677.257)
[2018.10.28-05.26.12:820][  0]LogD3D11RHI:      Driver Date: 9-22-2017
[2018.10.28-05.26.12:820][  0]LogRHI: Texture pool is 2850 MB (70% of 4072 MB)
[2018.10.28-05.26.12:857][  0]LogD3D11RHI: Async texture creation enabled
[2018.10.28-05.26.12:870][  0]LogD3D11RHI: GPU Timing Frequency: 27.000000 (Debug: 2 1)
[2018.10.28-05.26.12:871][  0]LogShaderCompilers: Guid format shader working directory is -12 characters bigger than the processId version (../../../../../controliegit/controliegame/ControliePractice/Intermediate/Shaders/WorkingDirectory/7340/).
[2018.10.28-05.26.12:872][  0]LogShaderCompilers: Cleaned the shader compiler working directory 'C:/Users/Rayray/AppData/Local/Temp/UnrealShaderWorkingDir/2D16E1B142647A890B92BBB77D8D5C88/'.
[2018.10.28-05.26.13:261][  0]LogTemp: Display: Loaded TP AllDesktopTargetPlatform
[2018.10.28-05.26.13:282][  0]LogTemp: Display: Loaded TP MacClientTargetPlatform
[2018.10.28-05.26.13:303][  0]LogTemp: Display: Loaded TP MacNoEditorTargetPlatform
[2018.10.28-05.26.13:323][  0]LogTemp: Display: Loaded TP MacServerTargetPlatform
[2018.10.28-05.26.13:345][  0]LogTemp: Display: Loaded TP MacTargetPlatform
[2018.10.28-05.26.13:368][  0]LogTemp: Display: Loaded TP WindowsClientTargetPlatform
[2018.10.28-05.26.13:391][  0]LogTemp: Display: Loaded TP WindowsNoEditorTargetPlatform
[2018.10.28-05.26.13:412][  0]LogTemp: Display: Loaded TP WindowsServerTargetPlatform
[2018.10.28-05.26.13:421][  0]LogTemp: Display: Loaded TP WindowsTargetPlatform
[2018.10.28-05.26.13:550][  0]LogTemp: Display: Loaded TP AndroidTargetPlatform
[2018.10.28-05.26.13:550][  0]LogTemp: Display: Loaded TP AndroidTargetPlatform
[2018.10.28-05.26.13:550][  0]LogTemp: Display: Loaded TP AndroidTargetPlatform
[2018.10.28-05.26.13:550][  0]LogTemp: Display: Loaded TP AndroidTargetPlatform
[2018.10.28-05.26.13:550][  0]LogTemp: Display: Loaded TP AndroidTargetPlatform
[2018.10.28-05.26.13:550][  0]LogTemp: Display: Loaded TP AndroidTargetPlatform
[2018.10.28-05.26.13:550][  0]LogTemp: Display: Loaded TP AndroidTargetPlatform
[2018.10.28-05.26.13:550][  0]LogTemp: Display: Loaded TP AndroidTargetPlatform
[2018.10.28-05.26.13:550][  0]LogTemp: Display: Loaded TP AndroidTargetPlatform
[2018.10.28-05.26.13:550][  0]LogTemp: Display: Loaded TP AndroidTargetPlatform
[2018.10.28-05.26.13:550][  0]LogTemp: Display: Loaded TP AndroidTargetPlatform
[2018.10.28-05.26.13:550][  0]LogTemp: Display: Loaded TP AndroidTargetPlatform
[2018.10.28-05.26.13:550][  0]LogTemp: Display: Loaded TP AndroidTargetPlatform
[2018.10.28-05.26.13:550][  0]LogTemp: Display: Loaded TP AndroidTargetPlatform
[2018.10.28-05.26.13:550][  0]LogTemp: Display: Loaded TP AndroidTargetPlatform
[2018.10.28-05.26.13:550][  0]LogTemp: Display: Loaded TP AndroidTargetPlatform
[2018.10.28-05.26.13:550][  0]LogTemp: Display: Loaded TP AndroidTargetPlatform
[2018.10.28-05.26.13:550][  0]LogTemp: Display: Loaded TP AndroidTargetPlatform
[2018.10.28-05.26.13:552][  0]LogTemp: Display: Loaded TP HTML5TargetPlatform
[2018.10.28-05.26.13:633][  0]LogTemp: Display: Loaded TP IOSTargetPlatform
[2018.10.28-05.26.13:633][  0]LogTemp: Display: Loaded TP IOSTargetPlatform
[2018.10.28-05.26.13:671][  0]LogTemp: Display: Loaded TP TVOSTargetPlatform
[2018.10.28-05.26.13:671][  0]LogTemp: Display: Loaded TP TVOSTargetPlatform
[2018.10.28-05.26.13:690][  0]LogTemp: Display: Loaded TP LinuxClientTargetPlatform
[2018.10.28-05.26.13:710][  0]LogTemp: Display: Loaded TP LinuxNoEditorTargetPlatform
[2018.10.28-05.26.13:729][  0]LogTemp: Display: Loaded TP LinuxServerTargetPlatform
[2018.10.28-05.26.13:750][  0]LogTemp: Display: Loaded TP LinuxTargetPlatform
[2018.10.28-05.26.13:764][  0]LogTemp: Display: Loaded TP LuminTargetPlatform
[2018.10.28-05.26.13:772][  0]LogTargetPlatformManager: Display: Building Assets For Windows
[2018.10.28-05.26.13:839][  0]LogXGEController: Cleaning working directory: C:/Users/Rayray/AppData/Local/Temp/UnrealXGEWorkingDir/
[2018.10.28-05.26.13:839][  0]LogXGEController: Cannot use XGE Controller as Incredibuild is not installed on this machine.
[2018.10.28-05.26.13:839][  0]LogShaderCompilers: Cannot use XGE Shader Compiler as Incredibuild is not installed on this machine.
[2018.10.28-05.26.13:839][  0]LogShaderCompilers: Display: Using Local Shader Compiler.
[2018.10.28-05.26.14:901][  0]LogDerivedDataCache: Display: Max Cache Size: 512 MB
[2018.10.28-05.26.14:985][  0]LogDerivedDataCache: Loaded boot cache 0.08s 73MB C:/Users/Rayray/AppData/Local/UnrealEngine/4.20/DerivedDataCache/Boot.ddc.
[2018.10.28-05.26.14:985][  0]LogDerivedDataCache: Display: Loaded Boot cache: C:/Users/Rayray/AppData/Local/UnrealEngine/4.20/DerivedDataCache/Boot.ddc
[2018.10.28-05.26.14:985][  0]LogDerivedDataCache: FDerivedDataBackendGraph:  Pak pak cache file ../../../../../controliegit/controliegame/ControliePractice/DerivedDataCache/DDC.ddp not found, will not use a pak cache.
[2018.10.28-05.26.14:985][  0]LogDerivedDataCache: Unable to find inner node Pak for hierarchical cache Hierarchy.
[2018.10.28-05.26.14:985][  0]LogDerivedDataCache: FDerivedDataBackendGraph:  CompressedPak pak cache file ../../../../../controliegit/controliegame/ControliePractice/DerivedDataCache/Compressed.ddp not found, will not use a pak cache.
[2018.10.28-05.26.14:985][  0]LogDerivedDataCache: Unable to find inner node CompressedPak for hierarchical cache Hierarchy.
[2018.10.28-05.26.15:000][  0]LogDerivedDataCache: Display: Pak cache opened for reading ../../../Engine/DerivedDataCache/Compressed.ddp.
[2018.10.28-05.26.15:013][  0]LogDerivedDataCache: Using Local data cache path C:/Users/Rayray/AppData/Local/UnrealEngine/Common/DerivedDataCache: Writable
[2018.10.28-05.26.15:013][  0]LogDerivedDataCache: Shared data cache path not found in *engine.ini, will not use an Shared cache.
[2018.10.28-05.26.15:013][  0]LogDerivedDataCache: Unable to find inner node Shared for hierarchical cache Hierarchy.
[2018.10.28-05.26.15:039][  0]LogMaterial: Verifying Global Shaders for PCD3D_SM5
[2018.10.28-05.26.15:041][  0]LogSlate: Using FreeType 2.6.0
[2018.10.28-05.26.15:042][  0]LogSlate: SlateFontServices - WITH_FREETYPE: 1, WITH_HARFBUZZ: 1
[2018.10.28-05.26.15:139][  0]LogAssetRegistry: FAssetRegistry took 0.0292 seconds to start up
[2018.10.28-05.26.15:643][  0]LogInit: Selected Device Profile: [Windows]
[2018.10.28-05.26.15:705][  0]LogSimplygon: Simplygon DLL not present - disabling.
[2018.10.28-05.26.15:709][  0]LogMeshReduction: Using SimplygonSwarm for distributed automatic mesh merging
[2018.10.28-05.26.15:709][  0]LogMeshReduction: Using ProxyLODMeshReduction for automatic mesh merging
[2018.10.28-05.26.15:709][  0]LogMeshReduction: Using QuadricMeshReduction for automatic static mesh reduction
[2018.10.28-05.26.15:709][  0]LogMeshReduction: No automatic skeletal mesh reduction module available
[2018.10.28-05.26.15:832][  0]LogNetVersion: ControliePractice 1.0.0, NetCL: 4212847, EngineNetVer: 5, GameNetVer: 0 (Checksum: 2409719994)
[2018.10.28-05.26.16:512][  0]LogPackageLocalizationCache: Processed 13 localized package path(s) for 2 prioritized culture(s) in 0.179972 seconds
[2018.10.28-05.26.16:521][  0]LogUObjectArray: 38425 objects as part of root set at end of initial load.
[2018.10.28-05.26.16:521][  0]LogUObjectAllocator: 6690872 out of 0 bytes used by permanent object pool.
[2018.10.28-05.26.16:521][  0]LogUObjectArray: CloseDisregardForGC: 0/0 objects in disregard for GC pool
[2018.10.28-05.26.17:635][  0]LogTcpMessaging: Initializing TcpMessaging bridge
[2018.10.28-05.26.17:650][  0]LogUdpMessaging: Initializing bridge on interface 0.0.0.0:0 to multicast group 230.0.0.1:6666.
[2018.10.28-05.26.17:829][  0]SourceControl: Source control is disabled
[2018.10.28-05.26.17:829][  0]SourceControl: Source control is disabled
[2018.10.28-05.26.17:831][  0]SourceControl: Source control is disabled
[2018.10.28-05.26.17:832][  0]SourceControl: Source control is disabled
[2018.10.28-05.26.18:031][  0]LogAndroidPermission: UAndroidPermissionCallbackProxy::GetInstance
[2018.10.28-05.26.18:176][  0]LogOcInput: OculusInput pre-init called
[2018.10.28-05.26.20:961][  0]LogEngine: Initializing Engine...
[2018.10.28-05.26.21:032][  0]LogHMD: Failed to initialize OpenVR with code 108
[2018.10.28-05.26.21:034][  0]LogStats: UGameplayTagsManager::ConstructGameplayTagTree: ImportINI prefixes -  0.000 s
[2018.10.28-05.26.21:034][  0]LogStats: UGameplayTagsManager::ConstructGameplayTagTree: Construct from data asset -  0.000 s
[2018.10.28-05.26.21:035][  0]LogStats: UGameplayTagsManager::ConstructGameplayTagTree: ImportINI -  0.000 s
[2018.10.28-05.26.21:035][  0]LogStats: UGameplayTagsManager::ConstructGameplayTagTree: GameplayTagTreeChangedEvent.Broadcast -  0.000 s
[2018.10.28-05.26.21:304][  0]LogInit: Initializing FReadOnlyCVARCache
[2018.10.28-05.26.21:318][  0]LogAIModule: Creating AISystem for world Untitled
[2018.10.28-05.26.21:360][  0]LogInit: XAudio2 using 'Speakers (Realtek High Definition Audio)' : 2 channels at 48 kHz using 32 bits per sample (channel mask 0x3)
[2018.10.28-05.26.21:409][  0]LogInit: FAudioDevice initialized.
[2018.10.28-05.26.21:409][  0]LogNetVersion: Set ProjectVersion to 1.0.0.0. Version Checksum will be recalculated on next use.
[2018.10.28-05.26.21:518][  0]LogDerivedDataCache: Saved boot cache 0.11s 73MB C:/Users/Rayray/AppData/Local/UnrealEngine/4.20/DerivedDataCache/Boot.ddc.
[2018.10.28-05.26.21:532][  0]LogInit: Texture streaming: Enabled
[2018.10.28-05.26.21:549][  0]LogEngineSessionManager: EngineSessionManager initialized
[2018.10.28-05.26.21:566][  0]LogInit: Transaction tracking system initialized
[2018.10.28-05.26.21:589][  0]BlueprintLog: New page: Editor Load
[2018.10.28-05.26.21:670][  0]LocalizationService: Localization service is disabled
[2018.10.28-05.26.21:740][  0]LogLinker: Warning: Can't find file '/Game/SideScRolePlay/BluePrints/NewBlueprint'
[2018.10.28-05.26.21:741][  0]LogLinker: Warning: Can't find file '/Game/SideScRolePlay/BluePrints/NewBlueprint'
[2018.10.28-05.26.21:741][  0]LogUObjectGlobals: Warning: Failed to find object 'Class /Game/SideScRolePlay/BluePrints/NewBlueprint.NewBlueprint_C'
[2018.10.28-05.26.21:971][  0]LogCook: Display: Max memory allowance for cook 16384mb min free memory 0mb
[2018.10.28-05.26.21:971][  0]LogCook: Display: Mobile HDR setting 1
[2018.10.28-05.26.21:971][  0]LogGameplayTags: Display: UGameplayTagsManager::DoneAddingNativeTags. DelegateIsBound: 0
[2018.10.28-05.26.21:971][  0]LogStats: UGameplayTagsManager::ConstructGameplayTagTree: ImportINI prefixes -  0.000 s
[2018.10.28-05.26.21:971][  0]LogStats: UGameplayTagsManager::ConstructGameplayTagTree: Construct from data asset -  0.000 s
[2018.10.28-05.26.21:971][  0]LogStats: UGameplayTagsManager::ConstructGameplayTagTree: ImportINI -  0.000 s
[2018.10.28-05.26.21:972][  0]LogStats: UGameplayTagsManager::ConstructGameplayTagTree: GameplayTagTreeChangedEvent.Broadcast -  0.000 s
[2018.10.28-05.26.22:128][  0]LogFileCache: Scanning file cache for directory 'E:/controliegit/controliegame/ControliePractice/Content/' took 0.03s
[2018.10.28-05.26.23:841][  0]SourceControl: Source control is disabled
[2018.10.28-05.26.23:841][  0]Cmd: MAP LOAD FILE="../../../../../controliegit/controliegame/ControliePractice/Content/Controlie/Levels/ControlieLand.umap" TEMPLATE=0 SHOWPROGRESS=1 FEATURELEVEL=3
[2018.10.28-05.26.23:842][  0]LightingResults: New page: Lighting Build
[2018.10.28-05.26.23:844][  0]MapCheck: New page: Map Check
[2018.10.28-05.26.23:844][  0]LightingResults: New page: Lighting Build
[2018.10.28-05.26.24:808][  0]LogBlueprint: Warning: [Compiler ControlieCharacter] Character.ArrowComponent is not blueprint visible (BlueprintReadOnly or BlueprintReadWrite). Please fix mark up or cease accessing as this will be made an error in a future release.  Get ArrowComponent
[2018.10.28-05.26.24:816][  0]LogBlueprint: Warning: [Compiler ControlieCharacter] [0022.94] Compile of ControlieCharacter successful, but with 1 Warning(s) [in 20 ms] (/Game/Controlie/CameraCharacter/ControlieCharacter.ControlieCharacter)
[2018.10.28-05.26.25:910][  0]LogAIModule: Creating AISystem for world ControlieLand
[2018.10.28-05.26.25:964][  0]LogStreaming: Display: ULevelStreaming::RequestLevel(/Game/Controlie/Levels/Stream1) is flushing async loading
[2018.10.28-05.26.25:964][  0]LogStreaming: Display: Flushing async loaders.
[2018.10.28-05.26.25:989][  0]LogEditorServer: Finished looking for orphan Actors (0.000 secs)
[2018.10.28-05.26.26:137][  0]Cmd: MAP CHECKDEP NOCLEARLOG
[2018.10.28-05.26.26:277][  0]MapCheck: Map check complete: 0 Error(s), 0 Warning(s), took 140.595ms to complete.
[2018.10.28-05.26.26:277][  0]LogFileHelpers: Loading map 'ControlieLand' took 2.436
[2018.10.28-05.26.26:399][  0]LogSlate: Updating window title bar state: overlay mode, drag disabled, window buttons hidden, title bar hidden
[2018.10.28-05.26.26:409][  0]LogSlate: Updating window title bar state: overlay mode, drag disabled, window buttons hidden, title bar hidden
[2018.10.28-05.26.26:419][  0]LogSlate: Updating window title bar state: overlay mode, drag disabled, window buttons hidden, title bar hidden
[2018.10.28-05.26.26:429][  0]LogSlate: Updating window title bar state: overlay mode, drag disabled, window buttons hidden, title bar hidden
[2018.10.28-05.26.26:435][  0]LogCollectionManager: Loaded 0 collections in 0.001433 seconds
[2018.10.28-05.26.26:486][  0]LogFileCache: Scanning file cache for directory 'E:/controliegit/controliegame/ControliePractice/Saved/Collections/' took 0.01s
[2018.10.28-05.26.26:486][  0]LogFileCache: Scanning file cache for directory 'E:/controliegit/controliegame/ControliePractice/Content/Developers/Rayray/Collections/' took 0.01s
[2018.10.28-05.26.26:486][  0]LogFileCache: Scanning file cache for directory 'E:/controliegit/controliegame/ControliePractice/Content/Collections/' took 0.01s
[2018.10.28-05.26.26:486][  0]LogCollectionManager: Rebuilt the GUID cache for 0 collections in 0.000001 seconds
[2018.10.28-05.26.26:503][  0]LogContentBrowser: Native class hierarchy populated in 0.0168 seconds. Added 2628 classes and 631 folders.
[2018.10.28-05.26.26:512][  0]LogContentBrowser: Native class hierarchy updated for 'WidgetCarousel' in 0.0005 seconds. Added 0 classes and 0 folders.
[2018.10.28-05.26.26:598][  0]LogContentBrowser: Native class hierarchy updated for 'AddContentDialog' in 0.0007 seconds. Added 0 classes and 0 folders.
[2018.10.28-05.26.26:606][  0]LogContentBrowser: Native class hierarchy updated for 'SceneOutliner' in 0.0006 seconds. Added 1 classes and 2 folders.
[2018.10.28-05.26.26:786][  0]LogContentBrowser: Native class hierarchy updated for 'HierarchicalLODOutliner' in 0.0008 seconds. Added 0 classes and 0 folders.
[2018.10.28-05.26.26:786][  0]LogLoad: (Engine Initialization) Total time: 24.91 seconds
[2018.10.28-05.26.26:786][  0]LogLoad: (Engine Initialization) Total Blueprint compile time: 0.00 seconds
[2018.10.28-05.26.26:797][  0]LogWindowsTextInputMethodSystem: Display: IME system now deactivated.
[2018.10.28-05.26.26:825][  0]LogContentStreaming: Texture pool size now 1000 MB
[2018.10.28-05.26.26:828][  0]LogSlate: Took 0.000355 seconds to synchronously load lazily loaded font '../../../Engine/Content/Slate/Fonts/Roboto-Regular.ttf' (155K)
[2018.10.28-05.26.26:830][  0]LogSlate: Took 0.000254 seconds to synchronously load lazily loaded font '../../../Engine/Content/Slate/Fonts/Roboto-Bold.ttf' (160K)
[2018.10.28-05.26.26:836][  0]LogSlate: Took 0.000301 seconds to synchronously load lazily loaded font '../../../Engine/Content/Editor/Slate/Fonts/FontAwesome.ttf' (139K)
[2018.10.28-05.26.27:012][  1]LogRenderer: Reallocating scene render targets to support 1184x536 Format 26 NumSamples 1 (Frame:1).
[2018.10.28-05.26.27:082][  2]LogAssetRegistry: Asset discovery search completed in 11.9661 seconds
[2018.10.28-05.26.27:085][  2]LogCollectionManager: Rebuilt the object cache for 0 collections in 0.000001 seconds (found 0 objects)
[2018.10.28-05.26.27:085][  2]LogCollectionManager: Fixed up redirectors for 0 collections in 0.000072 seconds (updated 0 objects)
[2018.10.28-05.26.35:202][945]LogSlate: FSceneViewport::OnFocusLost() reason 0
[2018.10.28-05.26.35:311][958]Warning: RebindPackages not possible (no packages specified)
[2018.10.28-05.26.37:067][168]Warning: RebindPackages not possible (no packages specified)
[2018.10.28-05.26.37:592][231]Warning: RebindPackages not possible (no packages specified)
[2018.10.28-05.26.37:742][249]Warning: RebindPackages not possible (no packages specified)
[2018.10.28-05.27.44:971][638]LogTemp: Repeating last play command: Simulate
[2018.10.28-05.27.45:016][638]LogBlueprintUserMessages: Early PlayInEditor Detection: Level '/Game/Controlie/Levels/ControlieLand.ControlieLand:PersistentLevel' has LevelScriptBlueprint '/Game/Controlie/Levels/ControlieLand.ControlieLand:PersistentLevel.ControlieLand' with GeneratedClass '/Game/Controlie/Levels/ControlieLand.ControlieLand_C' with ClassGeneratedBy '/Game/Controlie/Levels/ControlieLand.ControlieLand:PersistentLevel.ControlieLand'
[2018.10.28-05.27.45:016][638]LogBlueprintUserMessages: Early PlayInEditor Detection: Level '/Game/Controlie/Levels/Stream1.Stream1:PersistentLevel' has LevelScriptBlueprint '/Game/Controlie/Levels/Stream1.Stream1:PersistentLevel.Stream1' with GeneratedClass '/Game/Controlie/Levels/Stream1.Stream1_C' with ClassGeneratedBy '/Game/Controlie/Levels/Stream1.Stream1:PersistentLevel.Stream1'
[2018.10.28-05.27.45:016][638]LogPlayLevel: PlayLevel: No blueprints needed recompiling
[2018.10.28-05.27.45:029][638]PIE: New page: SIE session: ControlieLand (Oct 27, 2018, 7:27:45 PM)
[2018.10.28-05.27.45:029][638]LogPlayLevel: Creating play world package: /Game/Controlie/Levels/UEDPIE_0_ControlieLand
[2018.10.28-05.27.45:142][638]LogPlayLevel: PIE: StaticDuplicateObject took: (0.112420s)
[2018.10.28-05.27.45:143][638]LogAIModule: Creating AISystem for world ControlieLand
[2018.10.28-05.27.45:143][638]LogPlayLevel: PIE: World Init took: (0.000991s)
[2018.10.28-05.27.45:143][638]LogPlayLevel: PIE: Created PIE world by copying editor world from /Game/Controlie/Levels/ControlieLand.ControlieLand to /Game/Controlie/Levels/UEDPIE_0_ControlieLand.ControlieLand (0.113630s)
[2018.10.28-05.27.45:284][638]LogInit: XAudio2 using 'Speakers (Realtek High Definition Audio)' : 2 channels at 48 kHz using 32 bits per sample (channel mask 0x3)
[2018.10.28-05.27.45:301][638]LogInit: FAudioDevice initialized.
[2018.10.28-05.27.45:346][638]LogLoad: Game class is 'CameraCharacterGameMode_C'
[2018.10.28-05.27.45:355][638]LogWorld: Bringing World /Game/Controlie/Levels/UEDPIE_0_ControlieLand.ControlieLand up for play (max tick rate 0) at 2018.10.28-00.27.45
[2018.10.28-05.27.45:370][638]LogWorld: Bringing up level for play took: 0.022443
[2018.10.28-05.27.45:416][638]LogContentBrowser: Native class hierarchy updated for 'MovieSceneCapture' in 0.0007 seconds. Added 10 classes and 0 folders.
[2018.10.28-05.27.45:434][638]LogLevel: Warning: Failed to find streaming level object associated with 'SC1_1'
[2018.10.28-05.27.45:437][638]PIE: Play in editor start time for /Game/Controlie/Levels/UEDPIE_0_ControlieLand 0.338
[2018.10.28-05.27.45:496][638]LogBlueprintUserMessages: Late PlayInEditor Detection: Level '/Game/Controlie/Levels/ControlieLand.ControlieLand:PersistentLevel' has LevelScriptBlueprint '/Game/Controlie/Levels/ControlieLand.ControlieLand:PersistentLevel.ControlieLand' with GeneratedClass '/Game/Controlie/Levels/ControlieLand.ControlieLand_C' with ClassGeneratedBy '/Game/Controlie/Levels/ControlieLand.ControlieLand:PersistentLevel.ControlieLand'
[2018.10.28-05.27.45:496][638]LogBlueprintUserMessages: Late PlayInEditor Detection: Level '/Game/Controlie/Levels/Stream1.Stream1:PersistentLevel' has LevelScriptBlueprint '/Game/Controlie/Levels/Stream1.Stream1:PersistentLevel.Stream1' with GeneratedClass '/Game/Controlie/Levels/Stream1.Stream1_C' with ClassGeneratedBy '/Game/Controlie/Levels/Stream1.Stream1:PersistentLevel.Stream1'
[2018.10.28-05.27.50:863][162]LogScript: Warning: Script Msg: Attempted to access index 7 from array 'ControlieLandDestinations' of length 7 in '/Game/Controlie/Game/ControlieGameState.ControlieGameState_C'!
[2018.10.28-05.27.50:864][162]LogScript: Warning: Accessed None trying to read property Current_Destination
	NPC_C /Game/Controlie/Levels/UEDPIE_0_ControlieLand.ControlieLand:PersistentLevel.NPC_Yellowy
	Function /Game/Controlie/Blueprints/NPC.NPC_C:ExecuteUbergraph_NPC:05E5
[2018.10.28-05.27.50:864][162]PIE: Error: Blueprint Runtime Error: "Accessed None trying to read property Current_Destination". Blueprint:  NPC Function:  Execute Ubergraph NPC Graph:  EventGraph Node:  AI MoveTo
[2018.10.28-05.27.50:864][162]LogScript: Warning: Accessed None
	NPC_C /Game/Controlie/Levels/UEDPIE_0_ControlieLand.ControlieLand:PersistentLevel.NPC_Yellowy
	Function /Game/Controlie/Blueprints/NPC.NPC_C:ExecuteUbergraph_NPC:05FA
[2018.10.28-05.27.50:864][162]PIE: Error: Blueprint Runtime Error: "Accessed None". Blueprint:  NPC Function:  Execute Ubergraph NPC Graph:  EventGraph Node:  AI MoveTo
[2018.10.28-05.27.50:985][173]LogBlueprintUserMessages: [NPC4_11] gotopls fail
[2018.10.28-05.27.50:994][173]LogBlueprintUserMessages: [NPC6_17] gotopls fail
[2018.10.28-05.27.50:994][173]LogBlueprintUserMessages: [NPC_2] gotopls fail
[2018.10.28-05.27.52:866][381]LogScript: Warning: Script Msg: Attempted to access index 7 from array 'ControlieLandDestinations' of length 7 in '/Game/Controlie/Game/ControlieGameState.ControlieGameState_C'!
[2018.10.28-05.27.52:866][381]LogScript: Warning: Accessed None trying to read property Current_Destination
	NPC_C /Game/Controlie/Levels/UEDPIE_0_ControlieLand.ControlieLand:PersistentLevel.NPC6_17
	Function /Game/Controlie/Blueprints/NPC.NPC_C:ExecuteUbergraph_NPC:05E5
[2018.10.28-05.27.52:866][381]PIE: Error: Blueprint Runtime Error: "Accessed None trying to read property Current_Destination". Blueprint:  NPC Function:  Execute Ubergraph NPC Graph:  EventGraph Node:  AI MoveTo
[2018.10.28-05.27.52:866][381]LogScript: Warning: Accessed None
	NPC_C /Game/Controlie/Levels/UEDPIE_0_ControlieLand.ControlieLand:PersistentLevel.NPC6_17
	Function /Game/Controlie/Blueprints/NPC.NPC_C:ExecuteUbergraph_NPC:05FA
[2018.10.28-05.27.52:866][381]PIE: Error: Blueprint Runtime Error: "Accessed None". Blueprint:  NPC Function:  Execute Ubergraph NPC Graph:  EventGraph Node:  AI MoveTo
[2018.10.28-05.27.52:972][393]LogBlueprintUserMessages: [NPC_2] gotopls fail
[2018.10.28-05.27.52:972][393]LogBlueprintUserMessages: [NPC4_11] gotopls fail
[2018.10.28-05.27.54:866][591]LogScript: Warning: Script Msg: Attempted to access index 7 from array 'ControlieLandDestinations' of length 7 in '/Game/Controlie/Game/ControlieGameState.ControlieGameState_C'!
[2018.10.28-05.27.54:866][591]LogScript: Warning: Accessed None trying to read property Current_Destination
	NPC_C /Game/Controlie/Levels/UEDPIE_0_ControlieLand.ControlieLand:PersistentLevel.NPC4_11
	Function /Game/Controlie/Blueprints/NPC.NPC_C:ExecuteUbergraph_NPC:05E5
[2018.10.28-05.27.54:866][591]PIE: Error: Blueprint Runtime Error: "Accessed None trying to read property Current_Destination". Blueprint:  NPC Function:  Execute Ubergraph NPC Graph:  EventGraph Node:  AI MoveTo
[2018.10.28-05.27.54:866][591]LogScript: Warning: Accessed None
	NPC_C /Game/Controlie/Levels/UEDPIE_0_ControlieLand.ControlieLand:PersistentLevel.NPC4_11
	Function /Game/Controlie/Blueprints/NPC.NPC_C:ExecuteUbergraph_NPC:05FA
[2018.10.28-05.27.54:866][591]PIE: Error: Blueprint Runtime Error: "Accessed None". Blueprint:  NPC Function:  Execute Ubergraph NPC Graph:  EventGraph Node:  AI MoveTo
[2018.10.28-05.27.55:482][658]LogBlueprintUserMessages: Early EndPlayMap Detection: Level '/Game/Controlie/Levels/ControlieLand.ControlieLand:PersistentLevel' has LevelScriptBlueprint '/Game/Controlie/Levels/ControlieLand.ControlieLand:PersistentLevel.ControlieLand' with GeneratedClass '/Game/Controlie/Levels/ControlieLand.ControlieLand_C' with ClassGeneratedBy '/Game/Controlie/Levels/ControlieLand.ControlieLand:PersistentLevel.ControlieLand'
[2018.10.28-05.27.55:482][658]LogBlueprintUserMessages: Early EndPlayMap Detection: Level '/Game/Controlie/Levels/Stream1.Stream1:PersistentLevel' has LevelScriptBlueprint '/Game/Controlie/Levels/Stream1.Stream1:PersistentLevel.Stream1' with GeneratedClass '/Game/Controlie/Levels/Stream1.Stream1_C' with ClassGeneratedBy '/Game/Controlie/Levels/Stream1.Stream1:PersistentLevel.Stream1'
[2018.10.28-05.27.55:482][658]LogSlate: Updating window title bar state: overlay mode, drag disabled, window buttons hidden, title bar hidden
[2018.10.28-05.27.55:520][658]LogPlayLevel: Display: Shutting down PIE online subsystems
[2018.10.28-05.27.55:521][658]LogBlueprintUserMessages: Late EndPlayMap Detection: Level '/Game/Controlie/Levels/ControlieLand.ControlieLand:PersistentLevel' has LevelScriptBlueprint '/Game/Controlie/Levels/ControlieLand.ControlieLand:PersistentLevel.ControlieLand' with GeneratedClass '/Game/Controlie/Levels/ControlieLand.ControlieLand_C' with ClassGeneratedBy '/Game/Controlie/Levels/ControlieLand.ControlieLand:PersistentLevel.ControlieLand'
[2018.10.28-05.27.55:521][658]LogBlueprintUserMessages: Late EndPlayMap Detection: Level '/Game/Controlie/Levels/Stream1.Stream1:PersistentLevel' has LevelScriptBlueprint '/Game/Controlie/Levels/Stream1.Stream1:PersistentLevel.Stream1' with GeneratedClass '/Game/Controlie/Levels/Stream1.Stream1_C' with ClassGeneratedBy '/Game/Controlie/Levels/Stream1.Stream1:PersistentLevel.Stream1'
[2018.10.28-05.27.55:643][658]LogSlate: Updating window title bar state: overlay mode, drag disabled, window buttons hidden, title bar hidden
[2018.10.28-05.27.55:674][659]LogPlayLevel: Display: Destroying online subsystem :Context_1
[2018.10.28-05.27.58:098][946]Warning: RebindPackages not possible (no packages specified)
[2018.10.28-05.29.17:675][451]LogSlate: Took 0.000390 seconds to synchronously load lazily loaded font '../../../Engine/Content/Slate/Fonts/Roboto-Light.ttf' (167K)
[2018.10.28-05.29.33:335][891]LogSlate: Took 0.000352 seconds to synchronously load lazily loaded font '../../../Engine/Content/Slate/Fonts/Roboto-Light.ttf' (167K)
[2018.10.28-05.29.33:344][891]LogAssetEditorManager: Opening Asset editor for Blueprint /Game/Controlie/AIS/BaseClasses/GoodFoodClass.GoodFoodClass
[2018.10.28-05.29.34:216][891]LogContentBrowser: Native class hierarchy updated for 'BlueprintGraph' in 0.0012 seconds. Added 116 classes and 0 folders.
[2018.10.28-05.29.35:735][891]LogSlate: Took 0.000339 seconds to synchronously load lazily loaded font '../../../Engine/Content/Slate/Fonts/Roboto-BoldCondensed.ttf' (158K)
[2018.10.28-05.29.35:937][892]LogSlate: Took 0.013357 seconds to synchronously load lazily loaded font '../../../Engine/Content/Slate/Fonts/Roboto-Italic.ttf' (157K)
[2018.10.28-05.30.16:096][271]LogAssetEditorManager: Opening Asset editor for Blueprint /Game/Controlie/AIS/AIS_Character.AIS_Character
[2018.10.28-05.30.37:236][594]BlueprintLog: New page: Compile AIS_Character
[2018.10.28-05.30.38:675][662]Cmd: OBJ SAVEPACKAGE PACKAGE="/Game/Controlie/AIS/AIS_Character" FILE="../../../../../controliegit/controliegame/ControliePractice/Content/Controlie/AIS/AIS_Character.uasset" SILENT=true
[2018.10.28-05.30.38:837][662]LogSavePackage: Moving '../../../../../controliegit/controliegame/ControliePractice/Saved/AIS_Character148E54E54444F4095AE02299F30134CE.tmp' to '../../../../../controliegit/controliegame/ControliePractice/Content/Controlie/AIS/AIS_Character.uasset'
[2018.10.28-05.30.40:538][852]Warning: RebindPackages not possible (no packages specified)
[2018.10.28-05.50.16:649][127]Running E:/Unreal_Engine/UE_4.20/Engine/Binaries/DotNET/UnrealBuildTool.exe Win64 Development -TargetType=Editor -Project="E:/controliegit/controliegame/ControliePractice/ControliePractice.uproject" -invalidatemakefilesonly
[2018.10.28-05.50.17:764][127]Invalidating makefiles only in this run.
[2018.10.28-05.50.17:874][127]LogHotReload: Recompiling module ControliePractice...
[2018.10.28-05.50.17:896][127]Candidate modules for hot reload:
[2018.10.28-05.50.17:896][127]  ControliePractice
[2018.10.28-05.50.17:896][127]Launching UnrealBuildTool... [E:/Unreal_Engine/UE_4.20/Engine/Binaries/DotNET/UnrealBuildTool.exe  -ModuleWithSuffix=ControliePractice,9407 Win64 Development -TargetType=Editor -Project="../../../../../controliegit/controliegame/ControliePractice/ControliePractice.uproject" -FailIfGeneratedCodeChanges -canskiplink "E:/controliegit/controliegame/ControliePractice/ControliePractice.uproject" ]
[2018.10.28-05.50.39:501][127]Using 'git status' to determine working set for adaptive non-unity build.
Creating makefile for hot reloading ControliePracticeEditor (no existing makefile)
Compiling game modules for hot reload
Using Visual Studio 2017 14.15.26726 toolchain (C:\Program Files (x86)\Microsoft Visual Studio\2017\Community\VC\Tools\MSVC\14.15.26726) and Windows 10.0.16299.0 SDK (C:\Program Files (x86)\Windows Kits\10).
E:\Unreal_Engine\UE_4.20\Enterprise\Plugins\Editor\DatasmithMDLImporter\Source\DatasmithMDLImporter\DatasmithMDLImporter.Build.cs: warning: Referenced directory 'E:\Unreal_Engine\UE_4.20\Enterprise\Plugins\Editor\DatasmithMDLImporter\Source\ThirdParty\NotForLicensees\AxF-Decoding-SDK-1.5.1\include' does not exist.
E:\Unreal_Engine\UE_4.20\Enterprise\Plugins\Editor\DatasmithMDLImporter\Source\DatasmithMDLImporter\DatasmithMDLImporter.Build.cs: warning: Referenced directory 'E:\Unreal_Engine\UE_4.20\Enterprise\Plugins\Editor\DatasmithMDLImporter\Source\ThirdParty\NotForLicensees\mdl-sdk-302800.547\include' does not exist.
Parsing headers for ControliePracticeEditor
  Running UnrealHeaderTool "E:\controliegit\controliegame\ControliePractice\ControliePractice.uproject" "E:\controliegit\controliegame\ControliePractice\Intermediate\Build\Win64\ControliePracticeEditor\Development\ControliePracticeEditor.uhtmanifest" -LogCmds="loginit warning, logexit warning, logdatabase error" -Unattended -WarningsAsErrors -installed -FailIfGeneratedCodeChanges
ERROR: 'E:/controliegit/controliegame/ControliePractice/Intermediate/Build/Win64/UE4Editor/Inc/ControliePractice/MyActorStatItem.generated.h': Changes to generated code are not allowed - conflicts written to 'E:/controliegit/controliegame/ControliePractice/Intermediate/Build/Win64/UE4Editor/Inc/ControliePractice/MyActorStatItem.generated.h.conflict'
Error: UnrealHeaderTool failed for target 'ControliePracticeEditor' (platform: Win64, module info: E:\controliegit\controliegame\ControliePractice\Intermediate\Build\Win64\ControliePracticeEditor\Development\ControliePracticeEditor.uhtmanifest, exit code: OtherCompilationError (5)).

[2018.10.28-05.50.39:501][127]CompilerResultsLog: New page: Compilation - Oct 27, 2018, 7:50:39 PM
[2018.10.28-05.50.39:501][127]CompilerResultsLog: Using 'git status' to determine working set for adaptive non-unity build.
[2018.10.28-05.50.39:501][127]CompilerResultsLog: Creating makefile for hot reloading ControliePracticeEditor (no existing makefile)
[2018.10.28-05.50.39:501][127]CompilerResultsLog: Compiling game modules for hot reload
[2018.10.28-05.50.39:501][127]CompilerResultsLog: Using Visual Studio 2017 14.15.26726 toolchain (C:\Program Files (x86)\Microsoft Visual Studio\2017\Community\VC\Tools\MSVC\14.15.26726) and Windows 10.0.16299.0 SDK (C:\Program Files (x86)\Windows Kits\10).
[2018.10.28-05.50.39:501][127]CompilerResultsLog: E:\Unreal_Engine\UE_4.20\Enterprise\Plugins\Editor\DatasmithMDLImporter\Source\DatasmithMDLImporter\DatasmithMDLImporter.Build.cs: warning: Referenced directory 'E:\Unreal_Engine\UE_4.20\Enterprise\Plugins\Editor\DatasmithMDLImporter\Source\ThirdParty\NotForLicensees\AxF-Decoding-SDK-1.5.1\include' does not exist.
[2018.10.28-05.50.39:502][127]CompilerResultsLog: E:\Unreal_Engine\UE_4.20\Enterprise\Plugins\Editor\DatasmithMDLImporter\Source\DatasmithMDLImporter\DatasmithMDLImporter.Build.cs: warning: Referenced directory 'E:\Unreal_Engine\UE_4.20\Enterprise\Plugins\Editor\DatasmithMDLImporter\Source\ThirdParty\NotForLicensees\mdl-sdk-302800.547\include' does not exist.
[2018.10.28-05.50.39:502][127]CompilerResultsLog: Parsing headers for ControliePracticeEditor
[2018.10.28-05.50.39:502][127]CompilerResultsLog:   Running UnrealHeaderTool "E:\controliegit\controliegame\ControliePractice\ControliePractice.uproject" "E:\controliegit\controliegame\ControliePractice\Intermediate\Build\Win64\ControliePracticeEditor\Development\ControliePracticeEditor.uhtmanifest" -LogCmds="loginit warning, logexit warning, logdatabase error" -Unattended -WarningsAsErrors -installed -FailIfGeneratedCodeChanges
[2018.10.28-05.50.39:502][127]CompilerResultsLog: ERROR: 'E:/controliegit/controliegame/ControliePractice/Intermediate/Build/Win64/UE4Editor/Inc/ControliePractice/MyActorStatItem.generated.h': Changes to generated code are not allowed - conflicts written to 'E:/controliegit/controliegame/ControliePractice/Intermediate/Build/Win64/UE4Editor/Inc/ControliePractice/MyActorStatItem.generated.h.conflict'
[2018.10.28-05.50.39:502][127]CompilerResultsLog: Error: UnrealHeaderTool failed for target 'ControliePracticeEditor' (platform: Win64, module info: E:\controliegit\controliegame\ControliePractice\Intermediate\Build\Win64\ControliePracticeEditor\Development\ControliePracticeEditor.uhtmanifest, exit code: OtherCompilationError (5)).
[2018.10.28-05.50.39:502][127]LogMainFrame: MainFrame: Module compiling took 21.619 seconds
[2018.10.28-05.50.48:198][127]LogSlate: Window 'Message' being destroyed
[2018.10.28-05.50.48:205][127]LogSlate: Window 'Add C++ Class' being destroyed
[2018.10.28-05.50.48:356][127]LogSlate: Took 0.142105 seconds to synchronously load lazily loaded font '../../../Engine/Content/Slate/Fonts/DroidSansMono.ttf' (77K)
[2018.10.28-05.50.54:231][816]Warning: RebindPackages not possible (no packages specified)
[2018.10.28-05.50.55:628][978]Warning: RebindPackages not possible (no packages specified)
[2018.10.28-05.50.55:787][997]Warning: RebindPackages not possible (no packages specified)
[2018.10.28-05.53.27:323][773]Warning: RebindPackages not possible (no packages specified)
[2018.10.28-05.55.40:529][754]LogActorComponent: UnregisterComponent: (/Engine/Transient.EditorFloorComp) Not registered. Aborting.
[2018.10.28-05.55.40:603][754]LogSlate: Window 'ControliePractice - Unreal Editor' being destroyed
[2018.10.28-05.55.40:850][755]Cmd: QUIT_EDITOR
[2018.10.28-05.55.41:744][755]LogWindowsTextInputMethodSystem: Display: IME system now deactivated.
[2018.10.28-05.55.41:759][755]LogExit: Preparing to exit.
[2018.10.28-05.55.42:689][755]LogExit: Editor shut down
[2018.10.28-05.55.42:689][755]LogExit: Transaction tracking system shut down
[2018.10.28-05.55.43:175][755]LogExit: Object subsystem successfully closed.
[2018.10.28-05.55.43:198][755]LogShaderCompilers: Display: Shaders left to compile 0
[2018.10.28-05.55.43:204][755]LogD3D11RHI: Shutdown
[2018.10.28-05.55.43:204][755]LogD3D11RHI: CleanupD3DDevice
[2018.10.28-05.55.43:210][755]LogD3D11RHI: ~FD3D11DynamicRHI
[2018.10.28-05.55.43:226][755]LogModuleManager: Shutting down and abandoning module BlueprintGraph (638)
[2018.10.28-05.55.43:226][755]LogModuleManager: Shutting down and abandoning module MovieSceneCapture (636)
[2018.10.28-05.55.43:226][755]LogModuleManager: Shutting down and abandoning module Voice (634)
[2018.10.28-05.55.43:226][755]LogModuleManager: Shutting down and abandoning module HierarchicalLODOutliner (632)
[2018.10.28-05.55.43:226][755]LogModuleManager: Shutting down and abandoning module SceneOutliner (630)
[2018.10.28-05.55.43:226][755]LogModuleManager: Shutting down and abandoning module AddContentDialog (628)
[2018.10.28-05.55.43:227][755]LogModuleManager: Shutting down and abandoning module WidgetCarousel (627)
[2018.10.28-05.55.43:227][755]LogModuleManager: Shutting down and abandoning module EditorWidgets (624)
[2018.10.28-05.55.43:227][755]LogModuleManager: Shutting down and abandoning module CollectionManager (622)
[2018.10.28-05.55.43:227][755]LogModuleManager: Shutting down and abandoning module StatsViewer (620)
[2018.10.28-05.55.43:227][755]LogModuleManager: Shutting down and abandoning module FoliageEdit (618)
[2018.10.28-05.55.43:227][755]LogModuleManager: Shutting down and abandoning module LandscapeEditor (616)
[2018.10.28-05.55.43:227][755]LogModuleManager: Shutting down and abandoning module MeshPaintMode (614)
[2018.10.28-05.55.43:227][755]LogModuleManager: Shutting down and abandoning module SceneDepthPickerMode (612)
[2018.10.28-05.55.43:227][755]LogModuleManager: Shutting down and abandoning module ActorPickerMode (610)
[2018.10.28-05.55.43:227][755]LogModuleManager: Shutting down and abandoning module GeometryMode (608)
[2018.10.28-05.55.43:227][755]LogModuleManager: Shutting down and abandoning module TextureAlignMode (606)
[2018.10.28-05.55.43:227][755]LogModuleManager: Shutting down and abandoning module BspMode (604)
[2018.10.28-05.55.43:228][755]LogModuleManager: Shutting down and abandoning module PIEPreviewDeviceProfileSelector (602)
[2018.10.28-05.55.43:228][755]LogModuleManager: Shutting down and abandoning module SequenceRecorderSections (600)
[2018.10.28-05.55.43:228][755]LogModuleManager: Shutting down and abandoning module AutomationWorker (598)
[2018.10.28-05.55.43:228][755]LogModuleManager: Shutting down and abandoning module DatasmithFBXImporter (596)
[2018.10.28-05.55.43:228][755]LogModuleManager: Shutting down and abandoning module DatasmithDeltaGenImporter (594)
[2018.10.28-05.55.43:228][755]LogModuleManager: Shutting down and abandoning module DatasmithVREDImporter (592)
[2018.10.28-05.55.43:228][755]LogModuleManager: Shutting down and abandoning module AudioCaptureEditor (590)
[2018.10.28-05.55.43:228][755]LogModuleManager: Shutting down and abandoning module SequenceRecorder (589)
[2018.10.28-05.55.43:228][755]LogModuleManager: Shutting down and abandoning module MatineeToLevelSequence (586)
[2018.10.28-05.55.43:228][755]LogModuleManager: Shutting down and abandoning module LevelSequenceEditor (584)
[2018.10.28-05.55.43:228][755]LogModuleManager: Shutting down and abandoning module PlacementMode (583)
[2018.10.28-05.55.43:228][755]LogModuleManager: Shutting down and abandoning module MaterialEditor (582)
[2018.10.28-05.55.43:228][755]LogModuleManager: Shutting down and abandoning module WmfMediaFactory (578)
[2018.10.28-05.55.43:228][755]LogModuleManager: Shutting down and abandoning module WmfMediaEditor (576)
[2018.10.28-05.55.43:228][755]LogModuleManager: Shutting down and abandoning module MediaPlayerEditor (574)
[2018.10.28-05.55.43:228][755]LogModuleManager: Shutting down and abandoning module OpenExrWrapper (572)
[2018.10.28-05.55.43:228][755]LogModuleManager: Shutting down and abandoning module ImgMediaFactory (570)
[2018.10.28-05.55.43:228][755]LogModuleManager: Shutting down and abandoning module ImgMediaEditor (568)
[2018.10.28-05.55.43:228][755]LogModuleManager: Shutting down and abandoning module AvfMediaFactory (566)
[2018.10.28-05.55.43:228][755]LogModuleManager: Shutting down and abandoning module AvfMediaEditor (564)
[2018.10.28-05.55.43:228][755]LogModuleManager: Shutting down and abandoning module AndroidMediaFactory (562)
[2018.10.28-05.55.43:228][755]LogModuleManager: Shutting down and abandoning module AndroidMediaEditor (560)
[2018.10.28-05.55.43:228][755]LogModuleManager: Shutting down and abandoning module MagicLeapCameraPreviewFactory (558)
[2018.10.28-05.55.43:228][755]LogModuleManager: Shutting down and abandoning module MagicLeapMediaFactory (556)
[2018.10.28-05.55.43:228][755]LogModuleManager: Shutting down and abandoning module MagicLeapMediaEditor (554)
[2018.10.28-05.55.43:228][755]LogModuleManager: Shutting down and abandoning module CharacterAI (552)
[2018.10.28-05.55.43:228][755]LogModuleManager: Shutting down and abandoning module SmartSnapping (550)
[2018.10.28-05.55.43:228][755]LogModuleManager: Shutting down and abandoning module SessionServices (548)
[2018.10.28-05.55.43:228][755]LogModuleManager: Shutting down and abandoning module ViewportSnapping (546)
[2018.10.28-05.55.43:228][755]LogModuleManager: Shutting down and abandoning module ViewportInteraction (544)
[2018.10.28-05.55.43:228][755]LogModuleManager: Shutting down and abandoning module ClothPainter (542)
[2018.10.28-05.55.43:228][755]LogModuleManager: Shutting down and abandoning module SkeletalMeshEditor (541)
[2018.10.28-05.55.43:229][755]LogModuleManager: Shutting down and abandoning module LogVisualizer (538)
[2018.10.28-05.55.43:229][755]LogModuleManager: Shutting down and abandoning module IntroTutorials (536)
[2018.10.28-05.55.43:229][755]LogModuleManager: Shutting down and abandoning module GameProjectGeneration (535)
[2018.10.28-05.55.43:229][755]LogModuleManager: Shutting down and abandoning module LuminPlatformEditor (532)
[2018.10.28-05.55.43:229][755]LogModuleManager: Shutting down and abandoning module IOSPlatformEditor (530)
[2018.10.28-05.55.43:229][755]LogModuleManager: Shutting down and abandoning module HTML5PlatformEditor (528)
[2018.10.28-05.55.43:229][755]LogModuleManager: Shutting down and abandoning module AndroidPlatformEditor (526)
[2018.10.28-05.55.43:229][755]LogModuleManager: Shutting down and abandoning module AndroidDeviceDetection (525)
[2018.10.28-05.55.43:843][755]LogModuleManager: Shutting down and abandoning module WindowsPlatformEditor (522)
[2018.10.28-05.55.43:844][755]LogModuleManager: Shutting down and abandoning module LuminRuntimeSettings (520)
[2018.10.28-05.55.43:844][755]LogModuleManager: Shutting down and abandoning module IOSRuntimeSettings (518)
[2018.10.28-05.55.43:844][755]LogModuleManager: Shutting down and abandoning module AndroidRuntimeSettings (516)
[2018.10.28-05.55.43:844][755]LogModuleManager: Shutting down and abandoning module InputBindingEditor (514)
[2018.10.28-05.55.43:844][755]LogModuleManager: Shutting down and abandoning module MergeActors (512)
[2018.10.28-05.55.43:844][755]LogModuleManager: Shutting down and abandoning module LocalizationDashboard (510)
[2018.10.28-05.55.43:844][755]LogModuleManager: Shutting down and abandoning module LocalizationService (509)
[2018.10.28-05.55.43:844][755]LogModuleManager: Shutting down and abandoning module HardwareTargeting (506)
[2018.10.28-05.55.43:844][755]LogModuleManager: Shutting down and abandoning module DeviceProfileEditor (504)
[2018.10.28-05.55.43:844][755]LogModuleManager: Shutting down and abandoning module UndoHistory (502)
[2018.10.28-05.55.43:844][755]LogModuleManager: Shutting down and abandoning module XmlParser (500)
[2018.10.28-05.55.43:844][755]LogModuleManager: Shutting down and abandoning module Blutility (498)
[2018.10.28-05.55.43:844][755]LogModuleManager: Shutting down and abandoning module ProjectSettingsViewer (496)
[2018.10.28-05.55.43:844][755]LogModuleManager: Shutting down and abandoning module ProjectTargetPlatformEditor (495)
[2018.10.28-05.55.43:844][755]LogModuleManager: Shutting down and abandoning module EditorSettingsViewer (492)
[2018.10.28-05.55.43:844][755]LogModuleManager: Shutting down and abandoning module SettingsEditor (490)
[2018.10.28-05.55.43:844][755]LogModuleManager: Shutting down and abandoning module ProjectLauncher (488)
[2018.10.28-05.55.43:844][755]LogModuleManager: Shutting down and abandoning module SessionFrontend (486)
[2018.10.28-05.55.43:844][755]LogModuleManager: Shutting down and abandoning module ProfilerClient (484)
[2018.10.28-05.55.43:844][755]LogModuleManager: Shutting down and abandoning module DeviceManager (482)
[2018.10.28-05.55.43:844][755]LogModuleManager: Shutting down and abandoning module TargetDeviceServices (481)
[2018.10.28-05.55.43:910][755]LogModuleManager: Shutting down and abandoning module AutomationController (478)
[2018.10.28-05.55.43:910][755]LogModuleManager: Shutting down and abandoning module AutomationWindow (476)
[2018.10.28-05.55.43:910][755]LogModuleManager: Shutting down and abandoning module Layers (474)
[2018.10.28-05.55.43:910][755]LogModuleManager: Shutting down and abandoning module ComponentVisualizers (472)
[2018.10.28-05.55.43:910][755]LogModuleManager: Shutting down and abandoning module DetailCustomizations (470)
[2018.10.28-05.55.43:910][755]LogModuleManager: Shutting down and abandoning module PackagesDialog (468)
[2018.10.28-05.55.43:910][755]LogModuleManager: Shutting down and abandoning module Persona (466)
[2018.10.28-05.55.43:910][755]LogModuleManager: Shutting down and abandoning module AnimGraph (465)
[2018.10.28-05.55.43:910][755]LogModuleManager: Shutting down and abandoning module Kismet (462)
[2018.10.28-05.55.43:919][755]LogModuleManager: Shutting down and abandoning module GraphEditor (460)
[2018.10.28-05.55.43:919][755]LogModuleManager: Shutting down and abandoning module ClassViewer (458)
[2018.10.28-05.55.43:921][755]LogModuleManager: Shutting down and abandoning module Toolbox (456)
[2018.10.28-05.55.43:921][755]LogModuleManager: Shutting down and abandoning module DesktopPlatform (455)
[2018.10.28-05.55.43:921][755]LogModuleManager: Shutting down and abandoning module ModuleUI (452)
[2018.10.28-05.55.43:921][755]LogModuleManager: Shutting down and abandoning module MovieSceneTools (450)
[2018.10.28-05.55.43:921][755]LogModuleManager: Shutting down and abandoning module OutputLog (448)
[2018.10.28-05.55.43:921][755]LogModuleManager: Shutting down and abandoning module GammaUI (446)
[2018.10.28-05.55.43:921][755]LogModuleManager: Shutting down and abandoning module Documentation (444)
[2018.10.28-05.55.43:921][755]LogModuleManager: Shutting down and abandoning module MovieSceneTracks (442)
[2018.10.28-05.55.43:921][755]LogModuleManager: Shutting down and abandoning module MovieScene (440)
[2018.10.28-05.55.43:921][755]LogModuleManager: Shutting down and abandoning module StreamingPauseRendering (438)
[2018.10.28-05.55.43:921][755]LogModuleManager: Shutting down and abandoning module LauncherPlatform (436)
[2018.10.28-05.55.43:921][755]LogModuleManager: Shutting down and abandoning module AnalyticsET (434)
[2018.10.28-05.55.43:921][755]LogModuleManager: Shutting down and abandoning module PortalServices (432)
[2018.10.28-05.55.43:921][755]LogModuleManager: Shutting down and abandoning module PortalRpc (430)
[2018.10.28-05.55.43:921][755]LogModuleManager: Shutting down and abandoning module MessagingRpc (428)
[2018.10.28-05.55.43:922][755]LogModuleManager: Shutting down and abandoning module AIModule (426)
[2018.10.28-05.55.43:922][755]LogModuleManager: Shutting down and abandoning module GameplayDebugger (425)
[2018.10.28-05.55.43:922][755]LogModuleManager: Shutting down and abandoning module AITestSuite (423)
[2018.10.28-05.55.43:922][755]LogModuleManager: Shutting down and abandoning module NavigationSystem (421)
[2018.10.28-05.55.43:922][755]LogModuleManager: Shutting down and abandoning module ProfilerService (418)
[2018.10.28-05.55.43:953][755]LogModuleManager: Shutting down and abandoning module TaskGraph (416)
[2018.10.28-05.55.43:953][755]LogModuleManager: Shutting down and abandoning module DatasmithCADImporter (414)
[2018.10.28-05.55.43:954][755]LogModuleManager: Shutting down and abandoning module StaticMeshEditorExtension (412)
[2018.10.28-05.55.43:954][755]LogModuleManager: Shutting down and abandoning module StaticMeshEditor (411)
[2018.10.28-05.55.43:954][755]LogModuleManager: Shutting down and abandoning module AdvancedPreviewScene (410)
[2018.10.28-05.55.43:954][755]LogModuleManager: Shutting down and abandoning module DatasmithMDLImporter (406)
[2018.10.28-05.55.43:955][755]LogModuleManager: Shutting down and abandoning module DatasmithImporter (404)
[2018.10.28-05.55.43:955][755]LogModuleManager: Shutting down and abandoning module SteamVRController (402)
[2018.10.28-05.55.43:955][755]LogModuleManager: Shutting down and abandoning module ProceduralMeshComponentEditor (400)
[2018.10.28-05.55.43:955][755]LogModuleManager: Shutting down and abandoning module ProceduralMeshComponent (398)
[2018.10.28-05.55.43:955][755]LogModuleManager: Shutting down and abandoning module OculusInput (396)
[2018.10.28-05.55.43:955][755]LogModuleManager: Shutting down and abandoning module MobilePatchingUtils (394)
[2018.10.28-05.55.43:955][755]LogModuleManager: Shutting down and abandoning module EditableMesh (392)
[2018.10.28-05.55.43:955][755]LogModuleManager: Shutting down and abandoning module CustomMeshComponent (390)
[2018.10.28-05.55.43:955][755]LogModuleManager: Shutting down and abandoning module CableComponent (388)
[2018.10.28-05.55.43:955][755]LogModuleManager: Shutting down and abandoning module AudioCapture (386)
[2018.10.28-05.55.43:955][755]LogModuleManager: Shutting down and abandoning module ArchVisCharacter (384)
[2018.10.28-05.55.43:955][755]LogModuleManager: Shutting down and abandoning module AndroidPermission (382)
[2018.10.28-05.55.43:955][755]LogModuleManager: Shutting down and abandoning module NUTUnrealEngine4 (380)
[2018.10.28-05.55.43:955][755]LogModuleManager: Shutting down and abandoning module NetcodeUnitTest (378)
[2018.10.28-05.55.43:955][755]LogModuleManager: Shutting down and abandoning module MediaCompositingEditor (376)
[2018.10.28-05.55.43:955][755]LogModuleManager: Shutting down and abandoning module MediaCompositing (374)
[2018.10.28-05.55.43:955][755]LogModuleManager: Shutting down and abandoning module LinearTimecode (372)
[2018.10.28-05.55.43:956][755]LogModuleManager: Shutting down and abandoning module ImgMedia (370)
[2018.10.28-05.55.43:960][755]LogModuleManager: Shutting down and abandoning module HTML5Networking (368)
[2018.10.28-05.55.43:960][755]LogModuleManager: Shutting down and abandoning module GeometryCacheTracks (366)
[2018.10.28-05.55.43:960][755]LogModuleManager: Shutting down and abandoning module GeometryCacheSequencer (364)
[2018.10.28-05.55.43:960][755]LogModuleManager: Shutting down and abandoning module BackChannel (362)
[2018.10.28-05.55.43:960][755]LogModuleManager: Shutting down and abandoning module AppleVision (360)
[2018.10.28-05.55.43:960][755]LogModuleManager: Shutting down and abandoning module AppleImageUtils (358)
[2018.10.28-05.55.43:960][755]LogModuleManager: Shutting down and abandoning module AlembicImporter (356)
[2018.10.28-05.55.43:960][755]LogModuleManager: Shutting down and abandoning module AlembicLibrary (355)
[2018.10.28-05.55.43:960][755]LogModuleManager: Shutting down and abandoning module GeometryCache (354)
[2018.10.28-05.55.43:960][755]LogModuleManager: Shutting down and abandoning module GeometryCacheEd (353)
[2018.10.28-05.55.43:960][755]LogModuleManager: Shutting down and abandoning module DatasmithContentEditor (348)
[2018.10.28-05.55.43:960][755]LogModuleManager: Shutting down and abandoning module DatasmithContent (346)
[2018.10.28-05.55.43:961][755]LogModuleManager: Shutting down and abandoning module SpeedTreeImporter (344)
[2018.10.28-05.55.43:961][755]LogModuleManager: Shutting down and abandoning module PluginBrowser (342)
[2018.10.28-05.55.43:961][755]LogModuleManager: Shutting down and abandoning module MobileLauncherProfileWizard (340)
[2018.10.28-05.55.43:961][755]LogModuleManager: Shutting down and abandoning module PolygonModeling (338)
[2018.10.28-05.55.43:961][755]LogModuleManager: Shutting down and abandoning module MeshEditor (336)
[2018.10.28-05.55.43:961][755]LogModuleManager: Shutting down and abandoning module EditorScriptingUtilities (334)
[2018.10.28-05.55.43:961][755]LogModuleManager: Shutting down and abandoning module CryptoKeysOpenSSL (332)
[2018.10.28-05.55.43:961][755]LogModuleManager: Shutting down and abandoning module CryptoKeys (330)
[2018.10.28-05.55.43:961][755]LogModuleManager: Shutting down and abandoning module VisualStudioSourceCodeAccess (328)
[2018.10.28-05.55.43:961][755]LogModuleManager: Shutting down and abandoning module VisualStudioCodeSourceCodeAccess (326)
[2018.10.28-05.55.43:961][755]LogModuleManager: Shutting down and abandoning module UObjectPlugin (324)
[2018.10.28-05.55.43:961][755]LogModuleManager: Shutting down and abandoning module SubversionSourceControl (322)
[2018.10.28-05.55.43:961][755]LogModuleManager: Shutting down and abandoning module PerforceSourceControl (320)
[2018.10.28-05.55.43:961][755]LogModuleManager: Shutting down and abandoning module GitSourceControl (318)
[2018.10.28-05.55.43:961][755]LogModuleManager: Shutting down and abandoning module SourceControl (317)
[2018.10.28-05.55.43:961][755]LogModuleManager: Shutting down and abandoning module CLionSourceCodeAccess (314)
[2018.10.28-05.55.43:961][755]LogModuleManager: Shutting down and abandoning module LightPropagationVolumeEditor (312)
[2018.10.28-05.55.43:961][755]LogModuleManager: Shutting down and abandoning module PaperTiledImporter (310)
[2018.10.28-05.55.43:961][755]LogModuleManager: Shutting down and abandoning module PaperSpriteSheetImporter (308)
[2018.10.28-05.55.43:962][755]LogModuleManager: Shutting down and abandoning module Paper2DEditor (306)
[2018.10.28-05.55.43:962][755]LogModuleManager: Shutting down and abandoning module MeshPaint (305)
[2018.10.28-05.55.43:962][755]LogModuleManager: Shutting down and abandoning module ControliePractice (302)
[2018.10.28-05.55.43:962][755]LogModuleManager: Shutting down and abandoning module RuntimePhysXCooking (300)
[2018.10.28-05.55.43:962][755]LogModuleManager: Shutting down and abandoning module PhysXVehiclesEditor (298)
[2018.10.28-05.55.43:962][755]LogModuleManager: Shutting down and abandoning module PhysXVehicles (296)
[2018.10.28-05.55.43:962][755]LogModuleManager: Shutting down and abandoning module OculusEditor (294)
[2018.10.28-05.55.43:962][755]LogModuleManager: Shutting down and abandoning module LocationServicesBPLibrary (292)
[2018.10.28-05.55.43:962][755]LogModuleManager: Shutting down and abandoning module ImmediatePhysicsEditor (290)
[2018.10.28-05.55.43:962][755]LogModuleManager: Shutting down and abandoning module ImmediatePhysics (288)
[2018.10.28-05.55.43:962][755]LogModuleManager: Shutting down and abandoning module ActorSequence (286)
[2018.10.28-05.55.43:962][755]LogModuleManager: Shutting down and abandoning module UdpMessaging (284)
[2018.10.28-05.55.44:063][755]LogModuleManager: Shutting down and abandoning module TcpMessaging (282)
[2018.10.28-05.55.44:163][755]LogModuleManager: Shutting down and abandoning module MagicLeapAudio (280)
[2018.10.28-05.55.44:163][755]LogModuleManager: Shutting down and abandoning module GameplayTagsEditor (278)
[2018.10.28-05.55.44:163][755]LogModuleManager: Shutting down and abandoning module FacialAnimationEditor (276)
[2018.10.28-05.55.44:163][755]LogModuleManager: Shutting down and abandoning module FacialAnimation (274)
[2018.10.28-05.55.44:163][755]LogModuleManager: Shutting down and abandoning module DataValidation (272)
[2018.10.28-05.55.44:163][755]LogModuleManager: Shutting down and abandoning module AssetManagerEditor (270)
[2018.10.28-05.55.44:163][755]LogModuleManager: Shutting down and abandoning module LevelEditor (269)
[2018.10.28-05.55.44:164][755]LogModuleManager: Shutting down and abandoning module PixelInspectorModule (268)
[2018.10.28-05.55.44:164][755]LogModuleManager: Shutting down and abandoning module CommonMenuExtensions (266)
[2018.10.28-05.55.44:164][755]LogModuleManager: Shutting down and abandoning module MainFrame (264)
[2018.10.28-05.55.44:164][755]LogModuleManager: Shutting down and abandoning module HotReload (263)
[2018.10.28-05.55.44:165][755]LogModuleManager: Shutting down and abandoning module ContentBrowser (259)
[2018.10.28-05.55.44:166][755]LogModuleManager: Shutting down and abandoning module TreeMap (257)
[2018.10.28-05.55.44:166][755]LogModuleManager: Shutting down and abandoning module LightPropagationVolumeRuntime (254)
[2018.10.28-05.55.44:166][755]LogModuleManager: Shutting down and abandoning module AISupportModule (252)
[2018.10.28-05.55.44:166][755]LogModuleManager: Shutting down and abandoning module Paper2D (250)
[2018.10.28-05.55.44:166][755]LogModuleManager: Shutting down and abandoning module WindowsMoviePlayer (248)
[2018.10.28-05.55.44:166][755]LogModuleManager: Shutting down and abandoning module WmfMedia (246)
[2018.10.28-05.55.44:168][755]LogModuleManager: Shutting down and abandoning module Media (245)
[2018.10.28-05.55.44:174][755]LogModuleManager: Shutting down and abandoning module PacketHandler (242)
[2018.10.28-05.55.44:174][755]LogModuleManager: Shutting down and abandoning module ClothingSystemEditor (240)
[2018.10.28-05.55.44:174][755]LogModuleManager: Shutting down and abandoning module ClothingSystemRuntime (238)
[2018.10.28-05.55.44:174][755]LogModuleManager: Shutting down and abandoning module MediaAssets (236)
[2018.10.28-05.55.44:174][755]LogModuleManager: Shutting down and abandoning module Overlay (234)
[2018.10.28-05.55.44:174][755]LogModuleManager: Shutting down and abandoning module OverlayEditor (233)
[2018.10.28-05.55.44:174][755]LogModuleManager: Shutting down and abandoning module EnvironmentQueryEditor (230)
[2018.10.28-05.55.44:174][755]LogModuleManager: Shutting down and abandoning module VREditor (228)
[2018.10.28-05.55.44:174][755]LogModuleManager: Shutting down and abandoning module StringTableEditor (226)
[2018.10.28-05.55.44:175][755]LogModuleManager: Shutting down and abandoning module GameplayTasksEditor (224)
[2018.10.28-05.55.44:175][755]LogModuleManager: Shutting down and abandoning module BehaviorTreeEditor (222)
[2018.10.28-05.55.44:175][755]LogModuleManager: Shutting down and abandoning module FunctionalTesting (220)
[2018.10.28-05.55.44:175][755]LogModuleManager: Shutting down and abandoning module CollisionAnalyzer (218)
[2018.10.28-05.55.44:175][755]LogModuleManager: Shutting down and abandoning module WorkspaceMenuStructure (217)
[2018.10.28-05.55.44:175][755]LogModuleManager: Shutting down and abandoning module UMG (214)
[2018.10.28-05.55.44:175][755]LogModuleManager: Shutting down and abandoning module UMGEditor (213)
[2018.10.28-05.55.44:175][755]LogModuleManager: Shutting down and abandoning module Sequencer (212)
[2018.10.28-05.55.44:175][755]LogModuleManager: Shutting down and abandoning module MessageLog (209)
[2018.10.28-05.55.44:175][755]LogModuleManager: Shutting down and abandoning module SlateReflector (204)
[2018.10.28-05.55.44:175][755]LogModuleManager: Shutting down and abandoning module Slate (202)
[2018.10.28-05.55.44:175][755]LogModuleManager: Shutting down and abandoning module EditorStyle (200)
[2018.10.28-05.55.44:177][755]LogModuleManager: Shutting down and abandoning module MRMesh (198)
[2018.10.28-05.55.44:177][755]LogModuleManager: Shutting down and abandoning module SourceCodeAccess (196)
[2018.10.28-05.55.44:177][755]LogModuleManager: Shutting down and abandoning module HeadMountedDisplay (194)
[2018.10.28-05.55.44:177][755]LogModuleManager: Shutting down and abandoning module XAudio2 (192)
[2018.10.28-05.55.44:177][755]LogModuleManager: Shutting down and abandoning module Networking (190)
[2018.10.28-05.55.44:177][755]LogModuleManager: Shutting down and abandoning module Core (188)
[2018.10.28-05.55.44:177][755]LogModuleManager: Shutting down and abandoning module LevelSequence (186)
[2018.10.28-05.55.44:177][755]LogModuleManager: Shutting down and abandoning module KismetCompiler (184)
[2018.10.28-05.55.44:177][755]LogModuleManager: Shutting down and abandoning module MeshUtilities (182)
[2018.10.28-05.55.44:177][755]LogModuleManager: Shutting down and abandoning module MeshMergeUtilities (181)
[2018.10.28-05.55.44:177][755]LogModuleManager: Shutting down and abandoning module MeshReductionInterface (180)
[2018.10.28-05.55.44:177][755]LogModuleManager: Shutting down and abandoning module SimplygonSwarm (179)
[2018.10.28-05.55.44:177][755]LogModuleManager: Shutting down and abandoning module ProxyLODMeshReduction (177)
[2018.10.28-05.55.44:177][755]LogModuleManager: Shutting down and abandoning module SimplygonMeshReduction (175)
[2018.10.28-05.55.44:177][755]LogModuleManager: Shutting down and abandoning module QuadricMeshReduction (173)
[2018.10.28-05.55.44:177][755]LogModuleManager: Shutting down and abandoning module MaterialBaking (169)
[2018.10.28-05.55.44:177][755]LogModuleManager: Shutting down and abandoning module DirectoryWatcher (165)
[2018.10.28-05.55.44:177][755]LogModuleManager: Shutting down and abandoning module DerivedDataCache (162)
[2018.10.28-05.55.44:216][755]LogDerivedDataCache: Shutdown
[2018.10.28-05.55.44:216][755]LogModuleManager: Shutting down and abandoning module XGEController (160)
[2018.10.28-05.55.44:216][755]LogXGEController: Cleaning working directory: C:/Users/Rayray/AppData/Local/Temp/UnrealXGEWorkingDir/
[2018.10.28-05.55.44:216][755]LogModuleManager: Shutting down and abandoning module TargetPlatform (158)
[2018.10.28-05.55.44:216][755]LogModuleManager: Shutting down and abandoning module VulkanShaderFormat (157)
[2018.10.28-05.55.44:216][755]LogModuleManager: Shutting down and abandoning module ShaderFormatVectorVM (155)
[2018.10.28-05.55.44:216][755]LogModuleManager: Shutting down and abandoning module ShaderFormatOpenGL (153)
[2018.10.28-05.55.44:216][755]LogModuleManager: Shutting down and abandoning module ShaderFormatD3D (151)
[2018.10.28-05.55.44:216][755]LogModuleManager: Shutting down and abandoning module MetalShaderFormat (149)
[2018.10.28-05.55.44:216][755]LogModuleManager: Shutting down and abandoning module TextureFormatUncompressed (147)
[2018.10.28-05.55.44:216][755]LogModuleManager: Shutting down and abandoning module TextureFormatPVR (145)
[2018.10.28-05.55.44:216][755]LogModuleManager: Shutting down and abandoning module TextureFormatDXT (143)
[2018.10.28-05.55.44:216][755]LogModuleManager: Shutting down and abandoning module TextureFormatIntelISPCTexComp (141)
[2018.10.28-05.55.44:216][755]LogModuleManager: Shutting down and abandoning module TextureFormatASTC (139)
[2018.10.28-05.55.44:216][755]LogModuleManager: Shutting down and abandoning module ImageWrapper (138)
[2018.10.28-05.55.44:216][755]LogModuleManager: Shutting down and abandoning module TextureFormatAndroid (135)
[2018.10.28-05.55.44:216][755]LogModuleManager: Shutting down and abandoning module AudioFormatOpus (133)
[2018.10.28-05.55.44:216][755]LogModuleManager: Shutting down and abandoning module AudioFormatOgg (131)
[2018.10.28-05.55.44:216][755]LogModuleManager: Shutting down and abandoning module AudioFormatADPCM (129)
[2018.10.28-05.55.44:216][755]LogModuleManager: Shutting down and abandoning module LuminTargetPlatform (127)
[2018.10.28-05.55.44:216][755]LogModuleManager: Shutting down and abandoning module LinuxTargetPlatform (125)
[2018.10.28-05.55.44:216][755]LogModuleManager: Shutting down and abandoning module LinuxServerTargetPlatform (123)
[2018.10.28-05.55.44:216][755]LogModuleManager: Shutting down and abandoning module LinuxNoEditorTargetPlatform (121)
[2018.10.28-05.55.44:217][755]LogModuleManager: Shutting down and abandoning module LinuxClientTargetPlatform (119)
[2018.10.28-05.55.44:217][755]LogModuleManager: Shutting down and abandoning module TVOSTargetPlatform (117)
[2018.10.28-05.55.44:217][755]LogModuleManager: Shutting down and abandoning module Messaging (115)
[2018.10.28-05.55.44:218][755]LogModuleManager: Shutting down and abandoning module IOSTargetPlatform (113)
[2018.10.28-05.55.44:218][755]LogModuleManager: Shutting down and abandoning module HTML5TargetPlatform (111)
[2018.10.28-05.55.44:218][755]LogModuleManager: Shutting down and abandoning module AndroidTargetPlatform (109)
[2018.10.28-05.55.44:226][755]LogModuleManager: Shutting down and abandoning module WindowsTargetPlatform (107)
[2018.10.28-05.55.44:226][755]LogModuleManager: Shutting down and abandoning module WindowsServerTargetPlatform (105)
[2018.10.28-05.55.44:226][755]LogModuleManager: Shutting down and abandoning module WindowsNoEditorTargetPlatform (103)
[2018.10.28-05.55.44:226][755]LogModuleManager: Shutting down and abandoning module WindowsClientTargetPlatform (101)
[2018.10.28-05.55.44:226][755]LogModuleManager: Shutting down and abandoning module MacTargetPlatform (99)
[2018.10.28-05.55.44:226][755]LogModuleManager: Shutting down and abandoning module MacServerTargetPlatform (97)
[2018.10.28-05.55.44:226][755]LogModuleManager: Shutting down and abandoning module MacNoEditorTargetPlatform (95)
[2018.10.28-05.55.44:226][755]LogModuleManager: Shutting down and abandoning module MacClientTargetPlatform (93)
[2018.10.28-05.55.44:226][755]LogModuleManager: Shutting down and abandoning module AllDesktopTargetPlatform (91)
[2018.10.28-05.55.44:226][755]LogModuleManager: Shutting down and abandoning module InputCore (88)
[2018.10.28-05.55.44:226][755]LogModuleManager: Shutting down and abandoning module Settings (86)
[2018.10.28-05.55.44:226][755]LogModuleManager: Shutting down and abandoning module PhysXCooking (84)
[2018.10.28-05.55.44:226][755]LogModuleManager: Shutting down and abandoning module SteamVR (82)
[2018.10.28-05.55.44:226][755]LogModuleManager: Shutting down and abandoning module OculusHMD (80)
[2018.10.28-05.55.44:227][755]LogModuleManager: Shutting down and abandoning module ExampleDeviceProfileSelector (78)
[2018.10.28-05.55.44:227][755]LogModuleManager: Shutting down and abandoning module LauncherChunkInstaller (76)
[2018.10.28-05.55.44:227][755]LogModuleManager: Shutting down and abandoning module OnlineBlueprintSupport (74)
[2018.10.28-05.55.44:227][755]LogModuleManager: Shutting down and abandoning module OnlineSubsystem (70)
[2018.10.28-05.55.44:228][755]LogModuleManager: Shutting down and abandoning module XMPP (65)
[2018.10.28-05.55.44:228][755]LogModuleManager: Shutting down and abandoning module WebSockets (64)
[2018.10.28-05.55.44:250][755]LogModuleManager: Shutting down and abandoning module HTTP (61)
[2018.10.28-05.55.44:250][755]LogHttp: Display: Http module shutting down, but needs to wait on 1 outstanding Http requests:
[2018.10.28-05.55.44:250][755]LogHttp: Display: 	verb=[POST] url=[https://datarouter.ol.epicgames.com/datarouter/api/v1/public/data?SessionID=%7BAF14AFBD-49B3-588D-F267-80825B1BE8A5%7D&AppID=UEEditor.Rocket.Release&AppVersion=4.20.3-4369336%2B%2B%2BUE4%2BRelease-4.20&UserID=1716449542d6b509f39843a71e4bae07%7C1baec983b97f4796bacc8ff667cbe195%7Cbb5ab3e9-97b2-4d17-97ec-caaca043106f&AppEnvironment=datacollector-binary&UploadType=eteventstream] status=Processing
[2018.10.28-05.55.44:261][755]LogModuleManager: Shutting down and abandoning module SSL (60)
[2018.10.28-05.55.44:262][755]LogModuleManager: Shutting down and abandoning module MagicLeapEmulator (56)
[2018.10.28-05.55.44:262][755]LogModuleManager: Shutting down and abandoning module MagicLeapPrivileges (54)
[2018.10.28-05.55.44:262][755]LogModuleManager: Shutting down and abandoning module MagicLeapIdentity (52)
[2018.10.28-05.55.44:262][755]LogModuleManager: Shutting down and abandoning module MagicLeapHelperVulkan (50)
[2018.10.28-05.55.44:262][755]LogModuleManager: Shutting down and abandoning module MagicLeapHelperOpenGL (48)
[2018.10.28-05.55.44:262][755]LogModuleManager: Shutting down and abandoning module MagicLeapSecureStorage (46)
[2018.10.28-05.55.44:262][755]LogModuleManager: Shutting down and abandoning module MagicLeapGestures (44)
[2018.10.28-05.55.44:262][755]LogModuleManager: Shutting down and abandoning module MagicLeapEyeTracker (42)
[2018.10.28-05.55.44:263][755]LogModuleManager: Shutting down and abandoning module MagicLeapController (40)
[2018.10.28-05.55.44:263][755]LogSlate: Slate User Destroyed.  User Index 0, Is Virtual User: 0
[2018.10.28-05.55.44:263][755]LogModuleManager: Shutting down and abandoning module MagicLeap (38)
[2018.10.28-05.55.44:263][755]LogModuleManager: Shutting down and abandoning module AnimationModifiers (36)
[2018.10.28-05.55.44:263][755]LogModuleManager: Shutting down and abandoning module PropertyEditor (35)
[2018.10.28-05.55.44:263][755]LogModuleManager: Shutting down and abandoning module AudioEditor (32)
[2018.10.28-05.55.44:263][755]LogModuleManager: Shutting down and abandoning module TextureCompressor (30)
[2018.10.28-05.55.44:263][755]LogModuleManager: Shutting down and abandoning module ShaderCore (28)
[2018.10.28-05.55.44:263][755]LogModuleManager: Shutting down and abandoning module Landscape (26)
[2018.10.28-05.55.44:263][755]LogModuleManager: Shutting down and abandoning module SlateRHIRenderer (24)
[2018.10.28-05.55.44:264][755]LogModuleManager: Shutting down and abandoning module OpenGLDrv (22)
[2018.10.28-05.55.44:264][755]LogModuleManager: Shutting down and abandoning module D3D11RHI (20)
[2018.10.28-05.55.44:264][755]LogModuleManager: Shutting down and abandoning module AnimGraphRuntime (18)
[2018.10.28-05.55.44:264][755]LogModuleManager: Shutting down and abandoning module Renderer (16)
[2018.10.28-05.55.44:264][755]LogModuleManager: Shutting down and abandoning module Engine (14)
[2018.10.28-05.55.44:264][755]LogModuleManager: Shutting down and abandoning module CoreUObject (12)
[2018.10.28-05.55.44:264][755]LogModuleManager: Shutting down and abandoning module NetworkFile (10)
[2018.10.28-05.55.44:264][755]LogModuleManager: Shutting down and abandoning module CookedIterativeFile (8)
[2018.10.28-05.55.44:264][755]LogModuleManager: Shutting down and abandoning module StreamingFile (6)
[2018.10.28-05.55.44:264][755]LogModuleManager: Shutting down and abandoning module SandboxFile (4)
[2018.10.28-05.55.44:264][755]LogModuleManager: Shutting down and abandoning module PakFile (2)
[2018.10.28-05.55.44:274][755]LogExit: Exiting.
[2018.10.28-05.55.44:282][755]Log file closed, 10/28/18 00:55:44
