Log file open, 10/09/18 22:53:59
LogWindows: Failed to load 'aqProf.dll' (GetLastError=126)
LogWindows: File 'aqProf.dll' does not exist
LogWindows: Failed to load 'VtuneApi.dll' (GetLastError=126)
LogWindows: File 'VtuneApi.dll' does not exist
LogWindows: Failed to load 'VtuneApi32e.dll' (GetLastError=126)
LogWindows: File 'VtuneApi32e.dll' does not exist
LogInit: Display: Running engine for game: ControliePractice
LogPlatformFile: Not using cached read wrapper
LogTaskGraph: Started task graph with 5 named threads and 23 total threads with 3 sets of task threads.
LogStats: Stats thread started at 2.152179
LogD3D11RHI: Loaded GFSDK_Aftermath_Lib.x64.dll
LogICUInternationalization: Display: ICU TimeZone Detection - Raw Offset: -6:00, Platform Override: ''
LogPluginManager: Mounting plugin Paper2D
LogPluginManager: Mounting plugin AISupport
LogPluginManager: Mounting plugin LightPropagationVolume
LogPluginManager: Mounting plugin CLionSourceCodeAccess
LogPluginManager: Mounting plugin CodeLiteSourceCodeAccess
LogPluginManager: Mounting plugin GitSourceControl
LogPluginManager: Mounting plugin KDevelopSourceCodeAccess
LogPluginManager: Mounting plugin NullSourceCodeAccess
LogPluginManager: Mounting plugin PerforceSourceControl
LogPluginManager: Mounting plugin SubversionSourceControl
LogPluginManager: Mounting plugin UObjectPlugin
LogPluginManager: Mounting plugin VisualStudioCodeSourceCodeAccess
LogPluginManager: Mounting plugin VisualStudioSourceCodeAccess
LogPluginManager: Mounting plugin XCodeSourceCodeAccess
LogPluginManager: Mounting plugin AssetManagerEditor
LogPluginManager: Mounting plugin CryptoKeys
LogPluginManager: Mounting plugin DataValidation
LogPluginManager: Mounting plugin EditorScriptingUtilities
LogPluginManager: Mounting plugin FacialAnimation
LogPluginManager: Mounting plugin GameplayTagsEditor
LogPluginManager: Mounting plugin MacGraphicsSwitching
LogPluginManager: Mounting plugin MeshEditor
LogPluginManager: Mounting plugin MobileLauncherProfileWizard
LogPluginManager: Mounting plugin PluginBrowser
LogPluginManager: Mounting plugin SpeedTreeImporter
LogPluginManager: Mounting plugin DatasmithContent
LogPluginManager: Mounting plugin AlembicImporter
LogPluginManager: Mounting plugin AppleImageUtils
LogPluginManager: Mounting plugin AppleVision
LogPluginManager: Mounting plugin BackChannel
LogPluginManager: Mounting plugin CharacterAI
LogPluginManager: Mounting plugin GeometryCache
LogPluginManager: Mounting plugin HTML5Networking
LogPluginManager: Mounting plugin ProxyLODPlugin
LogPluginManager: Mounting plugin MagicLeap
LogPluginManager: Mounting plugin MagicLeapEmulator
LogPluginManager: Mounting plugin MagicLeapMedia
LogPluginManager: Mounting plugin AndroidMedia
LogPluginManager: Mounting plugin AvfMedia
LogPluginManager: Mounting plugin ImgMedia
LogPluginManager: Mounting plugin LinearTimecode
LogPluginManager: Mounting plugin MediaCompositing
LogPluginManager: Mounting plugin MediaPlayerEditor
LogPluginManager: Mounting plugin WmfMedia
LogPluginManager: Mounting plugin TcpMessaging
LogPluginManager: Mounting plugin UdpMessaging
LogPluginManager: Mounting plugin ActorSequence
LogPluginManager: Mounting plugin LevelSequenceEditor
LogPluginManager: Mounting plugin MatineeToLevelSequence
LogPluginManager: Mounting plugin NetcodeUnitTest
LogPluginManager: Mounting plugin NUTUnrealEngine4
LogPluginManager: Mounting plugin OnlineSubsystemGooglePlay
LogPluginManager: Mounting plugin OnlineSubsystemIOS
LogPluginManager: Mounting plugin OnlineSubsystem
LogPluginManager: Mounting plugin OnlineSubsystemNull
LogPluginManager: Mounting plugin OnlineSubsystemUtils
LogPluginManager: Mounting plugin LauncherChunkInstaller
LogPluginManager: Mounting plugin AndroidDeviceProfileSelector
LogPluginManager: Mounting plugin AndroidMoviePlayer
LogPluginManager: Mounting plugin AndroidPermission
LogPluginManager: Mounting plugin AppleMoviePlayer
LogPluginManager: Mounting plugin ArchVisCharacter
LogPluginManager: Mounting plugin AudioCapture
LogPluginManager: Mounting plugin CableComponent
LogPluginManager: Mounting plugin CustomMeshComponent
LogPluginManager: Mounting plugin EditableMesh
LogPluginManager: Mounting plugin ExampleDeviceProfileSelector
LogPluginManager: Mounting plugin GoogleCloudMessaging
LogPluginManager: Mounting plugin ImmediatePhysics
LogPluginManager: Mounting plugin IOSDeviceProfileSelector
LogPluginManager: Mounting plugin LinuxDeviceProfileSelector
LogPluginManager: Mounting plugin LocationServicesBPLibrary
LogPluginManager: Mounting plugin MobilePatchingUtils
LogPluginManager: Mounting plugin OculusVR
LogPluginManager: Plugin shader directory ../../../Engine/Plugins/Runtime/Oculus/OculusVR/Shaders found
LogPluginManager: Mapping shader source directory ../../../Engine/Plugins/Runtime/Oculus/OculusVR/Shaders to virtual directory /Plugin/OculusVR
LogPluginManager: Mounting plugin PhysXVehicles
LogPluginManager: Mounting plugin ProceduralMeshComponent
LogPluginManager: Mounting plugin RuntimePhysXCooking
LogPluginManager: Mounting plugin SteamVR
LogPluginManager: Mounting plugin WindowsMoviePlayer
LogPluginManager: Mounting plugin DatasmithCADImporter
LogPluginManager: Mounting plugin DatasmithFBXImporter
LogPluginManager: Mounting plugin DatasmithImporter
LogPluginManager: Mounting plugin DatasmithMDLImporter
LogPluginManager: Mounting plugin StaticMeshEditorExtension
LogStreaming: Display: Took  0.408s to configure plugins.
LogInit: Using libcurl 7.55.1-DEV
LogInit:  - built for x86_64-pc-win32
LogInit:  - supports SSL with OpenSSL/1.0.2h
LogInit:  - supports HTTP deflate (compression) using libz 1.2.8
LogInit:  - other features:
LogInit:      CURL_VERSION_SSL
LogInit:      CURL_VERSION_LIBZ
LogInit:      CURL_VERSION_IPV6
LogInit:      CURL_VERSION_ASYNCHDNS
LogInit:      CURL_VERSION_LARGEFILE
LogInit:      CURL_VERSION_IDN
LogInit:  CurlRequestOptions (configurable via config and command line):
LogInit:  - bVerifyPeer = false  - Libcurl will NOT verify peer certificate
LogInit:  - bUseHttpProxy = false  - Libcurl will NOT use HTTP proxy
LogInit:  - bDontReuseConnections = false  - Libcurl will reuse connections
LogInit:  - CertBundlePath = nullptr  - Libcurl will use whatever was configured at build time.
LogInit:  - MaxHostConnections = 16  - Libcurl will limit the number of connections to a host
LogInit:  - LocalHostAddr = Default
LogInit:  - BufferSize = 65536
LogInit: WinSock: version 1.1 (2.2), MaxSocks=32767, MaxUdp=65467
LogHMD: Failed initializing OVRPlugin 1.25.0
LogInit: Build: ++UE4+Release-4.20-CL-4369336
LogInit: Engine Version: 4.20.3-4369336+++UE4+Release-4.20
LogInit: Compatible Engine Version: 4.20.0-4212847+++UE4+Release-4.20
LogInit: Net CL: 4212847
LogInit: OS: Windows 10 (), CPU: AMD FX(tm)-8350 Eight-Core Processor           , GPU: AMD Radeon R9 200 Series
LogInit: Compiled (64-bit): Sep 17 2018 12:26:19
LogInit: Compiled with Visual C++: 19.13.26129.00
LogInit: Build Configuration: Development
LogInit: Branch Name: ++UE4+Release-4.20
LogInit: Command Line:  
LogInit: Base Directory: E:/Unreal_Engine/UE_4.20/Engine/Binaries/Win64/
LogInit: Installed Engine Build: 1
LogDevObjectVersion: Number of dev versions registered: 20
LogDevObjectVersion:   Dev-Blueprints (B0D832E4-1F89-4F0D-ACCF-7EB736FD4AA2): 10
LogDevObjectVersion:   Dev-Build (E1C64328-A22C-4D53-A36C-8E866417BD8C): 0
LogDevObjectVersion:   Dev-Core (375EC13C-06E4-48FB-B500-84F0262A717E): 2
LogDevObjectVersion:   Dev-Editor (E4B068ED-F494-42E9-A231-DA0B2E46BB41): 24
LogDevObjectVersion:   Dev-Framework (CFFC743F-43B0-4480-9391-14DF171D2073): 34
LogDevObjectVersion:   Dev-Mobile (B02B49B5-BB20-44E9-A304-32B752E40360): 2
LogDevObjectVersion:   Dev-Networking (A4E4105C-59A1-49B5-A7C5-40C4547EDFEE): 0
LogDevObjectVersion:   Dev-Online (39C831C9-5AE6-47DC-9A44-9C173E1C8E7C): 0
LogDevObjectVersion:   Dev-Physics (78F01B33-EBEA-4F98-B9B4-84EACCB95AA2): 0
LogDevObjectVersion:   Dev-Platform (6631380F-2D4D-43E0-8009-CF276956A95A): 0
LogDevObjectVersion:   Dev-Rendering (12F88B9F-8875-4AFC-A67C-D90C383ABD29): 26
LogDevObjectVersion:   Dev-Sequencer (7B5AE74C-D270-4C10-A958-57980B212A5A): 9
LogDevObjectVersion:   Dev-VR (D7296918-1DD6-4BDD-9DE2-64A83CC13884): 2
LogDevObjectVersion:   Dev-LoadTimes (C2A15278-BFE7-4AFE-6C17-90FF531DF755): 1
LogDevObjectVersion:   Private-Geometry (6EACA3D4-40EC-4CC1-B786-8BED09428FC5): 3
LogDevObjectVersion:   Dev-AnimPhys (29E575DD-E0A3-4627-9D10-D276232CDCEA): 17
LogDevObjectVersion:   Dev-ReflectionCapture (6B266CEC-1EC7-4B8F-A30B-E4D90942FC07): 1
LogDevObjectVersion:   Dev-Automation (0DF73D61-A23F-47EA-B727-89E90C41499A): 1
LogDevObjectVersion:   FortniteMain (601D1886-AC64-4F84-AA16-D3DE0DEAC7D6): 12
LogDevObjectVersion:   Dev-Enterprise (9DFFBCD6-494F-0158-E221-12823C92A888): 1
LogStreaming: Display: Took  0.001s to delete old logs.
LogInit: Presizing for max 8388607 objects, including 0 objects not considered by GC, pre-allocating 0 bytes for permanent pool.
LogInit: Object subsystem initialized
[2018.10.10-03.54.02:110][  0]LogInit: Selected Device Profile: [Windows]
[2018.10.10-03.54.02:113][  0]LogInit: Applying CVar settings loaded from the selected device profile: [Windows]
[2018.10.10-03.54.02:176][  0]LogHAL: Display: Platform has ~ 16 GB [17075896320 / 17179869184 / 16], which maps to Larger [LargestMinGB=32, LargerMinGB=12, DefaultMinGB=8, SmallerMinGB=6, SmallestMinGB=0)
[2018.10.10-03.54.02:176][  0]LogInit: Setting Device Profile CVar: [[r.Vulkan.UseRealUBs:1]]
[2018.10.10-03.54.02:176][  0]LogInit: Going up to parent DeviceProfile []
[2018.10.10-03.54.02:193][  0]LogInit: Computer: BLACKWIDOW-PC
[2018.10.10-03.54.02:193][  0]LogInit: User: Rayray
[2018.10.10-03.54.02:193][  0]LogInit: CPU Page size=4096, Cores=4
[2018.10.10-03.54.02:193][  0]LogInit: High frequency timer resolution =3.919293 MHz
[2018.10.10-03.54.02:193][  0]LogMemory: Memory total: Physical=15.9GB (16GB approx)
[2018.10.10-03.54.02:193][  0]LogMemory: Platform Memory Stats for Windows
[2018.10.10-03.54.02:193][  0]LogMemory: Process Physical Memory: 102.69 MB used, 102.69 MB peak
[2018.10.10-03.54.02:193][  0]LogMemory: Process Virtual Memory: 92.72 MB used, 92.72 MB peak
[2018.10.10-03.54.02:193][  0]LogMemory: Physical Memory: 6863.80 MB used,  9421.05 MB free, 16284.84 MB total
[2018.10.10-03.54.02:193][  0]LogMemory: Virtual Memory: 4653.70 MB used,  9421.05 MB free, 134217728.00 MB total
[2018.10.10-03.54.02:484][  0]LogInit: Using OS detected language (en-US).
[2018.10.10-03.54.02:484][  0]LogInit: Using OS detected locale (en-US).
[2018.10.10-03.54.02:553][  0]LogTextLocalizationManager: No specific localization for 'en-US' exists, so the 'en' localization will be used.
[2018.10.10-03.54.03:286][  0]LogStreaming: Display: Took  0.802s to InitEngineTextLocalization.
[2018.10.10-03.54.03:286][  0]LogInit: Setting process to per monitor DPI aware
[2018.10.10-03.54.03:698][  0]LogSlate: New Slate User Created.  User Index 0, Is Virtual User: 0
[2018.10.10-03.54.03:698][  0]LogSlate: Slate User Registered.  User Index 0, Is Virtual User: 0
[2018.10.10-03.54.13:100][  0]LogHMD: Failed to initialize OpenVR with code 108
[2018.10.10-03.54.13:144][  0]LogD3D11RHI: D3D11 adapters:
[2018.10.10-03.54.13:209][  0]LogD3D11RHI:    0. 'AMD Radeon R9 200 Series' (Feature Level 11_0)
[2018.10.10-03.54.13:209][  0]LogD3D11RHI:       4072/0/8142 MB DedicatedVideo/DedicatedSystem/SharedSystem, Outputs:2, VendorId:0x1002
[2018.10.10-03.54.13:211][  0]LogD3D11RHI:    1. 'Microsoft Basic Render Driver' (Feature Level 11_0)
[2018.10.10-03.54.13:211][  0]LogD3D11RHI:       0/0/8142 MB DedicatedVideo/DedicatedSystem/SharedSystem, Outputs:0, VendorId:0x1414
[2018.10.10-03.54.13:211][  0]LogD3D11RHI: Chosen D3D11 Adapter: 0
[2018.10.10-03.54.13:235][  0]LogD3D11RHI: Creating new Direct3DDevice
[2018.10.10-03.54.13:235][  0]LogD3D11RHI:     GPU DeviceId: 0x67b0 (for the marketing name, search the web for "GPU Device Id")
[2018.10.10-03.54.13:235][  0]LogWindows: EnumDisplayDevices:
[2018.10.10-03.54.13:236][  0]LogWindows:    0. 'AMD Radeon R9 200 Series' (P:1 D:1)
[2018.10.10-03.54.13:236][  0]LogWindows:    1. 'AMD Radeon R9 200 Series' (P:0 D:1)
[2018.10.10-03.54.13:236][  0]LogWindows:    2. 'AMD Radeon R9 200 Series' (P:0 D:0)
[2018.10.10-03.54.13:237][  0]LogWindows:    3. 'AMD Radeon R9 200 Series' (P:0 D:0)
[2018.10.10-03.54.13:237][  0]LogWindows:    4. 'AMD Radeon R9 200 Series' (P:0 D:0)
[2018.10.10-03.54.13:237][  0]LogWindows:    5. 'AMD Radeon R9 200 Series' (P:0 D:0)
[2018.10.10-03.54.13:238][  0]LogWindows: DebugString: FoundDriverCount:6 
[2018.10.10-03.54.13:238][  0]LogD3D11RHI:     Adapter Name: AMD Radeon R9 200 Series
[2018.10.10-03.54.13:238][  0]LogD3D11RHI:   Driver Version: Crimson ReLive 17.7 (internal:22.19.677.257, unified:22.19.677.257)
[2018.10.10-03.54.13:238][  0]LogD3D11RHI:      Driver Date: 9-22-2017
[2018.10.10-03.54.13:238][  0]LogRHI: Texture pool is 2850 MB (70% of 4072 MB)
[2018.10.10-03.54.13:614][  0]LogD3D11RHI: Async texture creation enabled
[2018.10.10-03.54.13:891][  0]LogD3D11RHI: GPU Timing Frequency: 27.000000 (Debug: 2 1)
[2018.10.10-03.54.13:986][  0]LogShaderCompilers: Guid format shader working directory is -9 characters bigger than the processId version (../../../../../gitmaybe/UnrealProjects/ControliePractice/Intermediate/Shaders/WorkingDirectory/6716/).
[2018.10.10-03.54.13:987][  0]LogShaderCompilers: Cleaned the shader compiler working directory 'C:/Users/Rayray/AppData/Local/Temp/UnrealShaderWorkingDir/E54556FC4CC7B8FEABDED49F8E9264F7/'.
[2018.10.10-03.54.15:330][  0]LogTemp: Display: Loaded TP AllDesktopTargetPlatform
[2018.10.10-03.54.15:425][  0]LogTemp: Display: Loaded TP MacClientTargetPlatform
[2018.10.10-03.54.15:472][  0]LogTemp: Display: Loaded TP MacNoEditorTargetPlatform
[2018.10.10-03.54.15:556][  0]LogTemp: Display: Loaded TP MacServerTargetPlatform
[2018.10.10-03.54.15:621][  0]LogTemp: Display: Loaded TP MacTargetPlatform
[2018.10.10-03.54.15:668][  0]LogTemp: Display: Loaded TP WindowsClientTargetPlatform
[2018.10.10-03.54.15:712][  0]LogTemp: Display: Loaded TP WindowsNoEditorTargetPlatform
[2018.10.10-03.54.15:748][  0]LogTemp: Display: Loaded TP WindowsServerTargetPlatform
[2018.10.10-03.54.15:786][  0]LogTemp: Display: Loaded TP WindowsTargetPlatform
[2018.10.10-03.54.16:048][  0]LogTemp: Display: Loaded TP AndroidTargetPlatform
[2018.10.10-03.54.16:048][  0]LogTemp: Display: Loaded TP AndroidTargetPlatform
[2018.10.10-03.54.16:048][  0]LogTemp: Display: Loaded TP AndroidTargetPlatform
[2018.10.10-03.54.16:048][  0]LogTemp: Display: Loaded TP AndroidTargetPlatform
[2018.10.10-03.54.16:048][  0]LogTemp: Display: Loaded TP AndroidTargetPlatform
[2018.10.10-03.54.16:048][  0]LogTemp: Display: Loaded TP AndroidTargetPlatform
[2018.10.10-03.54.16:048][  0]LogTemp: Display: Loaded TP AndroidTargetPlatform
[2018.10.10-03.54.16:048][  0]LogTemp: Display: Loaded TP AndroidTargetPlatform
[2018.10.10-03.54.16:048][  0]LogTemp: Display: Loaded TP AndroidTargetPlatform
[2018.10.10-03.54.16:048][  0]LogTemp: Display: Loaded TP AndroidTargetPlatform
[2018.10.10-03.54.16:048][  0]LogTemp: Display: Loaded TP AndroidTargetPlatform
[2018.10.10-03.54.16:048][  0]LogTemp: Display: Loaded TP AndroidTargetPlatform
[2018.10.10-03.54.16:048][  0]LogTemp: Display: Loaded TP AndroidTargetPlatform
[2018.10.10-03.54.16:048][  0]LogTemp: Display: Loaded TP AndroidTargetPlatform
[2018.10.10-03.54.16:048][  0]LogTemp: Display: Loaded TP AndroidTargetPlatform
[2018.10.10-03.54.16:048][  0]LogTemp: Display: Loaded TP AndroidTargetPlatform
[2018.10.10-03.54.16:048][  0]LogTemp: Display: Loaded TP AndroidTargetPlatform
[2018.10.10-03.54.16:048][  0]LogTemp: Display: Loaded TP AndroidTargetPlatform
[2018.10.10-03.54.16:072][  0]LogTemp: Display: Loaded TP HTML5TargetPlatform
[2018.10.10-03.54.16:392][  0]LogTemp: Display: Loaded TP IOSTargetPlatform
[2018.10.10-03.54.16:392][  0]LogTemp: Display: Loaded TP IOSTargetPlatform
[2018.10.10-03.54.16:532][  0]LogTemp: Display: Loaded TP TVOSTargetPlatform
[2018.10.10-03.54.16:532][  0]LogTemp: Display: Loaded TP TVOSTargetPlatform
[2018.10.10-03.54.16:628][  0]LogTemp: Display: Loaded TP LinuxClientTargetPlatform
[2018.10.10-03.54.16:656][  0]LogTemp: Display: Loaded TP LinuxNoEditorTargetPlatform
[2018.10.10-03.54.16:697][  0]LogTemp: Display: Loaded TP LinuxServerTargetPlatform
[2018.10.10-03.54.16:745][  0]LogTemp: Display: Loaded TP LinuxTargetPlatform
[2018.10.10-03.54.16:805][  0]LogTemp: Display: Loaded TP LuminTargetPlatform
[2018.10.10-03.54.16:805][  0]LogTargetPlatformManager: Display: Building Assets For Windows
[2018.10.10-03.54.17:359][  0]LogXGEController: Cleaning working directory: C:/Users/Rayray/AppData/Local/Temp/UnrealXGEWorkingDir/
[2018.10.10-03.54.17:359][  0]LogXGEController: Cannot use XGE Controller as Incredibuild is not installed on this machine.
[2018.10.10-03.54.17:359][  0]LogShaderCompilers: Cannot use XGE Shader Compiler as Incredibuild is not installed on this machine.
[2018.10.10-03.54.17:359][  0]LogShaderCompilers: Display: Using Local Shader Compiler.
[2018.10.10-03.54.20:105][  0]LogDerivedDataCache: Display: Max Cache Size: 512 MB
[2018.10.10-03.54.20:525][  0]LogDerivedDataCache: Loaded boot cache 0.42s 94MB C:/Users/Rayray/AppData/Local/UnrealEngine/4.20/DerivedDataCache/Boot.ddc.
[2018.10.10-03.54.20:525][  0]LogDerivedDataCache: Display: Loaded Boot cache: C:/Users/Rayray/AppData/Local/UnrealEngine/4.20/DerivedDataCache/Boot.ddc
[2018.10.10-03.54.20:525][  0]LogDerivedDataCache: FDerivedDataBackendGraph:  Pak pak cache file ../../../../../gitmaybe/UnrealProjects/ControliePractice/DerivedDataCache/DDC.ddp not found, will not use a pak cache.
[2018.10.10-03.54.20:525][  0]LogDerivedDataCache: Unable to find inner node Pak for hierarchical cache Hierarchy.
[2018.10.10-03.54.20:526][  0]LogDerivedDataCache: FDerivedDataBackendGraph:  CompressedPak pak cache file ../../../../../gitmaybe/UnrealProjects/ControliePractice/DerivedDataCache/Compressed.ddp not found, will not use a pak cache.
[2018.10.10-03.54.20:526][  0]LogDerivedDataCache: Unable to find inner node CompressedPak for hierarchical cache Hierarchy.
[2018.10.10-03.54.20:658][  0]LogDerivedDataCache: Display: Pak cache opened for reading ../../../Engine/DerivedDataCache/Compressed.ddp.
[2018.10.10-03.54.20:671][  0]LogDerivedDataCache: Using Local data cache path C:/Users/Rayray/AppData/Local/UnrealEngine/Common/DerivedDataCache: Writable
[2018.10.10-03.54.20:671][  0]LogDerivedDataCache: Shared data cache path not found in *engine.ini, will not use an Shared cache.
[2018.10.10-03.54.20:671][  0]LogDerivedDataCache: Unable to find inner node Shared for hierarchical cache Hierarchy.
[2018.10.10-03.54.20:705][  0]LogMaterial: Verifying Global Shaders for PCD3D_SM5
[2018.10.10-03.54.20:758][  0]LogSlate: Using FreeType 2.6.0
[2018.10.10-03.54.20:819][  0]LogSlate: SlateFontServices - WITH_FREETYPE: 1, WITH_HARFBUZZ: 1
[2018.10.10-03.54.21:587][  0]LogAssetRegistry: FAssetRegistry took 0.0295 seconds to start up
[2018.10.10-03.54.25:728][  0]LogInit: Selected Device Profile: [Windows]
[2018.10.10-03.54.27:436][  0]LogSimplygon: Simplygon DLL not present - disabling.
[2018.10.10-03.54.27:650][  0]LogMeshReduction: Using SimplygonSwarm for distributed automatic mesh merging
[2018.10.10-03.54.27:651][  0]LogMeshReduction: Using ProxyLODMeshReduction for automatic mesh merging
[2018.10.10-03.54.27:651][  0]LogMeshReduction: Using QuadricMeshReduction for automatic static mesh reduction
[2018.10.10-03.54.27:651][  0]LogMeshReduction: No automatic skeletal mesh reduction module available
[2018.10.10-03.54.27:831][  0]LogNetVersion: ControliePractice 1.0.0, NetCL: 4212847, EngineNetVer: 5, GameNetVer: 0 (Checksum: 2409719994)
[2018.10.10-03.54.30:627][  0]LogPackageLocalizationCache: Processed 13 localized package path(s) for 2 prioritized culture(s) in 0.223291 seconds
[2018.10.10-03.54.30:638][  0]LogUObjectArray: 38425 objects as part of root set at end of initial load.
[2018.10.10-03.54.30:638][  0]LogUObjectAllocator: 6690872 out of 0 bytes used by permanent object pool.
[2018.10.10-03.54.30:638][  0]LogUObjectArray: CloseDisregardForGC: 0/0 objects in disregard for GC pool
[2018.10.10-03.54.47:133][  0]LogTcpMessaging: Initializing TcpMessaging bridge
[2018.10.10-03.54.47:186][  0]LogUdpMessaging: Initializing bridge on interface 0.0.0.0:0 to multicast group 230.0.0.1:6666.
[2018.10.10-03.54.48:128][  0]SourceControl: Source control is disabled
[2018.10.10-03.54.48:128][  0]SourceControl: Source control is disabled
[2018.10.10-03.54.48:175][  0]SourceControl: Source control is disabled
[2018.10.10-03.54.48:188][  0]SourceControl: Source control is disabled
[2018.10.10-03.54.49:399][  0]LogAndroidPermission: UAndroidPermissionCallbackProxy::GetInstance
[2018.10.10-03.54.49:839][  0]LogOcInput: OculusInput pre-init called
[2018.10.10-03.54.55:282][  0]LogEngine: Initializing Engine...
[2018.10.10-03.54.55:408][  0]LogHMD: Failed to initialize OpenVR with code 108
[2018.10.10-03.54.55:464][  0]LogStats: UGameplayTagsManager::ConstructGameplayTagTree: ImportINI prefixes -  0.001 s
[2018.10.10-03.54.55:464][  0]LogStats: UGameplayTagsManager::ConstructGameplayTagTree: Construct from data asset -  0.000 s
[2018.10.10-03.54.55:465][  0]LogStats: UGameplayTagsManager::ConstructGameplayTagTree: ImportINI -  0.001 s
[2018.10.10-03.54.55:465][  0]LogStats: UGameplayTagsManager::ConstructGameplayTagTree: GameplayTagTreeChangedEvent.Broadcast -  0.000 s
[2018.10.10-03.54.56:501][  0]LogInit: Initializing FReadOnlyCVARCache
[2018.10.10-03.54.56:670][  0]LogAIModule: Creating AISystem for world Untitled
[2018.10.10-03.54.56:728][  0]LogInit: XAudio2 using 'Speakers (Realtek High Definition Audio)' : 2 channels at 48 kHz using 32 bits per sample (channel mask 0x3)
[2018.10.10-03.54.56:843][  0]LogInit: FAudioDevice initialized.
[2018.10.10-03.54.56:844][  0]LogNetVersion: Set ProjectVersion to 1.0.0.0. Version Checksum will be recalculated on next use.
[2018.10.10-03.54.56:960][  0]LogDerivedDataCache: Saved boot cache 0.12s 87MB C:/Users/Rayray/AppData/Local/UnrealEngine/4.20/DerivedDataCache/Boot.ddc.
[2018.10.10-03.54.56:973][  0]LogInit: Texture streaming: Enabled
[2018.10.10-03.54.57:144][  0]LogEngineSessionManager: EngineSessionManager initialized
[2018.10.10-03.54.57:233][  0]LogInit: Transaction tracking system initialized
[2018.10.10-03.54.57:514][  0]BlueprintLog: New page: Editor Load
[2018.10.10-03.54.58:380][  0]LocalizationService: Localization service is disabled
[2018.10.10-03.54.58:812][  0]LogLinker: Warning: Can't find file '/Game/ThirdPersonBP/ThirdPersonOverview'
[2018.10.10-03.54.58:812][  0]LogLinker: Warning: Can't find file '/Game/ThirdPersonBP/ThirdPersonOverview'
[2018.10.10-03.54.58:812][  0]LogUObjectGlobals: Warning: Failed to find object 'Class /Game/ThirdPersonBP/ThirdPersonOverview.ThirdPersonOverview_C'
[2018.10.10-03.54.58:857][  0]LogLinker: Warning: Can't find file '/Game/SideScRolePlay/BluePrints/NewBlueprint'
[2018.10.10-03.54.58:857][  0]LogLinker: Warning: Can't find file '/Game/SideScRolePlay/BluePrints/NewBlueprint'
[2018.10.10-03.54.58:858][  0]LogUObjectGlobals: Warning: Failed to find object 'Class /Game/SideScRolePlay/BluePrints/NewBlueprint.NewBlueprint_C'
[2018.10.10-03.55.01:831][  0]LogFileCache: Scanning file cache for directory 'E:/gitmaybe/UnrealProjects/ControliePractice/Content/' took 0.02s
[2018.10.10-03.55.01:831][  0]LogCook: Display: Max memory allowance for cook 16384mb min free memory 0mb
[2018.10.10-03.55.01:831][  0]LogCook: Display: Mobile HDR setting 1
[2018.10.10-03.55.01:896][  0]LogGameplayTags: Display: UGameplayTagsManager::DoneAddingNativeTags. DelegateIsBound: 0
[2018.10.10-03.55.01:896][  0]LogStats: UGameplayTagsManager::ConstructGameplayTagTree: ImportINI prefixes -  0.000 s
[2018.10.10-03.55.01:896][  0]LogStats: UGameplayTagsManager::ConstructGameplayTagTree: Construct from data asset -  0.000 s
[2018.10.10-03.55.01:896][  0]LogStats: UGameplayTagsManager::ConstructGameplayTagTree: ImportINI -  0.000 s
[2018.10.10-03.55.01:896][  0]LogStats: UGameplayTagsManager::ConstructGameplayTagTree: GameplayTagTreeChangedEvent.Broadcast -  0.000 s
[2018.10.10-03.55.05:374][  0]SourceControl: Source control is disabled
[2018.10.10-03.55.05:374][  0]Cmd: MAP LOAD FILE="../../../../../gitmaybe/UnrealProjects/ControliePractice/Content/VirtualRealityBP/Maps/MotionControllerMap.umap" TEMPLATE=0 SHOWPROGRESS=1 FEATURELEVEL=3
[2018.10.10-03.55.05:393][  0]LightingResults: New page: Lighting Build
[2018.10.10-03.55.05:436][  0]MapCheck: New page: Map Check
[2018.10.10-03.55.05:436][  0]LightingResults: New page: Lighting Build
[2018.10.10-03.55.08:322][  0]LogAIModule: Creating AISystem for world MotionControllerMap
[2018.10.10-03.55.08:399][  0]LogEditorServer: Finished looking for orphan Actors (0.000 secs)
[2018.10.10-03.55.08:583][  0]Cmd: MAP CHECKDEP NOCLEARLOG
[2018.10.10-03.55.08:691][  0]MapCheck: Map check complete: 0 Error(s), 0 Warning(s), took 108.39ms to complete.
[2018.10.10-03.55.08:692][  0]LogFileHelpers: Loading map 'MotionControllerMap' took 3.317
[2018.10.10-03.55.11:839][  0]LogTemp: Executing iPhonePackager certificates Engine -bundlename com.YourCompany.ControliePractice
[2018.10.10-03.55.11:839][  0]LogTemp: CWD: E:\Unreal_Engine\UE_4.20\Engine\Binaries\DotNET\IOS
[2018.10.10-03.55.11:839][  0]LogTemp: Initial Dir: E:\Unreal_Engine\UE_4.20
[2018.10.10-03.55.11:839][  0]LogTemp: Env CWD: E:\Unreal_Engine\UE_4.20\Engine\Binaries\DotNET\IOS
[2018.10.10-03.55.11:839][  0]LogSlate: Only BGRA pngs, bmps or icos are supported in by External Image Picker
[2018.10.10-03.55.12:224][  0]LogTemp: BranchPath = BLACKWIDOW-PC/E/Unreal_Engine/UE_4.20/Engine/Binaries --- GameBranchPath = BLACKWIDOW-PC/E/Unreal_Engine/UE_4.20/Engine/Binaries
[2018.10.10-03.55.12:224][  0]LogTemp: MATCHED-Provision:,File:,Cert:
[2018.10.10-03.55.12:224][  0]LogSlate: Updating window title bar state: overlay mode, drag disabled, window buttons hidden, title bar hidden
[2018.10.10-03.55.12:236][  0]LogSlate: Updating window title bar state: overlay mode, drag disabled, window buttons hidden, title bar hidden
[2018.10.10-03.55.12:247][  0]LogSlate: Updating window title bar state: overlay mode, drag disabled, window buttons hidden, title bar hidden
[2018.10.10-03.55.12:257][  0]LogSlate: Updating window title bar state: overlay mode, drag disabled, window buttons hidden, title bar hidden
[2018.10.10-03.55.12:312][  0]LogCollectionManager: Loaded 0 collections in 0.001442 seconds
[2018.10.10-03.55.12:433][  0]LogFileCache: Scanning file cache for directory 'E:/gitmaybe/UnrealProjects/ControliePractice/Saved/Collections/' took 0.01s
[2018.10.10-03.55.12:433][  0]LogFileCache: Scanning file cache for directory 'E:/gitmaybe/UnrealProjects/ControliePractice/Content/Developers/Rayray/Collections/' took 0.01s
[2018.10.10-03.55.12:433][  0]LogFileCache: Scanning file cache for directory 'E:/gitmaybe/UnrealProjects/ControliePractice/Content/Collections/' took 0.01s
[2018.10.10-03.55.12:433][  0]LogCollectionManager: Rebuilt the GUID cache for 0 collections in 0.000001 seconds
[2018.10.10-03.55.12:457][  0]LogContentBrowser: Native class hierarchy populated in 0.0230 seconds. Added 2621 classes and 629 folders.
[2018.10.10-03.55.12:569][  0]LogContentBrowser: Native class hierarchy updated for 'WidgetCarousel' in 0.0004 seconds. Added 0 classes and 0 folders.
[2018.10.10-03.55.13:751][  0]LogContentBrowser: Native class hierarchy updated for 'AddContentDialog' in 0.0004 seconds. Added 0 classes and 0 folders.
[2018.10.10-03.55.13:810][  0]LogContentBrowser: Native class hierarchy updated for 'SceneOutliner' in 0.0005 seconds. Added 1 classes and 2 folders.
[2018.10.10-03.55.14:191][  0]LogSlate: Took 0.016093 seconds to synchronously load lazily loaded font '../../../Engine/Content/Slate/Fonts/Roboto-Regular.ttf' (155K)
[2018.10.10-03.55.14:220][  0]LogSlate: Took 0.026277 seconds to synchronously load lazily loaded font '../../../Engine/Content/Slate/Fonts/Roboto-Bold.ttf' (160K)
[2018.10.10-03.55.14:236][  0]LogSlate: Took 0.009035 seconds to synchronously load lazily loaded font '../../../Engine/Content/Editor/Slate/Fonts/FontAwesome.ttf' (139K)
[2018.10.10-03.55.14:526][  0]LogRenderer: Reallocating scene render targets to support 1192x576 Format 26 NumSamples 1 (Frame:1).
[2018.10.10-03.55.14:844][  0]LogContentBrowser: Native class hierarchy updated for 'HierarchicalLODOutliner' in 0.0004 seconds. Added 0 classes and 0 folders.
[2018.10.10-03.55.14:845][  0]LogLoad: (Engine Initialization) Total time: 87.23 seconds
[2018.10.10-03.55.14:845][  0]LogLoad: (Engine Initialization) Total Blueprint compile time: 0.00 seconds
[2018.10.10-03.55.15:007][  0]LogContentStreaming: Texture pool size now 1000 MB
[2018.10.10-03.55.15:270][  1]LogSlate: Took 0.022330 seconds to synchronously load lazily loaded font '../../../Engine/Content/Slate/Fonts/Roboto-Light.ttf' (167K)
[2018.10.10-03.55.15:324][  3]LogAssetRegistry: Asset discovery search completed in 53.7597 seconds
[2018.10.10-03.55.15:326][  3]LogCollectionManager: Rebuilt the object cache for 0 collections in 0.000000 seconds (found 0 objects)
[2018.10.10-03.55.15:326][  3]LogCollectionManager: Fixed up redirectors for 0 collections in 0.000065 seconds (updated 0 objects)
[2018.10.10-03.56.22:419][211]LogEditorViewport: Clicking on Actor (LMB): StaticMeshActor (EditorCube21)
[2018.10.10-03.56.24:268][400]LogSlate: FSceneViewport::OnFocusLost() reason 0
[2018.10.10-03.56.24:343][409]LogTemp: Repeating last play command: Selected Viewport
[2018.10.10-03.56.24:398][409]LogBlueprintUserMessages: Early PlayInEditor Detection: Level '/Game/VirtualRealityBP/Maps/MotionControllerMap.MotionControllerMap:PersistentLevel' has LevelScriptBlueprint '/Game/VirtualRealityBP/Maps/MotionControllerMap.MotionControllerMap:PersistentLevel.MotionControllerMap' with GeneratedClass '/Game/VirtualRealityBP/Maps/MotionControllerMap.MotionControllerMap_C' with ClassGeneratedBy '/Game/VirtualRealityBP/Maps/MotionControllerMap.MotionControllerMap:PersistentLevel.MotionControllerMap'
[2018.10.10-03.56.24:398][409]LogPlayLevel: PlayLevel: No blueprints needed recompiling
[2018.10.10-03.56.24:492][409]PIE: New page: PIE session: MotionControllerMap (Oct 9, 2018, 5:56:24 PM)
[2018.10.10-03.56.24:493][409]LogPlayLevel: Creating play world package: /Game/VirtualRealityBP/Maps/UEDPIE_0_MotionControllerMap
[2018.10.10-03.56.24:560][409]LogPlayLevel: PIE: StaticDuplicateObject took: (0.067461s)
[2018.10.10-03.56.24:561][409]LogAIModule: Creating AISystem for world MotionControllerMap
[2018.10.10-03.56.24:562][409]LogPlayLevel: PIE: World Init took: (0.000944s)
[2018.10.10-03.56.24:562][409]LogPlayLevel: PIE: Created PIE world by copying editor world from /Game/VirtualRealityBP/Maps/MotionControllerMap.MotionControllerMap to /Game/VirtualRealityBP/Maps/UEDPIE_0_MotionControllerMap.MotionControllerMap (0.068638s)
[2018.10.10-03.56.24:728][409]LogInit: XAudio2 using 'Speakers (Realtek High Definition Audio)' : 2 channels at 48 kHz using 32 bits per sample (channel mask 0x3)
[2018.10.10-03.56.24:746][409]LogInit: FAudioDevice initialized.
[2018.10.10-03.56.24:801][409]LogUObjectGlobals: Warning: Failed to find object 'Class None.'
[2018.10.10-03.56.24:801][409]LogLoad: Game class is 'GameModeBase'
[2018.10.10-03.56.24:805][409]LogWorld: Bringing World /Game/VirtualRealityBP/Maps/UEDPIE_0_MotionControllerMap.MotionControllerMap up for play (max tick rate 0) at 2018.10.09-22.56.24
[2018.10.10-03.56.24:842][409]LogWorld: Bringing up level for play took: 0.039240
[2018.10.10-03.56.24:924][409]LogContentBrowser: Native class hierarchy updated for 'MovieSceneCapture' in 0.0005 seconds. Added 10 classes and 0 folders.
[2018.10.10-03.56.25:041][409]PIE: Play in editor start time for /Game/VirtualRealityBP/Maps/UEDPIE_0_MotionControllerMap 0.941
[2018.10.10-03.56.25:041][409]LogBlueprintUserMessages: Late PlayInEditor Detection: Level '/Game/VirtualRealityBP/Maps/MotionControllerMap.MotionControllerMap:PersistentLevel' has LevelScriptBlueprint '/Game/VirtualRealityBP/Maps/MotionControllerMap.MotionControllerMap:PersistentLevel.MotionControllerMap' with GeneratedClass '/Game/VirtualRealityBP/Maps/MotionControllerMap.MotionControllerMap_C' with ClassGeneratedBy '/Game/VirtualRealityBP/Maps/MotionControllerMap.MotionControllerMap:PersistentLevel.MotionControllerMap'
[2018.10.10-03.56.29:757][942]LogBlueprintUserMessages: Early EndPlayMap Detection: Level '/Game/VirtualRealityBP/Maps/MotionControllerMap.MotionControllerMap:PersistentLevel' has LevelScriptBlueprint '/Game/VirtualRealityBP/Maps/MotionControllerMap.MotionControllerMap:PersistentLevel.MotionControllerMap' with GeneratedClass '/Game/VirtualRealityBP/Maps/MotionControllerMap.MotionControllerMap_C' with ClassGeneratedBy '/Game/VirtualRealityBP/Maps/MotionControllerMap.MotionControllerMap:PersistentLevel.MotionControllerMap'
[2018.10.10-03.56.29:799][942]LogSlate: Updating window title bar state: overlay mode, drag disabled, window buttons hidden, title bar hidden
[2018.10.10-03.56.29:855][942]LogPlayLevel: Display: Shutting down PIE online subsystems
[2018.10.10-03.56.29:856][942]LogBlueprintUserMessages: Late EndPlayMap Detection: Level '/Game/VirtualRealityBP/Maps/MotionControllerMap.MotionControllerMap:PersistentLevel' has LevelScriptBlueprint '/Game/VirtualRealityBP/Maps/MotionControllerMap.MotionControllerMap:PersistentLevel.MotionControllerMap' with GeneratedClass '/Game/VirtualRealityBP/Maps/MotionControllerMap.MotionControllerMap_C' with ClassGeneratedBy '/Game/VirtualRealityBP/Maps/MotionControllerMap.MotionControllerMap:PersistentLevel.MotionControllerMap'
[2018.10.10-03.56.29:981][942]LogSlate: Updating window title bar state: overlay mode, drag disabled, window buttons hidden, title bar hidden
[2018.10.10-03.56.30:004][943]LogPlayLevel: Display: Destroying online subsystem :Context_3
[2018.10.10-03.56.31:190][ 80]LogSlate: FSceneViewport::OnFocusLost() reason 2
[2018.10.10-03.56.34:923][523]LogBlueprintUserMessages: Early PlayInEditor Detection: Level '/Game/VirtualRealityBP/Maps/MotionControllerMap.MotionControllerMap:PersistentLevel' has LevelScriptBlueprint '/Game/VirtualRealityBP/Maps/MotionControllerMap.MotionControllerMap:PersistentLevel.MotionControllerMap' with GeneratedClass '/Game/VirtualRealityBP/Maps/MotionControllerMap.MotionControllerMap_C' with ClassGeneratedBy '/Game/VirtualRealityBP/Maps/MotionControllerMap.MotionControllerMap:PersistentLevel.MotionControllerMap'
[2018.10.10-03.56.34:923][523]LogPlayLevel: PlayLevel: No blueprints needed recompiling
[2018.10.10-03.56.34:923][523]PIE: New page: PIE session: MotionControllerMap (Oct 9, 2018, 5:56:34 PM)
[2018.10.10-03.56.34:923][523]LogPlayLevel: Creating play world package: /Game/VirtualRealityBP/Maps/UEDPIE_0_MotionControllerMap
[2018.10.10-03.56.34:936][523]LogPlayLevel: PIE: StaticDuplicateObject took: (0.012526s)
[2018.10.10-03.56.34:937][523]LogAIModule: Creating AISystem for world MotionControllerMap
[2018.10.10-03.56.34:937][523]LogPlayLevel: PIE: World Init took: (0.000879s)
[2018.10.10-03.56.34:937][523]LogPlayLevel: PIE: Created PIE world by copying editor world from /Game/VirtualRealityBP/Maps/MotionControllerMap.MotionControllerMap to /Game/VirtualRealityBP/Maps/UEDPIE_0_MotionControllerMap.MotionControllerMap (0.013610s)
[2018.10.10-03.56.35:085][523]LogInit: XAudio2 using 'Speakers (Realtek High Definition Audio)' : 2 channels at 48 kHz using 32 bits per sample (channel mask 0x3)
[2018.10.10-03.56.35:101][523]LogInit: FAudioDevice initialized.
[2018.10.10-03.56.35:101][523]LogSlate: FSceneViewport::OnFocusLost() reason 2
[2018.10.10-03.56.35:135][523]LogUObjectGlobals: Warning: Failed to find object 'Class None.'
[2018.10.10-03.56.35:135][523]LogLoad: Game class is 'GameModeBase'
[2018.10.10-03.56.35:138][523]LogWorld: Bringing World /Game/VirtualRealityBP/Maps/UEDPIE_0_MotionControllerMap.MotionControllerMap up for play (max tick rate 0) at 2018.10.09-22.56.35
[2018.10.10-03.56.35:139][523]LogWorld: Bringing up level for play took: 0.002676
[2018.10.10-03.56.35:154][523]PIE: Play in editor start time for /Game/VirtualRealityBP/Maps/UEDPIE_0_MotionControllerMap 1.054
[2018.10.10-03.56.35:154][523]LogBlueprintUserMessages: Late PlayInEditor Detection: Level '/Game/VirtualRealityBP/Maps/MotionControllerMap.MotionControllerMap:PersistentLevel' has LevelScriptBlueprint '/Game/VirtualRealityBP/Maps/MotionControllerMap.MotionControllerMap:PersistentLevel.MotionControllerMap' with GeneratedClass '/Game/VirtualRealityBP/Maps/MotionControllerMap.MotionControllerMap_C' with ClassGeneratedBy '/Game/VirtualRealityBP/Maps/MotionControllerMap.MotionControllerMap:PersistentLevel.MotionControllerMap'
[2018.10.10-03.56.39:154][  1]LogBlueprintUserMessages: Early EndPlayMap Detection: Level '/Game/VirtualRealityBP/Maps/MotionControllerMap.MotionControllerMap:PersistentLevel' has LevelScriptBlueprint '/Game/VirtualRealityBP/Maps/MotionControllerMap.MotionControllerMap:PersistentLevel.MotionControllerMap' with GeneratedClass '/Game/VirtualRealityBP/Maps/MotionControllerMap.MotionControllerMap_C' with ClassGeneratedBy '/Game/VirtualRealityBP/Maps/MotionControllerMap.MotionControllerMap:PersistentLevel.MotionControllerMap'
[2018.10.10-03.56.39:155][  1]LogSlate: Updating window title bar state: overlay mode, drag disabled, window buttons hidden, title bar hidden
[2018.10.10-03.56.39:192][  1]LogPlayLevel: Display: Shutting down PIE online subsystems
[2018.10.10-03.56.39:192][  1]LogBlueprintUserMessages: Late EndPlayMap Detection: Level '/Game/VirtualRealityBP/Maps/MotionControllerMap.MotionControllerMap:PersistentLevel' has LevelScriptBlueprint '/Game/VirtualRealityBP/Maps/MotionControllerMap.MotionControllerMap:PersistentLevel.MotionControllerMap' with GeneratedClass '/Game/VirtualRealityBP/Maps/MotionControllerMap.MotionControllerMap_C' with ClassGeneratedBy '/Game/VirtualRealityBP/Maps/MotionControllerMap.MotionControllerMap:PersistentLevel.MotionControllerMap'
[2018.10.10-03.56.39:310][  1]LogSlate: Updating window title bar state: overlay mode, drag disabled, window buttons hidden, title bar hidden
[2018.10.10-03.56.39:334][  2]LogPlayLevel: Display: Destroying online subsystem :Context_4
[2018.10.10-03.56.44:089][515]LogSlate: FSceneViewport::OnFocusLost() reason 2
[2018.10.10-03.56.45:376][656]LogSlate: FSceneViewport::OnFocusLost() reason 0
[2018.10.10-03.56.49:200][ 90]LogSlate: Took 0.000339 seconds to synchronously load lazily loaded font '../../../Engine/Content/Slate/Fonts/Roboto-Light.ttf' (167K)
[2018.10.10-03.56.49:278][ 90]LogSlate: FSceneViewport::OnFocusLost() reason 2
[2018.10.10-03.57.04:502][659]LogSlate: Window 'Create New Blueprint' being destroyed
[2018.10.10-03.57.09:834][280]LogSlate: FSceneViewport::OnFocusLost() reason 2
[2018.10.10-03.57.11:027][414]LogEditorViewport: Clicking on Actor (LMB): BP_Sky_Sphere_C (SkySphereBlueprint)
[2018.10.10-03.57.17:307][123]Cmd: TRANSACTION UNDO
[2018.10.10-03.57.17:307][123]LogEditorTransaction: Undo Move Actors
[2018.10.10-03.57.17:558][144]Cmd: TRANSACTION UNDO
[2018.10.10-03.57.17:558][144]LogEditorTransaction: Undo Move Actors
[2018.10.10-03.57.18:404][234]LogEditorViewport: Clicking on Actor (LMB): MotionControllerPawn_C (VRPawn)
[2018.10.10-03.57.19:929][396]LogSlate: FSceneViewport::OnFocusLost() reason 0
[2018.10.10-03.57.19:989][403]LogTemp: Repeating last play command: Selected Viewport
[2018.10.10-03.57.20:011][403]LogBlueprintUserMessages: Early PlayInEditor Detection: Level '/Game/VirtualRealityBP/Maps/MotionControllerMap.MotionControllerMap:PersistentLevel' has LevelScriptBlueprint '/Game/VirtualRealityBP/Maps/MotionControllerMap.MotionControllerMap:PersistentLevel.MotionControllerMap' with GeneratedClass '/Game/VirtualRealityBP/Maps/MotionControllerMap.MotionControllerMap_C' with ClassGeneratedBy '/Game/VirtualRealityBP/Maps/MotionControllerMap.MotionControllerMap:PersistentLevel.MotionControllerMap'
[2018.10.10-03.57.20:011][403]LogPlayLevel: PlayLevel: No blueprints needed recompiling
[2018.10.10-03.57.20:011][403]PIE: New page: PIE session: MotionControllerMap (Oct 9, 2018, 5:57:20 PM)
[2018.10.10-03.57.20:012][403]LogPlayLevel: Creating play world package: /Game/VirtualRealityBP/Maps/UEDPIE_0_MotionControllerMap
[2018.10.10-03.57.20:025][403]LogPlayLevel: PIE: StaticDuplicateObject took: (0.013181s)
[2018.10.10-03.57.20:026][403]LogAIModule: Creating AISystem for world MotionControllerMap
[2018.10.10-03.57.20:026][403]LogPlayLevel: PIE: World Init took: (0.001012s)
[2018.10.10-03.57.20:026][403]LogPlayLevel: PIE: Created PIE world by copying editor world from /Game/VirtualRealityBP/Maps/MotionControllerMap.MotionControllerMap to /Game/VirtualRealityBP/Maps/UEDPIE_0_MotionControllerMap.MotionControllerMap (0.014419s)
[2018.10.10-03.57.20:211][403]LogInit: XAudio2 using 'Speakers (Realtek High Definition Audio)' : 2 channels at 48 kHz using 32 bits per sample (channel mask 0x3)
[2018.10.10-03.57.20:228][403]LogInit: FAudioDevice initialized.
[2018.10.10-03.57.20:261][403]LogUObjectGlobals: Warning: Failed to find object 'Class None.'
[2018.10.10-03.57.20:261][403]LogLoad: Game class is 'GameModeBase'
[2018.10.10-03.57.20:264][403]LogWorld: Bringing World /Game/VirtualRealityBP/Maps/UEDPIE_0_MotionControllerMap.MotionControllerMap up for play (max tick rate 0) at 2018.10.09-22.57.20
[2018.10.10-03.57.20:264][403]LogWorld: Bringing up level for play took: 0.002817
[2018.10.10-03.57.20:280][403]PIE: Play in editor start time for /Game/VirtualRealityBP/Maps/UEDPIE_0_MotionControllerMap 0.179
[2018.10.10-03.57.20:280][403]LogBlueprintUserMessages: Late PlayInEditor Detection: Level '/Game/VirtualRealityBP/Maps/MotionControllerMap.MotionControllerMap:PersistentLevel' has LevelScriptBlueprint '/Game/VirtualRealityBP/Maps/MotionControllerMap.MotionControllerMap:PersistentLevel.MotionControllerMap' with GeneratedClass '/Game/VirtualRealityBP/Maps/MotionControllerMap.MotionControllerMap_C' with ClassGeneratedBy '/Game/VirtualRealityBP/Maps/MotionControllerMap.MotionControllerMap:PersistentLevel.MotionControllerMap'
[2018.10.10-03.57.24:273][875]LogBlueprintUserMessages: Early EndPlayMap Detection: Level '/Game/VirtualRealityBP/Maps/MotionControllerMap.MotionControllerMap:PersistentLevel' has LevelScriptBlueprint '/Game/VirtualRealityBP/Maps/MotionControllerMap.MotionControllerMap:PersistentLevel.MotionControllerMap' with GeneratedClass '/Game/VirtualRealityBP/Maps/MotionControllerMap.MotionControllerMap_C' with ClassGeneratedBy '/Game/VirtualRealityBP/Maps/MotionControllerMap.MotionControllerMap:PersistentLevel.MotionControllerMap'
[2018.10.10-03.57.24:273][875]LogSlate: Updating window title bar state: overlay mode, drag disabled, window buttons hidden, title bar hidden
[2018.10.10-03.57.24:311][875]LogPlayLevel: Display: Shutting down PIE online subsystems
[2018.10.10-03.57.24:311][875]LogBlueprintUserMessages: Late EndPlayMap Detection: Level '/Game/VirtualRealityBP/Maps/MotionControllerMap.MotionControllerMap:PersistentLevel' has LevelScriptBlueprint '/Game/VirtualRealityBP/Maps/MotionControllerMap.MotionControllerMap:PersistentLevel.MotionControllerMap' with GeneratedClass '/Game/VirtualRealityBP/Maps/MotionControllerMap.MotionControllerMap_C' with ClassGeneratedBy '/Game/VirtualRealityBP/Maps/MotionControllerMap.MotionControllerMap:PersistentLevel.MotionControllerMap'
[2018.10.10-03.57.24:442][875]LogSlate: Updating window title bar state: overlay mode, drag disabled, window buttons hidden, title bar hidden
[2018.10.10-03.57.24:461][876]LogPlayLevel: Display: Destroying online subsystem :Context_5
[2018.10.10-03.57.30:005][976]LogSlate: FSceneViewport::OnFocusLost() reason 0
[2018.10.10-03.57.34:729][509]LogSlate: FSceneViewport::OnFocusLost() reason 0
[2018.10.10-03.57.37:747][680]LogSlate: Window 'Save Content' being destroyed
[2018.10.10-03.57.37:883][680]LogSlate: Window 'ControliePractice - Unreal Editor' being destroyed
[2018.10.10-03.57.37:884][680]LogWindowsTextInputMethodSystem: Display: IME system now deactivated.
[2018.10.10-03.57.38:360][681]Cmd: QUIT_EDITOR
[2018.10.10-03.57.39:585][681]LogExit: Preparing to exit.
[2018.10.10-03.57.40:552][681]LogExit: Editor shut down
[2018.10.10-03.57.40:553][681]LogExit: Transaction tracking system shut down
[2018.10.10-03.57.42:003][681]LogExit: Object subsystem successfully closed.
[2018.10.10-03.57.42:159][681]LogShaderCompilers: Display: Shaders left to compile 0
[2018.10.10-03.57.42:163][681]LogD3D11RHI: Shutdown
[2018.10.10-03.57.42:163][681]LogD3D11RHI: CleanupD3DDevice
[2018.10.10-03.57.42:229][681]LogD3D11RHI: ~FD3D11DynamicRHI
[2018.10.10-03.57.43:162][681]LogModuleManager: Shutting down and abandoning module MovieSceneCapture (634)
[2018.10.10-03.57.43:162][681]LogModuleManager: Shutting down and abandoning module Voice (632)
[2018.10.10-03.57.43:171][681]LogModuleManager: Shutting down and abandoning module HierarchicalLODOutliner (630)
[2018.10.10-03.57.43:171][681]LogModuleManager: Shutting down and abandoning module SceneOutliner (628)
[2018.10.10-03.57.43:171][681]LogModuleManager: Shutting down and abandoning module AddContentDialog (626)
[2018.10.10-03.57.43:172][681]LogModuleManager: Shutting down and abandoning module WidgetCarousel (625)
[2018.10.10-03.57.43:172][681]LogModuleManager: Shutting down and abandoning module EditorWidgets (622)
[2018.10.10-03.57.43:172][681]LogModuleManager: Shutting down and abandoning module CollectionManager (620)
[2018.10.10-03.57.43:196][681]LogModuleManager: Shutting down and abandoning module ExternalImagePicker (618)
[2018.10.10-03.57.43:196][681]LogModuleManager: Shutting down and abandoning module StatsViewer (616)
[2018.10.10-03.57.43:255][681]LogModuleManager: Shutting down and abandoning module FoliageEdit (614)
[2018.10.10-03.57.43:265][681]LogModuleManager: Shutting down and abandoning module LandscapeEditor (612)
[2018.10.10-03.57.43:265][681]LogModuleManager: Shutting down and abandoning module MeshPaintMode (610)
[2018.10.10-03.57.43:275][681]LogModuleManager: Shutting down and abandoning module SceneDepthPickerMode (608)
[2018.10.10-03.57.43:275][681]LogModuleManager: Shutting down and abandoning module ActorPickerMode (606)
[2018.10.10-03.57.43:275][681]LogModuleManager: Shutting down and abandoning module GeometryMode (604)
[2018.10.10-03.57.43:275][681]LogModuleManager: Shutting down and abandoning module TextureAlignMode (602)
[2018.10.10-03.57.43:275][681]LogModuleManager: Shutting down and abandoning module BspMode (600)
[2018.10.10-03.57.43:275][681]LogModuleManager: Shutting down and abandoning module PIEPreviewDeviceProfileSelector (598)
[2018.10.10-03.57.43:292][681]LogModuleManager: Shutting down and abandoning module SequenceRecorderSections (596)
[2018.10.10-03.57.43:292][681]LogModuleManager: Shutting down and abandoning module AutomationWorker (594)
[2018.10.10-03.57.43:292][681]LogModuleManager: Shutting down and abandoning module DatasmithFBXImporter (592)
[2018.10.10-03.57.43:292][681]LogModuleManager: Shutting down and abandoning module DatasmithDeltaGenImporter (590)
[2018.10.10-03.57.43:302][681]LogModuleManager: Shutting down and abandoning module DatasmithVREDImporter (588)
[2018.10.10-03.57.43:302][681]LogModuleManager: Shutting down and abandoning module AudioCaptureEditor (586)
[2018.10.10-03.57.43:302][681]LogModuleManager: Shutting down and abandoning module SequenceRecorder (585)
[2018.10.10-03.57.43:302][681]LogModuleManager: Shutting down and abandoning module MatineeToLevelSequence (582)
[2018.10.10-03.57.43:302][681]LogModuleManager: Shutting down and abandoning module LevelSequenceEditor (580)
[2018.10.10-03.57.43:332][681]LogModuleManager: Shutting down and abandoning module PlacementMode (579)
[2018.10.10-03.57.43:332][681]LogModuleManager: Shutting down and abandoning module MaterialEditor (578)
[2018.10.10-03.57.43:353][681]LogModuleManager: Shutting down and abandoning module WmfMediaFactory (574)
[2018.10.10-03.57.43:353][681]LogModuleManager: Shutting down and abandoning module WmfMediaEditor (572)
[2018.10.10-03.57.43:353][681]LogModuleManager: Shutting down and abandoning module MediaPlayerEditor (570)
[2018.10.10-03.57.43:371][681]LogModuleManager: Shutting down and abandoning module OpenExrWrapper (568)
[2018.10.10-03.57.43:371][681]LogModuleManager: Shutting down and abandoning module ImgMediaFactory (566)
[2018.10.10-03.57.43:371][681]LogModuleManager: Shutting down and abandoning module ImgMediaEditor (564)
[2018.10.10-03.57.43:371][681]LogModuleManager: Shutting down and abandoning module AvfMediaFactory (562)
[2018.10.10-03.57.43:371][681]LogModuleManager: Shutting down and abandoning module AvfMediaEditor (560)
[2018.10.10-03.57.43:371][681]LogModuleManager: Shutting down and abandoning module AndroidMediaFactory (558)
[2018.10.10-03.57.43:371][681]LogModuleManager: Shutting down and abandoning module AndroidMediaEditor (556)
[2018.10.10-03.57.43:371][681]LogModuleManager: Shutting down and abandoning module MagicLeapCameraPreviewFactory (554)
[2018.10.10-03.57.43:371][681]LogModuleManager: Shutting down and abandoning module MagicLeapMediaFactory (552)
[2018.10.10-03.57.43:371][681]LogModuleManager: Shutting down and abandoning module MagicLeapMediaEditor (550)
[2018.10.10-03.57.43:371][681]LogModuleManager: Shutting down and abandoning module CharacterAI (548)
[2018.10.10-03.57.43:371][681]LogModuleManager: Shutting down and abandoning module SmartSnapping (546)
[2018.10.10-03.57.43:371][681]LogModuleManager: Shutting down and abandoning module SessionServices (544)
[2018.10.10-03.57.43:371][681]LogModuleManager: Shutting down and abandoning module ViewportSnapping (542)
[2018.10.10-03.57.43:371][681]LogModuleManager: Shutting down and abandoning module ViewportInteraction (540)
[2018.10.10-03.57.43:371][681]LogModuleManager: Shutting down and abandoning module ClothPainter (538)
[2018.10.10-03.57.43:404][681]LogModuleManager: Shutting down and abandoning module SkeletalMeshEditor (537)
[2018.10.10-03.57.43:425][681]LogModuleManager: Shutting down and abandoning module LogVisualizer (534)
[2018.10.10-03.57.43:444][681]LogModuleManager: Shutting down and abandoning module IntroTutorials (532)
[2018.10.10-03.57.43:450][681]LogModuleManager: Shutting down and abandoning module GameProjectGeneration (531)
[2018.10.10-03.57.43:450][681]LogModuleManager: Shutting down and abandoning module LuminPlatformEditor (528)
[2018.10.10-03.57.43:450][681]LogModuleManager: Shutting down and abandoning module IOSPlatformEditor (526)
[2018.10.10-03.57.43:450][681]LogModuleManager: Shutting down and abandoning module HTML5PlatformEditor (524)
[2018.10.10-03.57.43:450][681]LogModuleManager: Shutting down and abandoning module AndroidPlatformEditor (522)
[2018.10.10-03.57.43:450][681]LogModuleManager: Shutting down and abandoning module AndroidDeviceDetection (521)
[2018.10.10-03.57.43:799][681]LogModuleManager: Shutting down and abandoning module WindowsPlatformEditor (518)
[2018.10.10-03.57.43:799][681]LogModuleManager: Shutting down and abandoning module LuminRuntimeSettings (516)
[2018.10.10-03.57.43:799][681]LogModuleManager: Shutting down and abandoning module IOSRuntimeSettings (514)
[2018.10.10-03.57.43:799][681]LogModuleManager: Shutting down and abandoning module AndroidRuntimeSettings (512)
[2018.10.10-03.57.43:799][681]LogModuleManager: Shutting down and abandoning module InputBindingEditor (510)
[2018.10.10-03.57.43:853][681]LogModuleManager: Shutting down and abandoning module MergeActors (508)
[2018.10.10-03.57.43:868][681]LogModuleManager: Shutting down and abandoning module LocalizationDashboard (506)
[2018.10.10-03.57.43:882][681]LogModuleManager: Shutting down and abandoning module LocalizationService (505)
[2018.10.10-03.57.43:909][681]LogModuleManager: Shutting down and abandoning module HardwareTargeting (502)
[2018.10.10-03.57.43:909][681]LogModuleManager: Shutting down and abandoning module DeviceProfileEditor (500)
[2018.10.10-03.57.43:909][681]LogModuleManager: Shutting down and abandoning module UndoHistory (498)
[2018.10.10-03.57.43:922][681]LogModuleManager: Shutting down and abandoning module XmlParser (496)
[2018.10.10-03.57.43:922][681]LogModuleManager: Shutting down and abandoning module Blutility (494)
[2018.10.10-03.57.43:922][681]LogModuleManager: Shutting down and abandoning module ProjectSettingsViewer (492)
[2018.10.10-03.57.43:922][681]LogModuleManager: Shutting down and abandoning module ProjectTargetPlatformEditor (491)
[2018.10.10-03.57.43:923][681]LogModuleManager: Shutting down and abandoning module EditorSettingsViewer (488)
[2018.10.10-03.57.43:923][681]LogModuleManager: Shutting down and abandoning module SettingsEditor (486)
[2018.10.10-03.57.43:923][681]LogModuleManager: Shutting down and abandoning module ProjectLauncher (484)
[2018.10.10-03.57.43:945][681]LogModuleManager: Shutting down and abandoning module SessionFrontend (482)
[2018.10.10-03.57.43:954][681]LogModuleManager: Shutting down and abandoning module ProfilerClient (480)
[2018.10.10-03.57.43:976][681]LogModuleManager: Shutting down and abandoning module DeviceManager (478)
[2018.10.10-03.57.43:976][681]LogModuleManager: Shutting down and abandoning module TargetDeviceServices (477)
[2018.10.10-03.57.44:043][681]LogModuleManager: Shutting down and abandoning module AutomationController (474)
[2018.10.10-03.57.44:108][681]LogModuleManager: Shutting down and abandoning module AutomationWindow (472)
[2018.10.10-03.57.44:135][681]LogModuleManager: Shutting down and abandoning module Layers (470)
[2018.10.10-03.57.44:154][681]LogModuleManager: Shutting down and abandoning module ComponentVisualizers (468)
[2018.10.10-03.57.44:154][681]LogModuleManager: Shutting down and abandoning module DetailCustomizations (466)
[2018.10.10-03.57.44:174][681]LogModuleManager: Shutting down and abandoning module PackagesDialog (464)
[2018.10.10-03.57.44:174][681]LogModuleManager: Shutting down and abandoning module Persona (462)
[2018.10.10-03.57.44:194][681]LogModuleManager: Shutting down and abandoning module AnimGraph (461)
[2018.10.10-03.57.44:204][681]LogModuleManager: Shutting down and abandoning module Kismet (458)
[2018.10.10-03.57.44:218][681]LogModuleManager: Shutting down and abandoning module GraphEditor (456)
[2018.10.10-03.57.44:218][681]LogModuleManager: Shutting down and abandoning module ClassViewer (454)
[2018.10.10-03.57.44:220][681]LogModuleManager: Shutting down and abandoning module Toolbox (452)
[2018.10.10-03.57.44:220][681]LogModuleManager: Shutting down and abandoning module ModuleUI (450)
[2018.10.10-03.57.44:228][681]LogModuleManager: Shutting down and abandoning module MovieSceneTools (448)
[2018.10.10-03.57.44:244][681]LogModuleManager: Shutting down and abandoning module OutputLog (446)
[2018.10.10-03.57.44:244][681]LogModuleManager: Shutting down and abandoning module GammaUI (444)
[2018.10.10-03.57.44:263][681]LogModuleManager: Shutting down and abandoning module Documentation (442)
[2018.10.10-03.57.44:263][681]LogModuleManager: Shutting down and abandoning module MovieSceneTracks (440)
[2018.10.10-03.57.44:263][681]LogModuleManager: Shutting down and abandoning module MovieScene (438)
[2018.10.10-03.57.44:263][681]LogModuleManager: Shutting down and abandoning module StreamingPauseRendering (436)
[2018.10.10-03.57.44:263][681]LogModuleManager: Shutting down and abandoning module LauncherPlatform (434)
[2018.10.10-03.57.44:263][681]LogModuleManager: Shutting down and abandoning module AnalyticsET (432)
[2018.10.10-03.57.44:263][681]LogModuleManager: Shutting down and abandoning module PortalServices (430)
[2018.10.10-03.57.44:263][681]LogModuleManager: Shutting down and abandoning module PortalRpc (428)
[2018.10.10-03.57.44:263][681]LogModuleManager: Shutting down and abandoning module MessagingRpc (426)
[2018.10.10-03.57.44:263][681]LogModuleManager: Shutting down and abandoning module AIModule (424)
[2018.10.10-03.57.44:263][681]LogModuleManager: Shutting down and abandoning module GameplayDebugger (423)
[2018.10.10-03.57.44:263][681]LogModuleManager: Shutting down and abandoning module AITestSuite (421)
[2018.10.10-03.57.44:263][681]LogModuleManager: Shutting down and abandoning module NavigationSystem (419)
[2018.10.10-03.57.44:263][681]LogModuleManager: Shutting down and abandoning module DesktopPlatform (416)
[2018.10.10-03.57.44:263][681]LogModuleManager: Shutting down and abandoning module ProfilerService (414)
[2018.10.10-03.57.44:288][681]LogModuleManager: Shutting down and abandoning module TaskGraph (412)
[2018.10.10-03.57.44:363][681]LogModuleManager: Shutting down and abandoning module DatasmithCADImporter (410)
[2018.10.10-03.57.44:363][681]LogModuleManager: Shutting down and abandoning module StaticMeshEditorExtension (408)
[2018.10.10-03.57.44:363][681]LogModuleManager: Shutting down and abandoning module StaticMeshEditor (407)
[2018.10.10-03.57.44:376][681]LogModuleManager: Shutting down and abandoning module AdvancedPreviewScene (406)
[2018.10.10-03.57.44:377][681]LogModuleManager: Shutting down and abandoning module DatasmithMDLImporter (402)
[2018.10.10-03.57.44:408][681]LogModuleManager: Shutting down and abandoning module DatasmithImporter (400)
[2018.10.10-03.57.44:417][681]LogModuleManager: Shutting down and abandoning module SteamVRController (398)
[2018.10.10-03.57.44:417][681]LogModuleManager: Shutting down and abandoning module ProceduralMeshComponentEditor (396)
[2018.10.10-03.57.44:417][681]LogModuleManager: Shutting down and abandoning module ProceduralMeshComponent (394)
[2018.10.10-03.57.44:417][681]LogModuleManager: Shutting down and abandoning module OculusInput (392)
[2018.10.10-03.57.44:417][681]LogModuleManager: Shutting down and abandoning module MobilePatchingUtils (390)
[2018.10.10-03.57.44:417][681]LogModuleManager: Shutting down and abandoning module EditableMesh (388)
[2018.10.10-03.57.44:438][681]LogModuleManager: Shutting down and abandoning module CustomMeshComponent (386)
[2018.10.10-03.57.44:439][681]LogModuleManager: Shutting down and abandoning module CableComponent (384)
[2018.10.10-03.57.44:439][681]LogModuleManager: Shutting down and abandoning module AudioCapture (382)
[2018.10.10-03.57.44:439][681]LogModuleManager: Shutting down and abandoning module ArchVisCharacter (380)
[2018.10.10-03.57.44:439][681]LogModuleManager: Shutting down and abandoning module AndroidPermission (378)
[2018.10.10-03.57.44:439][681]LogModuleManager: Shutting down and abandoning module NUTUnrealEngine4 (376)
[2018.10.10-03.57.44:439][681]LogModuleManager: Shutting down and abandoning module NetcodeUnitTest (374)
[2018.10.10-03.57.44:450][681]LogModuleManager: Shutting down and abandoning module MediaCompositingEditor (372)
[2018.10.10-03.57.44:450][681]LogModuleManager: Shutting down and abandoning module MediaCompositing (370)
[2018.10.10-03.57.44:450][681]LogModuleManager: Shutting down and abandoning module LinearTimecode (368)
[2018.10.10-03.57.44:450][681]LogModuleManager: Shutting down and abandoning module ImgMedia (366)
[2018.10.10-03.57.44:467][681]LogModuleManager: Shutting down and abandoning module HTML5Networking (364)
[2018.10.10-03.57.44:467][681]LogModuleManager: Shutting down and abandoning module GeometryCacheTracks (362)
[2018.10.10-03.57.44:467][681]LogModuleManager: Shutting down and abandoning module GeometryCacheSequencer (360)
[2018.10.10-03.57.44:467][681]LogModuleManager: Shutting down and abandoning module BackChannel (358)
[2018.10.10-03.57.44:489][681]LogModuleManager: Shutting down and abandoning module AppleVision (356)
[2018.10.10-03.57.44:490][681]LogModuleManager: Shutting down and abandoning module AppleImageUtils (354)
[2018.10.10-03.57.44:490][681]LogModuleManager: Shutting down and abandoning module AlembicImporter (352)
[2018.10.10-03.57.44:490][681]LogModuleManager: Shutting down and abandoning module AlembicLibrary (351)
[2018.10.10-03.57.44:490][681]LogModuleManager: Shutting down and abandoning module GeometryCache (350)
[2018.10.10-03.57.44:490][681]LogModuleManager: Shutting down and abandoning module GeometryCacheEd (349)
[2018.10.10-03.57.44:490][681]LogModuleManager: Shutting down and abandoning module DatasmithContentEditor (344)
[2018.10.10-03.57.44:490][681]LogModuleManager: Shutting down and abandoning module DatasmithContent (342)
[2018.10.10-03.57.44:490][681]LogModuleManager: Shutting down and abandoning module SpeedTreeImporter (340)
[2018.10.10-03.57.44:490][681]LogModuleManager: Shutting down and abandoning module PluginBrowser (338)
[2018.10.10-03.57.44:490][681]LogModuleManager: Shutting down and abandoning module MobileLauncherProfileWizard (336)
[2018.10.10-03.57.44:506][681]LogModuleManager: Shutting down and abandoning module PolygonModeling (334)
[2018.10.10-03.57.44:506][681]LogModuleManager: Shutting down and abandoning module MeshEditor (332)
[2018.10.10-03.57.44:522][681]LogModuleManager: Shutting down and abandoning module EditorScriptingUtilities (330)
[2018.10.10-03.57.44:529][681]LogModuleManager: Shutting down and abandoning module CryptoKeysOpenSSL (328)
[2018.10.10-03.57.44:529][681]LogModuleManager: Shutting down and abandoning module CryptoKeys (326)
[2018.10.10-03.57.44:529][681]LogModuleManager: Shutting down and abandoning module VisualStudioSourceCodeAccess (324)
[2018.10.10-03.57.44:529][681]LogModuleManager: Shutting down and abandoning module VisualStudioCodeSourceCodeAccess (322)
[2018.10.10-03.57.44:529][681]LogModuleManager: Shutting down and abandoning module UObjectPlugin (320)
[2018.10.10-03.57.44:529][681]LogModuleManager: Shutting down and abandoning module SubversionSourceControl (318)
[2018.10.10-03.57.44:553][681]LogModuleManager: Shutting down and abandoning module PerforceSourceControl (316)
[2018.10.10-03.57.44:569][681]LogModuleManager: Shutting down and abandoning module GitSourceControl (314)
[2018.10.10-03.57.44:586][681]LogModuleManager: Shutting down and abandoning module SourceControl (313)
[2018.10.10-03.57.44:599][681]LogModuleManager: Shutting down and abandoning module CLionSourceCodeAccess (310)
[2018.10.10-03.57.44:599][681]LogModuleManager: Shutting down and abandoning module LightPropagationVolumeEditor (308)
[2018.10.10-03.57.44:599][681]LogModuleManager: Shutting down and abandoning module PaperTiledImporter (306)
[2018.10.10-03.57.44:599][681]LogModuleManager: Shutting down and abandoning module PaperSpriteSheetImporter (304)
[2018.10.10-03.57.44:599][681]LogModuleManager: Shutting down and abandoning module Paper2DEditor (302)
[2018.10.10-03.57.44:620][681]LogModuleManager: Shutting down and abandoning module MeshPaint (301)
[2018.10.10-03.57.44:620][681]LogModuleManager: Shutting down and abandoning module RuntimePhysXCooking (298)
[2018.10.10-03.57.44:620][681]LogModuleManager: Shutting down and abandoning module PhysXVehiclesEditor (296)
[2018.10.10-03.57.44:620][681]LogModuleManager: Shutting down and abandoning module PhysXVehicles (294)
[2018.10.10-03.57.44:620][681]LogModuleManager: Shutting down and abandoning module OculusEditor (292)
[2018.10.10-03.57.44:620][681]LogModuleManager: Shutting down and abandoning module LocationServicesBPLibrary (290)
[2018.10.10-03.57.44:620][681]LogModuleManager: Shutting down and abandoning module ImmediatePhysicsEditor (288)
[2018.10.10-03.57.44:620][681]LogModuleManager: Shutting down and abandoning module ImmediatePhysics (286)
[2018.10.10-03.57.44:620][681]LogModuleManager: Shutting down and abandoning module ActorSequence (284)
[2018.10.10-03.57.44:620][681]LogModuleManager: Shutting down and abandoning module UdpMessaging (282)
[2018.10.10-03.57.44:722][681]LogModuleManager: Shutting down and abandoning module TcpMessaging (280)
[2018.10.10-03.57.44:858][681]LogModuleManager: Shutting down and abandoning module MagicLeapAudio (278)
[2018.10.10-03.57.44:858][681]LogModuleManager: Shutting down and abandoning module GameplayTagsEditor (276)
[2018.10.10-03.57.44:858][681]LogModuleManager: Shutting down and abandoning module FacialAnimationEditor (274)
[2018.10.10-03.57.44:858][681]LogModuleManager: Shutting down and abandoning module FacialAnimation (272)
[2018.10.10-03.57.44:858][681]LogModuleManager: Shutting down and abandoning module DataValidation (270)
[2018.10.10-03.57.44:858][681]LogModuleManager: Shutting down and abandoning module AssetManagerEditor (268)
[2018.10.10-03.57.44:914][681]LogModuleManager: Shutting down and abandoning module LevelEditor (267)
[2018.10.10-03.57.44:924][681]LogModuleManager: Shutting down and abandoning module PixelInspectorModule (266)
[2018.10.10-03.57.44:935][681]LogModuleManager: Shutting down and abandoning module CommonMenuExtensions (264)
[2018.10.10-03.57.44:935][681]LogModuleManager: Shutting down and abandoning module MainFrame (262)
[2018.10.10-03.57.44:935][681]LogModuleManager: Shutting down and abandoning module HotReload (261)
[2018.10.10-03.57.44:958][681]LogModuleManager: Shutting down and abandoning module ContentBrowser (257)
[2018.10.10-03.57.44:959][681]LogModuleManager: Shutting down and abandoning module TreeMap (255)
[2018.10.10-03.57.44:963][681]LogModuleManager: Shutting down and abandoning module LightPropagationVolumeRuntime (252)
[2018.10.10-03.57.44:963][681]LogModuleManager: Shutting down and abandoning module AISupportModule (250)
[2018.10.10-03.57.44:963][681]LogModuleManager: Shutting down and abandoning module Paper2D (248)
[2018.10.10-03.57.44:963][681]LogModuleManager: Shutting down and abandoning module WindowsMoviePlayer (246)
[2018.10.10-03.57.44:963][681]LogModuleManager: Shutting down and abandoning module WmfMedia (244)
[2018.10.10-03.57.44:969][681]LogModuleManager: Shutting down and abandoning module Media (243)
[2018.10.10-03.57.44:975][681]LogModuleManager: Shutting down and abandoning module PacketHandler (240)
[2018.10.10-03.57.44:975][681]LogModuleManager: Shutting down and abandoning module ClothingSystemEditor (238)
[2018.10.10-03.57.44:975][681]LogModuleManager: Shutting down and abandoning module ClothingSystemRuntime (236)
[2018.10.10-03.57.44:988][681]LogModuleManager: Shutting down and abandoning module MediaAssets (234)
[2018.10.10-03.57.44:988][681]LogModuleManager: Shutting down and abandoning module Overlay (232)
[2018.10.10-03.57.44:988][681]LogModuleManager: Shutting down and abandoning module OverlayEditor (231)
[2018.10.10-03.57.44:988][681]LogModuleManager: Shutting down and abandoning module VREditor (228)
[2018.10.10-03.57.44:998][681]LogModuleManager: Shutting down and abandoning module StringTableEditor (226)
[2018.10.10-03.57.45:004][681]LogModuleManager: Shutting down and abandoning module GameplayTasksEditor (224)
[2018.10.10-03.57.45:004][681]LogModuleManager: Shutting down and abandoning module BehaviorTreeEditor (222)
[2018.10.10-03.57.45:029][681]LogModuleManager: Shutting down and abandoning module FunctionalTesting (220)
[2018.10.10-03.57.45:029][681]LogModuleManager: Shutting down and abandoning module CollisionAnalyzer (218)
[2018.10.10-03.57.45:041][681]LogModuleManager: Shutting down and abandoning module WorkspaceMenuStructure (217)
[2018.10.10-03.57.45:042][681]LogModuleManager: Shutting down and abandoning module UMG (214)
[2018.10.10-03.57.45:042][681]LogModuleManager: Shutting down and abandoning module UMGEditor (213)
[2018.10.10-03.57.45:042][681]LogModuleManager: Shutting down and abandoning module Sequencer (212)
[2018.10.10-03.57.45:078][681]LogModuleManager: Shutting down and abandoning module MessageLog (209)
[2018.10.10-03.57.45:078][681]LogModuleManager: Shutting down and abandoning module SlateReflector (204)
[2018.10.10-03.57.45:094][681]LogModuleManager: Shutting down and abandoning module Slate (202)
[2018.10.10-03.57.45:094][681]LogModuleManager: Shutting down and abandoning module EditorStyle (200)
[2018.10.10-03.57.45:097][681]LogModuleManager: Shutting down and abandoning module MRMesh (198)
[2018.10.10-03.57.45:097][681]LogModuleManager: Shutting down and abandoning module SourceCodeAccess (196)
[2018.10.10-03.57.45:097][681]LogModuleManager: Shutting down and abandoning module HeadMountedDisplay (194)
[2018.10.10-03.57.45:097][681]LogModuleManager: Shutting down and abandoning module XAudio2 (192)
[2018.10.10-03.57.45:097][681]LogModuleManager: Shutting down and abandoning module Networking (190)
[2018.10.10-03.57.45:097][681]LogModuleManager: Shutting down and abandoning module Core (188)
[2018.10.10-03.57.45:097][681]LogModuleManager: Shutting down and abandoning module LevelSequence (186)
[2018.10.10-03.57.45:097][681]LogModuleManager: Shutting down and abandoning module KismetCompiler (184)
[2018.10.10-03.57.45:097][681]LogModuleManager: Shutting down and abandoning module MeshUtilities (182)
[2018.10.10-03.57.45:105][681]LogModuleManager: Shutting down and abandoning module MeshMergeUtilities (181)
[2018.10.10-03.57.45:113][681]LogModuleManager: Shutting down and abandoning module MeshReductionInterface (180)
[2018.10.10-03.57.45:113][681]LogModuleManager: Shutting down and abandoning module SimplygonSwarm (179)
[2018.10.10-03.57.45:119][681]LogModuleManager: Shutting down and abandoning module ProxyLODMeshReduction (177)
[2018.10.10-03.57.45:141][681]LogModuleManager: Shutting down and abandoning module SimplygonMeshReduction (175)
[2018.10.10-03.57.45:141][681]LogModuleManager: Shutting down and abandoning module QuadricMeshReduction (173)
[2018.10.10-03.57.45:167][681]LogModuleManager: Shutting down and abandoning module MaterialBaking (169)
[2018.10.10-03.57.45:178][681]LogModuleManager: Shutting down and abandoning module DirectoryWatcher (165)
[2018.10.10-03.57.45:178][681]LogModuleManager: Shutting down and abandoning module DerivedDataCache (162)
[2018.10.10-03.57.45:278][681]LogDerivedDataCache: Shutdown
[2018.10.10-03.57.45:278][681]LogModuleManager: Shutting down and abandoning module XGEController (160)
[2018.10.10-03.57.45:278][681]LogXGEController: Cleaning working directory: C:/Users/Rayray/AppData/Local/Temp/UnrealXGEWorkingDir/
[2018.10.10-03.57.45:278][681]LogModuleManager: Shutting down and abandoning module TargetPlatform (158)
[2018.10.10-03.57.45:278][681]LogModuleManager: Shutting down and abandoning module VulkanShaderFormat (157)
[2018.10.10-03.57.45:323][681]LogModuleManager: Shutting down and abandoning module ShaderFormatVectorVM (155)
[2018.10.10-03.57.45:323][681]LogModuleManager: Shutting down and abandoning module ShaderFormatOpenGL (153)
[2018.10.10-03.57.45:332][681]LogModuleManager: Shutting down and abandoning module ShaderFormatD3D (151)
[2018.10.10-03.57.45:332][681]LogModuleManager: Shutting down and abandoning module MetalShaderFormat (149)
[2018.10.10-03.57.45:343][681]LogModuleManager: Shutting down and abandoning module TextureFormatUncompressed (147)
[2018.10.10-03.57.45:343][681]LogModuleManager: Shutting down and abandoning module TextureFormatPVR (145)
[2018.10.10-03.57.45:343][681]LogModuleManager: Shutting down and abandoning module TextureFormatDXT (143)
[2018.10.10-03.57.45:343][681]LogModuleManager: Shutting down and abandoning module TextureFormatIntelISPCTexComp (141)
[2018.10.10-03.57.45:343][681]LogModuleManager: Shutting down and abandoning module TextureFormatASTC (139)
[2018.10.10-03.57.45:343][681]LogModuleManager: Shutting down and abandoning module ImageWrapper (138)
[2018.10.10-03.57.45:343][681]LogModuleManager: Shutting down and abandoning module TextureFormatAndroid (135)
[2018.10.10-03.57.45:343][681]LogModuleManager: Shutting down and abandoning module AudioFormatOpus (133)
[2018.10.10-03.57.45:343][681]LogModuleManager: Shutting down and abandoning module AudioFormatOgg (131)
[2018.10.10-03.57.45:343][681]LogModuleManager: Shutting down and abandoning module AudioFormatADPCM (129)
[2018.10.10-03.57.45:343][681]LogModuleManager: Shutting down and abandoning module LuminTargetPlatform (127)
[2018.10.10-03.57.45:343][681]LogModuleManager: Shutting down and abandoning module LinuxTargetPlatform (125)
[2018.10.10-03.57.45:343][681]LogModuleManager: Shutting down and abandoning module LinuxServerTargetPlatform (123)
[2018.10.10-03.57.45:343][681]LogModuleManager: Shutting down and abandoning module LinuxNoEditorTargetPlatform (121)
[2018.10.10-03.57.45:343][681]LogModuleManager: Shutting down and abandoning module LinuxClientTargetPlatform (119)
[2018.10.10-03.57.45:343][681]LogModuleManager: Shutting down and abandoning module TVOSTargetPlatform (117)
[2018.10.10-03.57.45:344][681]LogModuleManager: Shutting down and abandoning module Messaging (115)
[2018.10.10-03.57.45:344][681]LogModuleManager: Shutting down and abandoning module IOSTargetPlatform (113)
[2018.10.10-03.57.45:345][681]LogModuleManager: Shutting down and abandoning module HTML5TargetPlatform (111)
[2018.10.10-03.57.45:345][681]LogModuleManager: Shutting down and abandoning module AndroidTargetPlatform (109)
[2018.10.10-03.57.45:353][681]LogModuleManager: Shutting down and abandoning module WindowsTargetPlatform (107)
[2018.10.10-03.57.45:353][681]LogModuleManager: Shutting down and abandoning module WindowsServerTargetPlatform (105)
[2018.10.10-03.57.45:353][681]LogModuleManager: Shutting down and abandoning module WindowsNoEditorTargetPlatform (103)
[2018.10.10-03.57.45:353][681]LogModuleManager: Shutting down and abandoning module WindowsClientTargetPlatform (101)
[2018.10.10-03.57.45:353][681]LogModuleManager: Shutting down and abandoning module MacTargetPlatform (99)
[2018.10.10-03.57.45:353][681]LogModuleManager: Shutting down and abandoning module MacServerTargetPlatform (97)
[2018.10.10-03.57.45:353][681]LogModuleManager: Shutting down and abandoning module MacNoEditorTargetPlatform (95)
[2018.10.10-03.57.45:353][681]LogModuleManager: Shutting down and abandoning module MacClientTargetPlatform (93)
[2018.10.10-03.57.45:353][681]LogModuleManager: Shutting down and abandoning module AllDesktopTargetPlatform (91)
[2018.10.10-03.57.45:353][681]LogModuleManager: Shutting down and abandoning module InputCore (88)
[2018.10.10-03.57.45:353][681]LogModuleManager: Shutting down and abandoning module Settings (86)
[2018.10.10-03.57.45:353][681]LogModuleManager: Shutting down and abandoning module PhysXCooking (84)
[2018.10.10-03.57.45:353][681]LogModuleManager: Shutting down and abandoning module SteamVR (82)
[2018.10.10-03.57.45:353][681]LogModuleManager: Shutting down and abandoning module OculusHMD (80)
[2018.10.10-03.57.45:353][681]LogModuleManager: Shutting down and abandoning module ExampleDeviceProfileSelector (78)
[2018.10.10-03.57.45:353][681]LogModuleManager: Shutting down and abandoning module LauncherChunkInstaller (76)
[2018.10.10-03.57.45:353][681]LogModuleManager: Shutting down and abandoning module OnlineBlueprintSupport (74)
[2018.10.10-03.57.45:353][681]LogModuleManager: Shutting down and abandoning module OnlineSubsystem (70)
[2018.10.10-03.57.45:374][681]LogModuleManager: Shutting down and abandoning module XMPP (65)
[2018.10.10-03.57.45:389][681]LogModuleManager: Shutting down and abandoning module WebSockets (64)
[2018.10.10-03.57.45:424][681]LogModuleManager: Shutting down and abandoning module HTTP (61)
[2018.10.10-03.57.45:429][681]LogHttp: Display: Http module shutting down, but needs to wait on 1 outstanding Http requests:
[2018.10.10-03.57.45:429][681]LogHttp: Display: 	verb=[POST] url=[https://datarouter.ol.epicgames.com/datarouter/api/v1/public/data?SessionID=%7B12CCCB9C-4A82-A23A-C9CF-1EA6F88DE9FC%7D&AppID=UEEditor.Rocket.Release&AppVersion=4.20.3-4369336%2B%2B%2BUE4%2BRelease-4.20&UserID=1716449542d6b509f39843a71e4bae07%7C1baec983b97f4796bacc8ff667cbe195%7Cbb5ab3e9-97b2-4d17-97ec-caaca043106f&AppEnvironment=datacollector-binary&UploadType=eteventstream] status=Processing
[2018.10.10-03.57.45:458][681]LogModuleManager: Shutting down and abandoning module SSL (60)
[2018.10.10-03.57.45:459][681]LogModuleManager: Shutting down and abandoning module MagicLeapEmulator (56)
[2018.10.10-03.57.45:459][681]LogModuleManager: Shutting down and abandoning module MagicLeapPrivileges (54)
[2018.10.10-03.57.45:459][681]LogModuleManager: Shutting down and abandoning module MagicLeapIdentity (52)
[2018.10.10-03.57.45:460][681]LogModuleManager: Shutting down and abandoning module MagicLeapHelperVulkan (50)
[2018.10.10-03.57.45:460][681]LogModuleManager: Shutting down and abandoning module MagicLeapHelperOpenGL (48)
[2018.10.10-03.57.45:460][681]LogModuleManager: Shutting down and abandoning module MagicLeapSecureStorage (46)
[2018.10.10-03.57.45:460][681]LogModuleManager: Shutting down and abandoning module MagicLeapGestures (44)
[2018.10.10-03.57.45:460][681]LogModuleManager: Shutting down and abandoning module MagicLeapEyeTracker (42)
[2018.10.10-03.57.45:460][681]LogModuleManager: Shutting down and abandoning module MagicLeapController (40)
[2018.10.10-03.57.45:460][681]LogSlate: Slate User Destroyed.  User Index 0, Is Virtual User: 0
[2018.10.10-03.57.45:460][681]LogModuleManager: Shutting down and abandoning module MagicLeap (38)
[2018.10.10-03.57.45:460][681]LogModuleManager: Shutting down and abandoning module AnimationModifiers (36)
[2018.10.10-03.57.45:527][681]LogModuleManager: Shutting down and abandoning module PropertyEditor (35)
[2018.10.10-03.57.45:527][681]LogModuleManager: Shutting down and abandoning module AudioEditor (32)
[2018.10.10-03.57.45:550][681]LogModuleManager: Shutting down and abandoning module TextureCompressor (30)
[2018.10.10-03.57.45:550][681]LogModuleManager: Shutting down and abandoning module ShaderCore (28)
[2018.10.10-03.57.45:550][681]LogModuleManager: Shutting down and abandoning module Landscape (26)
[2018.10.10-03.57.45:550][681]LogModuleManager: Shutting down and abandoning module SlateRHIRenderer (24)
[2018.10.10-03.57.45:568][681]LogModuleManager: Shutting down and abandoning module OpenGLDrv (22)
[2018.10.10-03.57.45:577][681]LogModuleManager: Shutting down and abandoning module D3D11RHI (20)
[2018.10.10-03.57.45:577][681]LogModuleManager: Shutting down and abandoning module AnimGraphRuntime (18)
[2018.10.10-03.57.45:586][681]LogModuleManager: Shutting down and abandoning module Renderer (16)
[2018.10.10-03.57.45:586][681]LogModuleManager: Shutting down and abandoning module Engine (14)
[2018.10.10-03.57.45:586][681]LogModuleManager: Shutting down and abandoning module CoreUObject (12)
[2018.10.10-03.57.45:586][681]LogModuleManager: Shutting down and abandoning module NetworkFile (10)
[2018.10.10-03.57.45:586][681]LogModuleManager: Shutting down and abandoning module CookedIterativeFile (8)
[2018.10.10-03.57.45:586][681]LogModuleManager: Shutting down and abandoning module StreamingFile (6)
[2018.10.10-03.57.45:586][681]LogModuleManager: Shutting down and abandoning module SandboxFile (4)
[2018.10.10-03.57.45:587][681]LogModuleManager: Shutting down and abandoning module PakFile (2)
[2018.10.10-03.57.45:596][681]LogExit: Exiting.
[2018.10.10-03.57.45:625][681]Log file closed, 10/09/18 22:57:45
