Log file open, 10/27/18 21:14:03
LogWindows: Failed to load 'aqProf.dll' (GetLastError=126)
LogWindows: File 'aqProf.dll' does not exist
LogWindows: Failed to load 'VtuneApi.dll' (GetLastError=126)
LogWindows: File 'VtuneApi.dll' does not exist
LogWindows: Failed to load 'VtuneApi32e.dll' (GetLastError=126)
LogWindows: File 'VtuneApi32e.dll' does not exist
LogInit: Display: Running engine for game: ControliePractice
LogPlatformFile: Not using cached read wrapper
LogTaskGraph: Started task graph with 5 named threads and 23 total threads with 3 sets of task threads.
LogStats: Stats thread started at 0.313107
LogD3D11RHI: Loaded GFSDK_Aftermath_Lib.x64.dll
LogICUInternationalization: Display: ICU TimeZone Detection - Raw Offset: -6:00, Platform Override: ''
LogPluginManager: Mounting plugin Paper2D
LogPluginManager: Mounting plugin AISupport
LogPluginManager: Mounting plugin LightPropagationVolume
LogPluginManager: Mounting plugin CLionSourceCodeAccess
LogPluginManager: Mounting plugin CodeLiteSourceCodeAccess
LogPluginManager: Mounting plugin GitSourceControl
LogPluginManager: Mounting plugin KDevelopSourceCodeAccess
LogPluginManager: Mounting plugin NullSourceCodeAccess
LogPluginManager: Mounting plugin PerforceSourceControl
LogPluginManager: Mounting plugin SubversionSourceControl
LogPluginManager: Mounting plugin UObjectPlugin
LogPluginManager: Mounting plugin VisualStudioCodeSourceCodeAccess
LogPluginManager: Mounting plugin VisualStudioSourceCodeAccess
LogPluginManager: Mounting plugin XCodeSourceCodeAccess
LogPluginManager: Mounting plugin AssetManagerEditor
LogPluginManager: Mounting plugin CryptoKeys
LogPluginManager: Mounting plugin DataValidation
LogPluginManager: Mounting plugin EditorScriptingUtilities
LogPluginManager: Mounting plugin FacialAnimation
LogPluginManager: Mounting plugin GameplayTagsEditor
LogPluginManager: Mounting plugin MacGraphicsSwitching
LogPluginManager: Mounting plugin MeshEditor
LogPluginManager: Mounting plugin MobileLauncherProfileWizard
LogPluginManager: Mounting plugin PluginBrowser
LogPluginManager: Mounting plugin SpeedTreeImporter
LogPluginManager: Mounting plugin DatasmithContent
LogPluginManager: Mounting plugin AlembicImporter
LogPluginManager: Mounting plugin AppleImageUtils
LogPluginManager: Mounting plugin AppleVision
LogPluginManager: Mounting plugin BackChannel
LogPluginManager: Mounting plugin CharacterAI
LogPluginManager: Mounting plugin GeometryCache
LogPluginManager: Mounting plugin HTML5Networking
LogPluginManager: Mounting plugin ProxyLODPlugin
LogPluginManager: Mounting plugin MagicLeap
LogPluginManager: Mounting plugin MagicLeapEmulator
LogPluginManager: Mounting plugin MagicLeapMedia
LogPluginManager: Mounting plugin AndroidMedia
LogPluginManager: Mounting plugin AvfMedia
LogPluginManager: Mounting plugin ImgMedia
LogPluginManager: Mounting plugin LinearTimecode
LogPluginManager: Mounting plugin MediaCompositing
LogPluginManager: Mounting plugin MediaPlayerEditor
LogPluginManager: Mounting plugin WmfMedia
LogPluginManager: Mounting plugin TcpMessaging
LogPluginManager: Mounting plugin UdpMessaging
LogPluginManager: Mounting plugin ActorSequence
LogPluginManager: Mounting plugin LevelSequenceEditor
LogPluginManager: Mounting plugin MatineeToLevelSequence
LogPluginManager: Mounting plugin NetcodeUnitTest
LogPluginManager: Mounting plugin NUTUnrealEngine4
LogPluginManager: Mounting plugin OnlineSubsystemGooglePlay
LogPluginManager: Mounting plugin OnlineSubsystemIOS
LogPluginManager: Mounting plugin OnlineSubsystem
LogPluginManager: Mounting plugin OnlineSubsystemNull
LogPluginManager: Mounting plugin OnlineSubsystemUtils
LogPluginManager: Mounting plugin LauncherChunkInstaller
LogPluginManager: Mounting plugin AndroidDeviceProfileSelector
LogPluginManager: Mounting plugin AndroidMoviePlayer
LogPluginManager: Mounting plugin AndroidPermission
LogPluginManager: Mounting plugin AppleMoviePlayer
LogPluginManager: Mounting plugin ArchVisCharacter
LogPluginManager: Mounting plugin AudioCapture
LogPluginManager: Mounting plugin CableComponent
LogPluginManager: Mounting plugin CustomMeshComponent
LogPluginManager: Mounting plugin EditableMesh
LogPluginManager: Mounting plugin ExampleDeviceProfileSelector
LogPluginManager: Mounting plugin GoogleCloudMessaging
LogPluginManager: Mounting plugin ImmediatePhysics
LogPluginManager: Mounting plugin IOSDeviceProfileSelector
LogPluginManager: Mounting plugin LinuxDeviceProfileSelector
LogPluginManager: Mounting plugin LocationServicesBPLibrary
LogPluginManager: Mounting plugin MobilePatchingUtils
LogPluginManager: Mounting plugin OculusVR
LogPluginManager: Plugin shader directory ../../../Engine/Plugins/Runtime/Oculus/OculusVR/Shaders found
LogPluginManager: Mapping shader source directory ../../../Engine/Plugins/Runtime/Oculus/OculusVR/Shaders to virtual directory /Plugin/OculusVR
LogPluginManager: Mounting plugin PhysXVehicles
LogPluginManager: Mounting plugin ProceduralMeshComponent
LogPluginManager: Mounting plugin RuntimePhysXCooking
LogPluginManager: Mounting plugin SteamVR
LogPluginManager: Mounting plugin WindowsMoviePlayer
LogPluginManager: Mounting plugin DatasmithCADImporter
LogPluginManager: Mounting plugin DatasmithFBXImporter
LogPluginManager: Mounting plugin DatasmithImporter
LogPluginManager: Mounting plugin DatasmithMDLImporter
LogPluginManager: Mounting plugin StaticMeshEditorExtension
LogStreaming: Display: Took  0.427s to configure plugins.
LogInit: Using libcurl 7.55.1-DEV
LogInit:  - built for x86_64-pc-win32
LogInit:  - supports SSL with OpenSSL/1.0.2h
LogInit:  - supports HTTP deflate (compression) using libz 1.2.8
LogInit:  - other features:
LogInit:      CURL_VERSION_SSL
LogInit:      CURL_VERSION_LIBZ
LogInit:      CURL_VERSION_IPV6
LogInit:      CURL_VERSION_ASYNCHDNS
LogInit:      CURL_VERSION_LARGEFILE
LogInit:      CURL_VERSION_IDN
LogInit:  CurlRequestOptions (configurable via config and command line):
LogInit:  - bVerifyPeer = false  - Libcurl will NOT verify peer certificate
LogInit:  - bUseHttpProxy = false  - Libcurl will NOT use HTTP proxy
LogInit:  - bDontReuseConnections = false  - Libcurl will reuse connections
LogInit:  - CertBundlePath = nullptr  - Libcurl will use whatever was configured at build time.
LogInit:  - MaxHostConnections = 16  - Libcurl will limit the number of connections to a host
LogInit:  - LocalHostAddr = Default
LogInit:  - BufferSize = 65536
LogInit: WinSock: version 1.1 (2.2), MaxSocks=32767, MaxUdp=65467
LogHMD: Failed initializing OVRPlugin 1.25.0
LogInit: Build: ++UE4+Release-4.20-CL-4369336
LogInit: Engine Version: 4.20.3-4369336+++UE4+Release-4.20
LogInit: Compatible Engine Version: 4.20.0-4212847+++UE4+Release-4.20
LogInit: Net CL: 4212847
LogInit: OS: Windows 10 (), CPU: AMD FX(tm)-8350 Eight-Core Processor           , GPU: AMD Radeon R9 200 Series
LogInit: Compiled (64-bit): Sep 17 2018 12:26:19
LogInit: Compiled with Visual C++: 19.13.26129.00
LogInit: Build Configuration: Development
LogInit: Branch Name: ++UE4+Release-4.20
LogInit: Command Line:  
LogInit: Base Directory: E:/Unreal_Engine/UE_4.20/Engine/Binaries/Win64/
LogInit: Installed Engine Build: 1
LogDevObjectVersion: Number of dev versions registered: 20
LogDevObjectVersion:   Dev-Blueprints (B0D832E4-1F89-4F0D-ACCF-7EB736FD4AA2): 10
LogDevObjectVersion:   Dev-Build (E1C64328-A22C-4D53-A36C-8E866417BD8C): 0
LogDevObjectVersion:   Dev-Core (375EC13C-06E4-48FB-B500-84F0262A717E): 2
LogDevObjectVersion:   Dev-Editor (E4B068ED-F494-42E9-A231-DA0B2E46BB41): 24
LogDevObjectVersion:   Dev-Framework (CFFC743F-43B0-4480-9391-14DF171D2073): 34
LogDevObjectVersion:   Dev-Mobile (B02B49B5-BB20-44E9-A304-32B752E40360): 2
LogDevObjectVersion:   Dev-Networking (A4E4105C-59A1-49B5-A7C5-40C4547EDFEE): 0
LogDevObjectVersion:   Dev-Online (39C831C9-5AE6-47DC-9A44-9C173E1C8E7C): 0
LogDevObjectVersion:   Dev-Physics (78F01B33-EBEA-4F98-B9B4-84EACCB95AA2): 0
LogDevObjectVersion:   Dev-Platform (6631380F-2D4D-43E0-8009-CF276956A95A): 0
LogDevObjectVersion:   Dev-Rendering (12F88B9F-8875-4AFC-A67C-D90C383ABD29): 26
LogDevObjectVersion:   Dev-Sequencer (7B5AE74C-D270-4C10-A958-57980B212A5A): 9
LogDevObjectVersion:   Dev-VR (D7296918-1DD6-4BDD-9DE2-64A83CC13884): 2
LogDevObjectVersion:   Dev-LoadTimes (C2A15278-BFE7-4AFE-6C17-90FF531DF755): 1
LogDevObjectVersion:   Private-Geometry (6EACA3D4-40EC-4CC1-B786-8BED09428FC5): 3
LogDevObjectVersion:   Dev-AnimPhys (29E575DD-E0A3-4627-9D10-D276232CDCEA): 17
LogDevObjectVersion:   Dev-ReflectionCapture (6B266CEC-1EC7-4B8F-A30B-E4D90942FC07): 1
LogDevObjectVersion:   Dev-Automation (0DF73D61-A23F-47EA-B727-89E90C41499A): 1
LogDevObjectVersion:   FortniteMain (601D1886-AC64-4F84-AA16-D3DE0DEAC7D6): 12
LogDevObjectVersion:   Dev-Enterprise (9DFFBCD6-494F-0158-E221-12823C92A888): 1
LogStreaming: Display: Took  0.001s to delete old logs.
LogInit: Presizing for max 8388607 objects, including 0 objects not considered by GC, pre-allocating 0 bytes for permanent pool.
LogInit: Object subsystem initialized
[2018.10.28-02.14.04:254][  0]LogInit: Selected Device Profile: [Windows]
[2018.10.28-02.14.04:254][  0]LogInit: Applying CVar settings loaded from the selected device profile: [Windows]
[2018.10.28-02.14.04:294][  0]LogHAL: Display: Platform has ~ 16 GB [17075896320 / 17179869184 / 16], which maps to Larger [LargestMinGB=32, LargerMinGB=12, DefaultMinGB=8, SmallerMinGB=6, SmallestMinGB=0)
[2018.10.28-02.14.04:294][  0]LogInit: Setting Device Profile CVar: [[r.Vulkan.UseRealUBs:1]]
[2018.10.28-02.14.04:294][  0]LogInit: Going up to parent DeviceProfile []
[2018.10.28-02.14.04:295][  0]LogInit: Computer: BLACKWIDOW-PC
[2018.10.28-02.14.04:295][  0]LogInit: User: Rayray
[2018.10.28-02.14.04:295][  0]LogInit: CPU Page size=4096, Cores=4
[2018.10.28-02.14.04:295][  0]LogInit: High frequency timer resolution =3.919293 MHz
[2018.10.28-02.14.04:295][  0]LogMemory: Memory total: Physical=15.9GB (16GB approx)
[2018.10.28-02.14.04:295][  0]LogMemory: Platform Memory Stats for Windows
[2018.10.28-02.14.04:295][  0]LogMemory: Process Physical Memory: 104.71 MB used, 104.71 MB peak
[2018.10.28-02.14.04:295][  0]LogMemory: Process Virtual Memory: 90.22 MB used, 90.22 MB peak
[2018.10.28-02.14.04:295][  0]LogMemory: Physical Memory: 8268.49 MB used,  8016.36 MB free, 16284.84 MB total
[2018.10.28-02.14.04:295][  0]LogMemory: Virtual Memory: 4651.32 MB used,  8016.36 MB free, 134217728.00 MB total
[2018.10.28-02.14.04:318][  0]LogInit: Using OS detected language (en-US).
[2018.10.28-02.14.04:318][  0]LogInit: Using OS detected locale (en-US).
[2018.10.28-02.14.04:320][  0]LogTextLocalizationManager: No specific localization for 'en-US' exists, so the 'en' localization will be used.
[2018.10.28-02.14.04:772][  0]LogStreaming: Display: Took  0.454s to InitEngineTextLocalization.
[2018.10.28-02.14.04:772][  0]LogInit: Setting process to per monitor DPI aware
[2018.10.28-02.14.04:820][  0]LogSlate: New Slate User Created.  User Index 0, Is Virtual User: 0
[2018.10.28-02.14.04:820][  0]LogSlate: Slate User Registered.  User Index 0, Is Virtual User: 0
[2018.10.28-02.14.12:193][  0]LogHMD: Failed to initialize OpenVR with code 108
[2018.10.28-02.14.12:193][  0]LogD3D11RHI: D3D11 adapters:
[2018.10.28-02.14.12:217][  0]LogD3D11RHI:    0. 'AMD Radeon R9 200 Series' (Feature Level 11_0)
[2018.10.28-02.14.12:217][  0]LogD3D11RHI:       4072/0/8142 MB DedicatedVideo/DedicatedSystem/SharedSystem, Outputs:2, VendorId:0x1002
[2018.10.28-02.14.12:220][  0]LogD3D11RHI:    1. 'Microsoft Basic Render Driver' (Feature Level 11_0)
[2018.10.28-02.14.12:220][  0]LogD3D11RHI:       0/0/8142 MB DedicatedVideo/DedicatedSystem/SharedSystem, Outputs:0, VendorId:0x1414
[2018.10.28-02.14.12:220][  0]LogD3D11RHI: Chosen D3D11 Adapter: 0
[2018.10.28-02.14.12:233][  0]LogD3D11RHI: Creating new Direct3DDevice
[2018.10.28-02.14.12:233][  0]LogD3D11RHI:     GPU DeviceId: 0x67b0 (for the marketing name, search the web for "GPU Device Id")
[2018.10.28-02.14.12:233][  0]LogWindows: EnumDisplayDevices:
[2018.10.28-02.14.12:234][  0]LogWindows:    0. 'AMD Radeon R9 200 Series' (P:1 D:1)
[2018.10.28-02.14.12:234][  0]LogWindows:    1. 'AMD Radeon R9 200 Series' (P:0 D:1)
[2018.10.28-02.14.12:235][  0]LogWindows:    2. 'AMD Radeon R9 200 Series' (P:0 D:0)
[2018.10.28-02.14.12:235][  0]LogWindows:    3. 'AMD Radeon R9 200 Series' (P:0 D:0)
[2018.10.28-02.14.12:236][  0]LogWindows:    4. 'AMD Radeon R9 200 Series' (P:0 D:0)
[2018.10.28-02.14.12:236][  0]LogWindows:    5. 'AMD Radeon R9 200 Series' (P:0 D:0)
[2018.10.28-02.14.12:236][  0]LogWindows: DebugString: FoundDriverCount:6 
[2018.10.28-02.14.12:236][  0]LogD3D11RHI:     Adapter Name: AMD Radeon R9 200 Series
[2018.10.28-02.14.12:236][  0]LogD3D11RHI:   Driver Version: Crimson ReLive 17.7 (internal:22.19.677.257, unified:22.19.677.257)
[2018.10.28-02.14.12:236][  0]LogD3D11RHI:      Driver Date: 9-22-2017
[2018.10.28-02.14.12:236][  0]LogRHI: Texture pool is 2850 MB (70% of 4072 MB)
[2018.10.28-02.14.12:273][  0]LogD3D11RHI: Async texture creation enabled
[2018.10.28-02.14.12:286][  0]LogD3D11RHI: GPU Timing Frequency: 27.000000 (Debug: 2 1)
[2018.10.28-02.14.12:288][  0]LogShaderCompilers: Guid format shader working directory is -12 characters bigger than the processId version (../../../../../controliegit/controliegame/ControliePractice/Intermediate/Shaders/WorkingDirectory/8492/).
[2018.10.28-02.14.12:289][  0]LogShaderCompilers: Cleaned the shader compiler working directory 'C:/Users/Rayray/AppData/Local/Temp/UnrealShaderWorkingDir/8C993B2C4920E55D8EBFF68B0221E89E/'.
[2018.10.28-02.14.12:635][  0]LogTemp: Display: Loaded TP AllDesktopTargetPlatform
[2018.10.28-02.14.12:656][  0]LogTemp: Display: Loaded TP MacClientTargetPlatform
[2018.10.28-02.14.12:678][  0]LogTemp: Display: Loaded TP MacNoEditorTargetPlatform
[2018.10.28-02.14.12:699][  0]LogTemp: Display: Loaded TP MacServerTargetPlatform
[2018.10.28-02.14.12:720][  0]LogTemp: Display: Loaded TP MacTargetPlatform
[2018.10.28-02.14.12:741][  0]LogTemp: Display: Loaded TP WindowsClientTargetPlatform
[2018.10.28-02.14.12:761][  0]LogTemp: Display: Loaded TP WindowsNoEditorTargetPlatform
[2018.10.28-02.14.12:782][  0]LogTemp: Display: Loaded TP WindowsServerTargetPlatform
[2018.10.28-02.14.12:790][  0]LogTemp: Display: Loaded TP WindowsTargetPlatform
[2018.10.28-02.14.12:920][  0]LogTemp: Display: Loaded TP AndroidTargetPlatform
[2018.10.28-02.14.12:920][  0]LogTemp: Display: Loaded TP AndroidTargetPlatform
[2018.10.28-02.14.12:920][  0]LogTemp: Display: Loaded TP AndroidTargetPlatform
[2018.10.28-02.14.12:920][  0]LogTemp: Display: Loaded TP AndroidTargetPlatform
[2018.10.28-02.14.12:920][  0]LogTemp: Display: Loaded TP AndroidTargetPlatform
[2018.10.28-02.14.12:920][  0]LogTemp: Display: Loaded TP AndroidTargetPlatform
[2018.10.28-02.14.12:920][  0]LogTemp: Display: Loaded TP AndroidTargetPlatform
[2018.10.28-02.14.12:920][  0]LogTemp: Display: Loaded TP AndroidTargetPlatform
[2018.10.28-02.14.12:920][  0]LogTemp: Display: Loaded TP AndroidTargetPlatform
[2018.10.28-02.14.12:920][  0]LogTemp: Display: Loaded TP AndroidTargetPlatform
[2018.10.28-02.14.12:920][  0]LogTemp: Display: Loaded TP AndroidTargetPlatform
[2018.10.28-02.14.12:920][  0]LogTemp: Display: Loaded TP AndroidTargetPlatform
[2018.10.28-02.14.12:920][  0]LogTemp: Display: Loaded TP AndroidTargetPlatform
[2018.10.28-02.14.12:920][  0]LogTemp: Display: Loaded TP AndroidTargetPlatform
[2018.10.28-02.14.12:920][  0]LogTemp: Display: Loaded TP AndroidTargetPlatform
[2018.10.28-02.14.12:920][  0]LogTemp: Display: Loaded TP AndroidTargetPlatform
[2018.10.28-02.14.12:920][  0]LogTemp: Display: Loaded TP AndroidTargetPlatform
[2018.10.28-02.14.12:920][  0]LogTemp: Display: Loaded TP AndroidTargetPlatform
[2018.10.28-02.14.12:922][  0]LogTemp: Display: Loaded TP HTML5TargetPlatform
[2018.10.28-02.14.12:998][  0]LogTemp: Display: Loaded TP IOSTargetPlatform
[2018.10.28-02.14.12:998][  0]LogTemp: Display: Loaded TP IOSTargetPlatform
[2018.10.28-02.14.13:037][  0]LogTemp: Display: Loaded TP TVOSTargetPlatform
[2018.10.28-02.14.13:037][  0]LogTemp: Display: Loaded TP TVOSTargetPlatform
[2018.10.28-02.14.13:061][  0]LogTemp: Display: Loaded TP LinuxClientTargetPlatform
[2018.10.28-02.14.13:081][  0]LogTemp: Display: Loaded TP LinuxNoEditorTargetPlatform
[2018.10.28-02.14.13:101][  0]LogTemp: Display: Loaded TP LinuxServerTargetPlatform
[2018.10.28-02.14.13:122][  0]LogTemp: Display: Loaded TP LinuxTargetPlatform
[2018.10.28-02.14.13:237][  0]LogTemp: Display: Loaded TP LuminTargetPlatform
[2018.10.28-02.14.13:237][  0]LogTargetPlatformManager: Display: Building Assets For Windows
[2018.10.28-02.14.13:301][  0]LogXGEController: Cleaning working directory: C:/Users/Rayray/AppData/Local/Temp/UnrealXGEWorkingDir/
[2018.10.28-02.14.13:301][  0]LogXGEController: Cannot use XGE Controller as Incredibuild is not installed on this machine.
[2018.10.28-02.14.13:301][  0]LogShaderCompilers: Cannot use XGE Shader Compiler as Incredibuild is not installed on this machine.
[2018.10.28-02.14.13:301][  0]LogShaderCompilers: Display: Using Local Shader Compiler.
[2018.10.28-02.14.14:349][  0]LogDerivedDataCache: Display: Max Cache Size: 512 MB
[2018.10.28-02.14.14:455][  0]LogDerivedDataCache: Loaded boot cache 0.11s 87MB C:/Users/Rayray/AppData/Local/UnrealEngine/4.20/DerivedDataCache/Boot.ddc.
[2018.10.28-02.14.14:455][  0]LogDerivedDataCache: Display: Loaded Boot cache: C:/Users/Rayray/AppData/Local/UnrealEngine/4.20/DerivedDataCache/Boot.ddc
[2018.10.28-02.14.14:455][  0]LogDerivedDataCache: FDerivedDataBackendGraph:  Pak pak cache file ../../../../../controliegit/controliegame/ControliePractice/DerivedDataCache/DDC.ddp not found, will not use a pak cache.
[2018.10.28-02.14.14:455][  0]LogDerivedDataCache: Unable to find inner node Pak for hierarchical cache Hierarchy.
[2018.10.28-02.14.14:455][  0]LogDerivedDataCache: FDerivedDataBackendGraph:  CompressedPak pak cache file ../../../../../controliegit/controliegame/ControliePractice/DerivedDataCache/Compressed.ddp not found, will not use a pak cache.
[2018.10.28-02.14.14:455][  0]LogDerivedDataCache: Unable to find inner node CompressedPak for hierarchical cache Hierarchy.
[2018.10.28-02.14.14:471][  0]LogDerivedDataCache: Display: Pak cache opened for reading ../../../Engine/DerivedDataCache/Compressed.ddp.
[2018.10.28-02.14.14:484][  0]LogDerivedDataCache: Using Local data cache path C:/Users/Rayray/AppData/Local/UnrealEngine/Common/DerivedDataCache: Writable
[2018.10.28-02.14.14:484][  0]LogDerivedDataCache: Shared data cache path not found in *engine.ini, will not use an Shared cache.
[2018.10.28-02.14.14:484][  0]LogDerivedDataCache: Unable to find inner node Shared for hierarchical cache Hierarchy.
[2018.10.28-02.14.14:512][  0]LogMaterial: Verifying Global Shaders for PCD3D_SM5
[2018.10.28-02.14.14:514][  0]LogSlate: Using FreeType 2.6.0
[2018.10.28-02.14.14:515][  0]LogSlate: SlateFontServices - WITH_FREETYPE: 1, WITH_HARFBUZZ: 1
[2018.10.28-02.14.14:614][  0]LogAssetRegistry: FAssetRegistry took 0.0283 seconds to start up
[2018.10.28-02.14.15:141][  0]LogInit: Selected Device Profile: [Windows]
[2018.10.28-02.14.15:211][  0]LogSimplygon: Simplygon DLL not present - disabling.
[2018.10.28-02.14.15:215][  0]LogMeshReduction: Using SimplygonSwarm for distributed automatic mesh merging
[2018.10.28-02.14.15:215][  0]LogMeshReduction: Using ProxyLODMeshReduction for automatic mesh merging
[2018.10.28-02.14.15:215][  0]LogMeshReduction: Using QuadricMeshReduction for automatic static mesh reduction
[2018.10.28-02.14.15:215][  0]LogMeshReduction: No automatic skeletal mesh reduction module available
[2018.10.28-02.14.15:343][  0]LogNetVersion: ControliePractice 1.0.0, NetCL: 4212847, EngineNetVer: 5, GameNetVer: 0 (Checksum: 2409719994)
[2018.10.28-02.14.16:074][  0]LogPackageLocalizationCache: Processed 13 localized package path(s) for 2 prioritized culture(s) in 0.199674 seconds
[2018.10.28-02.14.16:083][  0]LogUObjectArray: 38425 objects as part of root set at end of initial load.
[2018.10.28-02.14.16:083][  0]LogUObjectAllocator: 6690864 out of 0 bytes used by permanent object pool.
[2018.10.28-02.14.16:083][  0]LogUObjectArray: CloseDisregardForGC: 0/0 objects in disregard for GC pool
[2018.10.28-02.14.17:231][  0]LogTcpMessaging: Initializing TcpMessaging bridge
[2018.10.28-02.14.17:246][  0]LogUdpMessaging: Initializing bridge on interface 0.0.0.0:0 to multicast group 230.0.0.1:6666.
[2018.10.28-02.14.17:418][  0]SourceControl: Source control is disabled
[2018.10.28-02.14.17:418][  0]SourceControl: Source control is disabled
[2018.10.28-02.14.17:420][  0]SourceControl: Source control is disabled
[2018.10.28-02.14.17:422][  0]SourceControl: Source control is disabled
[2018.10.28-02.14.17:620][  0]LogAndroidPermission: UAndroidPermissionCallbackProxy::GetInstance
[2018.10.28-02.14.17:767][  0]LogOcInput: OculusInput pre-init called
[2018.10.28-02.14.20:557][  0]LogEngine: Initializing Engine...
[2018.10.28-02.14.20:622][  0]LogHMD: Failed to initialize OpenVR with code 108
[2018.10.28-02.14.20:625][  0]LogStats: UGameplayTagsManager::ConstructGameplayTagTree: ImportINI prefixes -  0.000 s
[2018.10.28-02.14.20:625][  0]LogStats: UGameplayTagsManager::ConstructGameplayTagTree: Construct from data asset -  0.000 s
[2018.10.28-02.14.20:625][  0]LogStats: UGameplayTagsManager::ConstructGameplayTagTree: ImportINI -  0.000 s
[2018.10.28-02.14.20:625][  0]LogStats: UGameplayTagsManager::ConstructGameplayTagTree: GameplayTagTreeChangedEvent.Broadcast -  0.000 s
[2018.10.28-02.14.20:895][  0]LogInit: Initializing FReadOnlyCVARCache
[2018.10.28-02.14.20:909][  0]LogAIModule: Creating AISystem for world Untitled
[2018.10.28-02.14.20:960][  0]LogInit: XAudio2 using 'Speakers (Realtek High Definition Audio)' : 2 channels at 48 kHz using 32 bits per sample (channel mask 0x3)
[2018.10.28-02.14.21:074][  0]LogInit: FAudioDevice initialized.
[2018.10.28-02.14.21:075][  0]LogNetVersion: Set ProjectVersion to 1.0.0.0. Version Checksum will be recalculated on next use.
[2018.10.28-02.14.21:194][  0]LogDerivedDataCache: Saved boot cache 0.12s 87MB C:/Users/Rayray/AppData/Local/UnrealEngine/4.20/DerivedDataCache/Boot.ddc.
[2018.10.28-02.14.21:210][  0]LogInit: Texture streaming: Enabled
[2018.10.28-02.14.21:228][  0]LogEngineSessionManager: EngineSessionManager initialized
[2018.10.28-02.14.21:251][  0]LogInit: Transaction tracking system initialized
[2018.10.28-02.14.21:275][  0]BlueprintLog: New page: Editor Load
[2018.10.28-02.14.21:355][  0]LocalizationService: Localization service is disabled
[2018.10.28-02.14.21:490][  0]LogLinker: Warning: Can't find file '/Game/SideScRolePlay/BluePrints/NewBlueprint'
[2018.10.28-02.14.21:490][  0]LogLinker: Warning: Can't find file '/Game/SideScRolePlay/BluePrints/NewBlueprint'
[2018.10.28-02.14.21:490][  0]LogUObjectGlobals: Warning: Failed to find object 'Class /Game/SideScRolePlay/BluePrints/NewBlueprint.NewBlueprint_C'
[2018.10.28-02.14.21:738][  0]LogCook: Display: Max memory allowance for cook 16384mb min free memory 0mb
[2018.10.28-02.14.21:738][  0]LogCook: Display: Mobile HDR setting 1
[2018.10.28-02.14.21:738][  0]LogGameplayTags: Display: UGameplayTagsManager::DoneAddingNativeTags. DelegateIsBound: 0
[2018.10.28-02.14.21:738][  0]LogStats: UGameplayTagsManager::ConstructGameplayTagTree: ImportINI prefixes -  0.000 s
[2018.10.28-02.14.21:738][  0]LogStats: UGameplayTagsManager::ConstructGameplayTagTree: Construct from data asset -  0.000 s
[2018.10.28-02.14.21:739][  0]LogStats: UGameplayTagsManager::ConstructGameplayTagTree: ImportINI -  0.000 s
[2018.10.28-02.14.21:739][  0]LogStats: UGameplayTagsManager::ConstructGameplayTagTree: GameplayTagTreeChangedEvent.Broadcast -  0.000 s
[2018.10.28-02.14.21:895][  0]LogFileCache: Scanning file cache for directory 'E:/controliegit/controliegame/ControliePractice/Content/' took 0.04s
[2018.10.28-02.14.23:711][  0]SourceControl: Source control is disabled
[2018.10.28-02.14.23:711][  0]Cmd: MAP LOAD FILE="../../../../../controliegit/controliegame/ControliePractice/Content/Controlie/Levels/ControlieLand.umap" TEMPLATE=0 SHOWPROGRESS=1 FEATURELEVEL=3
[2018.10.28-02.14.23:711][  0]LightingResults: New page: Lighting Build
[2018.10.28-02.14.23:714][  0]MapCheck: New page: Map Check
[2018.10.28-02.14.23:714][  0]LightingResults: New page: Lighting Build
[2018.10.28-02.14.26:352][  0]LogBlueprint: Warning: [Compiler ControlieCharacter] Character.ArrowComponent is not blueprint visible (BlueprintReadOnly or BlueprintReadWrite). Please fix mark up or cease accessing as this will be made an error in a future release.  Get ArrowComponent
[2018.10.28-02.14.26:361][  0]LogBlueprint: Warning: [Compiler ControlieCharacter] [0025.71] Compile of ControlieCharacter successful, but with 1 Warning(s) [in 23 ms] (/Game/Controlie/CameraCharacter/ControlieCharacter.ControlieCharacter)
[2018.10.28-02.14.28:136][  0]LogAIModule: Creating AISystem for world ControlieLand
[2018.10.28-02.14.28:200][  0]LogStreaming: Display: ULevelStreaming::RequestLevel(/Game/Controlie/Levels/Stream1) is flushing async loading
[2018.10.28-02.14.28:200][  0]LogStreaming: Display: Flushing async loaders.
[2018.10.28-02.14.28:273][  0]LogEditorServer: Finished looking for orphan Actors (0.000 secs)
[2018.10.28-02.14.28:410][  0]Cmd: MAP CHECKDEP NOCLEARLOG
[2018.10.28-02.14.28:563][  0]MapCheck: Map check complete: 0 Error(s), 0 Warning(s), took 152.984ms to complete.
[2018.10.28-02.14.28:563][  0]LogFileHelpers: Loading map 'ControlieLand' took 4.852
[2018.10.28-02.14.28:714][  0]LogSlate: Updating window title bar state: overlay mode, drag disabled, window buttons hidden, title bar hidden
[2018.10.28-02.14.28:725][  0]LogSlate: Updating window title bar state: overlay mode, drag disabled, window buttons hidden, title bar hidden
[2018.10.28-02.14.28:736][  0]LogSlate: Updating window title bar state: overlay mode, drag disabled, window buttons hidden, title bar hidden
[2018.10.28-02.14.28:747][  0]LogSlate: Updating window title bar state: overlay mode, drag disabled, window buttons hidden, title bar hidden
[2018.10.28-02.14.28:755][  0]LogCollectionManager: Loaded 0 collections in 0.001409 seconds
[2018.10.28-02.14.28:809][  0]LogFileCache: Scanning file cache for directory 'E:/controliegit/controliegame/ControliePractice/Saved/Collections/' took 0.01s
[2018.10.28-02.14.28:809][  0]LogFileCache: Scanning file cache for directory 'E:/controliegit/controliegame/ControliePractice/Content/Developers/Rayray/Collections/' took 0.01s
[2018.10.28-02.14.28:809][  0]LogFileCache: Scanning file cache for directory 'E:/controliegit/controliegame/ControliePractice/Content/Collections/' took 0.01s
[2018.10.28-02.14.28:809][  0]LogCollectionManager: Rebuilt the GUID cache for 0 collections in 0.000000 seconds
[2018.10.28-02.14.28:826][  0]LogContentBrowser: Native class hierarchy populated in 0.0168 seconds. Added 2628 classes and 631 folders.
[2018.10.28-02.14.28:836][  0]LogContentBrowser: Native class hierarchy updated for 'WidgetCarousel' in 0.0004 seconds. Added 0 classes and 0 folders.
[2018.10.28-02.14.28:929][  0]LogContentBrowser: Native class hierarchy updated for 'AddContentDialog' in 0.0004 seconds. Added 0 classes and 0 folders.
[2018.10.28-02.14.28:937][  0]LogContentBrowser: Native class hierarchy updated for 'SceneOutliner' in 0.0005 seconds. Added 1 classes and 2 folders.
[2018.10.28-02.14.29:146][  0]LogContentBrowser: Native class hierarchy updated for 'HierarchicalLODOutliner' in 0.0004 seconds. Added 0 classes and 0 folders.
[2018.10.28-02.14.29:146][  0]LogLoad: (Engine Initialization) Total time: 28.49 seconds
[2018.10.28-02.14.29:146][  0]LogLoad: (Engine Initialization) Total Blueprint compile time: 0.00 seconds
[2018.10.28-02.14.29:157][  0]LogWindowsTextInputMethodSystem: Display: IME system now deactivated.
[2018.10.28-02.14.29:187][  0]LogContentStreaming: Texture pool size now 1000 MB
[2018.10.28-02.14.29:190][  0]LogSlate: Took 0.000498 seconds to synchronously load lazily loaded font '../../../Engine/Content/Slate/Fonts/Roboto-Regular.ttf' (155K)
[2018.10.28-02.14.29:193][  0]LogSlate: Took 0.000307 seconds to synchronously load lazily loaded font '../../../Engine/Content/Slate/Fonts/Roboto-Bold.ttf' (160K)
[2018.10.28-02.14.29:199][  0]LogSlate: Took 0.000382 seconds to synchronously load lazily loaded font '../../../Engine/Content/Editor/Slate/Fonts/FontAwesome.ttf' (139K)
[2018.10.28-02.14.29:376][  0]LogRenderer: Reallocating scene render targets to support 1184x536 Format 26 NumSamples 1 (Frame:1).
[2018.10.28-02.14.29:376][  0]LogSlate: Took 0.000492 seconds to synchronously load lazily loaded font '../../../Engine/Content/Slate/Fonts/Roboto-Light.ttf' (167K)
[2018.10.28-02.14.29:575][  2]LogAssetRegistry: Asset discovery search completed in 14.9820 seconds
[2018.10.28-02.14.29:578][  2]LogCollectionManager: Rebuilt the object cache for 0 collections in 0.000001 seconds (found 0 objects)
[2018.10.28-02.14.29:578][  2]LogCollectionManager: Fixed up redirectors for 0 collections in 0.000222 seconds (updated 0 objects)
[2018.10.28-02.14.30:811][ 22]LogSlate: Took 0.000417 seconds to synchronously load lazily loaded font '../../../Engine/Content/Slate/Fonts/Roboto-Light.ttf' (167K)
[2018.10.28-02.14.33:565][ 31]LogSlate: FSceneViewport::OnFocusLost() reason 0
[2018.10.28-02.14.35:842][206]LogSlate: FSceneViewport::OnFocusLost() reason 0
[2018.10.28-02.14.37:208][349]LogAIModule: Creating AISystem for world AISLevel
[2018.10.28-02.14.37:217][349]LogAssetEditorManager: Opening Asset editor for World /Game/Controlie/Levels/AISLevel.AISLevel
[2018.10.28-02.14.37:338][349]Cmd: MAP LOAD FILE="../../../../../controliegit/controliegame/ControliePractice/Content/Controlie/Levels/AISLevel.umap" TEMPLATE=0 SHOWPROGRESS=1 FEATURELEVEL=3
[2018.10.28-02.14.37:338][349]LightingResults: New page: Lighting Build
[2018.10.28-02.14.37:339][349]LoadErrors: New page: Loading map: AISLevel.umap
[2018.10.28-02.14.37:341][349]MapCheck: New page: Map Check
[2018.10.28-02.14.37:341][349]LightingResults: New page: Lighting Build
[2018.10.28-02.14.37:610][349]LogEditorServer: Finished looking for orphan Actors (0.000 secs)
[2018.10.28-02.14.37:818][349]Cmd: MAP CHECKDEP NOCLEARLOG
[2018.10.28-02.14.37:962][349]MapCheck: Map check complete: 0 Error(s), 0 Warning(s), took 143.421ms to complete.
[2018.10.28-02.14.37:967][349]LogFileHelpers: Loading map 'AISLevel' took 0.630
[2018.10.28-02.15.05:407][420]LogSlate: Took 0.000491 seconds to synchronously load lazily loaded font '../../../Engine/Content/Slate/Fonts/Roboto-BoldCondensed.ttf' (158K)
[2018.10.28-02.15.13:005][313]Running E:/Unreal_Engine/UE_4.20/Engine/Binaries/DotNET/UnrealBuildTool.exe  -projectfiles -project="E:/controliegit/controliegame/ControliePractice/ControliePractice.uproject" -game -rocket -progress
[2018.10.28-02.15.13:312][313]Discovering modules, targets and source code for project...
[2018.10.28-02.15.16:441][313]E:\Unreal_Engine\UE_4.20\Engine\Source\ThirdParty\Expat\Expat.Build.cs: warning: Referenced directory 'E:\Unreal_Engine\UE_4.20\Engine\Source\ThirdParty\Expat\expat-2.2.0\Win64\VS2015\Release' does not exist.
[2018.10.28-02.15.16:643][313]E:\Unreal_Engine\UE_4.20\Engine\Plugins\Marketplace\SubsystemConfigurator\Source\OnlineSubsystemConfigurator\SubsystemConfigurator.Build.cs: warning: Referenced directory 'E:\Unreal_Engine\UE_4.20\Engine\Source\SubsystemConfigurator\Public' does not exist.
[2018.10.28-02.15.16:643][313]E:\Unreal_Engine\UE_4.20\Engine\Plugins\Marketplace\TwitchWorks\Source\TwitchPlugin\TwitchPlugin.Build.cs: warning: Referenced directory 'E:\Unreal_Engine\UE_4.20\Engine\Source\TwitchPlugin\Public' does not exist.
[2018.10.28-02.15.16:643][313]E:\Unreal_Engine\UE_4.20\Engine\Plugins\Marketplace\TwitchWorks\Source\TwitchSettingsPlugin\TwitchSettingsPlugin.Build.cs: warning: Referenced directory 'E:\Unreal_Engine\UE_4.20\Engine\Source\TwitchSettingsPlugin\Public' does not exist.
[2018.10.28-02.15.16:643][313]E:\Unreal_Engine\UE_4.20\Engine\Plugins\Marketplace\TwitchWorks\Source\TwitchSettingsEditor\TwitchSettingsEditor.Build.cs: warning: Referenced directory 'E:\Unreal_Engine\UE_4.20\Engine\Source\TwitchSettingsEditor\Public' does not exist.
[2018.10.28-02.15.17:047][313]E:\Unreal_Engine\UE_4.20\Enterprise\Plugins\Editor\DatasmithMDLImporter\Source\DatasmithMDLImporter\DatasmithMDLImporter.Build.cs: warning: Referenced directory 'E:\Unreal_Engine\UE_4.20\Enterprise\Plugins\Editor\DatasmithMDLImporter\Source\ThirdParty\NotForLicensees\AxF-Decoding-SDK-1.5.1\include' does not exist.
[2018.10.28-02.15.17:047][313]E:\Unreal_Engine\UE_4.20\Enterprise\Plugins\Editor\DatasmithMDLImporter\Source\DatasmithMDLImporter\DatasmithMDLImporter.Build.cs: warning: Referenced directory 'E:\Unreal_Engine\UE_4.20\Enterprise\Plugins\Editor\DatasmithMDLImporter\Source\ThirdParty\NotForLicensees\mdl-sdk-302800.547\include' does not exist.
[2018.10.28-02.15.20:492][313]LogHotReload: Recompiling module ControliePractice...
[2018.10.28-02.15.20:493][313]LogVSAccessor: Warning: Couldn't access Visual Studio
[2018.10.28-02.15.20:542][313]Candidate modules for hot reload:
[2018.10.28-02.15.20:542][313]  ControliePractice
[2018.10.28-02.15.20:542][313]Launching UnrealBuildTool... [E:/Unreal_Engine/UE_4.20/Engine/Binaries/DotNET/UnrealBuildTool.exe  -ModuleWithSuffix=ControliePractice,4316 Win64 Development -TargetType=Editor -Project="../../../../../controliegit/controliegame/ControliePractice/ControliePractice.uproject" -canskiplink -nosharedpch "E:/controliegit/controliegame/ControliePractice/ControliePractice.uproject" ]
[2018.10.28-02.15.42:433][313]Performing full C++ include scan (hot reloading a new target)
Using 'git status' to determine working set for adaptive non-unity build.
Creating makefile for hot reloading ControliePracticeEditor (no existing makefile)
Compiling game modules for hot reload
Using Visual Studio 2017 14.12.25827 toolchain (C:\Program Files (x86)\Microsoft Visual Studio\2017\Community\VC\Tools\MSVC\14.12.25827) and Windows 10.0.16299.0 SDK (C:\Program Files (x86)\Windows Kits\10).
E:\Unreal_Engine\UE_4.20\Enterprise\Plugins\Editor\DatasmithMDLImporter\Source\DatasmithMDLImporter\DatasmithMDLImporter.Build.cs: warning: Referenced directory 'E:\Unreal_Engine\UE_4.20\Enterprise\Plugins\Editor\DatasmithMDLImporter\Source\ThirdParty\NotForLicensees\AxF-Decoding-SDK-1.5.1\include' does not exist.
E:\Unreal_Engine\UE_4.20\Enterprise\Plugins\Editor\DatasmithMDLImporter\Source\DatasmithMDLImporter\DatasmithMDLImporter.Build.cs: warning: Referenced directory 'E:\Unreal_Engine\UE_4.20\Enterprise\Plugins\Editor\DatasmithMDLImporter\Source\ThirdParty\NotForLicensees\mdl-sdk-302800.547\include' does not exist.
Parsing headers for ControliePracticeEditor
  Running UnrealHeaderTool "E:\controliegit\controliegame\ControliePractice\ControliePractice.uproject" "E:\controliegit\controliegame\ControliePractice\Intermediate\Build\Win64\ControliePracticeEditor\Development\ControliePracticeEditor.uhtmanifest" -LogCmds="loginit warning, logexit warning, logdatabase error" -Unattended -WarningsAsErrors -installed
Reflection code generated for ControliePracticeEditor in 12.4255976 seconds
Building 5 actions with 8 processes...
  [1/5] PCLaunch.rc
  [2/5] StatItem.cpp
  e:\unreal_engine\ue_4.20\engine\source\runtime\core\public\Windows/WindowsPlatformCompilerSetup.h(21): error C2338: Visual Studio 2017 version 15.6 is required to compile on Windows. Please install updates through the Visual Studio installer.
  [3/5] ControliePractice.cpp
  e:\unreal_engine\ue_4.20\engine\source\runtime\core\public\Windows/WindowsPlatformCompilerSetup.h(21): error C2338: Visual Studio 2017 version 15.6 is required to compile on Windows. Please install updates through the Visual Studio installer.
ERROR: UBT ERROR: Failed to produce item: E:\controliegit\controliegame\ControliePractice\Binaries\Win64\UE4Editor-ControliePractice-4316.dll
       (see ../Programs/UnrealBuildTool/Log.txt for full exception trace)
Total build time: 21.59 seconds (Parallel executor: 0.00 seconds)

[2018.10.28-02.15.42:433][313]CompilerResultsLog: New page: Compilation - Oct 27, 2018, 4:15:42 PM
[2018.10.28-02.15.42:433][313]CompilerResultsLog: Performing full C++ include scan (hot reloading a new target)
[2018.10.28-02.15.42:433][313]CompilerResultsLog: Using 'git status' to determine working set for adaptive non-unity build.
[2018.10.28-02.15.42:433][313]CompilerResultsLog: Creating makefile for hot reloading ControliePracticeEditor (no existing makefile)
[2018.10.28-02.15.42:433][313]CompilerResultsLog: Compiling game modules for hot reload
[2018.10.28-02.15.42:433][313]CompilerResultsLog: Using Visual Studio 2017 14.12.25827 toolchain (C:\Program Files (x86)\Microsoft Visual Studio\2017\Community\VC\Tools\MSVC\14.12.25827) and Windows 10.0.16299.0 SDK (C:\Program Files (x86)\Windows Kits\10).
[2018.10.28-02.15.42:434][313]CompilerResultsLog: E:\Unreal_Engine\UE_4.20\Enterprise\Plugins\Editor\DatasmithMDLImporter\Source\DatasmithMDLImporter\DatasmithMDLImporter.Build.cs: warning: Referenced directory 'E:\Unreal_Engine\UE_4.20\Enterprise\Plugins\Editor\DatasmithMDLImporter\Source\ThirdParty\NotForLicensees\AxF-Decoding-SDK-1.5.1\include' does not exist.
[2018.10.28-02.15.42:434][313]CompilerResultsLog: E:\Unreal_Engine\UE_4.20\Enterprise\Plugins\Editor\DatasmithMDLImporter\Source\DatasmithMDLImporter\DatasmithMDLImporter.Build.cs: warning: Referenced directory 'E:\Unreal_Engine\UE_4.20\Enterprise\Plugins\Editor\DatasmithMDLImporter\Source\ThirdParty\NotForLicensees\mdl-sdk-302800.547\include' does not exist.
[2018.10.28-02.15.42:434][313]CompilerResultsLog: Parsing headers for ControliePracticeEditor
[2018.10.28-02.15.42:434][313]CompilerResultsLog:   Running UnrealHeaderTool "E:\controliegit\controliegame\ControliePractice\ControliePractice.uproject" "E:\controliegit\controliegame\ControliePractice\Intermediate\Build\Win64\ControliePracticeEditor\Development\ControliePracticeEditor.uhtmanifest" -LogCmds="loginit warning, logexit warning, logdatabase error" -Unattended -WarningsAsErrors -installed
[2018.10.28-02.15.42:434][313]CompilerResultsLog: Reflection code generated for ControliePracticeEditor in 12.4255976 seconds
[2018.10.28-02.15.42:434][313]CompilerResultsLog: Building 5 actions with 8 processes...
[2018.10.28-02.15.42:434][313]CompilerResultsLog:   [1/5] PCLaunch.rc
[2018.10.28-02.15.42:434][313]CompilerResultsLog:   [2/5] StatItem.cpp
[2018.10.28-02.15.42:434][313]CompilerResultsLog:    e:\unreal_engine\ue_4.20\engine\source\runtime\core\public\Windows/WindowsPlatformCompilerSetup.h(21) : error C2338: Visual Studio 2017 version 15.6 is required to compile on Windows. Please install updates through the Visual Studio installer.
[2018.10.28-02.15.42:434][313]CompilerResultsLog:   [3/5] ControliePractice.cpp
[2018.10.28-02.15.42:434][313]CompilerResultsLog:    e:\unreal_engine\ue_4.20\engine\source\runtime\core\public\Windows/WindowsPlatformCompilerSetup.h(21) : error C2338: Visual Studio 2017 version 15.6 is required to compile on Windows. Please install updates through the Visual Studio installer.
[2018.10.28-02.15.42:434][313]CompilerResultsLog: ERROR: UBT ERROR: Failed to produce item: E:\controliegit\controliegame\ControliePractice\Binaries\Win64\UE4Editor-ControliePractice-4316.dll
[2018.10.28-02.15.42:434][313]CompilerResultsLog:        (see ../Programs/UnrealBuildTool/Log.txt for full exception trace)
[2018.10.28-02.15.42:434][313]CompilerResultsLog: Total build time: 21.59 seconds (Parallel executor: 0.00 seconds)
[2018.10.28-02.15.42:434][313]LogMainFrame: MainFrame: Module compiling took 21.941 seconds
[2018.10.28-04.33.53:749][313]LogSlate: Window 'Message' being destroyed
[2018.10.28-04.33.53:757][313]LogSlate: Window 'Add C++ Class' being destroyed
