Log file open, 10/25/18 11:04:29
LogWindows: Failed to load 'aqProf.dll' (GetLastError=126)
LogWindows: File 'aqProf.dll' does not exist
LogWindows: Failed to load 'VtuneApi.dll' (GetLastError=126)
LogWindows: File 'VtuneApi.dll' does not exist
LogWindows: Failed to load 'VtuneApi32e.dll' (GetLastError=126)
LogWindows: File 'VtuneApi32e.dll' does not exist
LogInit: Display: Running engine for game: ControliePractice
LogPlatformFile: Not using cached read wrapper
LogTaskGraph: Started task graph with 5 named threads and 23 total threads with 3 sets of task threads.
LogStats: Stats thread started at 0.426962
LogD3D11RHI: Loaded GFSDK_Aftermath_Lib.x64.dll
LogICUInternationalization: Display: ICU TimeZone Detection - Raw Offset: -6:00, Platform Override: ''
LogPluginManager: Mounting plugin Paper2D
LogPluginManager: Mounting plugin AISupport
LogPluginManager: Mounting plugin LightPropagationVolume
LogPluginManager: Mounting plugin CLionSourceCodeAccess
LogPluginManager: Mounting plugin CodeLiteSourceCodeAccess
LogPluginManager: Mounting plugin GitSourceControl
LogPluginManager: Mounting plugin KDevelopSourceCodeAccess
LogPluginManager: Mounting plugin NullSourceCodeAccess
LogPluginManager: Mounting plugin PerforceSourceControl
LogPluginManager: Mounting plugin SubversionSourceControl
LogPluginManager: Mounting plugin UObjectPlugin
LogPluginManager: Mounting plugin VisualStudioCodeSourceCodeAccess
LogPluginManager: Mounting plugin VisualStudioSourceCodeAccess
LogPluginManager: Mounting plugin XCodeSourceCodeAccess
LogPluginManager: Mounting plugin AssetManagerEditor
LogPluginManager: Mounting plugin CryptoKeys
LogPluginManager: Mounting plugin DataValidation
LogPluginManager: Mounting plugin EditorScriptingUtilities
LogPluginManager: Mounting plugin FacialAnimation
LogPluginManager: Mounting plugin GameplayTagsEditor
LogPluginManager: Mounting plugin MacGraphicsSwitching
LogPluginManager: Mounting plugin MeshEditor
LogPluginManager: Mounting plugin MobileLauncherProfileWizard
LogPluginManager: Mounting plugin PluginBrowser
LogPluginManager: Mounting plugin SpeedTreeImporter
LogPluginManager: Mounting plugin DatasmithContent
LogPluginManager: Mounting plugin AlembicImporter
LogPluginManager: Mounting plugin AppleImageUtils
LogPluginManager: Mounting plugin AppleVision
LogPluginManager: Mounting plugin BackChannel
LogPluginManager: Mounting plugin CharacterAI
LogPluginManager: Mounting plugin GeometryCache
LogPluginManager: Mounting plugin HTML5Networking
LogPluginManager: Mounting plugin ProxyLODPlugin
LogPluginManager: Mounting plugin MagicLeap
LogPluginManager: Mounting plugin MagicLeapEmulator
LogPluginManager: Mounting plugin MagicLeapMedia
LogPluginManager: Mounting plugin AndroidMedia
LogPluginManager: Mounting plugin AvfMedia
LogPluginManager: Mounting plugin ImgMedia
LogPluginManager: Mounting plugin LinearTimecode
LogPluginManager: Mounting plugin MediaCompositing
LogPluginManager: Mounting plugin MediaPlayerEditor
LogPluginManager: Mounting plugin WmfMedia
LogPluginManager: Mounting plugin TcpMessaging
LogPluginManager: Mounting plugin UdpMessaging
LogPluginManager: Mounting plugin ActorSequence
LogPluginManager: Mounting plugin LevelSequenceEditor
LogPluginManager: Mounting plugin MatineeToLevelSequence
LogPluginManager: Mounting plugin NetcodeUnitTest
LogPluginManager: Mounting plugin NUTUnrealEngine4
LogPluginManager: Mounting plugin OnlineSubsystemGooglePlay
LogPluginManager: Mounting plugin OnlineSubsystemIOS
LogPluginManager: Mounting plugin OnlineSubsystem
LogPluginManager: Mounting plugin OnlineSubsystemNull
LogPluginManager: Mounting plugin OnlineSubsystemUtils
LogPluginManager: Mounting plugin LauncherChunkInstaller
LogPluginManager: Mounting plugin AndroidDeviceProfileSelector
LogPluginManager: Mounting plugin AndroidMoviePlayer
LogPluginManager: Mounting plugin AndroidPermission
LogPluginManager: Mounting plugin AppleMoviePlayer
LogPluginManager: Mounting plugin ArchVisCharacter
LogPluginManager: Mounting plugin AudioCapture
LogPluginManager: Mounting plugin CableComponent
LogPluginManager: Mounting plugin CustomMeshComponent
LogPluginManager: Mounting plugin EditableMesh
LogPluginManager: Mounting plugin ExampleDeviceProfileSelector
LogPluginManager: Mounting plugin GoogleCloudMessaging
LogPluginManager: Mounting plugin ImmediatePhysics
LogPluginManager: Mounting plugin IOSDeviceProfileSelector
LogPluginManager: Mounting plugin LinuxDeviceProfileSelector
LogPluginManager: Mounting plugin LocationServicesBPLibrary
LogPluginManager: Mounting plugin MobilePatchingUtils
LogPluginManager: Mounting plugin OculusVR
LogPluginManager: Plugin shader directory ../../../Engine/Plugins/Runtime/Oculus/OculusVR/Shaders found
LogPluginManager: Mapping shader source directory ../../../Engine/Plugins/Runtime/Oculus/OculusVR/Shaders to virtual directory /Plugin/OculusVR
LogPluginManager: Mounting plugin PhysXVehicles
LogPluginManager: Mounting plugin ProceduralMeshComponent
LogPluginManager: Mounting plugin RuntimePhysXCooking
LogPluginManager: Mounting plugin SteamVR
LogPluginManager: Mounting plugin WindowsMoviePlayer
LogPluginManager: Mounting plugin DatasmithCADImporter
LogPluginManager: Mounting plugin DatasmithFBXImporter
LogPluginManager: Mounting plugin DatasmithImporter
LogPluginManager: Mounting plugin DatasmithMDLImporter
LogPluginManager: Mounting plugin StaticMeshEditorExtension
LogStreaming: Display: Took  0.252s to configure plugins.
LogInit: Using libcurl 7.55.1-DEV
LogInit:  - built for x86_64-pc-win32
LogInit:  - supports SSL with OpenSSL/1.0.2h
LogInit:  - supports HTTP deflate (compression) using libz 1.2.8
LogInit:  - other features:
LogInit:      CURL_VERSION_SSL
LogInit:      CURL_VERSION_LIBZ
LogInit:      CURL_VERSION_IPV6
LogInit:      CURL_VERSION_ASYNCHDNS
LogInit:      CURL_VERSION_LARGEFILE
LogInit:      CURL_VERSION_IDN
LogInit:  CurlRequestOptions (configurable via config and command line):
LogInit:  - bVerifyPeer = false  - Libcurl will NOT verify peer certificate
LogInit:  - bUseHttpProxy = false  - Libcurl will NOT use HTTP proxy
LogInit:  - bDontReuseConnections = false  - Libcurl will reuse connections
LogInit:  - CertBundlePath = nullptr  - Libcurl will use whatever was configured at build time.
LogInit:  - MaxHostConnections = 16  - Libcurl will limit the number of connections to a host
LogInit:  - LocalHostAddr = Default
LogInit:  - BufferSize = 65536
LogInit: WinSock: version 1.1 (2.2), MaxSocks=32767, MaxUdp=65467
LogHMD: Failed initializing OVRPlugin 1.25.0
LogInit: Build: ++UE4+Release-4.20-CL-4369336
LogInit: Engine Version: 4.20.3-4369336+++UE4+Release-4.20
LogInit: Compatible Engine Version: 4.20.0-4212847+++UE4+Release-4.20
LogInit: Net CL: 4212847
LogInit: OS: Windows 10 (), CPU: AMD FX(tm)-8350 Eight-Core Processor           , GPU: AMD Radeon R9 200 Series
LogInit: Compiled (64-bit): Sep 17 2018 12:26:19
LogInit: Compiled with Visual C++: 19.13.26129.00
LogInit: Build Configuration: Development
LogInit: Branch Name: ++UE4+Release-4.20
LogInit: Command Line:  
LogInit: Base Directory: E:/Unreal_Engine/UE_4.20/Engine/Binaries/Win64/
LogInit: Installed Engine Build: 1
LogDevObjectVersion: Number of dev versions registered: 20
LogDevObjectVersion:   Dev-Blueprints (B0D832E4-1F89-4F0D-ACCF-7EB736FD4AA2): 10
LogDevObjectVersion:   Dev-Build (E1C64328-A22C-4D53-A36C-8E866417BD8C): 0
LogDevObjectVersion:   Dev-Core (375EC13C-06E4-48FB-B500-84F0262A717E): 2
LogDevObjectVersion:   Dev-Editor (E4B068ED-F494-42E9-A231-DA0B2E46BB41): 24
LogDevObjectVersion:   Dev-Framework (CFFC743F-43B0-4480-9391-14DF171D2073): 34
LogDevObjectVersion:   Dev-Mobile (B02B49B5-BB20-44E9-A304-32B752E40360): 2
LogDevObjectVersion:   Dev-Networking (A4E4105C-59A1-49B5-A7C5-40C4547EDFEE): 0
LogDevObjectVersion:   Dev-Online (39C831C9-5AE6-47DC-9A44-9C173E1C8E7C): 0
LogDevObjectVersion:   Dev-Physics (78F01B33-EBEA-4F98-B9B4-84EACCB95AA2): 0
LogDevObjectVersion:   Dev-Platform (6631380F-2D4D-43E0-8009-CF276956A95A): 0
LogDevObjectVersion:   Dev-Rendering (12F88B9F-8875-4AFC-A67C-D90C383ABD29): 26
LogDevObjectVersion:   Dev-Sequencer (7B5AE74C-D270-4C10-A958-57980B212A5A): 9
LogDevObjectVersion:   Dev-VR (D7296918-1DD6-4BDD-9DE2-64A83CC13884): 2
LogDevObjectVersion:   Dev-LoadTimes (C2A15278-BFE7-4AFE-6C17-90FF531DF755): 1
LogDevObjectVersion:   Private-Geometry (6EACA3D4-40EC-4CC1-B786-8BED09428FC5): 3
LogDevObjectVersion:   Dev-AnimPhys (29E575DD-E0A3-4627-9D10-D276232CDCEA): 17
LogDevObjectVersion:   Dev-ReflectionCapture (6B266CEC-1EC7-4B8F-A30B-E4D90942FC07): 1
LogDevObjectVersion:   Dev-Automation (0DF73D61-A23F-47EA-B727-89E90C41499A): 1
LogDevObjectVersion:   FortniteMain (601D1886-AC64-4F84-AA16-D3DE0DEAC7D6): 12
LogDevObjectVersion:   Dev-Enterprise (9DFFBCD6-494F-0158-E221-12823C92A888): 1
LogStreaming: Display: Took  0.030s to delete old logs.
LogInit: Presizing for max 8388607 objects, including 0 objects not considered by GC, pre-allocating 0 bytes for permanent pool.
LogInit: Object subsystem initialized
[2018.10.25-16.04.30:893][  0]LogInit: Selected Device Profile: [Windows]
[2018.10.25-16.04.30:893][  0]LogInit: Applying CVar settings loaded from the selected device profile: [Windows]
[2018.10.25-16.04.30:918][  0]LogHAL: Display: Platform has ~ 16 GB [17075896320 / 17179869184 / 16], which maps to Larger [LargestMinGB=32, LargerMinGB=12, DefaultMinGB=8, SmallerMinGB=6, SmallestMinGB=0)
[2018.10.25-16.04.30:918][  0]LogInit: Setting Device Profile CVar: [[r.Vulkan.UseRealUBs:1]]
[2018.10.25-16.04.30:918][  0]LogInit: Going up to parent DeviceProfile []
[2018.10.25-16.04.30:919][  0]LogInit: Computer: BLACKWIDOW-PC
[2018.10.25-16.04.30:919][  0]LogInit: User: Rayray
[2018.10.25-16.04.30:919][  0]LogInit: CPU Page size=4096, Cores=4
[2018.10.25-16.04.30:919][  0]LogInit: High frequency timer resolution =3.919293 MHz
[2018.10.25-16.04.30:919][  0]LogMemory: Memory total: Physical=15.9GB (16GB approx)
[2018.10.25-16.04.30:919][  0]LogMemory: Platform Memory Stats for Windows
[2018.10.25-16.04.30:919][  0]LogMemory: Process Physical Memory: 104.44 MB used, 104.44 MB peak
[2018.10.25-16.04.30:919][  0]LogMemory: Process Virtual Memory: 90.16 MB used, 90.16 MB peak
[2018.10.25-16.04.30:919][  0]LogMemory: Physical Memory: 8124.50 MB used,  8160.34 MB free, 16284.84 MB total
[2018.10.25-16.04.30:919][  0]LogMemory: Virtual Memory: 4651.32 MB used,  8160.34 MB free, 134217728.00 MB total
[2018.10.25-16.04.30:944][  0]LogInit: Using OS detected language (en-US).
[2018.10.25-16.04.30:944][  0]LogInit: Using OS detected locale (en-US).
[2018.10.25-16.04.30:945][  0]LogTextLocalizationManager: No specific localization for 'en-US' exists, so the 'en' localization will be used.
[2018.10.25-16.04.31:409][  0]LogStreaming: Display: Took  0.465s to InitEngineTextLocalization.
[2018.10.25-16.04.31:409][  0]LogInit: Setting process to per monitor DPI aware
[2018.10.25-16.04.31:462][  0]LogSlate: New Slate User Created.  User Index 0, Is Virtual User: 0
[2018.10.25-16.04.31:462][  0]LogSlate: Slate User Registered.  User Index 0, Is Virtual User: 0
[2018.10.25-16.04.41:026][  0]LogHMD: Failed to initialize OpenVR with code 108
[2018.10.25-16.04.41:026][  0]LogD3D11RHI: D3D11 adapters:
[2018.10.25-16.04.41:052][  0]LogD3D11RHI:    0. 'AMD Radeon R9 200 Series' (Feature Level 11_0)
[2018.10.25-16.04.41:052][  0]LogD3D11RHI:       4072/0/8142 MB DedicatedVideo/DedicatedSystem/SharedSystem, Outputs:2, VendorId:0x1002
[2018.10.25-16.04.41:055][  0]LogD3D11RHI:    1. 'Microsoft Basic Render Driver' (Feature Level 11_0)
[2018.10.25-16.04.41:055][  0]LogD3D11RHI:       0/0/8142 MB DedicatedVideo/DedicatedSystem/SharedSystem, Outputs:0, VendorId:0x1414
[2018.10.25-16.04.41:055][  0]LogD3D11RHI: Chosen D3D11 Adapter: 0
[2018.10.25-16.04.41:069][  0]LogD3D11RHI: Creating new Direct3DDevice
[2018.10.25-16.04.41:069][  0]LogD3D11RHI:     GPU DeviceId: 0x67b0 (for the marketing name, search the web for "GPU Device Id")
[2018.10.25-16.04.41:069][  0]LogWindows: EnumDisplayDevices:
[2018.10.25-16.04.41:069][  0]LogWindows:    0. 'AMD Radeon R9 200 Series' (P:1 D:1)
[2018.10.25-16.04.41:070][  0]LogWindows:    1. 'AMD Radeon R9 200 Series' (P:0 D:1)
[2018.10.25-16.04.41:070][  0]LogWindows:    2. 'AMD Radeon R9 200 Series' (P:0 D:0)
[2018.10.25-16.04.41:071][  0]LogWindows:    3. 'AMD Radeon R9 200 Series' (P:0 D:0)
[2018.10.25-16.04.41:071][  0]LogWindows:    4. 'AMD Radeon R9 200 Series' (P:0 D:0)
[2018.10.25-16.04.41:071][  0]LogWindows:    5. 'AMD Radeon R9 200 Series' (P:0 D:0)
[2018.10.25-16.04.41:072][  0]LogWindows: DebugString: FoundDriverCount:6 
[2018.10.25-16.04.41:072][  0]LogD3D11RHI:     Adapter Name: AMD Radeon R9 200 Series
[2018.10.25-16.04.41:072][  0]LogD3D11RHI:   Driver Version: Crimson ReLive 17.7 (internal:22.19.677.257, unified:22.19.677.257)
[2018.10.25-16.04.41:072][  0]LogD3D11RHI:      Driver Date: 9-22-2017
[2018.10.25-16.04.41:072][  0]LogRHI: Texture pool is 2850 MB (70% of 4072 MB)
[2018.10.25-16.04.41:110][  0]LogD3D11RHI: Async texture creation enabled
[2018.10.25-16.04.41:122][  0]LogD3D11RHI: GPU Timing Frequency: 27.000000 (Debug: 2 1)
[2018.10.25-16.04.41:124][  0]LogShaderCompilers: Guid format shader working directory is -13 characters bigger than the processId version (../../../../../controliegit/controliegame/ControliePractice/Intermediate/Shaders/WorkingDirectory/23640/).
[2018.10.25-16.04.41:124][  0]LogShaderCompilers: Cleaned the shader compiler working directory 'C:/Users/Rayray/AppData/Local/Temp/UnrealShaderWorkingDir/C14A48E244B132E13AB60BBA49577F14/'.
[2018.10.25-16.04.41:520][  0]LogTemp: Display: Loaded TP AllDesktopTargetPlatform
[2018.10.25-16.04.41:541][  0]LogTemp: Display: Loaded TP MacClientTargetPlatform
[2018.10.25-16.04.41:561][  0]LogTemp: Display: Loaded TP MacNoEditorTargetPlatform
[2018.10.25-16.04.41:581][  0]LogTemp: Display: Loaded TP MacServerTargetPlatform
[2018.10.25-16.04.41:603][  0]LogTemp: Display: Loaded TP MacTargetPlatform
[2018.10.25-16.04.41:623][  0]LogTemp: Display: Loaded TP WindowsClientTargetPlatform
[2018.10.25-16.04.41:644][  0]LogTemp: Display: Loaded TP WindowsNoEditorTargetPlatform
[2018.10.25-16.04.41:663][  0]LogTemp: Display: Loaded TP WindowsServerTargetPlatform
[2018.10.25-16.04.41:672][  0]LogTemp: Display: Loaded TP WindowsTargetPlatform
[2018.10.25-16.04.41:800][  0]LogTemp: Display: Loaded TP AndroidTargetPlatform
[2018.10.25-16.04.41:800][  0]LogTemp: Display: Loaded TP AndroidTargetPlatform
[2018.10.25-16.04.41:800][  0]LogTemp: Display: Loaded TP AndroidTargetPlatform
[2018.10.25-16.04.41:800][  0]LogTemp: Display: Loaded TP AndroidTargetPlatform
[2018.10.25-16.04.41:800][  0]LogTemp: Display: Loaded TP AndroidTargetPlatform
[2018.10.25-16.04.41:800][  0]LogTemp: Display: Loaded TP AndroidTargetPlatform
[2018.10.25-16.04.41:800][  0]LogTemp: Display: Loaded TP AndroidTargetPlatform
[2018.10.25-16.04.41:800][  0]LogTemp: Display: Loaded TP AndroidTargetPlatform
[2018.10.25-16.04.41:800][  0]LogTemp: Display: Loaded TP AndroidTargetPlatform
[2018.10.25-16.04.41:800][  0]LogTemp: Display: Loaded TP AndroidTargetPlatform
[2018.10.25-16.04.41:800][  0]LogTemp: Display: Loaded TP AndroidTargetPlatform
[2018.10.25-16.04.41:800][  0]LogTemp: Display: Loaded TP AndroidTargetPlatform
[2018.10.25-16.04.41:800][  0]LogTemp: Display: Loaded TP AndroidTargetPlatform
[2018.10.25-16.04.41:800][  0]LogTemp: Display: Loaded TP AndroidTargetPlatform
[2018.10.25-16.04.41:800][  0]LogTemp: Display: Loaded TP AndroidTargetPlatform
[2018.10.25-16.04.41:800][  0]LogTemp: Display: Loaded TP AndroidTargetPlatform
[2018.10.25-16.04.41:800][  0]LogTemp: Display: Loaded TP AndroidTargetPlatform
[2018.10.25-16.04.41:800][  0]LogTemp: Display: Loaded TP AndroidTargetPlatform
[2018.10.25-16.04.41:802][  0]LogTemp: Display: Loaded TP HTML5TargetPlatform
[2018.10.25-16.04.41:877][  0]LogTemp: Display: Loaded TP IOSTargetPlatform
[2018.10.25-16.04.41:877][  0]LogTemp: Display: Loaded TP IOSTargetPlatform
[2018.10.25-16.04.41:915][  0]LogTemp: Display: Loaded TP TVOSTargetPlatform
[2018.10.25-16.04.41:915][  0]LogTemp: Display: Loaded TP TVOSTargetPlatform
[2018.10.25-16.04.41:935][  0]LogTemp: Display: Loaded TP LinuxClientTargetPlatform
[2018.10.25-16.04.41:956][  0]LogTemp: Display: Loaded TP LinuxNoEditorTargetPlatform
[2018.10.25-16.04.41:976][  0]LogTemp: Display: Loaded TP LinuxServerTargetPlatform
[2018.10.25-16.04.41:998][  0]LogTemp: Display: Loaded TP LinuxTargetPlatform
[2018.10.25-16.04.42:013][  0]LogTemp: Display: Loaded TP LuminTargetPlatform
[2018.10.25-16.04.42:013][  0]LogTargetPlatformManager: Display: Building Assets For Windows
[2018.10.25-16.04.42:076][  0]LogXGEController: Cleaning working directory: C:/Users/Rayray/AppData/Local/Temp/UnrealXGEWorkingDir/
[2018.10.25-16.04.42:076][  0]LogXGEController: Cannot use XGE Controller as Incredibuild is not installed on this machine.
[2018.10.25-16.04.42:076][  0]LogShaderCompilers: Cannot use XGE Shader Compiler as Incredibuild is not installed on this machine.
[2018.10.25-16.04.42:076][  0]LogShaderCompilers: Display: Using Local Shader Compiler.
[2018.10.25-16.04.43:736][  0]LogDerivedDataCache: Display: Max Cache Size: 512 MB
[2018.10.25-16.04.43:860][  0]LogDerivedDataCache: Loaded boot cache 0.12s 73MB C:/Users/Rayray/AppData/Local/UnrealEngine/4.20/DerivedDataCache/Boot.ddc.
[2018.10.25-16.04.43:860][  0]LogDerivedDataCache: Display: Loaded Boot cache: C:/Users/Rayray/AppData/Local/UnrealEngine/4.20/DerivedDataCache/Boot.ddc
[2018.10.25-16.04.43:860][  0]LogDerivedDataCache: FDerivedDataBackendGraph:  Pak pak cache file ../../../../../controliegit/controliegame/ControliePractice/DerivedDataCache/DDC.ddp not found, will not use a pak cache.
[2018.10.25-16.04.43:860][  0]LogDerivedDataCache: Unable to find inner node Pak for hierarchical cache Hierarchy.
[2018.10.25-16.04.43:860][  0]LogDerivedDataCache: FDerivedDataBackendGraph:  CompressedPak pak cache file ../../../../../controliegit/controliegame/ControliePractice/DerivedDataCache/Compressed.ddp not found, will not use a pak cache.
[2018.10.25-16.04.43:861][  0]LogDerivedDataCache: Unable to find inner node CompressedPak for hierarchical cache Hierarchy.
[2018.10.25-16.04.43:880][  0]LogDerivedDataCache: Display: Pak cache opened for reading ../../../Engine/DerivedDataCache/Compressed.ddp.
[2018.10.25-16.04.43:893][  0]LogDerivedDataCache: Using Local data cache path C:/Users/Rayray/AppData/Local/UnrealEngine/Common/DerivedDataCache: Writable
[2018.10.25-16.04.43:893][  0]LogDerivedDataCache: Shared data cache path not found in *engine.ini, will not use an Shared cache.
[2018.10.25-16.04.43:893][  0]LogDerivedDataCache: Unable to find inner node Shared for hierarchical cache Hierarchy.
[2018.10.25-16.04.43:921][  0]LogMaterial: Verifying Global Shaders for PCD3D_SM5
[2018.10.25-16.04.43:923][  0]LogSlate: Using FreeType 2.6.0
[2018.10.25-16.04.43:927][  0]LogSlate: SlateFontServices - WITH_FREETYPE: 1, WITH_HARFBUZZ: 1
[2018.10.25-16.04.44:152][  0]LogAssetRegistry: FAssetRegistry took 0.0315 seconds to start up
[2018.10.25-16.04.44:674][  0]LogInit: Selected Device Profile: [Windows]
[2018.10.25-16.04.44:850][  0]LogSimplygon: Simplygon DLL not present - disabling.
[2018.10.25-16.04.44:853][  0]LogMeshReduction: Using SimplygonSwarm for distributed automatic mesh merging
[2018.10.25-16.04.44:853][  0]LogMeshReduction: Using ProxyLODMeshReduction for automatic mesh merging
[2018.10.25-16.04.44:853][  0]LogMeshReduction: Using QuadricMeshReduction for automatic static mesh reduction
[2018.10.25-16.04.44:853][  0]LogMeshReduction: No automatic skeletal mesh reduction module available
[2018.10.25-16.04.44:888][  0]LogNetVersion: ControliePractice 1.0.0, NetCL: 4212847, EngineNetVer: 5, GameNetVer: 0 (Checksum: 2409719994)
[2018.10.25-16.04.45:780][  0]LogPackageLocalizationCache: Processed 13 localized package path(s) for 2 prioritized culture(s) in 0.194457 seconds
[2018.10.25-16.04.45:788][  0]LogUObjectArray: 38425 objects as part of root set at end of initial load.
[2018.10.25-16.04.45:788][  0]LogUObjectAllocator: 6690864 out of 0 bytes used by permanent object pool.
[2018.10.25-16.04.45:788][  0]LogUObjectArray: CloseDisregardForGC: 0/0 objects in disregard for GC pool
[2018.10.25-16.04.48:118][  0]LogTcpMessaging: Initializing TcpMessaging bridge
[2018.10.25-16.04.48:132][  0]LogUdpMessaging: Initializing bridge on interface 0.0.0.0:0 to multicast group 230.0.0.1:6666.
[2018.10.25-16.04.48:330][  0]SourceControl: Source control is disabled
[2018.10.25-16.04.48:330][  0]SourceControl: Source control is disabled
[2018.10.25-16.04.48:332][  0]SourceControl: Source control is disabled
[2018.10.25-16.04.48:333][  0]SourceControl: Source control is disabled
[2018.10.25-16.04.48:537][  0]LogAndroidPermission: UAndroidPermissionCallbackProxy::GetInstance
[2018.10.25-16.04.48:692][  0]LogOcInput: OculusInput pre-init called
[2018.10.25-16.04.51:480][  0]LogEngine: Initializing Engine...
[2018.10.25-16.04.51:541][  0]LogHMD: Failed to initialize OpenVR with code 108
[2018.10.25-16.04.51:543][  0]LogStats: UGameplayTagsManager::ConstructGameplayTagTree: ImportINI prefixes -  0.000 s
[2018.10.25-16.04.51:543][  0]LogStats: UGameplayTagsManager::ConstructGameplayTagTree: Construct from data asset -  0.000 s
[2018.10.25-16.04.51:544][  0]LogStats: UGameplayTagsManager::ConstructGameplayTagTree: ImportINI -  0.000 s
[2018.10.25-16.04.51:544][  0]LogStats: UGameplayTagsManager::ConstructGameplayTagTree: GameplayTagTreeChangedEvent.Broadcast -  0.000 s
[2018.10.25-16.04.51:818][  0]LogInit: Initializing FReadOnlyCVARCache
[2018.10.25-16.04.51:831][  0]LogAIModule: Creating AISystem for world Untitled
[2018.10.25-16.04.51:872][  0]LogInit: XAudio2 using 'Speakers (Realtek High Definition Audio)' : 2 channels at 48 kHz using 32 bits per sample (channel mask 0x3)
[2018.10.25-16.04.51:924][  0]LogInit: FAudioDevice initialized.
[2018.10.25-16.04.51:925][  0]LogNetVersion: Set ProjectVersion to 1.0.0.0. Version Checksum will be recalculated on next use.
[2018.10.25-16.04.52:037][  0]LogDerivedDataCache: Saved boot cache 0.11s 73MB C:/Users/Rayray/AppData/Local/UnrealEngine/4.20/DerivedDataCache/Boot.ddc.
[2018.10.25-16.04.52:050][  0]LogInit: Texture streaming: Enabled
[2018.10.25-16.04.52:073][  0]LogEngineSessionManager: EngineSessionManager initialized
[2018.10.25-16.04.52:091][  0]LogInit: Transaction tracking system initialized
[2018.10.25-16.04.52:112][  0]BlueprintLog: New page: Editor Load
[2018.10.25-16.04.52:199][  0]LocalizationService: Localization service is disabled
[2018.10.25-16.04.52:373][  0]LogLinker: Warning: Can't find file '/Game/SideScRolePlay/BluePrints/NewBlueprint'
[2018.10.25-16.04.52:373][  0]LogLinker: Warning: Can't find file '/Game/SideScRolePlay/BluePrints/NewBlueprint'
[2018.10.25-16.04.52:373][  0]LogUObjectGlobals: Warning: Failed to find object 'Class /Game/SideScRolePlay/BluePrints/NewBlueprint.NewBlueprint_C'
[2018.10.25-16.04.52:932][  0]LogCook: Display: Max memory allowance for cook 16384mb min free memory 0mb
[2018.10.25-16.04.52:932][  0]LogCook: Display: Mobile HDR setting 1
[2018.10.25-16.04.52:932][  0]LogGameplayTags: Display: UGameplayTagsManager::DoneAddingNativeTags. DelegateIsBound: 0
[2018.10.25-16.04.52:932][  0]LogStats: UGameplayTagsManager::ConstructGameplayTagTree: ImportINI prefixes -  0.000 s
[2018.10.25-16.04.52:932][  0]LogStats: UGameplayTagsManager::ConstructGameplayTagTree: Construct from data asset -  0.000 s
[2018.10.25-16.04.52:933][  0]LogStats: UGameplayTagsManager::ConstructGameplayTagTree: ImportINI -  0.000 s
[2018.10.25-16.04.52:933][  0]LogStats: UGameplayTagsManager::ConstructGameplayTagTree: GameplayTagTreeChangedEvent.Broadcast -  0.000 s
[2018.10.25-16.04.53:127][  0]LogFileCache: Scanning file cache for directory 'E:/controliegit/controliegame/ControliePractice/Content/' took 0.04s
[2018.10.25-16.04.54:933][  0]SourceControl: Source control is disabled
[2018.10.25-16.04.54:933][  0]Cmd: MAP LOAD FILE="../../../../../controliegit/controliegame/ControliePractice/Content/Controlie/Levels/ControlieLand.umap" TEMPLATE=0 SHOWPROGRESS=1 FEATURELEVEL=3
[2018.10.25-16.04.54:939][  0]LightingResults: New page: Lighting Build
[2018.10.25-16.04.54:942][  0]MapCheck: New page: Map Check
[2018.10.25-16.04.54:942][  0]LightingResults: New page: Lighting Build
[2018.10.25-16.04.55:497][  0]LogBlueprint: Warning: [Compiler ControlieCharacter] Character.ArrowComponent is not blueprint visible (BlueprintReadOnly or BlueprintReadWrite). Please fix mark up or cease accessing as this will be made an error in a future release.  Get ArrowComponent
[2018.10.25-16.04.55:506][  0]LogBlueprint: Warning: [Compiler ControlieCharacter] [0028.34] Compile of ControlieCharacter successful, but with 1 Warning(s) [in 27 ms] (/Game/Controlie/CameraCharacter/ControlieCharacter.ControlieCharacter)
[2018.10.25-16.04.57:260][  0]LogAIModule: Creating AISystem for world ControlieLand
[2018.10.25-16.04.58:400][  0]LogStreaming: Display: ULevelStreaming::RequestLevel(/Game/Controlie/Levels/Stream1) is flushing async loading
[2018.10.25-16.04.58:400][  0]LogStreaming: Display: Flushing async loaders.
[2018.10.25-16.04.58:444][  0]LogEditorServer: Finished looking for orphan Actors (0.000 secs)
[2018.10.25-16.04.58:573][  0]Cmd: MAP CHECKDEP NOCLEARLOG
[2018.10.25-16.04.58:708][  0]MapCheck: Map check complete: 0 Error(s), 0 Warning(s), took 134.463ms to complete.
[2018.10.25-16.04.58:708][  0]LogFileHelpers: Loading map 'ControlieLand' took 3.775
[2018.10.25-16.04.58:850][  0]LogSlate: Updating window title bar state: overlay mode, drag disabled, window buttons hidden, title bar hidden
[2018.10.25-16.04.58:860][  0]LogSlate: Updating window title bar state: overlay mode, drag disabled, window buttons hidden, title bar hidden
[2018.10.25-16.04.58:871][  0]LogSlate: Updating window title bar state: overlay mode, drag disabled, window buttons hidden, title bar hidden
[2018.10.25-16.04.58:881][  0]LogSlate: Updating window title bar state: overlay mode, drag disabled, window buttons hidden, title bar hidden
[2018.10.25-16.04.58:888][  0]LogCollectionManager: Loaded 0 collections in 0.001380 seconds
[2018.10.25-16.04.58:941][  0]LogFileCache: Scanning file cache for directory 'E:/controliegit/controliegame/ControliePractice/Saved/Collections/' took 0.01s
[2018.10.25-16.04.58:941][  0]LogFileCache: Scanning file cache for directory 'E:/controliegit/controliegame/ControliePractice/Content/Developers/Rayray/Collections/' took 0.01s
[2018.10.25-16.04.58:941][  0]LogFileCache: Scanning file cache for directory 'E:/controliegit/controliegame/ControliePractice/Content/Collections/' took 0.01s
[2018.10.25-16.04.58:941][  0]LogCollectionManager: Rebuilt the GUID cache for 0 collections in 0.000000 seconds
[2018.10.25-16.04.58:958][  0]LogContentBrowser: Native class hierarchy populated in 0.0167 seconds. Added 2628 classes and 631 folders.
[2018.10.25-16.04.58:967][  0]LogContentBrowser: Native class hierarchy updated for 'WidgetCarousel' in 0.0003 seconds. Added 0 classes and 0 folders.
[2018.10.25-16.04.59:110][  0]LogContentBrowser: Native class hierarchy updated for 'AddContentDialog' in 0.0004 seconds. Added 0 classes and 0 folders.
[2018.10.25-16.04.59:116][  0]LogContentBrowser: Native class hierarchy updated for 'SceneOutliner' in 0.0005 seconds. Added 1 classes and 2 folders.
[2018.10.25-16.04.59:294][  0]LogContentBrowser: Native class hierarchy updated for 'HierarchicalLODOutliner' in 0.0004 seconds. Added 0 classes and 0 folders.
[2018.10.25-16.04.59:295][  0]LogLoad: (Engine Initialization) Total time: 32.13 seconds
[2018.10.25-16.04.59:295][  0]LogLoad: (Engine Initialization) Total Blueprint compile time: 0.00 seconds
[2018.10.25-16.04.59:305][  0]LogWindowsTextInputMethodSystem: Display: IME system now deactivated.
[2018.10.25-16.04.59:334][  0]LogContentStreaming: Texture pool size now 1000 MB
[2018.10.25-16.04.59:337][  0]LogSlate: Took 0.001144 seconds to synchronously load lazily loaded font '../../../Engine/Content/Slate/Fonts/Roboto-Regular.ttf' (155K)
[2018.10.25-16.04.59:340][  0]LogSlate: Took 0.000839 seconds to synchronously load lazily loaded font '../../../Engine/Content/Slate/Fonts/Roboto-Bold.ttf' (160K)
[2018.10.25-16.04.59:347][  0]LogSlate: Took 0.001061 seconds to synchronously load lazily loaded font '../../../Engine/Content/Editor/Slate/Fonts/FontAwesome.ttf' (139K)
[2018.10.25-16.04.59:523][  0]LogRenderer: Reallocating scene render targets to support 1184x536 Format 26 NumSamples 1 (Frame:1).
[2018.10.25-16.04.59:523][  0]LogSlate: Took 0.002193 seconds to synchronously load lazily loaded font '../../../Engine/Content/Slate/Fonts/Roboto-Light.ttf' (167K)
[2018.10.25-16.04.59:619][  2]LogAssetRegistry: Asset discovery search completed in 15.4900 seconds
[2018.10.25-16.04.59:622][  2]LogCollectionManager: Rebuilt the object cache for 0 collections in 0.000000 seconds (found 0 objects)
[2018.10.25-16.04.59:622][  2]LogCollectionManager: Fixed up redirectors for 0 collections in 0.000078 seconds (updated 0 objects)
[2018.10.25-16.05.03:001][ 72]LogSlate: FSceneViewport::OnFocusLost() reason 0
[2018.10.25-16.09.53:741][475]LogSlate: Took 0.000369 seconds to synchronously load lazily loaded font '../../../Engine/Content/Slate/Fonts/Roboto-Light.ttf' (167K)
[2018.10.25-16.09.53:807][475]LogSavePackage: Moving '../../../../../controliegit/controliegame/ControliePractice/Saved/ThirdPerson_Jump_Montage8E2749E541855290736B7FBC675CCE80.tmp' to '../../../../../controliegit/controliegame/ControliePractice/Content/Mannequin/Animations/ThirdPerson_Jump_Montage.uasset'
[2018.10.25-16.10.28:457][ 33]LogAssetEditorManager: Opening Asset editor for Blueprint /Game/Controlie/AIS/AIS_Character.AIS_Character
[2018.10.25-16.10.29:205][ 33]LogContentBrowser: Native class hierarchy updated for 'BlueprintGraph' in 0.0010 seconds. Added 116 classes and 0 folders.
[2018.10.25-16.10.30:519][ 33]LogSlate: Took 0.001095 seconds to synchronously load lazily loaded font '../../../Engine/Content/Slate/Fonts/Roboto-BoldCondensed.ttf' (158K)
[2018.10.25-16.10.30:816][ 34]LogSlate: Took 0.001051 seconds to synchronously load lazily loaded font '../../../Engine/Content/Slate/Fonts/Roboto-Italic.ttf' (157K)
[2018.10.25-16.10.41:457][726]LogAssetEditorManager: Opening Asset editor for AnimBlueprint /Game/Mannequin/Animations/ThirdPerson_AnimBP.ThirdPerson_AnimBP
[2018.10.25-16.10.41:472][726]LogContentBrowser: Native class hierarchy updated for 'SkeletonEditor' in 0.0004 seconds. Added 1 classes and 2 folders.
[2018.10.25-16.10.41:728][726]LogActorComponent: RegisterComponentWithWorld: (/Engine/Transient.World_11:PersistentLevel.AnimationEditorPreviewActor_0.DebugSkelMeshComponent_0) Already registered. Aborting.
[2018.10.25-16.10.41:731][726]LogContentBrowser: Native class hierarchy updated for 'PinnedCommandList' in 0.0003 seconds. Added 1 classes and 0 folders.
[2018.10.25-16.10.42:161][726]LogSkeletalMesh: USkeletalMeshComponent::InitArticulated : Bodies already created (/Engine/Transient.World_11:PersistentLevel.AnimationEditorPreviewActor_0.DebugSkelMeshComponent_0) - call TermArticulated first.
[2018.10.25-16.10.42:618][726]LogContentBrowser: Native class hierarchy updated for 'ClothingSystemEditorInterface' in 0.0004 seconds. Added 1 classes and 0 folders.
[2018.10.25-16.11.02:432][831]BlueprintLog: New page: Compile ThirdPerson_AnimBP
[2018.10.25-16.11.02:984][831]LogSavePackage: Moving '../../../../../controliegit/controliegame/ControliePractice/Saved/ThirdPerson_AnimBP438920A74721BC726F62EEB6F0FEF84C.tmp' to '../../../../../controliegit/controliegame/ControliePractice/Content/Mannequin/Animations/ThirdPerson_AnimBP.uasset'
[2018.10.25-16.13.11:005][985]BlueprintLog: New page: Compile ThirdPerson_AnimBP
[2018.10.25-16.13.11:508][985]LogSavePackage: Moving '../../../../../controliegit/controliegame/ControliePractice/Saved/ThirdPerson_AnimBP06E9FACD40E6F7CBF12099B4F25F49F7.tmp' to '../../../../../controliegit/controliegame/ControliePractice/Content/Mannequin/Animations/ThirdPerson_AnimBP.uasset'
[2018.10.25-16.13.12:392][ 68]LogSavePackage: Moving '../../../../../controliegit/controliegame/ControliePractice/Saved/ThirdPerson_AnimBPB5144C79423945D8F62CC3853233E39C.tmp' to '../../../../../controliegit/controliegame/ControliePractice/Content/Mannequin/Animations/ThirdPerson_AnimBP.uasset'
[2018.10.25-16.13.17:756][588]LogAIModule: Creating AISystem for world AISLevel
[2018.10.25-16.13.17:767][588]LogAssetEditorManager: Opening Asset editor for World /Game/Controlie/Levels/AISLevel.AISLevel
[2018.10.25-16.13.17:886][588]Cmd: MAP LOAD FILE="../../../../../controliegit/controliegame/ControliePractice/Content/Controlie/Levels/AISLevel.umap" TEMPLATE=0 SHOWPROGRESS=1 FEATURELEVEL=3
[2018.10.25-16.13.17:886][588]LightingResults: New page: Lighting Build
[2018.10.25-16.13.17:887][588]LoadErrors: New page: Loading map: AISLevel.umap
[2018.10.25-16.13.17:890][588]MapCheck: New page: Map Check
[2018.10.25-16.13.17:890][588]LightingResults: New page: Lighting Build
[2018.10.25-16.13.18:183][588]LogEditorServer: Finished looking for orphan Actors (0.000 secs)
[2018.10.25-16.13.18:380][588]Cmd: MAP CHECKDEP NOCLEARLOG
[2018.10.25-16.13.18:546][588]MapCheck: Map check complete: 0 Error(s), 0 Warning(s), took 165.339ms to complete.
[2018.10.25-16.13.18:551][588]LogFileHelpers: Loading map 'AISLevel' took 0.666
[2018.10.25-16.13.21:778][948]LogTemp: Repeating last play command: Simulate
[2018.10.25-16.13.21:841][948]LogBlueprintUserMessages: Early PlayInEditor Detection: Level '/Game/Controlie/Levels/AISLevel.AISLevel:PersistentLevel' has LevelScriptBlueprint '/Game/Controlie/Levels/AISLevel.AISLevel:PersistentLevel.AISLevel' with GeneratedClass '/Game/Controlie/Levels/AISLevel.AISLevel_C' with ClassGeneratedBy '/Game/Controlie/Levels/AISLevel.AISLevel:PersistentLevel.AISLevel'
[2018.10.25-16.13.21:842][948]LogPlayLevel: PlayLevel: No blueprints needed recompiling
[2018.10.25-16.13.21:854][948]PIE: New page: SIE session: AISLevel (Oct 25, 2018, 6:13:21 AM)
[2018.10.25-16.13.21:854][948]LogPlayLevel: Creating play world package: /Game/Controlie/Levels/UEDPIE_0_AISLevel
[2018.10.25-16.13.21:865][948]LogPlayLevel: PIE: StaticDuplicateObject took: (0.010330s)
[2018.10.25-16.13.21:865][948]LogAIModule: Creating AISystem for world AISLevel
[2018.10.25-16.13.21:866][948]LogPlayLevel: PIE: World Init took: (0.000825s)
[2018.10.25-16.13.21:866][948]LogPlayLevel: PIE: Created PIE world by copying editor world from /Game/Controlie/Levels/AISLevel.AISLevel to /Game/Controlie/Levels/UEDPIE_0_AISLevel.AISLevel (0.011331s)
[2018.10.25-16.13.22:003][948]LogInit: XAudio2 using 'Speakers (Realtek High Definition Audio)' : 2 channels at 48 kHz using 32 bits per sample (channel mask 0x3)
[2018.10.25-16.13.22:024][948]LogInit: FAudioDevice initialized.
[2018.10.25-16.13.22:073][948]LogLoad: Game class is 'CameraCharacterGameMode_C'
[2018.10.25-16.13.22:077][948]LogWorld: Bringing World /Game/Controlie/Levels/UEDPIE_0_AISLevel.AISLevel up for play (max tick rate 0) at 2018.10.25-11.13.22
[2018.10.25-16.13.22:078][948]LogWorld: Bringing up level for play took: 0.003883
[2018.10.25-16.13.22:101][948]LogContentBrowser: Native class hierarchy updated for 'MovieSceneCapture' in 0.0005 seconds. Added 10 classes and 0 folders.
[2018.10.25-16.13.22:106][948]PIE: Play in editor start time for /Game/Controlie/Levels/UEDPIE_0_AISLevel 0.108
[2018.10.25-16.13.22:116][948]LogBlueprintUserMessages: Late PlayInEditor Detection: Level '/Game/Controlie/Levels/AISLevel.AISLevel:PersistentLevel' has LevelScriptBlueprint '/Game/Controlie/Levels/AISLevel.AISLevel:PersistentLevel.AISLevel' with GeneratedClass '/Game/Controlie/Levels/AISLevel.AISLevel_C' with ClassGeneratedBy '/Game/Controlie/Levels/AISLevel.AISLevel:PersistentLevel.AISLevel'
[2018.10.25-16.13.25:798][215]LogActor: Warning: PlantFoodItem_C_3 is outside the world bounds!
[2018.10.25-16.13.29:797][588]LogActor: Warning: PlantFoodItem_C_7 is outside the world bounds!
[2018.10.25-16.13.31:797][787]LogActor: Warning: PlantFoodItem_C_9 is outside the world bounds!
[2018.10.25-16.13.39:798][540]LogActor: Warning: PlantFoodItem_C_16 is outside the world bounds!
[2018.10.25-16.13.39:798][540]LogActor: Warning: PlantFoodItem_C_17 is outside the world bounds!
[2018.10.25-16.13.40:132][571]PIE: Warning: Invalid Simulate Options: Body (PlantFoodItem_C_13.StaticMesh truffle) is set to simulate physics but Collision Enabled is incompatible
[2018.10.25-16.13.40:132][571]PIE: Warning: Invalid Simulate Options: Body (PlantFoodItem_C_13.StaticMesh truffle) is set to simulate physics but Collision Enabled is incompatible
[2018.10.25-16.13.42:065][724]LogSlate: FSceneViewport::OnFocusLost() reason 0
[2018.10.25-16.13.42:151][733]LogBlueprintUserMessages: Early EndPlayMap Detection: Level '/Game/Controlie/Levels/AISLevel.AISLevel:PersistentLevel' has LevelScriptBlueprint '/Game/Controlie/Levels/AISLevel.AISLevel:PersistentLevel.AISLevel' with GeneratedClass '/Game/Controlie/Levels/AISLevel.AISLevel_C' with ClassGeneratedBy '/Game/Controlie/Levels/AISLevel.AISLevel:PersistentLevel.AISLevel'
[2018.10.25-16.13.42:152][733]LogSlate: Updating window title bar state: overlay mode, drag disabled, window buttons hidden, title bar hidden
[2018.10.25-16.13.42:197][733]LogPlayLevel: Display: Shutting down PIE online subsystems
[2018.10.25-16.13.42:197][733]LogBlueprintUserMessages: Late EndPlayMap Detection: Level '/Game/Controlie/Levels/AISLevel.AISLevel:PersistentLevel' has LevelScriptBlueprint '/Game/Controlie/Levels/AISLevel.AISLevel:PersistentLevel.AISLevel' with GeneratedClass '/Game/Controlie/Levels/AISLevel.AISLevel_C' with ClassGeneratedBy '/Game/Controlie/Levels/AISLevel.AISLevel:PersistentLevel.AISLevel'
[2018.10.25-16.13.42:332][733]LogSlate: Updating window title bar state: overlay mode, drag disabled, window buttons hidden, title bar hidden
[2018.10.25-16.13.42:381][734]LogPlayLevel: Display: Destroying online subsystem :Context_15
[2018.10.25-16.15.48:949][110]BlueprintLog: New page: Compile ThirdPerson_AnimBP
[2018.10.25-16.15.49:437][110]LogSavePackage: Moving '../../../../../controliegit/controliegame/ControliePractice/Saved/ThirdPerson_AnimBP71CEAE6F4ED710F34EE9CBA697F31311.tmp' to '../../../../../controliegit/controliegame/ControliePractice/Content/Mannequin/Animations/ThirdPerson_AnimBP.uasset'
[2018.10.25-16.16.40:356][599]LogAssetEditorManager: Opening Asset editor for BlendSpace1D /Game/Mannequin/Animations/ThirdPerson_IdleRun_2D.ThirdPerson_IdleRun_2D
[2018.10.25-16.16.40:373][599]LogActorComponent: RegisterComponentWithWorld: (/Engine/Transient.World_14:PersistentLevel.AnimationEditorPreviewActor_0.DebugSkelMeshComponent_0) Already registered. Aborting.
[2018.10.25-16.16.40:444][599]LogSkeletalMesh: USkeletalMeshComponent::InitArticulated : Bodies already created (/Engine/Transient.World_14:PersistentLevel.AnimationEditorPreviewActor_0.DebugSkelMeshComponent_0) - call TermArticulated first.
[2018.10.25-16.16.41:021][599]LogContentBrowser: Verbose: The majority of assets in the view are of type: AnimSequence
[2018.10.25-16.16.57:651][894]LogAssetEditorManager: Opening Asset editor for AnimMontage /Game/Mannequin/Animations/ThirdPerson_Jump_Montage.ThirdPerson_Jump_Montage
[2018.10.25-16.17.06:292][546]LogSlate: Window 'ThirdPerson_Jump_Montage' being destroyed
[2018.10.25-16.18.09:268][168]BlueprintLog: New page: Compile ThirdPerson_AnimBP
[2018.10.25-16.18.09:782][168]LogSavePackage: Moving '../../../../../controliegit/controliegame/ControliePractice/Saved/ThirdPerson_AnimBP034797084E738D8BB5E02A96CE51FF95.tmp' to '../../../../../controliegit/controliegame/ControliePractice/Content/Mannequin/Animations/ThirdPerson_AnimBP.uasset'
[2018.10.25-16.18.10:142][190]LogSavePackage: Moving '../../../../../controliegit/controliegame/ControliePractice/Saved/ThirdPerson_AnimBPA4DC5E224F13E8A938B04582D37EE4F0.tmp' to '../../../../../controliegit/controliegame/ControliePractice/Content/Mannequin/Animations/ThirdPerson_AnimBP.uasset'
[2018.10.25-16.18.16:514][918]LogTemp: Repeating last play command: Simulate
[2018.10.25-16.18.16:560][918]LogBlueprintUserMessages: Early PlayInEditor Detection: Level '/Game/Controlie/Levels/AISLevel.AISLevel:PersistentLevel' has LevelScriptBlueprint '/Game/Controlie/Levels/AISLevel.AISLevel:PersistentLevel.AISLevel' with GeneratedClass '/Game/Controlie/Levels/AISLevel.AISLevel_C' with ClassGeneratedBy '/Game/Controlie/Levels/AISLevel.AISLevel:PersistentLevel.AISLevel'
[2018.10.25-16.18.16:561][918]LogPlayLevel: PlayLevel: No blueprints needed recompiling
[2018.10.25-16.18.16:561][918]PIE: New page: SIE session: AISLevel (Oct 25, 2018, 6:18:16 AM)
[2018.10.25-16.18.16:561][918]LogPlayLevel: Creating play world package: /Game/Controlie/Levels/UEDPIE_0_AISLevel
[2018.10.25-16.18.16:569][918]LogPlayLevel: PIE: StaticDuplicateObject took: (0.008034s)
[2018.10.25-16.18.16:570][918]LogAIModule: Creating AISystem for world AISLevel
[2018.10.25-16.18.16:570][918]LogPlayLevel: PIE: World Init took: (0.000829s)
[2018.10.25-16.18.16:570][918]LogPlayLevel: PIE: Created PIE world by copying editor world from /Game/Controlie/Levels/AISLevel.AISLevel to /Game/Controlie/Levels/UEDPIE_0_AISLevel.AISLevel (0.009014s)
[2018.10.25-16.18.16:716][918]LogInit: XAudio2 using 'Speakers (Realtek High Definition Audio)' : 2 channels at 48 kHz using 32 bits per sample (channel mask 0x3)
[2018.10.25-16.18.16:735][918]LogInit: FAudioDevice initialized.
[2018.10.25-16.18.16:770][918]LogLoad: Game class is 'CameraCharacterGameMode_C'
[2018.10.25-16.18.16:773][918]LogWorld: Bringing World /Game/Controlie/Levels/UEDPIE_0_AISLevel.AISLevel up for play (max tick rate 0) at 2018.10.25-11.18.16
[2018.10.25-16.18.16:774][918]LogWorld: Bringing up level for play took: 0.002729
[2018.10.25-16.18.16:791][918]PIE: Play in editor start time for /Game/Controlie/Levels/UEDPIE_0_AISLevel 0.794
[2018.10.25-16.18.16:795][918]LogBlueprintUserMessages: Late PlayInEditor Detection: Level '/Game/Controlie/Levels/AISLevel.AISLevel:PersistentLevel' has LevelScriptBlueprint '/Game/Controlie/Levels/AISLevel.AISLevel:PersistentLevel.AISLevel' with GeneratedClass '/Game/Controlie/Levels/AISLevel.AISLevel_C' with ClassGeneratedBy '/Game/Controlie/Levels/AISLevel.AISLevel:PersistentLevel.AISLevel'
[2018.10.25-16.18.20:537][136]LogActor: Warning: PlantFoodItem_C_2 is outside the world bounds!
[2018.10.25-16.18.20:537][136]LogActor: Warning: PlantFoodItem_C_3 is outside the world bounds!
[2018.10.25-16.18.26:550][525]LogActor: Warning: PlantFoodItem_C_9 is outside the world bounds!
[2018.10.25-16.18.30:467][817]PIE: Warning: Invalid Simulate Options: Body (PlantFoodItem_C_0.StaticMesh truffle) is set to simulate physics but Collision Enabled is incompatible
[2018.10.25-16.18.30:467][817]PIE: Warning: Invalid Simulate Options: Body (PlantFoodItem_C_0.StaticMesh truffle) is set to simulate physics but Collision Enabled is incompatible
[2018.10.25-16.18.36:536][313]LogActor: Warning: PlantFoodItem_C_18 is outside the world bounds!
[2018.10.25-16.18.40:537][656]LogActor: Warning: PlantFoodItem_C_22 is outside the world bounds!
[2018.10.25-16.18.42:531][826]LogActor: Warning: PlantFoodItem_C_24 is outside the world bounds!
[2018.10.25-16.18.42:655][836]PIE: Warning: Invalid Simulate Options: Body (PlantFoodItem_C_5.StaticMesh truffle) is set to simulate physics but Collision Enabled is incompatible
[2018.10.25-16.18.42:655][836]PIE: Warning: Invalid Simulate Options: Body (PlantFoodItem_C_5.StaticMesh truffle) is set to simulate physics but Collision Enabled is incompatible
[2018.10.25-16.18.43:466][900]LogBlueprintUserMessages: Early EndPlayMap Detection: Level '/Game/Controlie/Levels/AISLevel.AISLevel:PersistentLevel' has LevelScriptBlueprint '/Game/Controlie/Levels/AISLevel.AISLevel:PersistentLevel.AISLevel' with GeneratedClass '/Game/Controlie/Levels/AISLevel.AISLevel_C' with ClassGeneratedBy '/Game/Controlie/Levels/AISLevel.AISLevel:PersistentLevel.AISLevel'
[2018.10.25-16.18.43:467][900]LogSlate: Updating window title bar state: overlay mode, drag disabled, window buttons hidden, title bar hidden
[2018.10.25-16.18.43:508][900]LogPlayLevel: Display: Shutting down PIE online subsystems
[2018.10.25-16.18.43:509][900]LogBlueprintUserMessages: Late EndPlayMap Detection: Level '/Game/Controlie/Levels/AISLevel.AISLevel:PersistentLevel' has LevelScriptBlueprint '/Game/Controlie/Levels/AISLevel.AISLevel:PersistentLevel.AISLevel' with GeneratedClass '/Game/Controlie/Levels/AISLevel.AISLevel_C' with ClassGeneratedBy '/Game/Controlie/Levels/AISLevel.AISLevel:PersistentLevel.AISLevel'
[2018.10.25-16.18.43:625][900]LogSlate: Updating window title bar state: overlay mode, drag disabled, window buttons hidden, title bar hidden
[2018.10.25-16.18.43:675][901]LogPlayLevel: Display: Destroying online subsystem :Context_18
[2018.10.25-16.18.57:839][ 24]LogSlate: FSceneViewport::OnFocusLost() reason 0
[2018.10.25-16.19.07:076][ 64]BlueprintLog: New page: Compile ThirdPerson_AnimBP
[2018.10.25-16.19.07:566][ 64]LogSavePackage: Moving '../../../../../controliegit/controliegame/ControliePractice/Saved/ThirdPerson_AnimBP567848FE46B207FD6DD565BFFC2029DA.tmp' to '../../../../../controliegit/controliegame/ControliePractice/Content/Mannequin/Animations/ThirdPerson_AnimBP.uasset'
[2018.10.25-16.19.08:273][129]LogSavePackage: Moving '../../../../../controliegit/controliegame/ControliePractice/Saved/ThirdPerson_AnimBP1633D1FC42CA6BC5A513BF92FA704A10.tmp' to '../../../../../controliegit/controliegame/ControliePractice/Content/Mannequin/Animations/ThirdPerson_AnimBP.uasset'
[2018.10.25-16.19.09:711][295]LogTemp: Repeating last play command: Simulate
[2018.10.25-16.19.09:754][295]LogBlueprintUserMessages: Early PlayInEditor Detection: Level '/Game/Controlie/Levels/AISLevel.AISLevel:PersistentLevel' has LevelScriptBlueprint '/Game/Controlie/Levels/AISLevel.AISLevel:PersistentLevel.AISLevel' with GeneratedClass '/Game/Controlie/Levels/AISLevel.AISLevel_C' with ClassGeneratedBy '/Game/Controlie/Levels/AISLevel.AISLevel:PersistentLevel.AISLevel'
[2018.10.25-16.19.09:754][295]LogPlayLevel: PlayLevel: No blueprints needed recompiling
[2018.10.25-16.19.09:754][295]PIE: New page: SIE session: AISLevel (Oct 25, 2018, 6:19:09 AM)
[2018.10.25-16.19.09:754][295]LogPlayLevel: Creating play world package: /Game/Controlie/Levels/UEDPIE_0_AISLevel
[2018.10.25-16.19.09:761][295]LogPlayLevel: PIE: StaticDuplicateObject took: (0.007051s)
[2018.10.25-16.19.09:762][295]LogAIModule: Creating AISystem for world AISLevel
[2018.10.25-16.19.09:762][295]LogPlayLevel: PIE: World Init took: (0.000797s)
[2018.10.25-16.19.09:762][295]LogPlayLevel: PIE: Created PIE world by copying editor world from /Game/Controlie/Levels/AISLevel.AISLevel to /Game/Controlie/Levels/UEDPIE_0_AISLevel.AISLevel (0.007985s)
[2018.10.25-16.19.09:917][295]LogInit: XAudio2 using 'Speakers (Realtek High Definition Audio)' : 2 channels at 48 kHz using 32 bits per sample (channel mask 0x3)
[2018.10.25-16.19.09:934][295]LogInit: FAudioDevice initialized.
[2018.10.25-16.19.09:966][295]LogLoad: Game class is 'CameraCharacterGameMode_C'
[2018.10.25-16.19.09:969][295]LogWorld: Bringing World /Game/Controlie/Levels/UEDPIE_0_AISLevel.AISLevel up for play (max tick rate 0) at 2018.10.25-11.19.09
[2018.10.25-16.19.09:970][295]LogWorld: Bringing up level for play took: 0.003037
[2018.10.25-16.19.09:986][295]PIE: Play in editor start time for /Game/Controlie/Levels/UEDPIE_0_AISLevel -0.012
[2018.10.25-16.19.09:989][295]LogBlueprintUserMessages: Late PlayInEditor Detection: Level '/Game/Controlie/Levels/AISLevel.AISLevel:PersistentLevel' has LevelScriptBlueprint '/Game/Controlie/Levels/AISLevel.AISLevel:PersistentLevel.AISLevel' with GeneratedClass '/Game/Controlie/Levels/AISLevel.AISLevel_C' with ClassGeneratedBy '/Game/Controlie/Levels/AISLevel.AISLevel:PersistentLevel.AISLevel'
[2018.10.25-16.19.13:725][599]LogActor: Warning: PlantFoodItem_C_2 is outside the world bounds!
[2018.10.25-16.19.24:255][699]PIE: Warning: Invalid Simulate Options: Body (PlantFoodItem_C_1.StaticMesh truffle) is set to simulate physics but Collision Enabled is incompatible
[2018.10.25-16.19.24:255][699]PIE: Warning: Invalid Simulate Options: Body (PlantFoodItem_C_1.StaticMesh truffle) is set to simulate physics but Collision Enabled is incompatible
[2018.10.25-16.19.25:630][827]LogBlueprintUserMessages: Early EndPlayMap Detection: Level '/Game/Controlie/Levels/AISLevel.AISLevel:PersistentLevel' has LevelScriptBlueprint '/Game/Controlie/Levels/AISLevel.AISLevel:PersistentLevel.AISLevel' with GeneratedClass '/Game/Controlie/Levels/AISLevel.AISLevel_C' with ClassGeneratedBy '/Game/Controlie/Levels/AISLevel.AISLevel:PersistentLevel.AISLevel'
[2018.10.25-16.19.25:630][827]LogSlate: Updating window title bar state: overlay mode, drag disabled, window buttons hidden, title bar hidden
[2018.10.25-16.19.25:668][827]LogPlayLevel: Display: Shutting down PIE online subsystems
[2018.10.25-16.19.25:669][827]LogBlueprintUserMessages: Late EndPlayMap Detection: Level '/Game/Controlie/Levels/AISLevel.AISLevel:PersistentLevel' has LevelScriptBlueprint '/Game/Controlie/Levels/AISLevel.AISLevel:PersistentLevel.AISLevel' with GeneratedClass '/Game/Controlie/Levels/AISLevel.AISLevel_C' with ClassGeneratedBy '/Game/Controlie/Levels/AISLevel.AISLevel:PersistentLevel.AISLevel'
[2018.10.25-16.19.25:803][827]LogSlate: Updating window title bar state: overlay mode, drag disabled, window buttons hidden, title bar hidden
[2018.10.25-16.19.25:847][828]LogPlayLevel: Display: Destroying online subsystem :Context_19
[2018.10.25-16.19.26:919][946]LogSlate: FSceneViewport::OnFocusLost() reason 0
[2018.10.25-16.19.31:564][472]BlueprintLog: New page: Compile ThirdPerson_AnimBP
[2018.10.25-16.19.32:042][472]LogSavePackage: Moving '../../../../../controliegit/controliegame/ControliePractice/Saved/ThirdPerson_AnimBP47DD63754CD50067C5D2E39E5601D250.tmp' to '../../../../../controliegit/controliegame/ControliePractice/Content/Mannequin/Animations/ThirdPerson_AnimBP.uasset'
[2018.10.25-16.19.32:221][474]LogSavePackage: Moving '../../../../../controliegit/controliegame/ControliePractice/Saved/ThirdPerson_AnimBP2226DDE145E478D5FED376B94D08D531.tmp' to '../../../../../controliegit/controliegame/ControliePractice/Content/Mannequin/Animations/ThirdPerson_AnimBP.uasset'
[2018.10.25-16.19.33:723][647]LogTemp: Repeating last play command: Simulate
[2018.10.25-16.19.33:767][647]LogBlueprintUserMessages: Early PlayInEditor Detection: Level '/Game/Controlie/Levels/AISLevel.AISLevel:PersistentLevel' has LevelScriptBlueprint '/Game/Controlie/Levels/AISLevel.AISLevel:PersistentLevel.AISLevel' with GeneratedClass '/Game/Controlie/Levels/AISLevel.AISLevel_C' with ClassGeneratedBy '/Game/Controlie/Levels/AISLevel.AISLevel:PersistentLevel.AISLevel'
[2018.10.25-16.19.33:767][647]LogPlayLevel: PlayLevel: No blueprints needed recompiling
[2018.10.25-16.19.33:767][647]PIE: New page: SIE session: AISLevel (Oct 25, 2018, 6:19:33 AM)
[2018.10.25-16.19.33:768][647]LogPlayLevel: Creating play world package: /Game/Controlie/Levels/UEDPIE_0_AISLevel
[2018.10.25-16.19.33:775][647]LogPlayLevel: PIE: StaticDuplicateObject took: (0.006956s)
[2018.10.25-16.19.33:775][647]LogAIModule: Creating AISystem for world AISLevel
[2018.10.25-16.19.33:776][647]LogPlayLevel: PIE: World Init took: (0.000839s)
[2018.10.25-16.19.33:776][647]LogPlayLevel: PIE: Created PIE world by copying editor world from /Game/Controlie/Levels/AISLevel.AISLevel to /Game/Controlie/Levels/UEDPIE_0_AISLevel.AISLevel (0.007933s)
[2018.10.25-16.19.33:929][647]LogInit: XAudio2 using 'Speakers (Realtek High Definition Audio)' : 2 channels at 48 kHz using 32 bits per sample (channel mask 0x3)
[2018.10.25-16.19.33:946][647]LogInit: FAudioDevice initialized.
[2018.10.25-16.19.33:978][647]LogLoad: Game class is 'CameraCharacterGameMode_C'
[2018.10.25-16.19.33:981][647]LogWorld: Bringing World /Game/Controlie/Levels/UEDPIE_0_AISLevel.AISLevel up for play (max tick rate 0) at 2018.10.25-11.19.33
[2018.10.25-16.19.33:982][647]LogWorld: Bringing up level for play took: 0.002666
[2018.10.25-16.19.33:998][647]PIE: Play in editor start time for /Game/Controlie/Levels/UEDPIE_0_AISLevel -0
[2018.10.25-16.19.34:001][647]LogBlueprintUserMessages: Late PlayInEditor Detection: Level '/Game/Controlie/Levels/AISLevel.AISLevel:PersistentLevel' has LevelScriptBlueprint '/Game/Controlie/Levels/AISLevel.AISLevel:PersistentLevel.AISLevel' with GeneratedClass '/Game/Controlie/Levels/AISLevel.AISLevel_C' with ClassGeneratedBy '/Game/Controlie/Levels/AISLevel.AISLevel:PersistentLevel.AISLevel'
[2018.10.25-16.19.43:893][691]PIE: Warning: Invalid Simulate Options: Body (PlantFoodItem_C_1.StaticMesh truffle) is set to simulate physics but Collision Enabled is incompatible
[2018.10.25-16.19.43:893][691]PIE: Warning: Invalid Simulate Options: Body (PlantFoodItem_C_1.StaticMesh truffle) is set to simulate physics but Collision Enabled is incompatible
[2018.10.25-16.19.46:198][923]LogBlueprintUserMessages: Early EndPlayMap Detection: Level '/Game/Controlie/Levels/AISLevel.AISLevel:PersistentLevel' has LevelScriptBlueprint '/Game/Controlie/Levels/AISLevel.AISLevel:PersistentLevel.AISLevel' with GeneratedClass '/Game/Controlie/Levels/AISLevel.AISLevel_C' with ClassGeneratedBy '/Game/Controlie/Levels/AISLevel.AISLevel:PersistentLevel.AISLevel'
[2018.10.25-16.19.46:199][923]LogSlate: Updating window title bar state: overlay mode, drag disabled, window buttons hidden, title bar hidden
[2018.10.25-16.19.46:240][923]LogPlayLevel: Display: Shutting down PIE online subsystems
[2018.10.25-16.19.46:240][923]LogBlueprintUserMessages: Late EndPlayMap Detection: Level '/Game/Controlie/Levels/AISLevel.AISLevel:PersistentLevel' has LevelScriptBlueprint '/Game/Controlie/Levels/AISLevel.AISLevel:PersistentLevel.AISLevel' with GeneratedClass '/Game/Controlie/Levels/AISLevel.AISLevel_C' with ClassGeneratedBy '/Game/Controlie/Levels/AISLevel.AISLevel:PersistentLevel.AISLevel'
[2018.10.25-16.19.46:376][923]LogSlate: Updating window title bar state: overlay mode, drag disabled, window buttons hidden, title bar hidden
[2018.10.25-16.19.46:413][924]LogPlayLevel: Display: Destroying online subsystem :Context_20
[2018.10.25-16.19.48:096][113]LogSlate: FSceneViewport::OnFocusLost() reason 0
[2018.10.25-16.19.54:280][806]BlueprintLog: New page: Compile ThirdPerson_AnimBP
[2018.10.25-16.19.54:764][806]LogSavePackage: Moving '../../../../../controliegit/controliegame/ControliePractice/Saved/ThirdPerson_AnimBPAA66CF78490343AD43AF4FA9B279413B.tmp' to '../../../../../controliegit/controliegame/ControliePractice/Content/Mannequin/Animations/ThirdPerson_AnimBP.uasset'
[2018.10.25-16.21.56:228][401]LogSavePackage: Moving '../../../../../controliegit/controliegame/ControliePractice/Saved/ThirdPerson_Jump3B90BCF24F93FF41A3A254B8EFBB1D41.tmp' to '../../../../../controliegit/controliegame/ControliePractice/Content/Mannequin/Animations/ThirdPerson_Jump.uasset'
[2018.10.25-16.21.59:471][769]LogTemp: Repeating last play command: Simulate
[2018.10.25-16.21.59:514][769]LogBlueprintUserMessages: Early PlayInEditor Detection: Level '/Game/Controlie/Levels/AISLevel.AISLevel:PersistentLevel' has LevelScriptBlueprint '/Game/Controlie/Levels/AISLevel.AISLevel:PersistentLevel.AISLevel' with GeneratedClass '/Game/Controlie/Levels/AISLevel.AISLevel_C' with ClassGeneratedBy '/Game/Controlie/Levels/AISLevel.AISLevel:PersistentLevel.AISLevel'
[2018.10.25-16.21.59:514][769]LogPlayLevel: PlayLevel: No blueprints needed recompiling
[2018.10.25-16.21.59:514][769]PIE: New page: SIE session: AISLevel (Oct 25, 2018, 6:21:59 AM)
[2018.10.25-16.21.59:514][769]LogPlayLevel: Creating play world package: /Game/Controlie/Levels/UEDPIE_0_AISLevel
[2018.10.25-16.21.59:522][769]LogPlayLevel: PIE: StaticDuplicateObject took: (0.007468s)
[2018.10.25-16.21.59:522][769]LogAIModule: Creating AISystem for world AISLevel
[2018.10.25-16.21.59:523][769]LogPlayLevel: PIE: World Init took: (0.000825s)
[2018.10.25-16.21.59:523][769]LogPlayLevel: PIE: Created PIE world by copying editor world from /Game/Controlie/Levels/AISLevel.AISLevel to /Game/Controlie/Levels/UEDPIE_0_AISLevel.AISLevel (0.008434s)
[2018.10.25-16.21.59:668][769]LogInit: XAudio2 using 'Speakers (Realtek High Definition Audio)' : 2 channels at 48 kHz using 32 bits per sample (channel mask 0x3)
[2018.10.25-16.21.59:685][769]LogInit: FAudioDevice initialized.
[2018.10.25-16.21.59:716][769]LogLoad: Game class is 'CameraCharacterGameMode_C'
[2018.10.25-16.21.59:719][769]LogWorld: Bringing World /Game/Controlie/Levels/UEDPIE_0_AISLevel.AISLevel up for play (max tick rate 0) at 2018.10.25-11.21.59
[2018.10.25-16.21.59:720][769]LogWorld: Bringing up level for play took: 0.002683
[2018.10.25-16.21.59:736][769]PIE: Play in editor start time for /Game/Controlie/Levels/UEDPIE_0_AISLevel -0.262
[2018.10.25-16.21.59:739][769]LogBlueprintUserMessages: Late PlayInEditor Detection: Level '/Game/Controlie/Levels/AISLevel.AISLevel:PersistentLevel' has LevelScriptBlueprint '/Game/Controlie/Levels/AISLevel.AISLevel:PersistentLevel.AISLevel' with GeneratedClass '/Game/Controlie/Levels/AISLevel.AISLevel_C' with ClassGeneratedBy '/Game/Controlie/Levels/AISLevel.AISLevel:PersistentLevel.AISLevel'
[2018.10.25-16.22.06:999][521]PIE: Warning: Invalid Simulate Options: Body (PlantFoodItem_C_5.StaticMesh truffle) is set to simulate physics but Collision Enabled is incompatible
[2018.10.25-16.22.07:000][521]PIE: Warning: Invalid Simulate Options: Body (PlantFoodItem_C_5.StaticMesh truffle) is set to simulate physics but Collision Enabled is incompatible
[2018.10.25-16.22.11:595][967]LogBlueprintUserMessages: Early EndPlayMap Detection: Level '/Game/Controlie/Levels/AISLevel.AISLevel:PersistentLevel' has LevelScriptBlueprint '/Game/Controlie/Levels/AISLevel.AISLevel:PersistentLevel.AISLevel' with GeneratedClass '/Game/Controlie/Levels/AISLevel.AISLevel_C' with ClassGeneratedBy '/Game/Controlie/Levels/AISLevel.AISLevel:PersistentLevel.AISLevel'
[2018.10.25-16.22.11:596][967]LogSlate: Updating window title bar state: overlay mode, drag disabled, window buttons hidden, title bar hidden
[2018.10.25-16.22.11:639][967]LogPlayLevel: Display: Shutting down PIE online subsystems
[2018.10.25-16.22.11:639][967]LogBlueprintUserMessages: Late EndPlayMap Detection: Level '/Game/Controlie/Levels/AISLevel.AISLevel:PersistentLevel' has LevelScriptBlueprint '/Game/Controlie/Levels/AISLevel.AISLevel:PersistentLevel.AISLevel' with GeneratedClass '/Game/Controlie/Levels/AISLevel.AISLevel_C' with ClassGeneratedBy '/Game/Controlie/Levels/AISLevel.AISLevel:PersistentLevel.AISLevel'
[2018.10.25-16.22.11:773][967]LogSlate: Updating window title bar state: overlay mode, drag disabled, window buttons hidden, title bar hidden
[2018.10.25-16.22.11:810][968]LogPlayLevel: Display: Destroying online subsystem :Context_22
[2018.10.25-16.22.16:780][552]LogSlate: FSceneViewport::OnFocusLost() reason 0
[2018.10.25-16.22.21:242][964]LogAssetEditorManager: Opening Asset editor for Blueprint /Game/Controlie/AIS/BaseClasses/GoodFoodClass.GoodFoodClass
[2018.10.25-16.22.31:187][897]LogAssetEditorManager: Opening Asset editor for DataTable /Game/Controlie/AIS/DataTables/StatTable.StatTable
[2018.10.25-16.22.49:451][ 65]Cmd: OBJ SAVEPACKAGE PACKAGE="/Game/Controlie/AIS/DataTables/StatTable" FILE="../../../../../controliegit/controliegame/ControliePractice/Content/Controlie/AIS/DataTables/StatTable.uasset" SILENT=true
[2018.10.25-16.22.49:495][ 65]LogSavePackage: Moving '../../../../../controliegit/controliegame/ControliePractice/Saved/StatTableD3D1AEC547204417E58DF7B407396CF0.tmp' to '../../../../../controliegit/controliegame/ControliePractice/Content/Controlie/AIS/DataTables/StatTable.uasset'
[2018.10.25-16.23.33:067][811]BlueprintLog: New page: Compile AIS_Character
[2018.10.25-16.23.33:603][811]Cmd: OBJ SAVEPACKAGE PACKAGE="/Game/Controlie/AIS/AIS_Character" FILE="../../../../../controliegit/controliegame/ControliePractice/Content/Controlie/AIS/AIS_Character.uasset" SILENT=true
[2018.10.25-16.23.33:741][811]LogSavePackage: Moving '../../../../../controliegit/controliegame/ControliePractice/Saved/AIS_Character7583E68F463264AB608861B7C98401C9.tmp' to '../../../../../controliegit/controliegame/ControliePractice/Content/Controlie/AIS/AIS_Character.uasset'
[2018.10.25-16.23.35:403][945]LogSavePackage: Moving '../../../../../controliegit/controliegame/ControliePractice/Saved/AISLevel6CD920B14E15DF3C8FAA0D9D4B69F7A0.tmp' to '../../../../../controliegit/controliegame/ControliePractice/Content/Controlie/Levels/AISLevel.umap'
[2018.10.25-16.23.35:494][945]Cmd: OBJ SAVEPACKAGE PACKAGE="/Game/Controlie/Levels/AISLevel_BuiltData" FILE="../../../../../controliegit/controliegame/ControliePractice/Content/Controlie/Levels/AISLevel_BuiltData.uasset" SILENT=true
[2018.10.25-16.23.35:568][945]LogSavePackage: Moving '../../../../../controliegit/controliegame/ControliePractice/Saved/AISLevel_BuiltData11CC3FF34628E792CB55AAA4B5CF3205.tmp' to '../../../../../controliegit/controliegame/ControliePractice/Content/Controlie/Levels/AISLevel_BuiltData.uasset'
[2018.10.25-16.23.35:711][961]LogTemp: Repeating last play command: Simulate
[2018.10.25-16.23.35:767][961]LogBlueprintUserMessages: Early PlayInEditor Detection: Level '/Game/Controlie/Levels/AISLevel.AISLevel:PersistentLevel' has LevelScriptBlueprint '/Game/Controlie/Levels/AISLevel.AISLevel:PersistentLevel.AISLevel' with GeneratedClass '/Game/Controlie/Levels/AISLevel.AISLevel_C' with ClassGeneratedBy '/Game/Controlie/Levels/AISLevel.AISLevel:PersistentLevel.AISLevel'
[2018.10.25-16.23.35:767][961]LogPlayLevel: PlayLevel: No blueprints needed recompiling
[2018.10.25-16.23.35:768][961]PIE: New page: SIE session: AISLevel (Oct 25, 2018, 6:23:35 AM)
[2018.10.25-16.23.35:768][961]LogPlayLevel: Creating play world package: /Game/Controlie/Levels/UEDPIE_0_AISLevel
[2018.10.25-16.23.35:775][961]LogPlayLevel: PIE: StaticDuplicateObject took: (0.007116s)
[2018.10.25-16.23.35:775][961]LogAIModule: Creating AISystem for world AISLevel
[2018.10.25-16.23.35:776][961]LogPlayLevel: PIE: World Init took: (0.000810s)
[2018.10.25-16.23.35:776][961]LogPlayLevel: PIE: Created PIE world by copying editor world from /Game/Controlie/Levels/AISLevel.AISLevel to /Game/Controlie/Levels/UEDPIE_0_AISLevel.AISLevel (0.008067s)
[2018.10.25-16.23.35:925][961]LogInit: XAudio2 using 'Speakers (Realtek High Definition Audio)' : 2 channels at 48 kHz using 32 bits per sample (channel mask 0x3)
[2018.10.25-16.23.35:941][961]LogInit: FAudioDevice initialized.
[2018.10.25-16.23.35:972][961]LogLoad: Game class is 'CameraCharacterGameMode_C'
[2018.10.25-16.23.35:975][961]LogWorld: Bringing World /Game/Controlie/Levels/UEDPIE_0_AISLevel.AISLevel up for play (max tick rate 0) at 2018.10.25-11.23.35
[2018.10.25-16.23.35:976][961]LogWorld: Bringing up level for play took: 0.002729
[2018.10.25-16.23.35:992][961]PIE: Play in editor start time for /Game/Controlie/Levels/UEDPIE_0_AISLevel -0.006
[2018.10.25-16.23.35:995][961]LogBlueprintUserMessages: Late PlayInEditor Detection: Level '/Game/Controlie/Levels/AISLevel.AISLevel:PersistentLevel' has LevelScriptBlueprint '/Game/Controlie/Levels/AISLevel.AISLevel:PersistentLevel.AISLevel' with GeneratedClass '/Game/Controlie/Levels/AISLevel.AISLevel_C' with ClassGeneratedBy '/Game/Controlie/Levels/AISLevel.AISLevel:PersistentLevel.AISLevel'
[2018.10.25-16.23.43:727][688]LogActor: Warning: PlantFoodItem_C_6 is outside the world bounds!
[2018.10.25-16.23.45:725][901]LogActor: Warning: PlantFoodItem_C_9 is outside the world bounds!
[2018.10.25-16.23.49:735][316]LogActor: Warning: PlantFoodItem_C_12 is outside the world bounds!
[2018.10.25-16.23.57:732][104]LogActor: Warning: PlantFoodItem_C_20 is outside the world bounds!
[2018.10.25-16.23.57:733][104]LogActor: Warning: PlantFoodItem_C_21 is outside the world bounds!
[2018.10.25-16.24.01:732][483]LogActor: Warning: PlantFoodItem_C_24 is outside the world bounds!
[2018.10.25-16.24.03:728][656]LogActor: Warning: PlantFoodItem_C_27 is outside the world bounds!
[2018.10.25-16.24.06:567][909]PIE: Warning: Invalid Simulate Options: Body (PlantFoodItem_C_3.StaticMesh truffle) is set to simulate physics but Collision Enabled is incompatible
[2018.10.25-16.24.06:567][909]PIE: Warning: Invalid Simulate Options: Body (PlantFoodItem_C_3.StaticMesh truffle) is set to simulate physics but Collision Enabled is incompatible
[2018.10.25-16.24.07:729][ 18]LogActor: Warning: PlantFoodItem_C_30 is outside the world bounds!
[2018.10.25-16.24.07:729][ 18]LogActor: Warning: PlantFoodItem_C_31 is outside the world bounds!
[2018.10.25-16.24.08:104][ 52]PIE: Warning: Invalid Simulate Options: Body (PlantFoodItem_C_13.StaticMesh truffle) is set to simulate physics but Collision Enabled is incompatible
[2018.10.25-16.24.08:104][ 52]PIE: Warning: Invalid Simulate Options: Body (PlantFoodItem_C_13.StaticMesh truffle) is set to simulate physics but Collision Enabled is incompatible
[2018.10.25-16.24.08:895][125]PIE: Warning: Invalid Simulate Options: Body (PlantFoodItem_C_28.StaticMesh truffle) is set to simulate physics but Collision Enabled is incompatible
[2018.10.25-16.24.08:895][125]PIE: Warning: Invalid Simulate Options: Body (PlantFoodItem_C_28.StaticMesh truffle) is set to simulate physics but Collision Enabled is incompatible
[2018.10.25-16.24.09:731][204]LogActor: Warning: PlantFoodItem_C_32 is outside the world bounds!
[2018.10.25-16.24.11:737][377]LogActor: Warning: PlantFoodItem_C_35 is outside the world bounds!
[2018.10.25-16.24.13:004][496]PIE: Warning: Invalid Simulate Options: Body (PlantFoodItem_C_4.StaticMesh truffle) is set to simulate physics but Collision Enabled is incompatible
[2018.10.25-16.24.13:004][496]PIE: Warning: Invalid Simulate Options: Body (PlantFoodItem_C_4.StaticMesh truffle) is set to simulate physics but Collision Enabled is incompatible
[2018.10.25-16.24.13:732][563]LogActor: Warning: PlantFoodItem_C_37 is outside the world bounds!
[2018.10.25-16.24.15:729][746]LogActor: Warning: PlantFoodItem_C_38 is outside the world bounds!
[2018.10.25-16.24.17:725][933]LogActor: Warning: PlantFoodItem_C_40 is outside the world bounds!
[2018.10.25-16.24.19:733][118]LogActor: Warning: PlantFoodItem_C_42 is outside the world bounds!
[2018.10.25-16.24.22:064][329]PIE: Warning: Invalid Simulate Options: Body (PlantFoodItem_C_7.StaticMesh truffle) is set to simulate physics but Collision Enabled is incompatible
[2018.10.25-16.24.22:064][329]PIE: Warning: Invalid Simulate Options: Body (PlantFoodItem_C_7.StaticMesh truffle) is set to simulate physics but Collision Enabled is incompatible
[2018.10.25-16.24.23:173][429]PIE: Warning: Invalid Simulate Options: Body (PlantFoodItem_C_15.StaticMesh truffle) is set to simulate physics but Collision Enabled is incompatible
[2018.10.25-16.24.23:173][429]PIE: Warning: Invalid Simulate Options: Body (PlantFoodItem_C_15.StaticMesh truffle) is set to simulate physics but Collision Enabled is incompatible
[2018.10.25-16.24.23:728][479]LogActor: Warning: PlantFoodItem_C_47 is outside the world bounds!
[2018.10.25-16.24.24:704][567]PIE: Warning: Invalid Simulate Options: Body (PlantFoodItem_C_26.StaticMesh truffle) is set to simulate physics but Collision Enabled is incompatible
[2018.10.25-16.24.24:704][567]PIE: Warning: Invalid Simulate Options: Body (PlantFoodItem_C_26.StaticMesh truffle) is set to simulate physics but Collision Enabled is incompatible
[2018.10.25-16.24.25:440][629]LogBlueprintUserMessages: Early EndPlayMap Detection: Level '/Game/Controlie/Levels/AISLevel.AISLevel:PersistentLevel' has LevelScriptBlueprint '/Game/Controlie/Levels/AISLevel.AISLevel:PersistentLevel.AISLevel' with GeneratedClass '/Game/Controlie/Levels/AISLevel.AISLevel_C' with ClassGeneratedBy '/Game/Controlie/Levels/AISLevel.AISLevel:PersistentLevel.AISLevel'
[2018.10.25-16.24.25:441][629]LogSlate: Updating window title bar state: overlay mode, drag disabled, window buttons hidden, title bar hidden
[2018.10.25-16.24.25:483][629]LogPlayLevel: Display: Shutting down PIE online subsystems
[2018.10.25-16.24.25:484][629]LogBlueprintUserMessages: Late EndPlayMap Detection: Level '/Game/Controlie/Levels/AISLevel.AISLevel:PersistentLevel' has LevelScriptBlueprint '/Game/Controlie/Levels/AISLevel.AISLevel:PersistentLevel.AISLevel' with GeneratedClass '/Game/Controlie/Levels/AISLevel.AISLevel_C' with ClassGeneratedBy '/Game/Controlie/Levels/AISLevel.AISLevel:PersistentLevel.AISLevel'
[2018.10.25-16.24.25:595][629]LogSlate: Updating window title bar state: overlay mode, drag disabled, window buttons hidden, title bar hidden
[2018.10.25-16.24.25:637][630]LogPlayLevel: Display: Destroying online subsystem :Context_28
[2018.10.25-16.24.27:757][865]LogSlate: FSceneViewport::OnFocusLost() reason 0
[2018.10.25-16.27.26:199][267]BlueprintLog: New page: Compile ThirdPerson_AnimBP
[2018.10.25-16.27.26:692][267]LogSavePackage: Moving '../../../../../controliegit/controliegame/ControliePractice/Saved/ThirdPerson_AnimBPE34543A141C01E74011329BBB69F577E.tmp' to '../../../../../controliegit/controliegame/ControliePractice/Content/Mannequin/Animations/ThirdPerson_AnimBP.uasset'
[2018.10.25-16.27.28:223][392]LogSavePackage: Moving '../../../../../controliegit/controliegame/ControliePractice/Saved/AISLevelBE7454DC4D62862E797327A91E5FB814.tmp' to '../../../../../controliegit/controliegame/ControliePractice/Content/Controlie/Levels/AISLevel.umap'
[2018.10.25-16.27.28:312][392]Cmd: OBJ SAVEPACKAGE PACKAGE="/Game/Controlie/Levels/AISLevel_BuiltData" FILE="../../../../../controliegit/controliegame/ControliePractice/Content/Controlie/Levels/AISLevel_BuiltData.uasset" SILENT=true
[2018.10.25-16.27.28:356][392]LogSavePackage: Moving '../../../../../controliegit/controliegame/ControliePractice/Saved/AISLevel_BuiltDataA7C953FE4ED027D6F9EFA6BCC34E65FC.tmp' to '../../../../../controliegit/controliegame/ControliePractice/Content/Controlie/Levels/AISLevel_BuiltData.uasset'
[2018.10.25-16.27.29:464][521]LogTemp: Repeating last play command: Simulate
[2018.10.25-16.27.29:512][521]LogBlueprintUserMessages: Early PlayInEditor Detection: Level '/Game/Controlie/Levels/AISLevel.AISLevel:PersistentLevel' has LevelScriptBlueprint '/Game/Controlie/Levels/AISLevel.AISLevel:PersistentLevel.AISLevel' with GeneratedClass '/Game/Controlie/Levels/AISLevel.AISLevel_C' with ClassGeneratedBy '/Game/Controlie/Levels/AISLevel.AISLevel:PersistentLevel.AISLevel'
[2018.10.25-16.27.29:512][521]LogPlayLevel: PlayLevel: No blueprints needed recompiling
[2018.10.25-16.27.29:512][521]PIE: New page: SIE session: AISLevel (Oct 25, 2018, 6:27:29 AM)
[2018.10.25-16.27.29:512][521]LogPlayLevel: Creating play world package: /Game/Controlie/Levels/UEDPIE_0_AISLevel
[2018.10.25-16.27.29:519][521]LogPlayLevel: PIE: StaticDuplicateObject took: (0.007344s)
[2018.10.25-16.27.29:520][521]LogAIModule: Creating AISystem for world AISLevel
[2018.10.25-16.27.29:520][521]LogPlayLevel: PIE: World Init took: (0.000868s)
[2018.10.25-16.27.29:520][521]LogPlayLevel: PIE: Created PIE world by copying editor world from /Game/Controlie/Levels/AISLevel.AISLevel to /Game/Controlie/Levels/UEDPIE_0_AISLevel.AISLevel (0.008394s)
[2018.10.25-16.27.29:664][521]LogInit: XAudio2 using 'Speakers (Realtek High Definition Audio)' : 2 channels at 48 kHz using 32 bits per sample (channel mask 0x3)
[2018.10.25-16.27.29:681][521]LogInit: FAudioDevice initialized.
[2018.10.25-16.27.29:715][521]LogLoad: Game class is 'CameraCharacterGameMode_C'
[2018.10.25-16.27.29:718][521]LogWorld: Bringing World /Game/Controlie/Levels/UEDPIE_0_AISLevel.AISLevel up for play (max tick rate 0) at 2018.10.25-11.27.29
[2018.10.25-16.27.29:719][521]LogWorld: Bringing up level for play took: 0.002658
[2018.10.25-16.27.29:735][521]PIE: Play in editor start time for /Game/Controlie/Levels/UEDPIE_0_AISLevel -0.263
[2018.10.25-16.27.29:738][521]LogBlueprintUserMessages: Late PlayInEditor Detection: Level '/Game/Controlie/Levels/AISLevel.AISLevel:PersistentLevel' has LevelScriptBlueprint '/Game/Controlie/Levels/AISLevel.AISLevel:PersistentLevel.AISLevel' with GeneratedClass '/Game/Controlie/Levels/AISLevel.AISLevel_C' with ClassGeneratedBy '/Game/Controlie/Levels/AISLevel.AISLevel:PersistentLevel.AISLevel'
[2018.10.25-16.27.37:484][306]LogActor: Warning: PlantFoodItem_C_6 is outside the world bounds!
[2018.10.25-16.27.43:482][905]LogActor: Warning: PlantFoodItem_C_12 is outside the world bounds!
[2018.10.25-16.27.47:478][306]LogActor: Warning: PlantFoodItem_C_17 is outside the world bounds!
[2018.10.25-16.27.47:831][341]PIE: Warning: Invalid Simulate Options: Body (PlantFoodItem_C_11.StaticMesh truffle) is set to simulate physics but Collision Enabled is incompatible
[2018.10.25-16.27.47:831][341]PIE: Warning: Invalid Simulate Options: Body (PlantFoodItem_C_11.StaticMesh truffle) is set to simulate physics but Collision Enabled is incompatible
[2018.10.25-16.27.47:890][347]PIE: Warning: Invalid Simulate Options: Body (PlantFoodItem_C_14.StaticMesh truffle) is set to simulate physics but Collision Enabled is incompatible
[2018.10.25-16.27.47:890][347]PIE: Warning: Invalid Simulate Options: Body (PlantFoodItem_C_14.StaticMesh truffle) is set to simulate physics but Collision Enabled is incompatible
[2018.10.25-16.27.51:487][699]LogActor: Warning: PlantFoodItem_C_20 is outside the world bounds!
[2018.10.25-16.27.51:487][699]LogActor: Warning: PlantFoodItem_C_21 is outside the world bounds!
[2018.10.25-16.27.55:478][ 88]LogActor: Warning: PlantFoodItem_C_24 is outside the world bounds!
[2018.10.25-16.27.55:478][ 88]LogActor: Warning: PlantFoodItem_C_25 is outside the world bounds!
[2018.10.25-16.27.55:808][119]PIE: Warning: Invalid Simulate Options: Body (PlantFoodItem_C_7.StaticMesh truffle) is set to simulate physics but Collision Enabled is incompatible
[2018.10.25-16.27.55:808][119]PIE: Warning: Invalid Simulate Options: Body (PlantFoodItem_C_7.StaticMesh truffle) is set to simulate physics but Collision Enabled is incompatible
[2018.10.25-16.27.57:455][280]PIE: Warning: Invalid Simulate Options: Body (PlantFoodItem_C_13.StaticMesh truffle) is set to simulate physics but Collision Enabled is incompatible
[2018.10.25-16.27.57:456][280]PIE: Warning: Invalid Simulate Options: Body (PlantFoodItem_C_13.StaticMesh truffle) is set to simulate physics but Collision Enabled is incompatible
[2018.10.25-16.27.57:478][282]LogActor: Warning: PlantFoodItem_C_27 is outside the world bounds!
[2018.10.25-16.27.57:479][282]LogActor: Warning: PlantFoodItem_C_26 is outside the world bounds!
[2018.10.25-16.27.58:163][346]LogBlueprintUserMessages: Early EndPlayMap Detection: Level '/Game/Controlie/Levels/AISLevel.AISLevel:PersistentLevel' has LevelScriptBlueprint '/Game/Controlie/Levels/AISLevel.AISLevel:PersistentLevel.AISLevel' with GeneratedClass '/Game/Controlie/Levels/AISLevel.AISLevel_C' with ClassGeneratedBy '/Game/Controlie/Levels/AISLevel.AISLevel:PersistentLevel.AISLevel'
[2018.10.25-16.27.58:164][346]LogSlate: Updating window title bar state: overlay mode, drag disabled, window buttons hidden, title bar hidden
[2018.10.25-16.27.58:204][346]LogPlayLevel: Display: Shutting down PIE online subsystems
[2018.10.25-16.27.58:205][346]LogBlueprintUserMessages: Late EndPlayMap Detection: Level '/Game/Controlie/Levels/AISLevel.AISLevel:PersistentLevel' has LevelScriptBlueprint '/Game/Controlie/Levels/AISLevel.AISLevel:PersistentLevel.AISLevel' with GeneratedClass '/Game/Controlie/Levels/AISLevel.AISLevel_C' with ClassGeneratedBy '/Game/Controlie/Levels/AISLevel.AISLevel:PersistentLevel.AISLevel'
[2018.10.25-16.27.58:325][346]LogSlate: Updating window title bar state: overlay mode, drag disabled, window buttons hidden, title bar hidden
[2018.10.25-16.27.58:362][347]LogPlayLevel: Display: Destroying online subsystem :Context_29
[2018.10.25-16.28.21:680][484]LogSlate: FSceneViewport::OnFocusLost() reason 0
[2018.10.25-16.28.23:360][662]LogAssetEditorManager: Opening Asset editor for Blueprint /Game/Controlie/AIS/Tasks/Task_FireAnimation.Task_FireAnimation
[2018.10.25-16.28.36:670][  3]BlueprintLog: New page: Compile Task_FireAnimation
[2018.10.25-16.28.37:064][  3]LogSavePackage: Moving '../../../../../controliegit/controliegame/ControliePractice/Saved/Task_FireAnimationEB9FCDF14EEB089FA8F962BBA5955E81.tmp' to '../../../../../controliegit/controliegame/ControliePractice/Content/Controlie/AIS/Tasks/Task_FireAnimation.uasset'
[2018.10.25-16.28.37:528][ 46]LogSavePackage: Moving '../../../../../controliegit/controliegame/ControliePractice/Saved/Task_FireAnimation40F79AED493B4CD7E3E7B8888AA7FA36.tmp' to '../../../../../controliegit/controliegame/ControliePractice/Content/Controlie/AIS/Tasks/Task_FireAnimation.uasset'
[2018.10.25-16.28.45:152][947]BlueprintLog: New page: Compile Task_FireAnimation
[2018.10.25-16.28.45:545][947]LogSavePackage: Moving '../../../../../controliegit/controliegame/ControliePractice/Saved/Task_FireAnimationE0C6CB6049BA179610EFCB9217D7A332.tmp' to '../../../../../controliegit/controliegame/ControliePractice/Content/Controlie/AIS/Tasks/Task_FireAnimation.uasset'
[2018.10.25-16.28.46:074][999]LogSavePackage: Moving '../../../../../controliegit/controliegame/ControliePractice/Saved/Task_FireAnimationA0BC2C274368F70839D026B2335402CD.tmp' to '../../../../../controliegit/controliegame/ControliePractice/Content/Controlie/AIS/Tasks/Task_FireAnimation.uasset'
[2018.10.25-16.28.47:831][194]LogTemp: Repeating last play command: Simulate
[2018.10.25-16.28.47:885][194]LogBlueprintUserMessages: Early PlayInEditor Detection: Level '/Game/Controlie/Levels/AISLevel.AISLevel:PersistentLevel' has LevelScriptBlueprint '/Game/Controlie/Levels/AISLevel.AISLevel:PersistentLevel.AISLevel' with GeneratedClass '/Game/Controlie/Levels/AISLevel.AISLevel_C' with ClassGeneratedBy '/Game/Controlie/Levels/AISLevel.AISLevel:PersistentLevel.AISLevel'
[2018.10.25-16.28.47:885][194]LogPlayLevel: PlayLevel: No blueprints needed recompiling
[2018.10.25-16.28.47:886][194]PIE: New page: SIE session: AISLevel (Oct 25, 2018, 6:28:47 AM)
[2018.10.25-16.28.47:886][194]LogPlayLevel: Creating play world package: /Game/Controlie/Levels/UEDPIE_0_AISLevel
[2018.10.25-16.28.47:894][194]LogPlayLevel: PIE: StaticDuplicateObject took: (0.008771s)
[2018.10.25-16.28.47:895][194]LogAIModule: Creating AISystem for world AISLevel
[2018.10.25-16.28.47:896][194]LogPlayLevel: PIE: World Init took: (0.000999s)
[2018.10.25-16.28.47:896][194]LogPlayLevel: PIE: Created PIE world by copying editor world from /Game/Controlie/Levels/AISLevel.AISLevel to /Game/Controlie/Levels/UEDPIE_0_AISLevel.AISLevel (0.009940s)
[2018.10.25-16.28.48:051][194]LogInit: XAudio2 using 'Speakers (Realtek High Definition Audio)' : 2 channels at 48 kHz using 32 bits per sample (channel mask 0x3)
[2018.10.25-16.28.48:069][194]LogInit: FAudioDevice initialized.
[2018.10.25-16.28.48:103][194]LogLoad: Game class is 'CameraCharacterGameMode_C'
[2018.10.25-16.28.48:106][194]LogWorld: Bringing World /Game/Controlie/Levels/UEDPIE_0_AISLevel.AISLevel up for play (max tick rate 0) at 2018.10.25-11.28.48
[2018.10.25-16.28.48:107][194]LogWorld: Bringing up level for play took: 0.002683
[2018.10.25-16.28.48:123][194]PIE: Play in editor start time for /Game/Controlie/Levels/UEDPIE_0_AISLevel 0.125
[2018.10.25-16.28.48:126][194]LogBlueprintUserMessages: Late PlayInEditor Detection: Level '/Game/Controlie/Levels/AISLevel.AISLevel:PersistentLevel' has LevelScriptBlueprint '/Game/Controlie/Levels/AISLevel.AISLevel:PersistentLevel.AISLevel' with GeneratedClass '/Game/Controlie/Levels/AISLevel.AISLevel_C' with ClassGeneratedBy '/Game/Controlie/Levels/AISLevel.AISLevel:PersistentLevel.AISLevel'
[2018.10.25-16.28.53:858][690]LogActor: Warning: PlantFoodItem_C_5 is outside the world bounds!
[2018.10.25-16.28.54:596][755]PIE: Warning: Invalid Simulate Options: Body (PlantFoodItem_C_2.StaticMesh truffle) is set to simulate physics but Collision Enabled is incompatible
[2018.10.25-16.28.54:596][755]PIE: Warning: Invalid Simulate Options: Body (PlantFoodItem_C_2.StaticMesh truffle) is set to simulate physics but Collision Enabled is incompatible
[2018.10.25-16.28.56:973][955]PIE: Warning: Invalid Simulate Options: Body (PlantFoodItem_C_0.StaticMesh truffle) is set to simulate physics but Collision Enabled is incompatible
[2018.10.25-16.28.56:973][955]PIE: Warning: Invalid Simulate Options: Body (PlantFoodItem_C_0.StaticMesh truffle) is set to simulate physics but Collision Enabled is incompatible
[2018.10.25-16.28.57:850][ 31]LogActor: Warning: PlantFoodItem_C_8 is outside the world bounds!
[2018.10.25-16.28.58:507][ 89]PIE: Warning: Invalid Simulate Options: Body (PlantFoodItem_C_6.StaticMesh truffle) is set to simulate physics but Collision Enabled is incompatible
[2018.10.25-16.28.58:508][ 89]PIE: Warning: Invalid Simulate Options: Body (PlantFoodItem_C_6.StaticMesh truffle) is set to simulate physics but Collision Enabled is incompatible
[2018.10.25-16.29.02:308][423]PIE: Warning: Invalid Simulate Options: Body (PlantFoodItem_C_1.StaticMesh truffle) is set to simulate physics but Collision Enabled is incompatible
[2018.10.25-16.29.02:309][423]PIE: Warning: Invalid Simulate Options: Body (PlantFoodItem_C_1.StaticMesh truffle) is set to simulate physics but Collision Enabled is incompatible
[2018.10.25-16.29.03:123][486]LogBlueprintUserMessages: Early EndPlayMap Detection: Level '/Game/Controlie/Levels/AISLevel.AISLevel:PersistentLevel' has LevelScriptBlueprint '/Game/Controlie/Levels/AISLevel.AISLevel:PersistentLevel.AISLevel' with GeneratedClass '/Game/Controlie/Levels/AISLevel.AISLevel_C' with ClassGeneratedBy '/Game/Controlie/Levels/AISLevel.AISLevel:PersistentLevel.AISLevel'
[2018.10.25-16.29.03:124][486]LogSlate: Updating window title bar state: overlay mode, drag disabled, window buttons hidden, title bar hidden
[2018.10.25-16.29.03:165][486]LogPlayLevel: Display: Shutting down PIE online subsystems
[2018.10.25-16.29.03:165][486]LogBlueprintUserMessages: Late EndPlayMap Detection: Level '/Game/Controlie/Levels/AISLevel.AISLevel:PersistentLevel' has LevelScriptBlueprint '/Game/Controlie/Levels/AISLevel.AISLevel:PersistentLevel.AISLevel' with GeneratedClass '/Game/Controlie/Levels/AISLevel.AISLevel_C' with ClassGeneratedBy '/Game/Controlie/Levels/AISLevel.AISLevel:PersistentLevel.AISLevel'
[2018.10.25-16.29.03:301][486]LogSlate: Updating window title bar state: overlay mode, drag disabled, window buttons hidden, title bar hidden
[2018.10.25-16.29.03:342][487]LogPlayLevel: Display: Destroying online subsystem :Context_31
[2018.10.25-16.29.06:453][702]LogSlate: FSceneViewport::OnFocusLost() reason 0
[2018.10.25-16.29.11:698][231]BlueprintLog: New page: Compile ThirdPerson_AnimBP
[2018.10.25-16.29.12:184][231]LogSavePackage: Moving '../../../../../controliegit/controliegame/ControliePractice/Saved/ThirdPerson_AnimBP4CEA16324273284E775AB193C1EF5FEE.tmp' to '../../../../../controliegit/controliegame/ControliePractice/Content/Mannequin/Animations/ThirdPerson_AnimBP.uasset'
[2018.10.25-16.29.12:501][248]LogSavePackage: Moving '../../../../../controliegit/controliegame/ControliePractice/Saved/ThirdPerson_AnimBP853DC5984C03FAE450105FACC599C40C.tmp' to '../../../../../controliegit/controliegame/ControliePractice/Content/Mannequin/Animations/ThirdPerson_AnimBP.uasset'
[2018.10.25-16.29.14:198][389]LogSavePackage: Moving '../../../../../controliegit/controliegame/ControliePractice/Saved/AISLevel813DD3134CBCB8DB13E0578C3821A737.tmp' to '../../../../../controliegit/controliegame/ControliePractice/Content/Controlie/Levels/AISLevel.umap'
[2018.10.25-16.29.14:289][389]Cmd: OBJ SAVEPACKAGE PACKAGE="/Game/Controlie/Levels/AISLevel_BuiltData" FILE="../../../../../controliegit/controliegame/ControliePractice/Content/Controlie/Levels/AISLevel_BuiltData.uasset" SILENT=true
[2018.10.25-16.29.14:341][389]LogSavePackage: Moving '../../../../../controliegit/controliegame/ControliePractice/Saved/AISLevel_BuiltData80DC202949A0DFA49BBAC092D521F15E.tmp' to '../../../../../controliegit/controliegame/ControliePractice/Content/Controlie/Levels/AISLevel_BuiltData.uasset'
[2018.10.25-16.29.15:138][483]LogTemp: Repeating last play command: Simulate
[2018.10.25-16.29.15:190][483]LogBlueprintUserMessages: Early PlayInEditor Detection: Level '/Game/Controlie/Levels/AISLevel.AISLevel:PersistentLevel' has LevelScriptBlueprint '/Game/Controlie/Levels/AISLevel.AISLevel:PersistentLevel.AISLevel' with GeneratedClass '/Game/Controlie/Levels/AISLevel.AISLevel_C' with ClassGeneratedBy '/Game/Controlie/Levels/AISLevel.AISLevel:PersistentLevel.AISLevel'
[2018.10.25-16.29.15:190][483]LogPlayLevel: PlayLevel: No blueprints needed recompiling
[2018.10.25-16.29.15:190][483]PIE: New page: SIE session: AISLevel (Oct 25, 2018, 6:29:15 AM)
[2018.10.25-16.29.15:190][483]LogPlayLevel: Creating play world package: /Game/Controlie/Levels/UEDPIE_0_AISLevel
[2018.10.25-16.29.15:196][483]LogPlayLevel: PIE: StaticDuplicateObject took: (0.007205s)
[2018.10.25-16.29.15:197][483]LogAIModule: Creating AISystem for world AISLevel
[2018.10.25-16.29.15:197][483]LogPlayLevel: PIE: World Init took: (0.000832s)
[2018.10.25-16.29.15:197][483]LogPlayLevel: PIE: Created PIE world by copying editor world from /Game/Controlie/Levels/AISLevel.AISLevel to /Game/Controlie/Levels/UEDPIE_0_AISLevel.AISLevel (0.008171s)
[2018.10.25-16.29.15:344][483]LogInit: XAudio2 using 'Speakers (Realtek High Definition Audio)' : 2 channels at 48 kHz using 32 bits per sample (channel mask 0x3)
[2018.10.25-16.29.15:361][483]LogInit: FAudioDevice initialized.
[2018.10.25-16.29.15:394][483]LogLoad: Game class is 'CameraCharacterGameMode_C'
[2018.10.25-16.29.15:396][483]LogWorld: Bringing World /Game/Controlie/Levels/UEDPIE_0_AISLevel.AISLevel up for play (max tick rate 0) at 2018.10.25-11.29.15
[2018.10.25-16.29.15:397][483]LogWorld: Bringing up level for play took: 0.002661
[2018.10.25-16.29.15:413][483]PIE: Play in editor start time for /Game/Controlie/Levels/UEDPIE_0_AISLevel -0.584
[2018.10.25-16.29.15:416][483]LogBlueprintUserMessages: Late PlayInEditor Detection: Level '/Game/Controlie/Levels/AISLevel.AISLevel:PersistentLevel' has LevelScriptBlueprint '/Game/Controlie/Levels/AISLevel.AISLevel:PersistentLevel.AISLevel' with GeneratedClass '/Game/Controlie/Levels/AISLevel.AISLevel_C' with ClassGeneratedBy '/Game/Controlie/Levels/AISLevel.AISLevel:PersistentLevel.AISLevel'
[2018.10.25-16.29.21:155][ 36]LogActor: Warning: PlantFoodItem_C_5 is outside the world bounds!
[2018.10.25-16.29.23:157][233]LogActor: Warning: PlantFoodItem_C_7 is outside the world bounds!
[2018.10.25-16.29.29:154][813]LogActor: Warning: PlantFoodItem_C_12 is outside the world bounds!
[2018.10.25-16.29.29:350][832]PIE: Warning: Invalid Simulate Options: Body (PlantFoodItem_C_9.StaticMesh truffle) is set to simulate physics but Collision Enabled is incompatible
[2018.10.25-16.29.29:351][832]PIE: Warning: Invalid Simulate Options: Body (PlantFoodItem_C_9.StaticMesh truffle) is set to simulate physics but Collision Enabled is incompatible
[2018.10.25-16.29.30:534][948]PIE: Warning: Invalid Simulate Options: Body (PlantFoodItem_C_13.StaticMesh truffle) is set to simulate physics but Collision Enabled is incompatible
[2018.10.25-16.29.30:534][948]PIE: Warning: Invalid Simulate Options: Body (PlantFoodItem_C_13.StaticMesh truffle) is set to simulate physics but Collision Enabled is incompatible
[2018.10.25-16.29.31:889][ 80]PIE: Warning: Invalid Simulate Options: Body (PlantFoodItem_C_3.StaticMesh truffle) is set to simulate physics but Collision Enabled is incompatible
[2018.10.25-16.29.31:889][ 80]PIE: Warning: Invalid Simulate Options: Body (PlantFoodItem_C_3.StaticMesh truffle) is set to simulate physics but Collision Enabled is incompatible
[2018.10.25-16.29.34:944][365]PIE: Warning: Invalid Simulate Options: Body (PlantFoodItem_C_17.StaticMesh truffle) is set to simulate physics but Collision Enabled is incompatible
[2018.10.25-16.29.34:944][365]PIE: Warning: Invalid Simulate Options: Body (PlantFoodItem_C_17.StaticMesh truffle) is set to simulate physics but Collision Enabled is incompatible
[2018.10.25-16.29.35:153][383]LogActor: Warning: PlantFoodItem_C_18 is outside the world bounds!
[2018.10.25-16.29.36:484][501]PIE: Warning: Invalid Simulate Options: Body (PlantFoodItem_C_11.StaticMesh truffle) is set to simulate physics but Collision Enabled is incompatible
[2018.10.25-16.29.36:484][501]PIE: Warning: Invalid Simulate Options: Body (PlantFoodItem_C_11.StaticMesh truffle) is set to simulate physics but Collision Enabled is incompatible
[2018.10.25-16.29.37:347][573]LogBlueprintUserMessages: Early EndPlayMap Detection: Level '/Game/Controlie/Levels/AISLevel.AISLevel:PersistentLevel' has LevelScriptBlueprint '/Game/Controlie/Levels/AISLevel.AISLevel:PersistentLevel.AISLevel' with GeneratedClass '/Game/Controlie/Levels/AISLevel.AISLevel_C' with ClassGeneratedBy '/Game/Controlie/Levels/AISLevel.AISLevel:PersistentLevel.AISLevel'
[2018.10.25-16.29.37:348][573]LogSlate: Updating window title bar state: overlay mode, drag disabled, window buttons hidden, title bar hidden
[2018.10.25-16.29.37:389][573]LogPlayLevel: Display: Shutting down PIE online subsystems
[2018.10.25-16.29.37:390][573]LogBlueprintUserMessages: Late EndPlayMap Detection: Level '/Game/Controlie/Levels/AISLevel.AISLevel:PersistentLevel' has LevelScriptBlueprint '/Game/Controlie/Levels/AISLevel.AISLevel:PersistentLevel.AISLevel' with GeneratedClass '/Game/Controlie/Levels/AISLevel.AISLevel_C' with ClassGeneratedBy '/Game/Controlie/Levels/AISLevel.AISLevel:PersistentLevel.AISLevel'
[2018.10.25-16.29.37:528][573]LogSlate: Updating window title bar state: overlay mode, drag disabled, window buttons hidden, title bar hidden
[2018.10.25-16.29.37:578][574]LogPlayLevel: Display: Destroying online subsystem :Context_32
[2018.10.25-16.29.41:325][994]LogSlate: FSceneViewport::OnFocusLost() reason 0
[2018.10.25-16.29.48:782][736]LogSavePackage: Moving '../../../../../controliegit/controliegame/ControliePractice/Saved/ThirdPerson_Jump9D09BF134877E17B80FE0AA2D0A83762.tmp' to '../../../../../controliegit/controliegame/ControliePractice/Content/Mannequin/Animations/ThirdPerson_Jump.uasset'
[2018.10.25-16.29.50:308][901]LogTemp: Repeating last play command: Simulate
[2018.10.25-16.29.50:360][901]LogBlueprintUserMessages: Early PlayInEditor Detection: Level '/Game/Controlie/Levels/AISLevel.AISLevel:PersistentLevel' has LevelScriptBlueprint '/Game/Controlie/Levels/AISLevel.AISLevel:PersistentLevel.AISLevel' with GeneratedClass '/Game/Controlie/Levels/AISLevel.AISLevel_C' with ClassGeneratedBy '/Game/Controlie/Levels/AISLevel.AISLevel:PersistentLevel.AISLevel'
[2018.10.25-16.29.50:360][901]LogPlayLevel: PlayLevel: No blueprints needed recompiling
[2018.10.25-16.29.50:360][901]PIE: New page: SIE session: AISLevel (Oct 25, 2018, 6:29:50 AM)
[2018.10.25-16.29.50:361][901]LogPlayLevel: Creating play world package: /Game/Controlie/Levels/UEDPIE_0_AISLevel
[2018.10.25-16.29.50:368][901]LogPlayLevel: PIE: StaticDuplicateObject took: (0.007244s)
[2018.10.25-16.29.50:369][901]LogAIModule: Creating AISystem for world AISLevel
[2018.10.25-16.29.50:369][901]LogPlayLevel: PIE: World Init took: (0.000888s)
[2018.10.25-16.29.50:369][901]LogPlayLevel: PIE: Created PIE world by copying editor world from /Game/Controlie/Levels/AISLevel.AISLevel to /Game/Controlie/Levels/UEDPIE_0_AISLevel.AISLevel (0.008291s)
[2018.10.25-16.29.50:522][901]LogInit: XAudio2 using 'Speakers (Realtek High Definition Audio)' : 2 channels at 48 kHz using 32 bits per sample (channel mask 0x3)
[2018.10.25-16.29.50:539][901]LogInit: FAudioDevice initialized.
[2018.10.25-16.29.50:571][901]LogLoad: Game class is 'CameraCharacterGameMode_C'
[2018.10.25-16.29.50:574][901]LogWorld: Bringing World /Game/Controlie/Levels/UEDPIE_0_AISLevel.AISLevel up for play (max tick rate 0) at 2018.10.25-11.29.50
[2018.10.25-16.29.50:575][901]LogWorld: Bringing up level for play took: 0.002781
[2018.10.25-16.29.50:591][901]PIE: Play in editor start time for /Game/Controlie/Levels/UEDPIE_0_AISLevel 0.593
[2018.10.25-16.29.50:594][901]LogBlueprintUserMessages: Late PlayInEditor Detection: Level '/Game/Controlie/Levels/AISLevel.AISLevel:PersistentLevel' has LevelScriptBlueprint '/Game/Controlie/Levels/AISLevel.AISLevel:PersistentLevel.AISLevel' with GeneratedClass '/Game/Controlie/Levels/AISLevel.AISLevel_C' with ClassGeneratedBy '/Game/Controlie/Levels/AISLevel.AISLevel:PersistentLevel.AISLevel'
[2018.10.25-16.29.54:799][309]PIE: Warning: Invalid Simulate Options: Body (PlantFoodItem_C_0.StaticMesh truffle) is set to simulate physics but Collision Enabled is incompatible
[2018.10.25-16.29.54:800][309]PIE: Warning: Invalid Simulate Options: Body (PlantFoodItem_C_0.StaticMesh truffle) is set to simulate physics but Collision Enabled is incompatible
[2018.10.25-16.29.56:035][426]PIE: Warning: Invalid Simulate Options: Body (PlantFoodItem_C_2.StaticMesh truffle) is set to simulate physics but Collision Enabled is incompatible
[2018.10.25-16.29.56:035][426]PIE: Warning: Invalid Simulate Options: Body (PlantFoodItem_C_2.StaticMesh truffle) is set to simulate physics but Collision Enabled is incompatible
[2018.10.25-16.29.56:325][456]LogActor: Warning: PlantFoodItem_C_4 is outside the world bounds!
[2018.10.25-16.29.57:093][533]PIE: Warning: Invalid Simulate Options: Body (PlantFoodItem_C_5.StaticMesh truffle) is set to simulate physics but Collision Enabled is incompatible
[2018.10.25-16.29.57:093][533]PIE: Warning: Invalid Simulate Options: Body (PlantFoodItem_C_5.StaticMesh truffle) is set to simulate physics but Collision Enabled is incompatible
[2018.10.25-16.30.00:267][841]PIE: Warning: Invalid Simulate Options: Body (PlantFoodItem_C_3.StaticMesh truffle) is set to simulate physics but Collision Enabled is incompatible
[2018.10.25-16.30.00:268][841]PIE: Warning: Invalid Simulate Options: Body (PlantFoodItem_C_3.StaticMesh truffle) is set to simulate physics but Collision Enabled is incompatible
[2018.10.25-16.30.02:136][  5]LogSlate: FSceneViewport::OnFocusLost() reason 0
[2018.10.25-16.30.02:220][ 14]LogBlueprintUserMessages: Early EndPlayMap Detection: Level '/Game/Controlie/Levels/AISLevel.AISLevel:PersistentLevel' has LevelScriptBlueprint '/Game/Controlie/Levels/AISLevel.AISLevel:PersistentLevel.AISLevel' with GeneratedClass '/Game/Controlie/Levels/AISLevel.AISLevel_C' with ClassGeneratedBy '/Game/Controlie/Levels/AISLevel.AISLevel:PersistentLevel.AISLevel'
[2018.10.25-16.30.02:221][ 14]LogSlate: Updating window title bar state: overlay mode, drag disabled, window buttons hidden, title bar hidden
[2018.10.25-16.30.02:263][ 14]LogPlayLevel: Display: Shutting down PIE online subsystems
[2018.10.25-16.30.02:263][ 14]LogBlueprintUserMessages: Late EndPlayMap Detection: Level '/Game/Controlie/Levels/AISLevel.AISLevel:PersistentLevel' has LevelScriptBlueprint '/Game/Controlie/Levels/AISLevel.AISLevel:PersistentLevel.AISLevel' with GeneratedClass '/Game/Controlie/Levels/AISLevel.AISLevel_C' with ClassGeneratedBy '/Game/Controlie/Levels/AISLevel.AISLevel:PersistentLevel.AISLevel'
[2018.10.25-16.30.02:399][ 14]LogSlate: Updating window title bar state: overlay mode, drag disabled, window buttons hidden, title bar hidden
[2018.10.25-16.30.02:439][ 15]LogPlayLevel: Display: Destroying online subsystem :Context_33
[2018.10.25-16.31.51:888][779]Cmd: OBJ SAVEPACKAGE PACKAGE="/Game/Controlie/AIS/DataTables/StatTable" FILE="../../../../../controliegit/controliegame/ControliePractice/Content/Controlie/AIS/DataTables/StatTable.uasset" SILENT=true
[2018.10.25-16.31.51:928][779]LogSavePackage: Moving '../../../../../controliegit/controliegame/ControliePractice/Saved/StatTable1ED7D3244B7A0F57263160811608898D.tmp' to '../../../../../controliegit/controliegame/ControliePractice/Content/Controlie/AIS/DataTables/StatTable.uasset'
[2018.10.25-16.31.58:069][411]BlueprintLog: New page: Compile AIS_Character
[2018.10.25-16.31.58:160][411]LogBlueprint: Error: [Compiler AIS_Character] '0' row name is not stored in 'DataTable /Game/Controlie/AIS/DataTables/StatTable.StatTable'.  Get Data Table Row StatTable
[2018.10.25-16.31.58:526][411]LogBlueprint: Warning: [Compiler AIS_Character] [1651.36] Compile of AIS_Character failed. 1 Fatal Issue(s) 0 Warning(s) [in 456 ms] (/Game/Controlie/AIS/AIS_Character.AIS_Character)
[2018.10.25-16.32.04:095][ 23]LogRenderer: Reallocating scene render targets to support 1300x676 Format 26 NumSamples 1 (Frame:1).
[2018.10.25-16.32.19:385][770]LogSavePackage: Moving '../../../../../controliegit/controliegame/ControliePractice/Saved/AISLevelA7F4228947DFC9D0F6AFB3B9DDF8D17F.tmp' to '../../../../../controliegit/controliegame/ControliePractice/Content/Controlie/Levels/AISLevel.umap'
[2018.10.25-16.32.19:474][770]Cmd: OBJ SAVEPACKAGE PACKAGE="/Game/Controlie/Levels/AISLevel_BuiltData" FILE="../../../../../controliegit/controliegame/ControliePractice/Content/Controlie/Levels/AISLevel_BuiltData.uasset" SILENT=true
[2018.10.25-16.32.19:518][770]LogSavePackage: Moving '../../../../../controliegit/controliegame/ControliePractice/Saved/AISLevel_BuiltDataB4D32B304916B61E24A591A3754B31EC.tmp' to '../../../../../controliegit/controliegame/ControliePractice/Content/Controlie/Levels/AISLevel_BuiltData.uasset'
[2018.10.25-16.32.21:184][956]Cmd: OBJ SAVEPACKAGE PACKAGE="/Game/Controlie/AIS/AIS_Character" FILE="../../../../../controliegit/controliegame/ControliePractice/Content/Controlie/AIS/AIS_Character.uasset" SILENT=true
[2018.10.25-16.32.21:321][956]LogSavePackage: Moving '../../../../../controliegit/controliegame/ControliePractice/Saved/AIS_Character35C0B11C43AA83889BD956A0A18EDD16.tmp' to '../../../../../controliegit/controliegame/ControliePractice/Content/Controlie/AIS/AIS_Character.uasset'
