Log file open, 10/28/18 00:56:22
LogWindows: Failed to load 'aqProf.dll' (GetLastError=126)
LogWindows: File 'aqProf.dll' does not exist
LogWindows: Failed to load 'VtuneApi.dll' (GetLastError=126)
LogWindows: File 'VtuneApi.dll' does not exist
LogWindows: Failed to load 'VtuneApi32e.dll' (GetLastError=126)
LogWindows: File 'VtuneApi32e.dll' does not exist
LogInit: Display: Running engine for game: ControliePractice
LogPlatformFile: Not using cached read wrapper
LogTaskGraph: Started task graph with 5 named threads and 23 total threads with 3 sets of task threads.
LogStats: Stats thread started at 0.313366
LogD3D11RHI: Loaded GFSDK_Aftermath_Lib.x64.dll
LogICUInternationalization: Display: ICU TimeZone Detection - Raw Offset: -6:00, Platform Override: ''
LogPluginManager: Mounting plugin Paper2D
LogPluginManager: Mounting plugin AISupport
LogPluginManager: Mounting plugin LightPropagationVolume
LogPluginManager: Mounting plugin CLionSourceCodeAccess
LogPluginManager: Mounting plugin CodeLiteSourceCodeAccess
LogPluginManager: Mounting plugin GitSourceControl
LogPluginManager: Mounting plugin KDevelopSourceCodeAccess
LogPluginManager: Mounting plugin NullSourceCodeAccess
LogPluginManager: Mounting plugin PerforceSourceControl
LogPluginManager: Mounting plugin SubversionSourceControl
LogPluginManager: Mounting plugin UObjectPlugin
LogPluginManager: Mounting plugin VisualStudioCodeSourceCodeAccess
LogPluginManager: Mounting plugin VisualStudioSourceCodeAccess
LogPluginManager: Mounting plugin XCodeSourceCodeAccess
LogPluginManager: Mounting plugin AssetManagerEditor
LogPluginManager: Mounting plugin CryptoKeys
LogPluginManager: Mounting plugin DataValidation
LogPluginManager: Mounting plugin EditorScriptingUtilities
LogPluginManager: Mounting plugin FacialAnimation
LogPluginManager: Mounting plugin GameplayTagsEditor
LogPluginManager: Mounting plugin MacGraphicsSwitching
LogPluginManager: Mounting plugin MeshEditor
LogPluginManager: Mounting plugin MobileLauncherProfileWizard
LogPluginManager: Mounting plugin PluginBrowser
LogPluginManager: Mounting plugin SpeedTreeImporter
LogPluginManager: Mounting plugin DatasmithContent
LogPluginManager: Mounting plugin AlembicImporter
LogPluginManager: Mounting plugin AppleImageUtils
LogPluginManager: Mounting plugin AppleVision
LogPluginManager: Mounting plugin BackChannel
LogPluginManager: Mounting plugin CharacterAI
LogPluginManager: Mounting plugin GeometryCache
LogPluginManager: Mounting plugin HTML5Networking
LogPluginManager: Mounting plugin ProxyLODPlugin
LogPluginManager: Mounting plugin MagicLeap
LogPluginManager: Mounting plugin MagicLeapEmulator
LogPluginManager: Mounting plugin MagicLeapMedia
LogPluginManager: Mounting plugin AndroidMedia
LogPluginManager: Mounting plugin AvfMedia
LogPluginManager: Mounting plugin ImgMedia
LogPluginManager: Mounting plugin LinearTimecode
LogPluginManager: Mounting plugin MediaCompositing
LogPluginManager: Mounting plugin MediaPlayerEditor
LogPluginManager: Mounting plugin WmfMedia
LogPluginManager: Mounting plugin TcpMessaging
LogPluginManager: Mounting plugin UdpMessaging
LogPluginManager: Mounting plugin ActorSequence
LogPluginManager: Mounting plugin LevelSequenceEditor
LogPluginManager: Mounting plugin MatineeToLevelSequence
LogPluginManager: Mounting plugin NetcodeUnitTest
LogPluginManager: Mounting plugin NUTUnrealEngine4
LogPluginManager: Mounting plugin OnlineSubsystemGooglePlay
LogPluginManager: Mounting plugin OnlineSubsystemIOS
LogPluginManager: Mounting plugin OnlineSubsystem
LogPluginManager: Mounting plugin OnlineSubsystemNull
LogPluginManager: Mounting plugin OnlineSubsystemUtils
LogPluginManager: Mounting plugin LauncherChunkInstaller
LogPluginManager: Mounting plugin AndroidDeviceProfileSelector
LogPluginManager: Mounting plugin AndroidMoviePlayer
LogPluginManager: Mounting plugin AndroidPermission
LogPluginManager: Mounting plugin AppleMoviePlayer
LogPluginManager: Mounting plugin ArchVisCharacter
LogPluginManager: Mounting plugin AudioCapture
LogPluginManager: Mounting plugin CableComponent
LogPluginManager: Mounting plugin CustomMeshComponent
LogPluginManager: Mounting plugin EditableMesh
LogPluginManager: Mounting plugin ExampleDeviceProfileSelector
LogPluginManager: Mounting plugin GoogleCloudMessaging
LogPluginManager: Mounting plugin ImmediatePhysics
LogPluginManager: Mounting plugin IOSDeviceProfileSelector
LogPluginManager: Mounting plugin LinuxDeviceProfileSelector
LogPluginManager: Mounting plugin LocationServicesBPLibrary
LogPluginManager: Mounting plugin MobilePatchingUtils
LogPluginManager: Mounting plugin OculusVR
LogPluginManager: Plugin shader directory ../../../Engine/Plugins/Runtime/Oculus/OculusVR/Shaders found
LogPluginManager: Mapping shader source directory ../../../Engine/Plugins/Runtime/Oculus/OculusVR/Shaders to virtual directory /Plugin/OculusVR
LogPluginManager: Mounting plugin PhysXVehicles
LogPluginManager: Mounting plugin ProceduralMeshComponent
LogPluginManager: Mounting plugin RuntimePhysXCooking
LogPluginManager: Mounting plugin SteamVR
LogPluginManager: Mounting plugin WindowsMoviePlayer
LogPluginManager: Mounting plugin DatasmithCADImporter
LogPluginManager: Mounting plugin DatasmithFBXImporter
LogPluginManager: Mounting plugin DatasmithImporter
LogPluginManager: Mounting plugin DatasmithMDLImporter
LogPluginManager: Mounting plugin StaticMeshEditorExtension
LogStreaming: Display: Took  0.182s to configure plugins.
LogInit: Using libcurl 7.55.1-DEV
LogInit:  - built for x86_64-pc-win32
LogInit:  - supports SSL with OpenSSL/1.0.2h
LogInit:  - supports HTTP deflate (compression) using libz 1.2.8
LogInit:  - other features:
LogInit:      CURL_VERSION_SSL
LogInit:      CURL_VERSION_LIBZ
LogInit:      CURL_VERSION_IPV6
LogInit:      CURL_VERSION_ASYNCHDNS
LogInit:      CURL_VERSION_LARGEFILE
LogInit:      CURL_VERSION_IDN
LogInit:  CurlRequestOptions (configurable via config and command line):
LogInit:  - bVerifyPeer = false  - Libcurl will NOT verify peer certificate
LogInit:  - bUseHttpProxy = false  - Libcurl will NOT use HTTP proxy
LogInit:  - bDontReuseConnections = false  - Libcurl will reuse connections
LogInit:  - CertBundlePath = nullptr  - Libcurl will use whatever was configured at build time.
LogInit:  - MaxHostConnections = 16  - Libcurl will limit the number of connections to a host
LogInit:  - LocalHostAddr = Default
LogInit:  - BufferSize = 65536
LogInit: WinSock: version 1.1 (2.2), MaxSocks=32767, MaxUdp=65467
LogHMD: Failed initializing OVRPlugin 1.25.0
LogInit: Build: ++UE4+Release-4.20-CL-4369336
LogInit: Engine Version: 4.20.3-4369336+++UE4+Release-4.20
LogInit: Compatible Engine Version: 4.20.0-4212847+++UE4+Release-4.20
LogInit: Net CL: 4212847
LogInit: OS: Windows 10 (), CPU: AMD FX(tm)-8350 Eight-Core Processor           , GPU: AMD Radeon R9 200 Series
LogInit: Compiled (64-bit): Sep 17 2018 12:26:19
LogInit: Compiled with Visual C++: 19.13.26129.00
LogInit: Build Configuration: Development
LogInit: Branch Name: ++UE4+Release-4.20
LogInit: Command Line:  -skipcompile
LogInit: Base Directory: E:/Unreal_Engine/UE_4.20/Engine/Binaries/Win64/
LogInit: Installed Engine Build: 1
LogDevObjectVersion: Number of dev versions registered: 20
LogDevObjectVersion:   Dev-Blueprints (B0D832E4-1F89-4F0D-ACCF-7EB736FD4AA2): 10
LogDevObjectVersion:   Dev-Build (E1C64328-A22C-4D53-A36C-8E866417BD8C): 0
LogDevObjectVersion:   Dev-Core (375EC13C-06E4-48FB-B500-84F0262A717E): 2
LogDevObjectVersion:   Dev-Editor (E4B068ED-F494-42E9-A231-DA0B2E46BB41): 24
LogDevObjectVersion:   Dev-Framework (CFFC743F-43B0-4480-9391-14DF171D2073): 34
LogDevObjectVersion:   Dev-Mobile (B02B49B5-BB20-44E9-A304-32B752E40360): 2
LogDevObjectVersion:   Dev-Networking (A4E4105C-59A1-49B5-A7C5-40C4547EDFEE): 0
LogDevObjectVersion:   Dev-Online (39C831C9-5AE6-47DC-9A44-9C173E1C8E7C): 0
LogDevObjectVersion:   Dev-Physics (78F01B33-EBEA-4F98-B9B4-84EACCB95AA2): 0
LogDevObjectVersion:   Dev-Platform (6631380F-2D4D-43E0-8009-CF276956A95A): 0
LogDevObjectVersion:   Dev-Rendering (12F88B9F-8875-4AFC-A67C-D90C383ABD29): 26
LogDevObjectVersion:   Dev-Sequencer (7B5AE74C-D270-4C10-A958-57980B212A5A): 9
LogDevObjectVersion:   Dev-VR (D7296918-1DD6-4BDD-9DE2-64A83CC13884): 2
LogDevObjectVersion:   Dev-LoadTimes (C2A15278-BFE7-4AFE-6C17-90FF531DF755): 1
LogDevObjectVersion:   Private-Geometry (6EACA3D4-40EC-4CC1-B786-8BED09428FC5): 3
LogDevObjectVersion:   Dev-AnimPhys (29E575DD-E0A3-4627-9D10-D276232CDCEA): 17
LogDevObjectVersion:   Dev-ReflectionCapture (6B266CEC-1EC7-4B8F-A30B-E4D90942FC07): 1
LogDevObjectVersion:   Dev-Automation (0DF73D61-A23F-47EA-B727-89E90C41499A): 1
LogDevObjectVersion:   FortniteMain (601D1886-AC64-4F84-AA16-D3DE0DEAC7D6): 12
LogDevObjectVersion:   Dev-Enterprise (9DFFBCD6-494F-0158-E221-12823C92A888): 1
LogStreaming: Display: Took  0.001s to delete old logs.
LogInit: Presizing for max 8388607 objects, including 0 objects not considered by GC, pre-allocating 0 bytes for permanent pool.
LogInit: Object subsystem initialized
[2018.10.28-05.56.23:457][  0]LogInit: Selected Device Profile: [Windows]
[2018.10.28-05.56.23:457][  0]LogInit: Applying CVar settings loaded from the selected device profile: [Windows]
[2018.10.28-05.56.23:477][  0]LogHAL: Display: Platform has ~ 16 GB [17075896320 / 17179869184 / 16], which maps to Larger [LargestMinGB=32, LargerMinGB=12, DefaultMinGB=8, SmallerMinGB=6, SmallestMinGB=0)
[2018.10.28-05.56.23:477][  0]LogInit: Setting Device Profile CVar: [[r.Vulkan.UseRealUBs:1]]
[2018.10.28-05.56.23:477][  0]LogInit: Going up to parent DeviceProfile []
[2018.10.28-05.56.23:477][  0]LogInit: Computer: BLACKWIDOW-PC
[2018.10.28-05.56.23:477][  0]LogInit: User: Rayray
[2018.10.28-05.56.23:478][  0]LogInit: CPU Page size=4096, Cores=4
[2018.10.28-05.56.23:478][  0]LogInit: High frequency timer resolution =3.919296 MHz
[2018.10.28-05.56.23:478][  0]LogMemory: Memory total: Physical=15.9GB (16GB approx)
[2018.10.28-05.56.23:478][  0]LogMemory: Platform Memory Stats for Windows
[2018.10.28-05.56.23:478][  0]LogMemory: Process Physical Memory: 103.74 MB used, 103.74 MB peak
[2018.10.28-05.56.23:478][  0]LogMemory: Process Virtual Memory: 90.26 MB used, 90.26 MB peak
[2018.10.28-05.56.23:478][  0]LogMemory: Physical Memory: 6495.16 MB used,  9789.68 MB free, 16284.84 MB total
[2018.10.28-05.56.23:478][  0]LogMemory: Virtual Memory: 4651.27 MB used,  9789.68 MB free, 134217728.00 MB total
[2018.10.28-05.56.23:502][  0]LogInit: Using OS detected language (en-US).
[2018.10.28-05.56.23:502][  0]LogInit: Using OS detected locale (en-US).
[2018.10.28-05.56.23:504][  0]LogTextLocalizationManager: No specific localization for 'en-US' exists, so the 'en' localization will be used.
[2018.10.28-05.56.23:951][  0]LogStreaming: Display: Took  0.449s to InitEngineTextLocalization.
[2018.10.28-05.56.23:952][  0]LogInit: Setting process to per monitor DPI aware
[2018.10.28-05.56.24:000][  0]LogSlate: New Slate User Created.  User Index 0, Is Virtual User: 0
[2018.10.28-05.56.24:000][  0]LogSlate: Slate User Registered.  User Index 0, Is Virtual User: 0
[2018.10.28-05.56.24:412][  0]LogHMD: Failed to initialize OpenVR with code 108
[2018.10.28-05.56.24:412][  0]LogD3D11RHI: D3D11 adapters:
[2018.10.28-05.56.24:436][  0]LogD3D11RHI:    0. 'AMD Radeon R9 200 Series' (Feature Level 11_0)
[2018.10.28-05.56.24:436][  0]LogD3D11RHI:       4072/0/8142 MB DedicatedVideo/DedicatedSystem/SharedSystem, Outputs:2, VendorId:0x1002
[2018.10.28-05.56.24:439][  0]LogD3D11RHI:    1. 'Microsoft Basic Render Driver' (Feature Level 11_0)
[2018.10.28-05.56.24:439][  0]LogD3D11RHI:       0/0/8142 MB DedicatedVideo/DedicatedSystem/SharedSystem, Outputs:0, VendorId:0x1414
[2018.10.28-05.56.24:439][  0]LogD3D11RHI: Chosen D3D11 Adapter: 0
[2018.10.28-05.56.24:448][  0]LogD3D11RHI: Creating new Direct3DDevice
[2018.10.28-05.56.24:448][  0]LogD3D11RHI:     GPU DeviceId: 0x67b0 (for the marketing name, search the web for "GPU Device Id")
[2018.10.28-05.56.24:448][  0]LogWindows: EnumDisplayDevices:
[2018.10.28-05.56.24:448][  0]LogWindows:    0. 'AMD Radeon R9 200 Series' (P:1 D:1)
[2018.10.28-05.56.24:449][  0]LogWindows:    1. 'AMD Radeon R9 200 Series' (P:0 D:1)
[2018.10.28-05.56.24:449][  0]LogWindows:    2. 'AMD Radeon R9 200 Series' (P:0 D:0)
[2018.10.28-05.56.24:450][  0]LogWindows:    3. 'AMD Radeon R9 200 Series' (P:0 D:0)
[2018.10.28-05.56.24:450][  0]LogWindows:    4. 'AMD Radeon R9 200 Series' (P:0 D:0)
[2018.10.28-05.56.24:450][  0]LogWindows:    5. 'AMD Radeon R9 200 Series' (P:0 D:0)
[2018.10.28-05.56.24:451][  0]LogWindows: DebugString: FoundDriverCount:6 
[2018.10.28-05.56.24:451][  0]LogD3D11RHI:     Adapter Name: AMD Radeon R9 200 Series
[2018.10.28-05.56.24:451][  0]LogD3D11RHI:   Driver Version: Crimson ReLive 17.7 (internal:22.19.677.257, unified:22.19.677.257)
[2018.10.28-05.56.24:451][  0]LogD3D11RHI:      Driver Date: 9-22-2017
[2018.10.28-05.56.24:451][  0]LogRHI: Texture pool is 2850 MB (70% of 4072 MB)
[2018.10.28-05.56.24:486][  0]LogD3D11RHI: Async texture creation enabled
[2018.10.28-05.56.24:499][  0]LogD3D11RHI: GPU Timing Frequency: 27.000000 (Debug: 2 1)
[2018.10.28-05.56.24:501][  0]LogShaderCompilers: Guid format shader working directory is -13 characters bigger than the processId version (../../../../../controliegit/controliegame/ControliePractice/Intermediate/Shaders/WorkingDirectory/12020/).
[2018.10.28-05.56.24:501][  0]LogShaderCompilers: Cleaned the shader compiler working directory 'C:/Users/Rayray/AppData/Local/Temp/UnrealShaderWorkingDir/9130E8514782426F9F6C7CA76B019330/'.
[2018.10.28-05.56.24:814][  0]LogTemp: Display: Loaded TP AllDesktopTargetPlatform
[2018.10.28-05.56.24:834][  0]LogTemp: Display: Loaded TP MacClientTargetPlatform
[2018.10.28-05.56.24:854][  0]LogTemp: Display: Loaded TP MacNoEditorTargetPlatform
[2018.10.28-05.56.24:874][  0]LogTemp: Display: Loaded TP MacServerTargetPlatform
[2018.10.28-05.56.24:896][  0]LogTemp: Display: Loaded TP MacTargetPlatform
[2018.10.28-05.56.24:917][  0]LogTemp: Display: Loaded TP WindowsClientTargetPlatform
[2018.10.28-05.56.24:937][  0]LogTemp: Display: Loaded TP WindowsNoEditorTargetPlatform
[2018.10.28-05.56.24:957][  0]LogTemp: Display: Loaded TP WindowsServerTargetPlatform
[2018.10.28-05.56.24:966][  0]LogTemp: Display: Loaded TP WindowsTargetPlatform
[2018.10.28-05.56.25:090][  0]LogTemp: Display: Loaded TP AndroidTargetPlatform
[2018.10.28-05.56.25:090][  0]LogTemp: Display: Loaded TP AndroidTargetPlatform
[2018.10.28-05.56.25:090][  0]LogTemp: Display: Loaded TP AndroidTargetPlatform
[2018.10.28-05.56.25:090][  0]LogTemp: Display: Loaded TP AndroidTargetPlatform
[2018.10.28-05.56.25:090][  0]LogTemp: Display: Loaded TP AndroidTargetPlatform
[2018.10.28-05.56.25:090][  0]LogTemp: Display: Loaded TP AndroidTargetPlatform
[2018.10.28-05.56.25:090][  0]LogTemp: Display: Loaded TP AndroidTargetPlatform
[2018.10.28-05.56.25:090][  0]LogTemp: Display: Loaded TP AndroidTargetPlatform
[2018.10.28-05.56.25:090][  0]LogTemp: Display: Loaded TP AndroidTargetPlatform
[2018.10.28-05.56.25:090][  0]LogTemp: Display: Loaded TP AndroidTargetPlatform
[2018.10.28-05.56.25:090][  0]LogTemp: Display: Loaded TP AndroidTargetPlatform
[2018.10.28-05.56.25:090][  0]LogTemp: Display: Loaded TP AndroidTargetPlatform
[2018.10.28-05.56.25:090][  0]LogTemp: Display: Loaded TP AndroidTargetPlatform
[2018.10.28-05.56.25:090][  0]LogTemp: Display: Loaded TP AndroidTargetPlatform
[2018.10.28-05.56.25:090][  0]LogTemp: Display: Loaded TP AndroidTargetPlatform
[2018.10.28-05.56.25:090][  0]LogTemp: Display: Loaded TP AndroidTargetPlatform
[2018.10.28-05.56.25:090][  0]LogTemp: Display: Loaded TP AndroidTargetPlatform
[2018.10.28-05.56.25:090][  0]LogTemp: Display: Loaded TP AndroidTargetPlatform
[2018.10.28-05.56.25:092][  0]LogTemp: Display: Loaded TP HTML5TargetPlatform
[2018.10.28-05.56.25:167][  0]LogTemp: Display: Loaded TP IOSTargetPlatform
[2018.10.28-05.56.25:167][  0]LogTemp: Display: Loaded TP IOSTargetPlatform
[2018.10.28-05.56.25:205][  0]LogTemp: Display: Loaded TP TVOSTargetPlatform
[2018.10.28-05.56.25:205][  0]LogTemp: Display: Loaded TP TVOSTargetPlatform
[2018.10.28-05.56.25:226][  0]LogTemp: Display: Loaded TP LinuxClientTargetPlatform
[2018.10.28-05.56.25:246][  0]LogTemp: Display: Loaded TP LinuxNoEditorTargetPlatform
[2018.10.28-05.56.25:266][  0]LogTemp: Display: Loaded TP LinuxServerTargetPlatform
[2018.10.28-05.56.25:289][  0]LogTemp: Display: Loaded TP LinuxTargetPlatform
[2018.10.28-05.56.25:303][  0]LogTemp: Display: Loaded TP LuminTargetPlatform
[2018.10.28-05.56.25:304][  0]LogTargetPlatformManager: Display: Building Assets For Windows
[2018.10.28-05.56.25:367][  0]LogXGEController: Cleaning working directory: C:/Users/Rayray/AppData/Local/Temp/UnrealXGEWorkingDir/
[2018.10.28-05.56.25:367][  0]LogXGEController: Cannot use XGE Controller as Incredibuild is not installed on this machine.
[2018.10.28-05.56.25:367][  0]LogShaderCompilers: Cannot use XGE Shader Compiler as Incredibuild is not installed on this machine.
[2018.10.28-05.56.25:367][  0]LogShaderCompilers: Display: Using Local Shader Compiler.
[2018.10.28-05.56.26:383][  0]LogDerivedDataCache: Display: Max Cache Size: 512 MB
[2018.10.28-05.56.26:468][  0]LogDerivedDataCache: Loaded boot cache 0.08s 73MB C:/Users/Rayray/AppData/Local/UnrealEngine/4.20/DerivedDataCache/Boot.ddc.
[2018.10.28-05.56.26:468][  0]LogDerivedDataCache: Display: Loaded Boot cache: C:/Users/Rayray/AppData/Local/UnrealEngine/4.20/DerivedDataCache/Boot.ddc
[2018.10.28-05.56.26:468][  0]LogDerivedDataCache: FDerivedDataBackendGraph:  Pak pak cache file ../../../../../controliegit/controliegame/ControliePractice/DerivedDataCache/DDC.ddp not found, will not use a pak cache.
[2018.10.28-05.56.26:468][  0]LogDerivedDataCache: Unable to find inner node Pak for hierarchical cache Hierarchy.
[2018.10.28-05.56.26:468][  0]LogDerivedDataCache: FDerivedDataBackendGraph:  CompressedPak pak cache file ../../../../../controliegit/controliegame/ControliePractice/DerivedDataCache/Compressed.ddp not found, will not use a pak cache.
[2018.10.28-05.56.26:468][  0]LogDerivedDataCache: Unable to find inner node CompressedPak for hierarchical cache Hierarchy.
[2018.10.28-05.56.26:483][  0]LogDerivedDataCache: Display: Pak cache opened for reading ../../../Engine/DerivedDataCache/Compressed.ddp.
[2018.10.28-05.56.26:496][  0]LogDerivedDataCache: Using Local data cache path C:/Users/Rayray/AppData/Local/UnrealEngine/Common/DerivedDataCache: Writable
[2018.10.28-05.56.26:496][  0]LogDerivedDataCache: Shared data cache path not found in *engine.ini, will not use an Shared cache.
[2018.10.28-05.56.26:496][  0]LogDerivedDataCache: Unable to find inner node Shared for hierarchical cache Hierarchy.
[2018.10.28-05.56.26:522][  0]LogMaterial: Verifying Global Shaders for PCD3D_SM5
[2018.10.28-05.56.26:524][  0]LogSlate: Using FreeType 2.6.0
[2018.10.28-05.56.26:525][  0]LogSlate: SlateFontServices - WITH_FREETYPE: 1, WITH_HARFBUZZ: 1
[2018.10.28-05.56.26:621][  0]LogAssetRegistry: FAssetRegistry took 0.0290 seconds to start up
[2018.10.28-05.56.27:126][  0]LogInit: Selected Device Profile: [Windows]
[2018.10.28-05.56.27:289][  0]LogSimplygon: Simplygon DLL not present - disabling.
[2018.10.28-05.56.27:293][  0]LogMeshReduction: Using SimplygonSwarm for distributed automatic mesh merging
[2018.10.28-05.56.27:293][  0]LogMeshReduction: Using ProxyLODMeshReduction for automatic mesh merging
[2018.10.28-05.56.27:293][  0]LogMeshReduction: Using QuadricMeshReduction for automatic static mesh reduction
[2018.10.28-05.56.27:293][  0]LogMeshReduction: No automatic skeletal mesh reduction module available
[2018.10.28-05.56.27:319][  0]LogNetVersion: ControliePractice 1.0.0, NetCL: 4212847, EngineNetVer: 5, GameNetVer: 0 (Checksum: 2409719994)
[2018.10.28-05.56.28:000][  0]LogPackageLocalizationCache: Processed 13 localized package path(s) for 2 prioritized culture(s) in 0.181040 seconds
[2018.10.28-05.56.28:009][  0]LogUObjectArray: 38425 objects as part of root set at end of initial load.
[2018.10.28-05.56.28:009][  0]LogUObjectAllocator: 6690872 out of 0 bytes used by permanent object pool.
[2018.10.28-05.56.28:009][  0]LogUObjectArray: CloseDisregardForGC: 0/0 objects in disregard for GC pool
[2018.10.28-05.56.29:119][  0]LogTcpMessaging: Initializing TcpMessaging bridge
[2018.10.28-05.56.29:133][  0]LogUdpMessaging: Initializing bridge on interface 0.0.0.0:0 to multicast group 230.0.0.1:6666.
[2018.10.28-05.56.29:322][  0]SourceControl: Source control is disabled
[2018.10.28-05.56.29:322][  0]SourceControl: Source control is disabled
[2018.10.28-05.56.29:324][  0]SourceControl: Source control is disabled
[2018.10.28-05.56.29:325][  0]SourceControl: Source control is disabled
[2018.10.28-05.56.29:522][  0]LogAndroidPermission: UAndroidPermissionCallbackProxy::GetInstance
[2018.10.28-05.56.29:668][  0]LogOcInput: OculusInput pre-init called
[2018.10.28-05.56.32:371][  0]LogEngine: Initializing Engine...
[2018.10.28-05.56.32:427][  0]LogHMD: Failed to initialize OpenVR with code 108
[2018.10.28-05.56.32:429][  0]LogStats: UGameplayTagsManager::ConstructGameplayTagTree: ImportINI prefixes -  0.000 s
[2018.10.28-05.56.32:429][  0]LogStats: UGameplayTagsManager::ConstructGameplayTagTree: Construct from data asset -  0.000 s
[2018.10.28-05.56.32:430][  0]LogStats: UGameplayTagsManager::ConstructGameplayTagTree: ImportINI -  0.000 s
[2018.10.28-05.56.32:430][  0]LogStats: UGameplayTagsManager::ConstructGameplayTagTree: GameplayTagTreeChangedEvent.Broadcast -  0.000 s
[2018.10.28-05.56.32:687][  0]LogInit: Initializing FReadOnlyCVARCache
[2018.10.28-05.56.32:701][  0]LogAIModule: Creating AISystem for world Untitled
[2018.10.28-05.56.32:745][  0]LogInit: XAudio2 using 'Speakers (Realtek High Definition Audio)' : 2 channels at 48 kHz using 32 bits per sample (channel mask 0x3)
[2018.10.28-05.56.32:792][  0]LogInit: FAudioDevice initialized.
[2018.10.28-05.56.32:793][  0]LogNetVersion: Set ProjectVersion to 1.0.0.0. Version Checksum will be recalculated on next use.
[2018.10.28-05.56.32:901][  0]LogDerivedDataCache: Saved boot cache 0.11s 73MB C:/Users/Rayray/AppData/Local/UnrealEngine/4.20/DerivedDataCache/Boot.ddc.
[2018.10.28-05.56.32:916][  0]LogInit: Texture streaming: Enabled
[2018.10.28-05.56.32:933][  0]LogEngineSessionManager: EngineSessionManager initialized
[2018.10.28-05.56.32:949][  0]LogInit: Transaction tracking system initialized
[2018.10.28-05.56.32:982][  0]BlueprintLog: New page: Editor Load
[2018.10.28-05.56.33:065][  0]LocalizationService: Localization service is disabled
[2018.10.28-05.56.33:138][  0]LogLinker: Warning: Can't find file '/Game/SideScRolePlay/BluePrints/NewBlueprint'
[2018.10.28-05.56.33:138][  0]LogLinker: Warning: Can't find file '/Game/SideScRolePlay/BluePrints/NewBlueprint'
[2018.10.28-05.56.33:138][  0]LogUObjectGlobals: Warning: Failed to find object 'Class /Game/SideScRolePlay/BluePrints/NewBlueprint.NewBlueprint_C'
[2018.10.28-05.56.33:370][  0]LogCook: Display: Max memory allowance for cook 16384mb min free memory 0mb
[2018.10.28-05.56.33:370][  0]LogCook: Display: Mobile HDR setting 1
[2018.10.28-05.56.33:370][  0]LogGameplayTags: Display: UGameplayTagsManager::DoneAddingNativeTags. DelegateIsBound: 0
[2018.10.28-05.56.33:370][  0]LogStats: UGameplayTagsManager::ConstructGameplayTagTree: ImportINI prefixes -  0.000 s
[2018.10.28-05.56.33:370][  0]LogStats: UGameplayTagsManager::ConstructGameplayTagTree: Construct from data asset -  0.000 s
[2018.10.28-05.56.33:371][  0]LogStats: UGameplayTagsManager::ConstructGameplayTagTree: ImportINI -  0.000 s
[2018.10.28-05.56.33:371][  0]LogStats: UGameplayTagsManager::ConstructGameplayTagTree: GameplayTagTreeChangedEvent.Broadcast -  0.000 s
[2018.10.28-05.56.33:526][  0]LogFileCache: Scanning file cache for directory 'E:/controliegit/controliegame/ControliePractice/Content/' took 0.03s
[2018.10.28-05.56.35:246][  0]SourceControl: Source control is disabled
[2018.10.28-05.56.35:246][  0]Cmd: MAP LOAD FILE="../../../../../controliegit/controliegame/ControliePractice/Content/Controlie/Levels/ControlieLand.umap" TEMPLATE=0 SHOWPROGRESS=1 FEATURELEVEL=3
[2018.10.28-05.56.35:246][  0]LightingResults: New page: Lighting Build
[2018.10.28-05.56.35:249][  0]MapCheck: New page: Map Check
[2018.10.28-05.56.35:249][  0]LightingResults: New page: Lighting Build
[2018.10.28-05.56.36:242][  0]LogBlueprint: Warning: [Compiler ControlieCharacter] Character.ArrowComponent is not blueprint visible (BlueprintReadOnly or BlueprintReadWrite). Please fix mark up or cease accessing as this will be made an error in a future release.  Get ArrowComponent
[2018.10.28-05.56.36:250][  0]LogBlueprint: Warning: [Compiler ControlieCharacter] [0015.79] Compile of ControlieCharacter successful, but with 1 Warning(s) [in 20 ms] (/Game/Controlie/CameraCharacter/ControlieCharacter.ControlieCharacter)
[2018.10.28-05.56.37:363][  0]LogAIModule: Creating AISystem for world ControlieLand
[2018.10.28-05.56.37:419][  0]LogStreaming: Display: ULevelStreaming::RequestLevel(/Game/Controlie/Levels/Stream1) is flushing async loading
[2018.10.28-05.56.37:420][  0]LogStreaming: Display: Flushing async loaders.
[2018.10.28-05.56.37:445][  0]LogEditorServer: Finished looking for orphan Actors (0.000 secs)
[2018.10.28-05.56.37:593][  0]Cmd: MAP CHECKDEP NOCLEARLOG
[2018.10.28-05.56.37:734][  0]MapCheck: Map check complete: 0 Error(s), 0 Warning(s), took 140.411ms to complete.
[2018.10.28-05.56.37:734][  0]LogFileHelpers: Loading map 'ControlieLand' took 2.488
[2018.10.28-05.56.37:869][  0]LogSlate: Updating window title bar state: overlay mode, drag disabled, window buttons hidden, title bar hidden
[2018.10.28-05.56.37:880][  0]LogSlate: Updating window title bar state: overlay mode, drag disabled, window buttons hidden, title bar hidden
[2018.10.28-05.56.37:889][  0]LogSlate: Updating window title bar state: overlay mode, drag disabled, window buttons hidden, title bar hidden
[2018.10.28-05.56.37:900][  0]LogSlate: Updating window title bar state: overlay mode, drag disabled, window buttons hidden, title bar hidden
[2018.10.28-05.56.37:907][  0]LogCollectionManager: Loaded 0 collections in 0.001882 seconds
[2018.10.28-05.56.37:957][  0]LogFileCache: Scanning file cache for directory 'E:/controliegit/controliegame/ControliePractice/Saved/Collections/' took 0.01s
[2018.10.28-05.56.37:957][  0]LogFileCache: Scanning file cache for directory 'E:/controliegit/controliegame/ControliePractice/Content/Developers/Rayray/Collections/' took 0.01s
[2018.10.28-05.56.37:957][  0]LogFileCache: Scanning file cache for directory 'E:/controliegit/controliegame/ControliePractice/Content/Collections/' took 0.01s
[2018.10.28-05.56.37:957][  0]LogCollectionManager: Rebuilt the GUID cache for 0 collections in 0.000000 seconds
[2018.10.28-05.56.37:975][  0]LogContentBrowser: Native class hierarchy populated in 0.0177 seconds. Added 2629 classes and 633 folders.
[2018.10.28-05.56.37:984][  0]LogContentBrowser: Native class hierarchy updated for 'WidgetCarousel' in 0.0005 seconds. Added 0 classes and 0 folders.
[2018.10.28-05.56.38:070][  0]LogContentBrowser: Native class hierarchy updated for 'AddContentDialog' in 0.0005 seconds. Added 0 classes and 0 folders.
[2018.10.28-05.56.38:078][  0]LogContentBrowser: Native class hierarchy updated for 'SceneOutliner' in 0.0006 seconds. Added 1 classes and 2 folders.
[2018.10.28-05.56.38:255][  0]LogContentBrowser: Native class hierarchy updated for 'HierarchicalLODOutliner' in 0.0006 seconds. Added 0 classes and 0 folders.
[2018.10.28-05.56.38:255][  0]LogLoad: (Engine Initialization) Total time: 17.80 seconds
[2018.10.28-05.56.38:255][  0]LogLoad: (Engine Initialization) Total Blueprint compile time: 0.00 seconds
[2018.10.28-05.56.38:267][  0]LogWindowsTextInputMethodSystem: Display: IME system now deactivated.
[2018.10.28-05.56.38:295][  0]LogContentStreaming: Texture pool size now 1000 MB
[2018.10.28-05.56.38:298][  0]LogSlate: Took 0.000350 seconds to synchronously load lazily loaded font '../../../Engine/Content/Slate/Fonts/Roboto-Regular.ttf' (155K)
[2018.10.28-05.56.38:300][  0]LogSlate: Took 0.000255 seconds to synchronously load lazily loaded font '../../../Engine/Content/Slate/Fonts/Roboto-Bold.ttf' (160K)
[2018.10.28-05.56.38:307][  0]LogSlate: Took 0.000340 seconds to synchronously load lazily loaded font '../../../Engine/Content/Editor/Slate/Fonts/FontAwesome.ttf' (139K)
[2018.10.28-05.56.38:481][  1]LogRenderer: Reallocating scene render targets to support 1184x536 Format 26 NumSamples 1 (Frame:1).
[2018.10.28-05.56.38:618][  2]LogAssetRegistry: Asset discovery search completed in 12.0203 seconds
[2018.10.28-05.56.38:621][  2]LogCollectionManager: Rebuilt the object cache for 0 collections in 0.000000 seconds (found 0 objects)
[2018.10.28-05.56.38:621][  2]LogCollectionManager: Fixed up redirectors for 0 collections in 0.000063 seconds (updated 0 objects)
[2018.10.28-05.56.39:326][ 76]LogSlate: Took 0.000336 seconds to synchronously load lazily loaded font '../../../Engine/Content/Slate/Fonts/Roboto-Light.ttf' (167K)
[2018.10.28-05.56.41:770][366]LogSlate: FSceneViewport::OnFocusLost() reason 0
[2018.10.28-05.56.43:259][541]LogSlate: FSceneViewport::OnFocusLost() reason 0
[2018.10.28-05.56.43:367][551]Candidate modules for hot reload:
[2018.10.28-05.56.43:367][551]  ControliePractice
[2018.10.28-05.56.43:367][551]Launching UnrealBuildTool... [E:/Unreal_Engine/UE_4.20/Engine/Binaries/DotNET/UnrealBuildTool.exe  -ModuleWithSuffix=ControliePractice,9616 Win64 Development -TargetType=Editor -Project="../../../../../controliegit/controliegame/ControliePractice/ControliePractice.uproject" -canskiplink "E:/controliegit/controliegame/ControliePractice/ControliePractice.uproject" ]
[2018.10.28-05.56.43:381][551]Warning: Starting HotReload took  0.0s.
[2018.10.28-05.56.51:498][516]CompilerResultsLog: New page: Compilation - Oct 27, 2018, 7:56:51 PM
[2018.10.28-05.56.51:498][516]CompilerResultsLog: Using 'git status' to determine working set for adaptive non-unity build.
[2018.10.28-05.56.51:498][516]CompilerResultsLog: Creating makefile for hot reloading ControliePracticeEditor (modules to compile have changed)
[2018.10.28-05.56.51:498][516]CompilerResultsLog: Compiling game modules for hot reload
[2018.10.28-05.56.51:498][516]CompilerResultsLog: Using Visual Studio 2017 14.15.26726 toolchain (C:\Program Files (x86)\Microsoft Visual Studio\2017\Community\VC\Tools\MSVC\14.15.26726) and Windows 10.0.16299.0 SDK (C:\Program Files (x86)\Windows Kits\10).
[2018.10.28-05.56.51:498][516]CompilerResultsLog: E:\Unreal_Engine\UE_4.20\Enterprise\Plugins\Editor\DatasmithMDLImporter\Source\DatasmithMDLImporter\DatasmithMDLImporter.Build.cs: warning: Referenced directory 'E:\Unreal_Engine\UE_4.20\Enterprise\Plugins\Editor\DatasmithMDLImporter\Source\ThirdParty\NotForLicensees\AxF-Decoding-SDK-1.5.1\include' does not exist.
[2018.10.28-05.56.51:498][516]CompilerResultsLog: E:\Unreal_Engine\UE_4.20\Enterprise\Plugins\Editor\DatasmithMDLImporter\Source\DatasmithMDLImporter\DatasmithMDLImporter.Build.cs: warning: Referenced directory 'E:\Unreal_Engine\UE_4.20\Enterprise\Plugins\Editor\DatasmithMDLImporter\Source\ThirdParty\NotForLicensees\mdl-sdk-302800.547\include' does not exist.
[2018.10.28-05.56.51:498][516]CompilerResultsLog: Target is up to date
[2018.10.28-05.56.51:498][516]CompilerResultsLog: Total build time: 7.81 seconds (NoActionsToExecute executor: 0.00 seconds)
[2018.10.28-05.56.51:498][516]LogMainFrame: MainFrame: Module compiling took 8.143 seconds
[2018.10.28-05.56.51:632][516]LogContentBrowser: Native class hierarchy populated in 0.0165 seconds. Added 2630 classes and 635 folders.
[2018.10.28-05.56.51:655][516]Display: HotReload took  8.3s.
[2018.10.28-05.56.57:743][243]LogSlate: Took 0.000309 seconds to synchronously load lazily loaded font '../../../Engine/Content/Slate/Fonts/Roboto-Light.ttf' (167K)
[2018.10.28-05.57.52:821][132]LogSlate: Window 'ControliePractice - Unreal Editor' being destroyed
[2018.10.28-05.57.52:821][132]LogWindowsTextInputMethodSystem: Display: IME system now deactivated.
[2018.10.28-05.57.53:035][133]Cmd: QUIT_EDITOR
[2018.10.28-05.57.53:077][133]LogExit: Preparing to exit.
[2018.10.28-05.57.54:242][133]LogExit: Editor shut down
[2018.10.28-05.57.54:242][133]LogExit: Transaction tracking system shut down
[2018.10.28-05.57.54:993][133]LogExit: Object subsystem successfully closed.
[2018.10.28-05.57.55:019][133]LogShaderCompilers: Display: Shaders left to compile 0
[2018.10.28-05.57.55:025][133]LogD3D11RHI: Shutdown
[2018.10.28-05.57.55:025][133]LogD3D11RHI: CleanupD3DDevice
[2018.10.28-05.57.55:027][133]LogD3D11RHI: ~FD3D11DynamicRHI
[2018.10.28-05.57.55:043][133]LogModuleManager: Shutting down and abandoning module HierarchicalLODOutliner (632)
[2018.10.28-05.57.55:043][133]LogModuleManager: Shutting down and abandoning module SceneOutliner (630)
[2018.10.28-05.57.55:043][133]LogModuleManager: Shutting down and abandoning module AddContentDialog (628)
[2018.10.28-05.57.55:043][133]LogModuleManager: Shutting down and abandoning module WidgetCarousel (627)
[2018.10.28-05.57.55:043][133]LogModuleManager: Shutting down and abandoning module EditorWidgets (624)
[2018.10.28-05.57.55:043][133]LogModuleManager: Shutting down and abandoning module CollectionManager (622)
[2018.10.28-05.57.55:044][133]LogModuleManager: Shutting down and abandoning module StatsViewer (620)
[2018.10.28-05.57.55:044][133]LogModuleManager: Shutting down and abandoning module FoliageEdit (618)
[2018.10.28-05.57.55:044][133]LogModuleManager: Shutting down and abandoning module LandscapeEditor (616)
[2018.10.28-05.57.55:044][133]LogModuleManager: Shutting down and abandoning module MeshPaintMode (614)
[2018.10.28-05.57.55:044][133]LogModuleManager: Shutting down and abandoning module SceneDepthPickerMode (612)
[2018.10.28-05.57.55:044][133]LogModuleManager: Shutting down and abandoning module ActorPickerMode (610)
[2018.10.28-05.57.55:044][133]LogModuleManager: Shutting down and abandoning module GeometryMode (608)
[2018.10.28-05.57.55:044][133]LogModuleManager: Shutting down and abandoning module TextureAlignMode (606)
[2018.10.28-05.57.55:044][133]LogModuleManager: Shutting down and abandoning module BspMode (604)
[2018.10.28-05.57.55:044][133]LogModuleManager: Shutting down and abandoning module PIEPreviewDeviceProfileSelector (602)
[2018.10.28-05.57.55:044][133]LogModuleManager: Shutting down and abandoning module SequenceRecorderSections (600)
[2018.10.28-05.57.55:044][133]LogModuleManager: Shutting down and abandoning module AutomationWorker (598)
[2018.10.28-05.57.55:044][133]LogModuleManager: Shutting down and abandoning module DatasmithFBXImporter (596)
[2018.10.28-05.57.55:044][133]LogModuleManager: Shutting down and abandoning module DatasmithDeltaGenImporter (594)
[2018.10.28-05.57.55:044][133]LogModuleManager: Shutting down and abandoning module DatasmithVREDImporter (592)
[2018.10.28-05.57.55:044][133]LogModuleManager: Shutting down and abandoning module AudioCaptureEditor (590)
[2018.10.28-05.57.55:044][133]LogModuleManager: Shutting down and abandoning module SequenceRecorder (589)
[2018.10.28-05.57.55:044][133]LogModuleManager: Shutting down and abandoning module MatineeToLevelSequence (586)
[2018.10.28-05.57.55:044][133]LogModuleManager: Shutting down and abandoning module LevelSequenceEditor (584)
[2018.10.28-05.57.55:044][133]LogModuleManager: Shutting down and abandoning module PlacementMode (583)
[2018.10.28-05.57.55:044][133]LogModuleManager: Shutting down and abandoning module MaterialEditor (582)
[2018.10.28-05.57.55:044][133]LogModuleManager: Shutting down and abandoning module WmfMediaFactory (578)
[2018.10.28-05.57.55:044][133]LogModuleManager: Shutting down and abandoning module WmfMediaEditor (576)
[2018.10.28-05.57.55:044][133]LogModuleManager: Shutting down and abandoning module MediaPlayerEditor (574)
[2018.10.28-05.57.55:044][133]LogModuleManager: Shutting down and abandoning module OpenExrWrapper (572)
[2018.10.28-05.57.55:045][133]LogModuleManager: Shutting down and abandoning module ImgMediaFactory (570)
[2018.10.28-05.57.55:045][133]LogModuleManager: Shutting down and abandoning module ImgMediaEditor (568)
[2018.10.28-05.57.55:045][133]LogModuleManager: Shutting down and abandoning module AvfMediaFactory (566)
[2018.10.28-05.57.55:045][133]LogModuleManager: Shutting down and abandoning module AvfMediaEditor (564)
[2018.10.28-05.57.55:045][133]LogModuleManager: Shutting down and abandoning module AndroidMediaFactory (562)
[2018.10.28-05.57.55:045][133]LogModuleManager: Shutting down and abandoning module AndroidMediaEditor (560)
[2018.10.28-05.57.55:045][133]LogModuleManager: Shutting down and abandoning module MagicLeapCameraPreviewFactory (558)
[2018.10.28-05.57.55:045][133]LogModuleManager: Shutting down and abandoning module MagicLeapMediaFactory (556)
[2018.10.28-05.57.55:045][133]LogModuleManager: Shutting down and abandoning module MagicLeapMediaEditor (554)
[2018.10.28-05.57.55:045][133]LogModuleManager: Shutting down and abandoning module CharacterAI (552)
[2018.10.28-05.57.55:045][133]LogModuleManager: Shutting down and abandoning module SmartSnapping (550)
[2018.10.28-05.57.55:045][133]LogModuleManager: Shutting down and abandoning module SessionServices (548)
[2018.10.28-05.57.55:045][133]LogModuleManager: Shutting down and abandoning module ViewportSnapping (546)
[2018.10.28-05.57.55:045][133]LogModuleManager: Shutting down and abandoning module ViewportInteraction (544)
[2018.10.28-05.57.55:045][133]LogModuleManager: Shutting down and abandoning module ClothPainter (542)
[2018.10.28-05.57.55:045][133]LogModuleManager: Shutting down and abandoning module SkeletalMeshEditor (541)
[2018.10.28-05.57.55:045][133]LogModuleManager: Shutting down and abandoning module LogVisualizer (538)
[2018.10.28-05.57.55:045][133]LogModuleManager: Shutting down and abandoning module IntroTutorials (536)
[2018.10.28-05.57.55:045][133]LogModuleManager: Shutting down and abandoning module GameProjectGeneration (535)
[2018.10.28-05.57.55:045][133]LogModuleManager: Shutting down and abandoning module LuminPlatformEditor (532)
[2018.10.28-05.57.55:045][133]LogModuleManager: Shutting down and abandoning module IOSPlatformEditor (530)
[2018.10.28-05.57.55:045][133]LogModuleManager: Shutting down and abandoning module HTML5PlatformEditor (528)
[2018.10.28-05.57.55:045][133]LogModuleManager: Shutting down and abandoning module AndroidPlatformEditor (526)
[2018.10.28-05.57.55:045][133]LogModuleManager: Shutting down and abandoning module AndroidDeviceDetection (525)
[2018.10.28-05.57.55:170][133]LogModuleManager: Shutting down and abandoning module WindowsPlatformEditor (522)
[2018.10.28-05.57.55:170][133]LogModuleManager: Shutting down and abandoning module LuminRuntimeSettings (520)
[2018.10.28-05.57.55:170][133]LogModuleManager: Shutting down and abandoning module IOSRuntimeSettings (518)
[2018.10.28-05.57.55:170][133]LogModuleManager: Shutting down and abandoning module AndroidRuntimeSettings (516)
[2018.10.28-05.57.55:170][133]LogModuleManager: Shutting down and abandoning module InputBindingEditor (514)
[2018.10.28-05.57.55:170][133]LogModuleManager: Shutting down and abandoning module MergeActors (512)
[2018.10.28-05.57.55:170][133]LogModuleManager: Shutting down and abandoning module LocalizationDashboard (510)
[2018.10.28-05.57.55:170][133]LogModuleManager: Shutting down and abandoning module LocalizationService (509)
[2018.10.28-05.57.55:170][133]LogModuleManager: Shutting down and abandoning module HardwareTargeting (506)
[2018.10.28-05.57.55:170][133]LogModuleManager: Shutting down and abandoning module DeviceProfileEditor (504)
[2018.10.28-05.57.55:170][133]LogModuleManager: Shutting down and abandoning module UndoHistory (502)
[2018.10.28-05.57.55:170][133]LogModuleManager: Shutting down and abandoning module XmlParser (500)
[2018.10.28-05.57.55:170][133]LogModuleManager: Shutting down and abandoning module Blutility (498)
[2018.10.28-05.57.55:170][133]LogModuleManager: Shutting down and abandoning module ProjectSettingsViewer (496)
[2018.10.28-05.57.55:170][133]LogModuleManager: Shutting down and abandoning module ProjectTargetPlatformEditor (495)
[2018.10.28-05.57.55:170][133]LogModuleManager: Shutting down and abandoning module EditorSettingsViewer (492)
[2018.10.28-05.57.55:170][133]LogModuleManager: Shutting down and abandoning module SettingsEditor (490)
[2018.10.28-05.57.55:170][133]LogModuleManager: Shutting down and abandoning module ProjectLauncher (488)
[2018.10.28-05.57.55:170][133]LogModuleManager: Shutting down and abandoning module SessionFrontend (486)
[2018.10.28-05.57.55:170][133]LogModuleManager: Shutting down and abandoning module ProfilerClient (484)
[2018.10.28-05.57.55:170][133]LogModuleManager: Shutting down and abandoning module DeviceManager (482)
[2018.10.28-05.57.55:170][133]LogModuleManager: Shutting down and abandoning module TargetDeviceServices (481)
[2018.10.28-05.57.55:237][133]LogModuleManager: Shutting down and abandoning module AutomationController (478)
[2018.10.28-05.57.55:237][133]LogModuleManager: Shutting down and abandoning module AutomationWindow (476)
[2018.10.28-05.57.55:237][133]LogModuleManager: Shutting down and abandoning module Layers (474)
[2018.10.28-05.57.55:237][133]LogModuleManager: Shutting down and abandoning module ComponentVisualizers (472)
[2018.10.28-05.57.55:237][133]LogModuleManager: Shutting down and abandoning module DetailCustomizations (470)
[2018.10.28-05.57.55:237][133]LogModuleManager: Shutting down and abandoning module PackagesDialog (468)
[2018.10.28-05.57.55:237][133]LogModuleManager: Shutting down and abandoning module Persona (466)
[2018.10.28-05.57.55:237][133]LogModuleManager: Shutting down and abandoning module AnimGraph (465)
[2018.10.28-05.57.55:237][133]LogModuleManager: Shutting down and abandoning module Kismet (462)
[2018.10.28-05.57.55:239][133]LogModuleManager: Shutting down and abandoning module GraphEditor (460)
[2018.10.28-05.57.55:239][133]LogModuleManager: Shutting down and abandoning module ClassViewer (458)
[2018.10.28-05.57.55:239][133]LogModuleManager: Shutting down and abandoning module Toolbox (456)
[2018.10.28-05.57.55:239][133]LogModuleManager: Shutting down and abandoning module DesktopPlatform (455)
[2018.10.28-05.57.55:239][133]LogModuleManager: Shutting down and abandoning module ModuleUI (452)
[2018.10.28-05.57.55:239][133]LogModuleManager: Shutting down and abandoning module MovieSceneTools (450)
[2018.10.28-05.57.55:239][133]LogModuleManager: Shutting down and abandoning module OutputLog (448)
[2018.10.28-05.57.55:239][133]LogModuleManager: Shutting down and abandoning module GammaUI (446)
[2018.10.28-05.57.55:239][133]LogModuleManager: Shutting down and abandoning module Documentation (444)
[2018.10.28-05.57.55:239][133]LogModuleManager: Shutting down and abandoning module MovieSceneTracks (442)
[2018.10.28-05.57.55:239][133]LogModuleManager: Shutting down and abandoning module MovieScene (440)
[2018.10.28-05.57.55:239][133]LogModuleManager: Shutting down and abandoning module StreamingPauseRendering (438)
[2018.10.28-05.57.55:239][133]LogModuleManager: Shutting down and abandoning module LauncherPlatform (436)
[2018.10.28-05.57.55:239][133]LogModuleManager: Shutting down and abandoning module AnalyticsET (434)
[2018.10.28-05.57.55:239][133]LogModuleManager: Shutting down and abandoning module PortalServices (432)
[2018.10.28-05.57.55:239][133]LogModuleManager: Shutting down and abandoning module PortalRpc (430)
[2018.10.28-05.57.55:239][133]LogModuleManager: Shutting down and abandoning module MessagingRpc (428)
[2018.10.28-05.57.55:239][133]LogModuleManager: Shutting down and abandoning module AIModule (426)
[2018.10.28-05.57.55:239][133]LogModuleManager: Shutting down and abandoning module GameplayDebugger (425)
[2018.10.28-05.57.55:239][133]LogModuleManager: Shutting down and abandoning module AITestSuite (423)
[2018.10.28-05.57.55:239][133]LogModuleManager: Shutting down and abandoning module NavigationSystem (421)
[2018.10.28-05.57.55:239][133]LogModuleManager: Shutting down and abandoning module ProfilerService (418)
[2018.10.28-05.57.55:303][133]LogModuleManager: Shutting down and abandoning module TaskGraph (416)
[2018.10.28-05.57.55:303][133]LogModuleManager: Shutting down and abandoning module DatasmithCADImporter (414)
[2018.10.28-05.57.55:303][133]LogModuleManager: Shutting down and abandoning module StaticMeshEditorExtension (412)
[2018.10.28-05.57.55:303][133]LogModuleManager: Shutting down and abandoning module StaticMeshEditor (411)
[2018.10.28-05.57.55:303][133]LogModuleManager: Shutting down and abandoning module AdvancedPreviewScene (410)
[2018.10.28-05.57.55:303][133]LogModuleManager: Shutting down and abandoning module DatasmithMDLImporter (406)
[2018.10.28-05.57.55:304][133]LogModuleManager: Shutting down and abandoning module DatasmithImporter (404)
[2018.10.28-05.57.55:304][133]LogModuleManager: Shutting down and abandoning module SteamVRController (402)
[2018.10.28-05.57.55:304][133]LogModuleManager: Shutting down and abandoning module ProceduralMeshComponentEditor (400)
[2018.10.28-05.57.55:304][133]LogModuleManager: Shutting down and abandoning module ProceduralMeshComponent (398)
[2018.10.28-05.57.55:304][133]LogModuleManager: Shutting down and abandoning module OculusInput (396)
[2018.10.28-05.57.55:304][133]LogModuleManager: Shutting down and abandoning module MobilePatchingUtils (394)
[2018.10.28-05.57.55:304][133]LogModuleManager: Shutting down and abandoning module EditableMesh (392)
[2018.10.28-05.57.55:304][133]LogModuleManager: Shutting down and abandoning module CustomMeshComponent (390)
[2018.10.28-05.57.55:304][133]LogModuleManager: Shutting down and abandoning module CableComponent (388)
[2018.10.28-05.57.55:304][133]LogModuleManager: Shutting down and abandoning module AudioCapture (386)
[2018.10.28-05.57.55:304][133]LogModuleManager: Shutting down and abandoning module ArchVisCharacter (384)
[2018.10.28-05.57.55:305][133]LogModuleManager: Shutting down and abandoning module AndroidPermission (382)
[2018.10.28-05.57.55:305][133]LogModuleManager: Shutting down and abandoning module NUTUnrealEngine4 (380)
[2018.10.28-05.57.55:305][133]LogModuleManager: Shutting down and abandoning module NetcodeUnitTest (378)
[2018.10.28-05.57.55:305][133]LogModuleManager: Shutting down and abandoning module MediaCompositingEditor (376)
[2018.10.28-05.57.55:305][133]LogModuleManager: Shutting down and abandoning module MediaCompositing (374)
[2018.10.28-05.57.55:305][133]LogModuleManager: Shutting down and abandoning module LinearTimecode (372)
[2018.10.28-05.57.55:305][133]LogModuleManager: Shutting down and abandoning module ImgMedia (370)
[2018.10.28-05.57.55:309][133]LogModuleManager: Shutting down and abandoning module HTML5Networking (368)
[2018.10.28-05.57.55:309][133]LogModuleManager: Shutting down and abandoning module GeometryCacheTracks (366)
[2018.10.28-05.57.55:309][133]LogModuleManager: Shutting down and abandoning module GeometryCacheSequencer (364)
[2018.10.28-05.57.55:309][133]LogModuleManager: Shutting down and abandoning module BackChannel (362)
[2018.10.28-05.57.55:309][133]LogModuleManager: Shutting down and abandoning module AppleVision (360)
[2018.10.28-05.57.55:309][133]LogModuleManager: Shutting down and abandoning module AppleImageUtils (358)
[2018.10.28-05.57.55:309][133]LogModuleManager: Shutting down and abandoning module AlembicImporter (356)
[2018.10.28-05.57.55:309][133]LogModuleManager: Shutting down and abandoning module AlembicLibrary (355)
[2018.10.28-05.57.55:309][133]LogModuleManager: Shutting down and abandoning module GeometryCache (354)
[2018.10.28-05.57.55:309][133]LogModuleManager: Shutting down and abandoning module GeometryCacheEd (353)
[2018.10.28-05.57.55:309][133]LogModuleManager: Shutting down and abandoning module DatasmithContentEditor (348)
[2018.10.28-05.57.55:309][133]LogModuleManager: Shutting down and abandoning module DatasmithContent (346)
[2018.10.28-05.57.55:310][133]LogModuleManager: Shutting down and abandoning module SpeedTreeImporter (344)
[2018.10.28-05.57.55:310][133]LogModuleManager: Shutting down and abandoning module PluginBrowser (342)
[2018.10.28-05.57.55:310][133]LogModuleManager: Shutting down and abandoning module MobileLauncherProfileWizard (340)
[2018.10.28-05.57.55:310][133]LogModuleManager: Shutting down and abandoning module PolygonModeling (338)
[2018.10.28-05.57.55:310][133]LogModuleManager: Shutting down and abandoning module MeshEditor (336)
[2018.10.28-05.57.55:310][133]LogModuleManager: Shutting down and abandoning module EditorScriptingUtilities (334)
[2018.10.28-05.57.55:310][133]LogModuleManager: Shutting down and abandoning module CryptoKeysOpenSSL (332)
[2018.10.28-05.57.55:310][133]LogModuleManager: Shutting down and abandoning module CryptoKeys (330)
[2018.10.28-05.57.55:310][133]LogModuleManager: Shutting down and abandoning module VisualStudioSourceCodeAccess (328)
[2018.10.28-05.57.55:310][133]LogModuleManager: Shutting down and abandoning module VisualStudioCodeSourceCodeAccess (326)
[2018.10.28-05.57.55:310][133]LogModuleManager: Shutting down and abandoning module UObjectPlugin (324)
[2018.10.28-05.57.55:310][133]LogModuleManager: Shutting down and abandoning module SubversionSourceControl (322)
[2018.10.28-05.57.55:311][133]LogModuleManager: Shutting down and abandoning module PerforceSourceControl (320)
[2018.10.28-05.57.55:311][133]LogModuleManager: Shutting down and abandoning module GitSourceControl (318)
[2018.10.28-05.57.55:311][133]LogModuleManager: Shutting down and abandoning module SourceControl (317)
[2018.10.28-05.57.55:311][133]LogModuleManager: Shutting down and abandoning module CLionSourceCodeAccess (314)
[2018.10.28-05.57.55:311][133]LogModuleManager: Shutting down and abandoning module LightPropagationVolumeEditor (312)
[2018.10.28-05.57.55:311][133]LogModuleManager: Shutting down and abandoning module PaperTiledImporter (310)
[2018.10.28-05.57.55:311][133]LogModuleManager: Shutting down and abandoning module PaperSpriteSheetImporter (308)
[2018.10.28-05.57.55:311][133]LogModuleManager: Shutting down and abandoning module Paper2DEditor (306)
[2018.10.28-05.57.55:311][133]LogModuleManager: Shutting down and abandoning module MeshPaint (305)
[2018.10.28-05.57.55:311][133]LogModuleManager: Shutting down and abandoning module ControliePractice (302)
[2018.10.28-05.57.55:311][133]LogModuleManager: Shutting down and abandoning module RuntimePhysXCooking (300)
[2018.10.28-05.57.55:311][133]LogModuleManager: Shutting down and abandoning module PhysXVehiclesEditor (298)
[2018.10.28-05.57.55:311][133]LogModuleManager: Shutting down and abandoning module PhysXVehicles (296)
[2018.10.28-05.57.55:311][133]LogModuleManager: Shutting down and abandoning module OculusEditor (294)
[2018.10.28-05.57.55:311][133]LogModuleManager: Shutting down and abandoning module LocationServicesBPLibrary (292)
[2018.10.28-05.57.55:311][133]LogModuleManager: Shutting down and abandoning module ImmediatePhysicsEditor (290)
[2018.10.28-05.57.55:311][133]LogModuleManager: Shutting down and abandoning module ImmediatePhysics (288)
[2018.10.28-05.57.55:311][133]LogModuleManager: Shutting down and abandoning module ActorSequence (286)
[2018.10.28-05.57.55:311][133]LogModuleManager: Shutting down and abandoning module UdpMessaging (284)
[2018.10.28-05.57.55:412][133]LogModuleManager: Shutting down and abandoning module TcpMessaging (282)
[2018.10.28-05.57.55:514][133]LogModuleManager: Shutting down and abandoning module MagicLeapAudio (280)
[2018.10.28-05.57.55:514][133]LogModuleManager: Shutting down and abandoning module GameplayTagsEditor (278)
[2018.10.28-05.57.55:514][133]LogModuleManager: Shutting down and abandoning module FacialAnimationEditor (276)
[2018.10.28-05.57.55:514][133]LogModuleManager: Shutting down and abandoning module FacialAnimation (274)
[2018.10.28-05.57.55:514][133]LogModuleManager: Shutting down and abandoning module DataValidation (272)
[2018.10.28-05.57.55:514][133]LogModuleManager: Shutting down and abandoning module AssetManagerEditor (270)
[2018.10.28-05.57.55:514][133]LogModuleManager: Shutting down and abandoning module LevelEditor (269)
[2018.10.28-05.57.55:515][133]LogModuleManager: Shutting down and abandoning module PixelInspectorModule (268)
[2018.10.28-05.57.55:515][133]LogModuleManager: Shutting down and abandoning module CommonMenuExtensions (266)
[2018.10.28-05.57.55:515][133]LogModuleManager: Shutting down and abandoning module MainFrame (264)
[2018.10.28-05.57.55:515][133]LogModuleManager: Shutting down and abandoning module HotReload (263)
[2018.10.28-05.57.55:516][133]LogModuleManager: Shutting down and abandoning module ContentBrowser (259)
[2018.10.28-05.57.55:517][133]LogModuleManager: Shutting down and abandoning module TreeMap (257)
[2018.10.28-05.57.55:517][133]LogModuleManager: Shutting down and abandoning module LightPropagationVolumeRuntime (254)
[2018.10.28-05.57.55:517][133]LogModuleManager: Shutting down and abandoning module AISupportModule (252)
[2018.10.28-05.57.55:517][133]LogModuleManager: Shutting down and abandoning module Paper2D (250)
[2018.10.28-05.57.55:517][133]LogModuleManager: Shutting down and abandoning module WindowsMoviePlayer (248)
[2018.10.28-05.57.55:517][133]LogModuleManager: Shutting down and abandoning module WmfMedia (246)
[2018.10.28-05.57.55:519][133]LogModuleManager: Shutting down and abandoning module Media (245)
[2018.10.28-05.57.55:525][133]LogModuleManager: Shutting down and abandoning module PacketHandler (242)
[2018.10.28-05.57.55:525][133]LogModuleManager: Shutting down and abandoning module ClothingSystemEditor (240)
[2018.10.28-05.57.55:525][133]LogModuleManager: Shutting down and abandoning module ClothingSystemRuntime (238)
[2018.10.28-05.57.55:525][133]LogModuleManager: Shutting down and abandoning module MediaAssets (236)
[2018.10.28-05.57.55:525][133]LogModuleManager: Shutting down and abandoning module Overlay (234)
[2018.10.28-05.57.55:525][133]LogModuleManager: Shutting down and abandoning module OverlayEditor (233)
[2018.10.28-05.57.55:525][133]LogModuleManager: Shutting down and abandoning module EnvironmentQueryEditor (230)
[2018.10.28-05.57.55:526][133]LogModuleManager: Shutting down and abandoning module VREditor (228)
[2018.10.28-05.57.55:526][133]LogModuleManager: Shutting down and abandoning module StringTableEditor (226)
[2018.10.28-05.57.55:526][133]LogModuleManager: Shutting down and abandoning module GameplayTasksEditor (224)
[2018.10.28-05.57.55:526][133]LogModuleManager: Shutting down and abandoning module BehaviorTreeEditor (222)
[2018.10.28-05.57.55:526][133]LogModuleManager: Shutting down and abandoning module FunctionalTesting (220)
[2018.10.28-05.57.55:526][133]LogModuleManager: Shutting down and abandoning module CollisionAnalyzer (218)
[2018.10.28-05.57.55:526][133]LogModuleManager: Shutting down and abandoning module WorkspaceMenuStructure (217)
[2018.10.28-05.57.55:526][133]LogModuleManager: Shutting down and abandoning module UMG (214)
[2018.10.28-05.57.55:526][133]LogModuleManager: Shutting down and abandoning module UMGEditor (213)
[2018.10.28-05.57.55:526][133]LogModuleManager: Shutting down and abandoning module Sequencer (212)
[2018.10.28-05.57.55:526][133]LogModuleManager: Shutting down and abandoning module MessageLog (209)
[2018.10.28-05.57.55:526][133]LogModuleManager: Shutting down and abandoning module SlateReflector (204)
[2018.10.28-05.57.55:526][133]LogModuleManager: Shutting down and abandoning module Slate (202)
[2018.10.28-05.57.55:526][133]LogModuleManager: Shutting down and abandoning module EditorStyle (200)
[2018.10.28-05.57.55:528][133]LogModuleManager: Shutting down and abandoning module MRMesh (198)
[2018.10.28-05.57.55:528][133]LogModuleManager: Shutting down and abandoning module SourceCodeAccess (196)
[2018.10.28-05.57.55:528][133]LogModuleManager: Shutting down and abandoning module HeadMountedDisplay (194)
[2018.10.28-05.57.55:528][133]LogModuleManager: Shutting down and abandoning module XAudio2 (192)
[2018.10.28-05.57.55:528][133]LogModuleManager: Shutting down and abandoning module Networking (190)
[2018.10.28-05.57.55:528][133]LogModuleManager: Shutting down and abandoning module Core (188)
[2018.10.28-05.57.55:528][133]LogModuleManager: Shutting down and abandoning module LevelSequence (186)
[2018.10.28-05.57.55:528][133]LogModuleManager: Shutting down and abandoning module KismetCompiler (184)
[2018.10.28-05.57.55:528][133]LogModuleManager: Shutting down and abandoning module MeshUtilities (182)
[2018.10.28-05.57.55:528][133]LogModuleManager: Shutting down and abandoning module MeshMergeUtilities (181)
[2018.10.28-05.57.55:528][133]LogModuleManager: Shutting down and abandoning module MeshReductionInterface (180)
[2018.10.28-05.57.55:528][133]LogModuleManager: Shutting down and abandoning module SimplygonSwarm (179)
[2018.10.28-05.57.55:528][133]LogModuleManager: Shutting down and abandoning module ProxyLODMeshReduction (177)
[2018.10.28-05.57.55:528][133]LogModuleManager: Shutting down and abandoning module SimplygonMeshReduction (175)
[2018.10.28-05.57.55:528][133]LogModuleManager: Shutting down and abandoning module QuadricMeshReduction (173)
[2018.10.28-05.57.55:528][133]LogModuleManager: Shutting down and abandoning module MaterialBaking (169)
[2018.10.28-05.57.55:528][133]LogModuleManager: Shutting down and abandoning module DirectoryWatcher (165)
[2018.10.28-05.57.55:528][133]LogModuleManager: Shutting down and abandoning module DerivedDataCache (162)
[2018.10.28-05.57.55:624][133]LogDerivedDataCache: Shutdown
[2018.10.28-05.57.55:624][133]LogModuleManager: Shutting down and abandoning module XGEController (160)
[2018.10.28-05.57.55:624][133]LogXGEController: Cleaning working directory: C:/Users/Rayray/AppData/Local/Temp/UnrealXGEWorkingDir/
[2018.10.28-05.57.55:624][133]LogModuleManager: Shutting down and abandoning module TargetPlatform (158)
[2018.10.28-05.57.55:624][133]LogModuleManager: Shutting down and abandoning module VulkanShaderFormat (157)
[2018.10.28-05.57.55:624][133]LogModuleManager: Shutting down and abandoning module ShaderFormatVectorVM (155)
[2018.10.28-05.57.55:624][133]LogModuleManager: Shutting down and abandoning module ShaderFormatOpenGL (153)
[2018.10.28-05.57.55:624][133]LogModuleManager: Shutting down and abandoning module ShaderFormatD3D (151)
[2018.10.28-05.57.55:624][133]LogModuleManager: Shutting down and abandoning module MetalShaderFormat (149)
[2018.10.28-05.57.55:624][133]LogModuleManager: Shutting down and abandoning module TextureFormatUncompressed (147)
[2018.10.28-05.57.55:624][133]LogModuleManager: Shutting down and abandoning module TextureFormatPVR (145)
[2018.10.28-05.57.55:624][133]LogModuleManager: Shutting down and abandoning module TextureFormatDXT (143)
[2018.10.28-05.57.55:624][133]LogModuleManager: Shutting down and abandoning module TextureFormatIntelISPCTexComp (141)
[2018.10.28-05.57.55:624][133]LogModuleManager: Shutting down and abandoning module TextureFormatASTC (139)
[2018.10.28-05.57.55:624][133]LogModuleManager: Shutting down and abandoning module ImageWrapper (138)
[2018.10.28-05.57.55:624][133]LogModuleManager: Shutting down and abandoning module TextureFormatAndroid (135)
[2018.10.28-05.57.55:625][133]LogModuleManager: Shutting down and abandoning module AudioFormatOpus (133)
[2018.10.28-05.57.55:625][133]LogModuleManager: Shutting down and abandoning module AudioFormatOgg (131)
[2018.10.28-05.57.55:625][133]LogModuleManager: Shutting down and abandoning module AudioFormatADPCM (129)
[2018.10.28-05.57.55:625][133]LogModuleManager: Shutting down and abandoning module LuminTargetPlatform (127)
[2018.10.28-05.57.55:625][133]LogModuleManager: Shutting down and abandoning module LinuxTargetPlatform (125)
[2018.10.28-05.57.55:625][133]LogModuleManager: Shutting down and abandoning module LinuxServerTargetPlatform (123)
[2018.10.28-05.57.55:625][133]LogModuleManager: Shutting down and abandoning module LinuxNoEditorTargetPlatform (121)
[2018.10.28-05.57.55:625][133]LogModuleManager: Shutting down and abandoning module LinuxClientTargetPlatform (119)
[2018.10.28-05.57.55:625][133]LogModuleManager: Shutting down and abandoning module TVOSTargetPlatform (117)
[2018.10.28-05.57.55:626][133]LogModuleManager: Shutting down and abandoning module Messaging (115)
[2018.10.28-05.57.55:626][133]LogModuleManager: Shutting down and abandoning module IOSTargetPlatform (113)
[2018.10.28-05.57.55:627][133]LogModuleManager: Shutting down and abandoning module HTML5TargetPlatform (111)
[2018.10.28-05.57.55:627][133]LogModuleManager: Shutting down and abandoning module AndroidTargetPlatform (109)
[2018.10.28-05.57.55:634][133]LogModuleManager: Shutting down and abandoning module WindowsTargetPlatform (107)
[2018.10.28-05.57.55:634][133]LogModuleManager: Shutting down and abandoning module WindowsServerTargetPlatform (105)
[2018.10.28-05.57.55:634][133]LogModuleManager: Shutting down and abandoning module WindowsNoEditorTargetPlatform (103)
[2018.10.28-05.57.55:634][133]LogModuleManager: Shutting down and abandoning module WindowsClientTargetPlatform (101)
[2018.10.28-05.57.55:634][133]LogModuleManager: Shutting down and abandoning module MacTargetPlatform (99)
[2018.10.28-05.57.55:634][133]LogModuleManager: Shutting down and abandoning module MacServerTargetPlatform (97)
[2018.10.28-05.57.55:634][133]LogModuleManager: Shutting down and abandoning module MacNoEditorTargetPlatform (95)
[2018.10.28-05.57.55:634][133]LogModuleManager: Shutting down and abandoning module MacClientTargetPlatform (93)
[2018.10.28-05.57.55:635][133]LogModuleManager: Shutting down and abandoning module AllDesktopTargetPlatform (91)
[2018.10.28-05.57.55:635][133]LogModuleManager: Shutting down and abandoning module InputCore (88)
[2018.10.28-05.57.55:635][133]LogModuleManager: Shutting down and abandoning module Settings (86)
[2018.10.28-05.57.55:635][133]LogModuleManager: Shutting down and abandoning module PhysXCooking (84)
[2018.10.28-05.57.55:635][133]LogModuleManager: Shutting down and abandoning module SteamVR (82)
[2018.10.28-05.57.55:635][133]LogModuleManager: Shutting down and abandoning module OculusHMD (80)
[2018.10.28-05.57.55:635][133]LogModuleManager: Shutting down and abandoning module ExampleDeviceProfileSelector (78)
[2018.10.28-05.57.55:635][133]LogModuleManager: Shutting down and abandoning module LauncherChunkInstaller (76)
[2018.10.28-05.57.55:635][133]LogModuleManager: Shutting down and abandoning module OnlineBlueprintSupport (74)
[2018.10.28-05.57.55:635][133]LogModuleManager: Shutting down and abandoning module OnlineSubsystem (70)
[2018.10.28-05.57.55:636][133]LogModuleManager: Shutting down and abandoning module XMPP (65)
[2018.10.28-05.57.55:636][133]LogModuleManager: Shutting down and abandoning module WebSockets (64)
[2018.10.28-05.57.55:649][133]LogModuleManager: Shutting down and abandoning module HTTP (61)
[2018.10.28-05.57.55:649][133]LogHttp: Display: Http module shutting down, but needs to wait on 1 outstanding Http requests:
[2018.10.28-05.57.55:649][133]LogHttp: Display: 	verb=[POST] url=[https://datarouter.ol.epicgames.com/datarouter/api/v1/public/data?SessionID=%7B63663E94-4CF1-7B27-D409-619100F728E7%7D&AppID=UEEditor.Rocket.Release&AppVersion=4.20.3-4369336%2B%2B%2BUE4%2BRelease-4.20&UserID=1716449542d6b509f39843a71e4bae07%7C1baec983b97f4796bacc8ff667cbe195%7Cbb5ab3e9-97b2-4d17-97ec-caaca043106f&AppEnvironment=datacollector-binary&UploadType=eteventstream] status=Processing
[2018.10.28-05.57.55:670][133]LogModuleManager: Shutting down and abandoning module SSL (60)
[2018.10.28-05.57.55:671][133]LogModuleManager: Shutting down and abandoning module MagicLeapEmulator (56)
[2018.10.28-05.57.55:671][133]LogModuleManager: Shutting down and abandoning module MagicLeapPrivileges (54)
[2018.10.28-05.57.55:671][133]LogModuleManager: Shutting down and abandoning module MagicLeapIdentity (52)
[2018.10.28-05.57.55:671][133]LogModuleManager: Shutting down and abandoning module MagicLeapHelperVulkan (50)
[2018.10.28-05.57.55:671][133]LogModuleManager: Shutting down and abandoning module MagicLeapHelperOpenGL (48)
[2018.10.28-05.57.55:671][133]LogModuleManager: Shutting down and abandoning module MagicLeapSecureStorage (46)
[2018.10.28-05.57.55:671][133]LogModuleManager: Shutting down and abandoning module MagicLeapGestures (44)
[2018.10.28-05.57.55:672][133]LogModuleManager: Shutting down and abandoning module MagicLeapEyeTracker (42)
[2018.10.28-05.57.55:672][133]LogModuleManager: Shutting down and abandoning module MagicLeapController (40)
[2018.10.28-05.57.55:672][133]LogSlate: Slate User Destroyed.  User Index 0, Is Virtual User: 0
[2018.10.28-05.57.55:672][133]LogModuleManager: Shutting down and abandoning module MagicLeap (38)
[2018.10.28-05.57.55:672][133]LogModuleManager: Shutting down and abandoning module AnimationModifiers (36)
[2018.10.28-05.57.55:672][133]LogModuleManager: Shutting down and abandoning module PropertyEditor (35)
[2018.10.28-05.57.55:672][133]LogModuleManager: Shutting down and abandoning module AudioEditor (32)
[2018.10.28-05.57.55:672][133]LogModuleManager: Shutting down and abandoning module TextureCompressor (30)
[2018.10.28-05.57.55:672][133]LogModuleManager: Shutting down and abandoning module ShaderCore (28)
[2018.10.28-05.57.55:672][133]LogModuleManager: Shutting down and abandoning module Landscape (26)
[2018.10.28-05.57.55:672][133]LogModuleManager: Shutting down and abandoning module SlateRHIRenderer (24)
[2018.10.28-05.57.55:672][133]LogModuleManager: Shutting down and abandoning module OpenGLDrv (22)
[2018.10.28-05.57.55:673][133]LogModuleManager: Shutting down and abandoning module D3D11RHI (20)
[2018.10.28-05.57.55:673][133]LogModuleManager: Shutting down and abandoning module AnimGraphRuntime (18)
[2018.10.28-05.57.55:673][133]LogModuleManager: Shutting down and abandoning module Renderer (16)
[2018.10.28-05.57.55:673][133]LogModuleManager: Shutting down and abandoning module Engine (14)
[2018.10.28-05.57.55:673][133]LogModuleManager: Shutting down and abandoning module CoreUObject (12)
[2018.10.28-05.57.55:673][133]LogModuleManager: Shutting down and abandoning module NetworkFile (10)
[2018.10.28-05.57.55:673][133]LogModuleManager: Shutting down and abandoning module CookedIterativeFile (8)
[2018.10.28-05.57.55:673][133]LogModuleManager: Shutting down and abandoning module StreamingFile (6)
[2018.10.28-05.57.55:673][133]LogModuleManager: Shutting down and abandoning module SandboxFile (4)
[2018.10.28-05.57.55:673][133]LogModuleManager: Shutting down and abandoning module PakFile (2)
[2018.10.28-05.57.55:681][133]LogExit: Exiting.
[2018.10.28-05.57.55:691][133]Log file closed, 10/28/18 00:57:55
