Log file open, 11/02/18 20:39:53
LogWindows: Failed to load 'aqProf.dll' (GetLastError=126)
LogWindows: File 'aqProf.dll' does not exist
LogWindows: Failed to load 'VtuneApi.dll' (GetLastError=126)
LogWindows: File 'VtuneApi.dll' does not exist
LogWindows: Failed to load 'VtuneApi32e.dll' (GetLastError=126)
LogWindows: File 'VtuneApi32e.dll' does not exist
LogInit: Display: Running engine for game: ControliePractice
LogPlatformFile: Not using cached read wrapper
LogTaskGraph: Started task graph with 5 named threads and 23 total threads with 3 sets of task threads.
LogStats: Stats thread started at 0.310089
LogD3D11RHI: Loaded GFSDK_Aftermath_Lib.x64.dll
LogICUInternationalization: Display: ICU TimeZone Detection - Raw Offset: -6:00, Platform Override: ''
LogPluginManager: Mounting plugin Paper2D
LogPluginManager: Mounting plugin AISupport
LogPluginManager: Mounting plugin LightPropagationVolume
LogPluginManager: Mounting plugin CLionSourceCodeAccess
LogPluginManager: Mounting plugin CodeLiteSourceCodeAccess
LogPluginManager: Mounting plugin GitSourceControl
LogPluginManager: Mounting plugin KDevelopSourceCodeAccess
LogPluginManager: Mounting plugin NullSourceCodeAccess
LogPluginManager: Mounting plugin PerforceSourceControl
LogPluginManager: Mounting plugin SubversionSourceControl
LogPluginManager: Mounting plugin UObjectPlugin
LogPluginManager: Mounting plugin VisualStudioCodeSourceCodeAccess
LogPluginManager: Mounting plugin VisualStudioSourceCodeAccess
LogPluginManager: Mounting plugin XCodeSourceCodeAccess
LogPluginManager: Mounting plugin AssetManagerEditor
LogPluginManager: Mounting plugin CryptoKeys
LogPluginManager: Mounting plugin DataValidation
LogPluginManager: Mounting plugin EditorScriptingUtilities
LogPluginManager: Mounting plugin FacialAnimation
LogPluginManager: Mounting plugin GameplayTagsEditor
LogPluginManager: Mounting plugin MacGraphicsSwitching
LogPluginManager: Mounting plugin MeshEditor
LogPluginManager: Mounting plugin MobileLauncherProfileWizard
LogPluginManager: Mounting plugin PluginBrowser
LogPluginManager: Mounting plugin SpeedTreeImporter
LogPluginManager: Mounting plugin DatasmithContent
LogPluginManager: Mounting plugin AlembicImporter
LogPluginManager: Mounting plugin AppleImageUtils
LogPluginManager: Mounting plugin AppleVision
LogPluginManager: Mounting plugin BackChannel
LogPluginManager: Mounting plugin CharacterAI
LogPluginManager: Mounting plugin GeometryCache
LogPluginManager: Mounting plugin HTML5Networking
LogPluginManager: Mounting plugin ProxyLODPlugin
LogPluginManager: Mounting plugin MagicLeap
LogPluginManager: Mounting plugin MagicLeapEmulator
LogPluginManager: Mounting plugin MagicLeapMedia
LogPluginManager: Mounting plugin AndroidMedia
LogPluginManager: Mounting plugin AvfMedia
LogPluginManager: Mounting plugin ImgMedia
LogPluginManager: Mounting plugin LinearTimecode
LogPluginManager: Mounting plugin MediaCompositing
LogPluginManager: Mounting plugin MediaPlayerEditor
LogPluginManager: Mounting plugin WmfMedia
LogPluginManager: Mounting plugin TcpMessaging
LogPluginManager: Mounting plugin UdpMessaging
LogPluginManager: Mounting plugin ActorSequence
LogPluginManager: Mounting plugin LevelSequenceEditor
LogPluginManager: Mounting plugin MatineeToLevelSequence
LogPluginManager: Mounting plugin NetcodeUnitTest
LogPluginManager: Mounting plugin NUTUnrealEngine4
LogPluginManager: Mounting plugin OnlineSubsystemGooglePlay
LogPluginManager: Mounting plugin OnlineSubsystemIOS
LogPluginManager: Mounting plugin OnlineSubsystem
LogPluginManager: Mounting plugin OnlineSubsystemNull
LogPluginManager: Mounting plugin OnlineSubsystemUtils
LogPluginManager: Mounting plugin LauncherChunkInstaller
LogPluginManager: Mounting plugin AndroidDeviceProfileSelector
LogPluginManager: Mounting plugin AndroidMoviePlayer
LogPluginManager: Mounting plugin AndroidPermission
LogPluginManager: Mounting plugin AppleMoviePlayer
LogPluginManager: Mounting plugin ArchVisCharacter
LogPluginManager: Mounting plugin AudioCapture
LogPluginManager: Mounting plugin CableComponent
LogPluginManager: Mounting plugin CustomMeshComponent
LogPluginManager: Mounting plugin EditableMesh
LogPluginManager: Mounting plugin ExampleDeviceProfileSelector
LogPluginManager: Mounting plugin GoogleCloudMessaging
LogPluginManager: Mounting plugin ImmediatePhysics
LogPluginManager: Mounting plugin IOSDeviceProfileSelector
LogPluginManager: Mounting plugin LinuxDeviceProfileSelector
LogPluginManager: Mounting plugin LocationServicesBPLibrary
LogPluginManager: Mounting plugin MobilePatchingUtils
LogPluginManager: Mounting plugin OculusVR
LogPluginManager: Plugin shader directory ../../../Engine/Plugins/Runtime/Oculus/OculusVR/Shaders found
LogPluginManager: Mapping shader source directory ../../../Engine/Plugins/Runtime/Oculus/OculusVR/Shaders to virtual directory /Plugin/OculusVR
LogPluginManager: Mounting plugin PhysXVehicles
LogPluginManager: Mounting plugin ProceduralMeshComponent
LogPluginManager: Mounting plugin RuntimePhysXCooking
LogPluginManager: Mounting plugin SteamVR
LogPluginManager: Mounting plugin WindowsMoviePlayer
LogPluginManager: Mounting plugin DatasmithCADImporter
LogPluginManager: Mounting plugin DatasmithFBXImporter
LogPluginManager: Mounting plugin DatasmithImporter
LogPluginManager: Mounting plugin DatasmithMDLImporter
LogPluginManager: Mounting plugin StaticMeshEditorExtension
LogStreaming: Display: Took  0.188s to configure plugins.
LogInit: Using libcurl 7.55.1-DEV
LogInit:  - built for x86_64-pc-win32
LogInit:  - supports SSL with OpenSSL/1.0.2h
LogInit:  - supports HTTP deflate (compression) using libz 1.2.8
LogInit:  - other features:
LogInit:      CURL_VERSION_SSL
LogInit:      CURL_VERSION_LIBZ
LogInit:      CURL_VERSION_IPV6
LogInit:      CURL_VERSION_ASYNCHDNS
LogInit:      CURL_VERSION_LARGEFILE
LogInit:      CURL_VERSION_IDN
LogInit:  CurlRequestOptions (configurable via config and command line):
LogInit:  - bVerifyPeer = false  - Libcurl will NOT verify peer certificate
LogInit:  - bUseHttpProxy = false  - Libcurl will NOT use HTTP proxy
LogInit:  - bDontReuseConnections = false  - Libcurl will reuse connections
LogInit:  - CertBundlePath = nullptr  - Libcurl will use whatever was configured at build time.
LogInit:  - MaxHostConnections = 16  - Libcurl will limit the number of connections to a host
LogInit:  - LocalHostAddr = Default
LogInit:  - BufferSize = 65536
LogInit: WinSock: version 1.1 (2.2), MaxSocks=32767, MaxUdp=65467
LogHMD: Failed initializing OVRPlugin 1.25.0
LogInit: Build: ++UE4+Release-4.20-CL-4369336
LogInit: Engine Version: 4.20.3-4369336+++UE4+Release-4.20
LogInit: Compatible Engine Version: 4.20.0-4212847+++UE4+Release-4.20
LogInit: Net CL: 4212847
LogInit: OS: Windows 10 (), CPU: AMD FX(tm)-8350 Eight-Core Processor           , GPU: AMD Radeon R9 200 Series
LogInit: Compiled (64-bit): Sep 17 2018 12:26:19
LogInit: Compiled with Visual C++: 19.13.26129.00
LogInit: Build Configuration: Development
LogInit: Branch Name: ++UE4+Release-4.20
LogInit: Command Line:  
LogInit: Base Directory: E:/Unreal_Engine/UE_4.20/Engine/Binaries/Win64/
LogInit: Installed Engine Build: 1
LogDevObjectVersion: Number of dev versions registered: 20
LogDevObjectVersion:   Dev-Blueprints (B0D832E4-1F89-4F0D-ACCF-7EB736FD4AA2): 10
LogDevObjectVersion:   Dev-Build (E1C64328-A22C-4D53-A36C-8E866417BD8C): 0
LogDevObjectVersion:   Dev-Core (375EC13C-06E4-48FB-B500-84F0262A717E): 2
LogDevObjectVersion:   Dev-Editor (E4B068ED-F494-42E9-A231-DA0B2E46BB41): 24
LogDevObjectVersion:   Dev-Framework (CFFC743F-43B0-4480-9391-14DF171D2073): 34
LogDevObjectVersion:   Dev-Mobile (B02B49B5-BB20-44E9-A304-32B752E40360): 2
LogDevObjectVersion:   Dev-Networking (A4E4105C-59A1-49B5-A7C5-40C4547EDFEE): 0
LogDevObjectVersion:   Dev-Online (39C831C9-5AE6-47DC-9A44-9C173E1C8E7C): 0
LogDevObjectVersion:   Dev-Physics (78F01B33-EBEA-4F98-B9B4-84EACCB95AA2): 0
LogDevObjectVersion:   Dev-Platform (6631380F-2D4D-43E0-8009-CF276956A95A): 0
LogDevObjectVersion:   Dev-Rendering (12F88B9F-8875-4AFC-A67C-D90C383ABD29): 26
LogDevObjectVersion:   Dev-Sequencer (7B5AE74C-D270-4C10-A958-57980B212A5A): 9
LogDevObjectVersion:   Dev-VR (D7296918-1DD6-4BDD-9DE2-64A83CC13884): 2
LogDevObjectVersion:   Dev-LoadTimes (C2A15278-BFE7-4AFE-6C17-90FF531DF755): 1
LogDevObjectVersion:   Private-Geometry (6EACA3D4-40EC-4CC1-B786-8BED09428FC5): 3
LogDevObjectVersion:   Dev-AnimPhys (29E575DD-E0A3-4627-9D10-D276232CDCEA): 17
LogDevObjectVersion:   Dev-ReflectionCapture (6B266CEC-1EC7-4B8F-A30B-E4D90942FC07): 1
LogDevObjectVersion:   Dev-Automation (0DF73D61-A23F-47EA-B727-89E90C41499A): 1
LogDevObjectVersion:   FortniteMain (601D1886-AC64-4F84-AA16-D3DE0DEAC7D6): 12
LogDevObjectVersion:   Dev-Enterprise (9DFFBCD6-494F-0158-E221-12823C92A888): 1
LogStreaming: Display: Took  0.002s to delete old logs.
LogInit: Presizing for max 8388607 objects, including 0 objects not considered by GC, pre-allocating 0 bytes for permanent pool.
LogInit: Object subsystem initialized
[2018.11.03-01.39.54:186][  0]LogInit: Selected Device Profile: [Windows]
[2018.11.03-01.39.54:186][  0]LogInit: Applying CVar settings loaded from the selected device profile: [Windows]
[2018.11.03-01.39.54:206][  0]LogHAL: Display: Platform has ~ 16 GB [17075896320 / 17179869184 / 16], which maps to Larger [LargestMinGB=32, LargerMinGB=12, DefaultMinGB=8, SmallerMinGB=6, SmallestMinGB=0)
[2018.11.03-01.39.54:206][  0]LogInit: Setting Device Profile CVar: [[r.Vulkan.UseRealUBs:1]]
[2018.11.03-01.39.54:206][  0]LogInit: Going up to parent DeviceProfile []
[2018.11.03-01.39.54:206][  0]LogInit: Computer: BLACKWIDOW-PC
[2018.11.03-01.39.54:206][  0]LogInit: User: Rayray
[2018.11.03-01.39.54:206][  0]LogInit: CPU Page size=4096, Cores=4
[2018.11.03-01.39.54:206][  0]LogInit: High frequency timer resolution =3.919296 MHz
[2018.11.03-01.39.54:207][  0]LogMemory: Memory total: Physical=15.9GB (16GB approx)
[2018.11.03-01.39.54:207][  0]LogMemory: Platform Memory Stats for Windows
[2018.11.03-01.39.54:207][  0]LogMemory: Process Physical Memory: 105.79 MB used, 105.79 MB peak
[2018.11.03-01.39.54:207][  0]LogMemory: Process Virtual Memory: 106.37 MB used, 106.37 MB peak
[2018.11.03-01.39.54:207][  0]LogMemory: Physical Memory: 7457.48 MB used,  8827.36 MB free, 16284.84 MB total
[2018.11.03-01.39.54:207][  0]LogMemory: Virtual Memory: 4667.27 MB used,  8827.36 MB free, 134217728.00 MB total
[2018.11.03-01.39.54:228][  0]LogInit: Using OS detected language (en-US).
[2018.11.03-01.39.54:228][  0]LogInit: Using OS detected locale (en-US).
[2018.11.03-01.39.54:229][  0]LogTextLocalizationManager: No specific localization for 'en-US' exists, so the 'en' localization will be used.
[2018.11.03-01.39.54:693][  0]LogStreaming: Display: Took  0.465s to InitEngineTextLocalization.
[2018.11.03-01.39.54:693][  0]LogInit: Setting process to per monitor DPI aware
[2018.11.03-01.39.54:734][  0]LogSlate: New Slate User Created.  User Index 0, Is Virtual User: 0
[2018.11.03-01.39.54:734][  0]LogSlate: Slate User Registered.  User Index 0, Is Virtual User: 0
[2018.11.03-01.40.02:232][  0]LogHMD: Failed to initialize OpenVR with code 108
[2018.11.03-01.40.02:232][  0]LogD3D11RHI: D3D11 adapters:
[2018.11.03-01.40.02:266][  0]LogD3D11RHI:    0. 'AMD Radeon R9 200 Series' (Feature Level 11_0)
[2018.11.03-01.40.02:266][  0]LogD3D11RHI:       4072/0/8142 MB DedicatedVideo/DedicatedSystem/SharedSystem, Outputs:2, VendorId:0x1002
[2018.11.03-01.40.02:269][  0]LogD3D11RHI:    1. 'Microsoft Basic Render Driver' (Feature Level 11_0)
[2018.11.03-01.40.02:269][  0]LogD3D11RHI:       0/0/8142 MB DedicatedVideo/DedicatedSystem/SharedSystem, Outputs:0, VendorId:0x1414
[2018.11.03-01.40.02:269][  0]LogD3D11RHI: Chosen D3D11 Adapter: 0
[2018.11.03-01.40.02:287][  0]LogD3D11RHI: Creating new Direct3DDevice
[2018.11.03-01.40.02:287][  0]LogD3D11RHI:     GPU DeviceId: 0x67b0 (for the marketing name, search the web for "GPU Device Id")
[2018.11.03-01.40.02:287][  0]LogWindows: EnumDisplayDevices:
[2018.11.03-01.40.02:287][  0]LogWindows:    0. 'AMD Radeon R9 200 Series' (P:1 D:1)
[2018.11.03-01.40.02:288][  0]LogWindows:    1. 'AMD Radeon R9 200 Series' (P:0 D:1)
[2018.11.03-01.40.02:289][  0]LogWindows:    2. 'AMD Radeon R9 200 Series' (P:0 D:0)
[2018.11.03-01.40.02:289][  0]LogWindows:    3. 'AMD Radeon R9 200 Series' (P:0 D:0)
[2018.11.03-01.40.02:290][  0]LogWindows:    4. 'AMD Radeon R9 200 Series' (P:0 D:0)
[2018.11.03-01.40.02:290][  0]LogWindows:    5. 'AMD Radeon R9 200 Series' (P:0 D:0)
[2018.11.03-01.40.02:291][  0]LogWindows: DebugString: FoundDriverCount:6 
[2018.11.03-01.40.02:291][  0]LogD3D11RHI:     Adapter Name: AMD Radeon R9 200 Series
[2018.11.03-01.40.02:291][  0]LogD3D11RHI:   Driver Version: Crimson ReLive 17.7 (internal:22.19.677.257, unified:22.19.677.257)
[2018.11.03-01.40.02:291][  0]LogD3D11RHI:      Driver Date: 9-22-2017
[2018.11.03-01.40.02:291][  0]LogRHI: Texture pool is 2850 MB (70% of 4072 MB)
[2018.11.03-01.40.02:341][  0]LogD3D11RHI: Async texture creation enabled
[2018.11.03-01.40.02:355][  0]LogD3D11RHI: GPU Timing Frequency: 27.000000 (Debug: 2 1)
[2018.11.03-01.40.02:357][  0]LogShaderCompilers: Guid format shader working directory is -12 characters bigger than the processId version (../../../../../controliegit/controliegame/ControliePractice/Intermediate/Shaders/WorkingDirectory/9820/).
[2018.11.03-01.40.02:357][  0]LogShaderCompilers: Cleaned the shader compiler working directory 'C:/Users/Rayray/AppData/Local/Temp/UnrealShaderWorkingDir/7E0FB46343B89AFA9B176C86B7B63F1E/'.
[2018.11.03-01.40.03:045][  0]LogTemp: Display: Loaded TP AllDesktopTargetPlatform
[2018.11.03-01.40.03:074][  0]LogTemp: Display: Loaded TP MacClientTargetPlatform
[2018.11.03-01.40.03:104][  0]LogTemp: Display: Loaded TP MacNoEditorTargetPlatform
[2018.11.03-01.40.03:133][  0]LogTemp: Display: Loaded TP MacServerTargetPlatform
[2018.11.03-01.40.03:160][  0]LogTemp: Display: Loaded TP MacTargetPlatform
[2018.11.03-01.40.03:185][  0]LogTemp: Display: Loaded TP WindowsClientTargetPlatform
[2018.11.03-01.40.03:208][  0]LogTemp: Display: Loaded TP WindowsNoEditorTargetPlatform
[2018.11.03-01.40.03:231][  0]LogTemp: Display: Loaded TP WindowsServerTargetPlatform
[2018.11.03-01.40.03:241][  0]LogTemp: Display: Loaded TP WindowsTargetPlatform
[2018.11.03-01.40.03:381][  0]LogTemp: Display: Loaded TP AndroidTargetPlatform
[2018.11.03-01.40.03:381][  0]LogTemp: Display: Loaded TP AndroidTargetPlatform
[2018.11.03-01.40.03:381][  0]LogTemp: Display: Loaded TP AndroidTargetPlatform
[2018.11.03-01.40.03:381][  0]LogTemp: Display: Loaded TP AndroidTargetPlatform
[2018.11.03-01.40.03:381][  0]LogTemp: Display: Loaded TP AndroidTargetPlatform
[2018.11.03-01.40.03:381][  0]LogTemp: Display: Loaded TP AndroidTargetPlatform
[2018.11.03-01.40.03:381][  0]LogTemp: Display: Loaded TP AndroidTargetPlatform
[2018.11.03-01.40.03:381][  0]LogTemp: Display: Loaded TP AndroidTargetPlatform
[2018.11.03-01.40.03:381][  0]LogTemp: Display: Loaded TP AndroidTargetPlatform
[2018.11.03-01.40.03:381][  0]LogTemp: Display: Loaded TP AndroidTargetPlatform
[2018.11.03-01.40.03:381][  0]LogTemp: Display: Loaded TP AndroidTargetPlatform
[2018.11.03-01.40.03:381][  0]LogTemp: Display: Loaded TP AndroidTargetPlatform
[2018.11.03-01.40.03:381][  0]LogTemp: Display: Loaded TP AndroidTargetPlatform
[2018.11.03-01.40.03:381][  0]LogTemp: Display: Loaded TP AndroidTargetPlatform
[2018.11.03-01.40.03:381][  0]LogTemp: Display: Loaded TP AndroidTargetPlatform
[2018.11.03-01.40.03:382][  0]LogTemp: Display: Loaded TP AndroidTargetPlatform
[2018.11.03-01.40.03:382][  0]LogTemp: Display: Loaded TP AndroidTargetPlatform
[2018.11.03-01.40.03:382][  0]LogTemp: Display: Loaded TP AndroidTargetPlatform
[2018.11.03-01.40.03:383][  0]LogTemp: Display: Loaded TP HTML5TargetPlatform
[2018.11.03-01.40.03:463][  0]LogTemp: Display: Loaded TP IOSTargetPlatform
[2018.11.03-01.40.03:463][  0]LogTemp: Display: Loaded TP IOSTargetPlatform
[2018.11.03-01.40.03:504][  0]LogTemp: Display: Loaded TP TVOSTargetPlatform
[2018.11.03-01.40.03:504][  0]LogTemp: Display: Loaded TP TVOSTargetPlatform
[2018.11.03-01.40.03:524][  0]LogTemp: Display: Loaded TP LinuxClientTargetPlatform
[2018.11.03-01.40.03:548][  0]LogTemp: Display: Loaded TP LinuxNoEditorTargetPlatform
[2018.11.03-01.40.03:570][  0]LogTemp: Display: Loaded TP LinuxServerTargetPlatform
[2018.11.03-01.40.03:593][  0]LogTemp: Display: Loaded TP LinuxTargetPlatform
[2018.11.03-01.40.03:608][  0]LogTemp: Display: Loaded TP LuminTargetPlatform
[2018.11.03-01.40.03:779][  0]LogTargetPlatformManager: Display: Building Assets For Windows
[2018.11.03-01.40.03:853][  0]LogXGEController: Cannot use XGE Controller as Incredibuild is not installed on this machine.
[2018.11.03-01.40.03:853][  0]LogShaderCompilers: Cannot use XGE Shader Compiler as Incredibuild is not installed on this machine.
[2018.11.03-01.40.03:853][  0]LogShaderCompilers: Display: Using Local Shader Compiler.
[2018.11.03-01.40.05:012][  0]LogDerivedDataCache: Display: Max Cache Size: 512 MB
[2018.11.03-01.40.05:116][  0]LogDerivedDataCache: Loaded boot cache 0.10s 73MB C:/Users/Rayray/AppData/Local/UnrealEngine/4.20/DerivedDataCache/Boot.ddc.
[2018.11.03-01.40.05:116][  0]LogDerivedDataCache: Display: Loaded Boot cache: C:/Users/Rayray/AppData/Local/UnrealEngine/4.20/DerivedDataCache/Boot.ddc
[2018.11.03-01.40.05:117][  0]LogDerivedDataCache: FDerivedDataBackendGraph:  Pak pak cache file ../../../../../controliegit/controliegame/ControliePractice/DerivedDataCache/DDC.ddp not found, will not use a pak cache.
[2018.11.03-01.40.05:117][  0]LogDerivedDataCache: Unable to find inner node Pak for hierarchical cache Hierarchy.
[2018.11.03-01.40.05:117][  0]LogDerivedDataCache: FDerivedDataBackendGraph:  CompressedPak pak cache file ../../../../../controliegit/controliegame/ControliePractice/DerivedDataCache/Compressed.ddp not found, will not use a pak cache.
[2018.11.03-01.40.05:117][  0]LogDerivedDataCache: Unable to find inner node CompressedPak for hierarchical cache Hierarchy.
[2018.11.03-01.40.05:135][  0]LogDerivedDataCache: Display: Pak cache opened for reading ../../../Engine/DerivedDataCache/Compressed.ddp.
[2018.11.03-01.40.05:148][  0]LogDerivedDataCache: Using Local data cache path C:/Users/Rayray/AppData/Local/UnrealEngine/Common/DerivedDataCache: Writable
[2018.11.03-01.40.05:148][  0]LogDerivedDataCache: Shared data cache path not found in *engine.ini, will not use an Shared cache.
[2018.11.03-01.40.05:148][  0]LogDerivedDataCache: Unable to find inner node Shared for hierarchical cache Hierarchy.
[2018.11.03-01.40.05:176][  0]LogMaterial: Verifying Global Shaders for PCD3D_SM5
[2018.11.03-01.40.05:178][  0]LogSlate: Using FreeType 2.6.0
[2018.11.03-01.40.05:179][  0]LogSlate: SlateFontServices - WITH_FREETYPE: 1, WITH_HARFBUZZ: 1
[2018.11.03-01.40.05:281][  0]LogAssetRegistry: FAssetRegistry took 0.0287 seconds to start up
[2018.11.03-01.40.05:836][  0]LogInit: Selected Device Profile: [Windows]
[2018.11.03-01.40.05:996][  0]LogSimplygon: Simplygon DLL not present - disabling.
[2018.11.03-01.40.06:001][  0]LogMeshReduction: Using SimplygonSwarm for distributed automatic mesh merging
[2018.11.03-01.40.06:001][  0]LogMeshReduction: Using ProxyLODMeshReduction for automatic mesh merging
[2018.11.03-01.40.06:001][  0]LogMeshReduction: Using QuadricMeshReduction for automatic static mesh reduction
[2018.11.03-01.40.06:001][  0]LogMeshReduction: No automatic skeletal mesh reduction module available
[2018.11.03-01.40.06:029][  0]LogNetVersion: ControliePractice 1.0.0, NetCL: 4212847, EngineNetVer: 5, GameNetVer: 0 (Checksum: 2409719994)
[2018.11.03-01.40.06:709][  0]LogPackageLocalizationCache: Processed 13 localized package path(s) for 2 prioritized culture(s) in 0.170731 seconds
[2018.11.03-01.40.06:717][  0]LogUObjectArray: 38425 objects as part of root set at end of initial load.
[2018.11.03-01.40.06:717][  0]LogUObjectAllocator: 6690872 out of 0 bytes used by permanent object pool.
[2018.11.03-01.40.06:717][  0]LogUObjectArray: CloseDisregardForGC: 0/0 objects in disregard for GC pool
[2018.11.03-01.40.07:884][  0]LogTcpMessaging: Initializing TcpMessaging bridge
[2018.11.03-01.40.07:898][  0]LogUdpMessaging: Initializing bridge on interface 0.0.0.0:0 to multicast group 230.0.0.1:6666.
[2018.11.03-01.40.08:071][  0]SourceControl: Source control is disabled
[2018.11.03-01.40.08:071][  0]SourceControl: Source control is disabled
[2018.11.03-01.40.08:072][  0]SourceControl: Source control is disabled
[2018.11.03-01.40.08:073][  0]SourceControl: Source control is disabled
[2018.11.03-01.40.08:269][  0]LogAndroidPermission: UAndroidPermissionCallbackProxy::GetInstance
[2018.11.03-01.40.08:418][  0]LogOcInput: OculusInput pre-init called
[2018.11.03-01.40.11:192][  0]LogEngine: Initializing Engine...
[2018.11.03-01.40.11:243][  0]LogHMD: Failed to initialize OpenVR with code 108
[2018.11.03-01.40.11:246][  0]LogStats: UGameplayTagsManager::ConstructGameplayTagTree: ImportINI prefixes -  0.000 s
[2018.11.03-01.40.11:246][  0]LogStats: UGameplayTagsManager::ConstructGameplayTagTree: Construct from data asset -  0.000 s
[2018.11.03-01.40.11:246][  0]LogStats: UGameplayTagsManager::ConstructGameplayTagTree: ImportINI -  0.000 s
[2018.11.03-01.40.11:246][  0]LogStats: UGameplayTagsManager::ConstructGameplayTagTree: GameplayTagTreeChangedEvent.Broadcast -  0.000 s
[2018.11.03-01.40.11:495][  0]LogInit: Initializing FReadOnlyCVARCache
[2018.11.03-01.40.11:509][  0]LogAIModule: Creating AISystem for world Untitled
[2018.11.03-01.40.11:558][  0]LogInit: XAudio2 using 'Speakers (Realtek High Definition Audio)' : 2 channels at 48 kHz using 32 bits per sample (channel mask 0x3)
[2018.11.03-01.40.11:581][  0]LogInit: FAudioDevice initialized.
[2018.11.03-01.40.11:581][  0]LogNetVersion: Set ProjectVersion to 1.0.0.0. Version Checksum will be recalculated on next use.
[2018.11.03-01.40.11:690][  0]LogDerivedDataCache: Saved boot cache 0.11s 73MB C:/Users/Rayray/AppData/Local/UnrealEngine/4.20/DerivedDataCache/Boot.ddc.
[2018.11.03-01.40.11:695][  0]LogInit: Texture streaming: Enabled
[2018.11.03-01.40.11:716][  0]LogEngineSessionManager: EngineSessionManager initialized
[2018.11.03-01.40.11:734][  0]LogInit: Transaction tracking system initialized
[2018.11.03-01.40.11:760][  0]BlueprintLog: New page: Editor Load
[2018.11.03-01.40.11:857][  0]LocalizationService: Localization service is disabled
[2018.11.03-01.40.11:956][  0]LogLinker: Warning: Can't find file '/Game/SideScRolePlay/BluePrints/NewBlueprint'
[2018.11.03-01.40.11:956][  0]LogLinker: Warning: Can't find file '/Game/SideScRolePlay/BluePrints/NewBlueprint'
[2018.11.03-01.40.11:956][  0]LogUObjectGlobals: Warning: Failed to find object 'Class /Game/SideScRolePlay/BluePrints/NewBlueprint.NewBlueprint_C'
[2018.11.03-01.40.12:287][  0]LogCook: Display: Max memory allowance for cook 16384mb min free memory 0mb
[2018.11.03-01.40.12:287][  0]LogCook: Display: Mobile HDR setting 1
[2018.11.03-01.40.12:287][  0]LogGameplayTags: Display: UGameplayTagsManager::DoneAddingNativeTags. DelegateIsBound: 0
[2018.11.03-01.40.12:287][  0]LogStats: UGameplayTagsManager::ConstructGameplayTagTree: ImportINI prefixes -  0.000 s
[2018.11.03-01.40.12:287][  0]LogStats: UGameplayTagsManager::ConstructGameplayTagTree: Construct from data asset -  0.000 s
[2018.11.03-01.40.12:288][  0]LogStats: UGameplayTagsManager::ConstructGameplayTagTree: ImportINI -  0.000 s
[2018.11.03-01.40.12:288][  0]LogStats: UGameplayTagsManager::ConstructGameplayTagTree: GameplayTagTreeChangedEvent.Broadcast -  0.000 s
[2018.11.03-01.40.12:474][  0]LogFileCache: Scanning file cache for directory 'E:/controliegit/controliegame/ControliePractice/Content/' took 0.06s
[2018.11.03-01.40.14:373][  0]SourceControl: Source control is disabled
[2018.11.03-01.40.14:373][  0]Cmd: MAP LOAD FILE="../../../../../controliegit/controliegame/ControliePractice/Content/Controlie/Levels/ControlieLand.umap" TEMPLATE=0 SHOWPROGRESS=1 FEATURELEVEL=3
[2018.11.03-01.40.14:374][  0]LightingResults: New page: Lighting Build
[2018.11.03-01.40.14:376][  0]MapCheck: New page: Map Check
[2018.11.03-01.40.14:377][  0]LightingResults: New page: Lighting Build
[2018.11.03-01.40.15:222][  0]LogBlueprint: Warning: [Compiler NPC] Could not find a variable named "Box" in 'BP_Destination_C'.
Make sure 'BP_Destination_C' has been compiled for  Get Box
[2018.11.03-01.40.15:223][  0]LogBlueprint: Warning: [Compiler NPC] Could not find a variable named "Box" in 'BP_Destination_C'.
Make sure 'BP_Destination_C' has been compiled for  Get Box
[2018.11.03-01.40.15:297][  0]LogBlueprint: Error: [Compiler NPC] The property associated with  Box  could not be found in '/Game/Controlie/Blueprints/NPC.NPC_C'
[2018.11.03-01.40.15:297][  0]LogBlueprint: Error: [Compiler NPC] The property associated with  Box  could not be found in '/Game/Controlie/Blueprints/NPC.NPC_C'
[2018.11.03-01.40.15:367][  0]LogBlueprint: Warning: [Compiler NPC] [0024.22] Compile of NPC failed. 2 Fatal Issue(s) 2 Warning(s) [in 276 ms] (/Game/Controlie/Blueprints/NPC.NPC)
[2018.11.03-01.40.15:559][  0]LogBlueprint: Warning: [Compiler ControlieCharacter] Character.ArrowComponent is not blueprint visible (BlueprintReadOnly or BlueprintReadWrite). Please fix mark up or cease accessing as this will be made an error in a future release.  Get ArrowComponent
[2018.11.03-01.40.15:567][  0]LogBlueprint: Warning: [Compiler ControlieCharacter] [0024.42] Compile of ControlieCharacter successful, but with 1 Warning(s) [in 25 ms] (/Game/Controlie/CameraCharacter/ControlieCharacter.ControlieCharacter)
[2018.11.03-01.40.16:828][  0]LogAIModule: Creating AISystem for world ControlieLand
[2018.11.03-01.40.16:881][  0]LogStreaming: Display: ULevelStreaming::RequestLevel(/Game/Controlie/Levels/Stream1) is flushing async loading
[2018.11.03-01.40.16:881][  0]LogStreaming: Display: Flushing async loaders.
[2018.11.03-01.40.16:907][  0]LogEditorServer: Finished looking for orphan Actors (0.000 secs)
[2018.11.03-01.40.17:035][  0]Cmd: MAP CHECKDEP NOCLEARLOG
[2018.11.03-01.40.17:245][  0]MapCheck: Map check complete: 0 Error(s), 0 Warning(s), took 209.52ms to complete.
[2018.11.03-01.40.17:245][  0]LogFileHelpers: Loading map 'ControlieLand' took 2.872
[2018.11.03-01.40.17:377][  0]LogSlate: Updating window title bar state: overlay mode, drag disabled, window buttons hidden, title bar hidden
[2018.11.03-01.40.17:387][  0]LogSlate: Updating window title bar state: overlay mode, drag disabled, window buttons hidden, title bar hidden
[2018.11.03-01.40.17:397][  0]LogSlate: Updating window title bar state: overlay mode, drag disabled, window buttons hidden, title bar hidden
[2018.11.03-01.40.17:408][  0]LogSlate: Updating window title bar state: overlay mode, drag disabled, window buttons hidden, title bar hidden
[2018.11.03-01.40.17:415][  0]LogCollectionManager: Loaded 0 collections in 0.001382 seconds
[2018.11.03-01.40.17:467][  0]LogFileCache: Scanning file cache for directory 'E:/controliegit/controliegame/ControliePractice/Saved/Collections/' took 0.01s
[2018.11.03-01.40.17:467][  0]LogFileCache: Scanning file cache for directory 'E:/controliegit/controliegame/ControliePractice/Content/Developers/Rayray/Collections/' took 0.01s
[2018.11.03-01.40.17:468][  0]LogFileCache: Scanning file cache for directory 'E:/controliegit/controliegame/ControliePractice/Content/Collections/' took 0.01s
[2018.11.03-01.40.17:468][  0]LogCollectionManager: Rebuilt the GUID cache for 0 collections in 0.000000 seconds
[2018.11.03-01.40.17:486][  0]LogContentBrowser: Native class hierarchy populated in 0.0178 seconds. Added 2631 classes and 633 folders.
[2018.11.03-01.40.17:494][  0]LogContentBrowser: Native class hierarchy updated for 'WidgetCarousel' in 0.0005 seconds. Added 0 classes and 0 folders.
[2018.11.03-01.40.17:581][  0]LogContentBrowser: Native class hierarchy updated for 'AddContentDialog' in 0.0005 seconds. Added 0 classes and 0 folders.
[2018.11.03-01.40.17:589][  0]LogContentBrowser: Native class hierarchy updated for 'SceneOutliner' in 0.0007 seconds. Added 1 classes and 2 folders.
[2018.11.03-01.40.17:785][  0]LogContentBrowser: Native class hierarchy updated for 'HierarchicalLODOutliner' in 0.0007 seconds. Added 0 classes and 0 folders.
[2018.11.03-01.40.17:785][  0]LogLoad: (Engine Initialization) Total time: 26.64 seconds
[2018.11.03-01.40.17:785][  0]LogLoad: (Engine Initialization) Total Blueprint compile time: 0.00 seconds
[2018.11.03-01.40.17:830][  0]LogContentStreaming: Texture pool size now 1000 MB
[2018.11.03-01.40.17:833][  0]LogSlate: Took 0.000345 seconds to synchronously load lazily loaded font '../../../Engine/Content/Slate/Fonts/Roboto-Regular.ttf' (155K)
[2018.11.03-01.40.17:835][  0]LogSlate: Took 0.000353 seconds to synchronously load lazily loaded font '../../../Engine/Content/Slate/Fonts/Roboto-Bold.ttf' (160K)
[2018.11.03-01.40.17:842][  0]LogSlate: Took 0.000432 seconds to synchronously load lazily loaded font '../../../Engine/Content/Editor/Slate/Fonts/FontAwesome.ttf' (139K)
[2018.11.03-01.40.18:019][  0]LogRenderer: Reallocating scene render targets to support 1184x536 Format 26 NumSamples 1 (Frame:1).
[2018.11.03-01.40.18:019][  0]LogSlate: Took 0.000578 seconds to synchronously load lazily loaded font '../../../Engine/Content/Slate/Fonts/Roboto-Light.ttf' (167K)
[2018.11.03-01.40.18:058][  1]LogSlate: FSceneViewport::OnFocusLost() reason 0
[2018.11.03-01.40.18:348][  6]LogAssetRegistry: Asset discovery search completed in 13.0896 seconds
[2018.11.03-01.40.18:351][  6]LogCollectionManager: Rebuilt the object cache for 0 collections in 0.000001 seconds (found 0 objects)
[2018.11.03-01.40.18:351][  6]LogCollectionManager: Fixed up redirectors for 0 collections in 0.000081 seconds (updated 0 objects)
[2018.11.03-01.40.24:030][272]LogSlate: Took 0.000366 seconds to synchronously load lazily loaded font '../../../Engine/Content/Slate/Fonts/Roboto-Light.ttf' (167K)
[2018.11.03-01.40.24:038][272]LogAssetEditorManager: Opening Asset editor for Blueprint /Game/Controlie/Blueprints/NPC.NPC
[2018.11.03-01.40.24:743][272]LogClass: Warning: Enum '/Game/AdvancedMagicFX13/DemoRoomData/Blueprints/BP_DemoDisplay_Enum.BP_DemoDisplay_Enum' was upgraded to use FText to store its display name data. Please re-save this asset to avoid issues with localization and determinstic cooking.
[2018.11.03-01.40.24:766][272]LogContentBrowser: Native class hierarchy updated for 'BlueprintGraph' in 0.0012 seconds. Added 116 classes and 0 folders.
[2018.11.03-01.40.26:028][272]LogSlate: Took 0.000383 seconds to synchronously load lazily loaded font '../../../Engine/Content/Slate/Fonts/Roboto-BoldCondensed.ttf' (158K)
[2018.11.03-01.40.26:422][273]LogSlate: Took 0.000390 seconds to synchronously load lazily loaded font '../../../Engine/Content/Slate/Fonts/Roboto-Italic.ttf' (157K)
[2018.11.03-01.40.26:769][287]LogAssetEditorManager: Opening Asset editor for Blueprint /Game/Controlie/Blueprints/NPC_Snail.NPC_Snail
[2018.11.03-01.40.29:458][461]LogAssetEditorManager: Opening Asset editor for Blueprint /Game/Controlie/Blueprints/NPC_Snail.NPC_Snail
[2018.11.03-01.41.01:243][389]BlueprintLog: New page: Compile NPC
[2018.11.03-01.41.03:083][389]LogSavePackage: Moving '../../../../../controliegit/controliegame/ControliePractice/Saved/ControlieLandA0F21A8D4E7434B9EA44B097F9F4D03B.tmp' to '../../../../../controliegit/controliegame/ControliePractice/Content/Controlie/Levels/ControlieLand.umap'
[2018.11.03-01.41.03:210][389]LogFileHelpers: Saving map 'ControlieLand' took 1.218
[2018.11.03-01.41.03:235][389]Cmd: OBJ SAVEPACKAGE PACKAGE="/Game/Controlie/Blueprints/NPC" FILE="../../../../../controliegit/controliegame/ControliePractice/Content/Controlie/Blueprints/NPC.uasset" SILENT=true
[2018.11.03-01.41.03:375][389]LogSavePackage: Moving '../../../../../controliegit/controliegame/ControliePractice/Saved/NPCA542FAF24D0EF8B56923C5B95EF31903.tmp' to '../../../../../controliegit/controliegame/ControliePractice/Content/Controlie/Blueprints/NPC.uasset'
[2018.11.03-01.41.03:376][389]LogFileManager: Warning: DeleteFile was unable to delete '../../../../../controliegit/controliegame/ControliePractice/Content/Controlie/Blueprints/NPC.uasset', retrying in .5s...
[2018.11.03-01.41.03:877][389]LogFileManager: Error: Error deleting file '../../../../../controliegit/controliegame/ControliePractice/Content/Controlie/Blueprints/NPC.uasset'.
[2018.11.03-01.41.03:877][389]LogSavePackage: Error: Error saving '../../../../../controliegit/controliegame/ControliePractice/Content/Controlie/Blueprints/NPC.uasset'
[2018.11.03-01.41.05:599][389]LogSlate: Window 'Message' being destroyed
[2018.11.03-01.41.05:605][389]Cmd: OBJ SAVEPACKAGE PACKAGE="/Game/Controlie/Blueprints/NPC" FILE="../../../../../controliegit/controliegame/ControliePractice/Content/Controlie/Blueprints/NPC.uasset" SILENT=true
[2018.11.03-01.41.05:738][389]LogSavePackage: Moving '../../../../../controliegit/controliegame/ControliePractice/Saved/NPCB91ED135445BC17389C8F29DCC31A9C3.tmp' to '../../../../../controliegit/controliegame/ControliePractice/Content/Controlie/Blueprints/NPC.uasset'
[2018.11.03-01.41.05:739][389]LogFileManager: Warning: DeleteFile was unable to delete '../../../../../controliegit/controliegame/ControliePractice/Content/Controlie/Blueprints/NPC.uasset', retrying in .5s...
[2018.11.03-01.41.06:240][389]LogFileManager: Error: Error deleting file '../../../../../controliegit/controliegame/ControliePractice/Content/Controlie/Blueprints/NPC.uasset'.
[2018.11.03-01.41.06:240][389]LogSavePackage: Error: Error saving '../../../../../controliegit/controliegame/ControliePractice/Content/Controlie/Blueprints/NPC.uasset'
[2018.11.03-01.41.06:820][389]LogSlate: Window 'Message' being destroyed
[2018.11.03-01.41.06:825][389]Cmd: OBJ SAVEPACKAGE PACKAGE="/Game/Controlie/Blueprints/NPC" FILE="../../../../../controliegit/controliegame/ControliePractice/Content/Controlie/Blueprints/NPC.uasset" SILENT=true
[2018.11.03-01.41.06:956][389]LogSavePackage: Moving '../../../../../controliegit/controliegame/ControliePractice/Saved/NPC273F897A4DD3544A365458B1E63786F1.tmp' to '../../../../../controliegit/controliegame/ControliePractice/Content/Controlie/Blueprints/NPC.uasset'
[2018.11.03-01.41.06:957][389]LogFileManager: Warning: DeleteFile was unable to delete '../../../../../controliegit/controliegame/ControliePractice/Content/Controlie/Blueprints/NPC.uasset', retrying in .5s...
[2018.11.03-01.41.07:459][389]LogFileManager: Error: Error deleting file '../../../../../controliegit/controliegame/ControliePractice/Content/Controlie/Blueprints/NPC.uasset'.
[2018.11.03-01.41.07:459][389]LogSavePackage: Error: Error saving '../../../../../controliegit/controliegame/ControliePractice/Content/Controlie/Blueprints/NPC.uasset'
[2018.11.03-01.41.07:931][389]LogSlate: Window 'Message' being destroyed
[2018.11.03-01.41.07:935][389]Cmd: OBJ SAVEPACKAGE PACKAGE="/Game/Controlie/Blueprints/NPC" FILE="../../../../../controliegit/controliegame/ControliePractice/Content/Controlie/Blueprints/NPC.uasset" SILENT=true
[2018.11.03-01.41.08:068][389]LogSavePackage: Moving '../../../../../controliegit/controliegame/ControliePractice/Saved/NPC60810B1E4F19DDAAA806AB8B81098245.tmp' to '../../../../../controliegit/controliegame/ControliePractice/Content/Controlie/Blueprints/NPC.uasset'
[2018.11.03-01.41.08:069][389]LogFileManager: Warning: DeleteFile was unable to delete '../../../../../controliegit/controliegame/ControliePractice/Content/Controlie/Blueprints/NPC.uasset', retrying in .5s...
[2018.11.03-01.41.08:570][389]LogFileManager: Error: Error deleting file '../../../../../controliegit/controliegame/ControliePractice/Content/Controlie/Blueprints/NPC.uasset'.
[2018.11.03-01.41.08:570][389]LogSavePackage: Error: Error saving '../../../../../controliegit/controliegame/ControliePractice/Content/Controlie/Blueprints/NPC.uasset'
[2018.11.03-01.41.08:888][389]LogSlate: Window 'Message' being destroyed
[2018.11.03-01.41.08:892][389]Cmd: OBJ SAVEPACKAGE PACKAGE="/Game/Controlie/Blueprints/NPC" FILE="../../../../../controliegit/controliegame/ControliePractice/Content/Controlie/Blueprints/NPC.uasset" SILENT=true
[2018.11.03-01.41.09:029][389]LogSavePackage: Moving '../../../../../controliegit/controliegame/ControliePractice/Saved/NPC4C983E774681435C66ADE388DC772A38.tmp' to '../../../../../controliegit/controliegame/ControliePractice/Content/Controlie/Blueprints/NPC.uasset'
[2018.11.03-01.41.09:031][389]LogFileManager: Warning: DeleteFile was unable to delete '../../../../../controliegit/controliegame/ControliePractice/Content/Controlie/Blueprints/NPC.uasset', retrying in .5s...
[2018.11.03-01.41.09:531][389]LogFileManager: Error: Error deleting file '../../../../../controliegit/controliegame/ControliePractice/Content/Controlie/Blueprints/NPC.uasset'.
[2018.11.03-01.41.09:531][389]LogSavePackage: Error: Error saving '../../../../../controliegit/controliegame/ControliePractice/Content/Controlie/Blueprints/NPC.uasset'
[2018.11.03-01.41.14:458][389]LogSlate: Window 'Message' being destroyed
[2018.11.03-01.41.14:468][389]EditorErrors: New page: Save Output
[2018.11.03-01.41.14:468][389]EditorErrors: Warning: Error saving '../../../../../controliegit/controliegame/ControliePractice/Content/Controlie/Blueprints/NPC.uasset'
[2018.11.03-01.41.14:468][389]EditorErrors: Warning: Error saving '../../../../../controliegit/controliegame/ControliePractice/Content/Controlie/Blueprints/NPC.uasset'
[2018.11.03-01.41.14:468][389]EditorErrors: Warning: Error saving '../../../../../controliegit/controliegame/ControliePractice/Content/Controlie/Blueprints/NPC.uasset'
[2018.11.03-01.41.14:468][389]EditorErrors: Warning: Error saving '../../../../../controliegit/controliegame/ControliePractice/Content/Controlie/Blueprints/NPC.uasset'
[2018.11.03-01.41.14:468][389]EditorErrors: Warning: Error saving '../../../../../controliegit/controliegame/ControliePractice/Content/Controlie/Blueprints/NPC.uasset'
[2018.11.03-01.42.02:841][427]BlueprintLog: New page: Compile NPC
[2018.11.03-01.42.04:571][427]LogSavePackage: Moving '../../../../../controliegit/controliegame/ControliePractice/Saved/ControlieLand2145B6864F001D08411404ABD3FB7C98.tmp' to '../../../../../controliegit/controliegame/ControliePractice/Content/Controlie/Levels/ControlieLand.umap'
[2018.11.03-01.42.04:673][427]LogFileHelpers: Saving map 'ControlieLand' took 1.170
[2018.11.03-01.42.04:697][427]Cmd: OBJ SAVEPACKAGE PACKAGE="/Game/Controlie/Blueprints/NPC" FILE="../../../../../controliegit/controliegame/ControliePractice/Content/Controlie/Blueprints/NPC.uasset" SILENT=true
[2018.11.03-01.42.04:840][427]LogSavePackage: Moving '../../../../../controliegit/controliegame/ControliePractice/Saved/NPC15D56F764FD000E99694C786CE85403D.tmp' to '../../../../../controliegit/controliegame/ControliePractice/Content/Controlie/Blueprints/NPC.uasset'
[2018.11.03-01.42.04:841][427]LogFileManager: Warning: DeleteFile was unable to delete '../../../../../controliegit/controliegame/ControliePractice/Content/Controlie/Blueprints/NPC.uasset', retrying in .5s...
[2018.11.03-01.42.05:342][427]LogFileManager: Error: Error deleting file '../../../../../controliegit/controliegame/ControliePractice/Content/Controlie/Blueprints/NPC.uasset'.
[2018.11.03-01.42.05:342][427]LogSavePackage: Error: Error saving '../../../../../controliegit/controliegame/ControliePractice/Content/Controlie/Blueprints/NPC.uasset'
[2018.11.03-01.42.06:840][427]LogSlate: Window 'Message' being destroyed
[2018.11.03-01.42.06:845][427]Cmd: OBJ SAVEPACKAGE PACKAGE="/Game/Controlie/Blueprints/NPC" FILE="../../../../../controliegit/controliegame/ControliePractice/Content/Controlie/Blueprints/NPC.uasset" SILENT=true
[2018.11.03-01.42.06:978][427]LogSavePackage: Moving '../../../../../controliegit/controliegame/ControliePractice/Saved/NPC0228B6904E0446984AB630968E7D4CAA.tmp' to '../../../../../controliegit/controliegame/ControliePractice/Content/Controlie/Blueprints/NPC.uasset'
[2018.11.03-01.42.06:979][427]LogFileManager: Warning: DeleteFile was unable to delete '../../../../../controliegit/controliegame/ControliePractice/Content/Controlie/Blueprints/NPC.uasset', retrying in .5s...
[2018.11.03-01.42.07:480][427]LogFileManager: Error: Error deleting file '../../../../../controliegit/controliegame/ControliePractice/Content/Controlie/Blueprints/NPC.uasset'.
[2018.11.03-01.42.07:480][427]LogSavePackage: Error: Error saving '../../../../../controliegit/controliegame/ControliePractice/Content/Controlie/Blueprints/NPC.uasset'
[2018.11.03-01.42.08:064][427]LogSlate: Window 'Message' being destroyed
[2018.11.03-01.42.08:094][427]Cmd: OBJ SAVEPACKAGE PACKAGE="/Game/Controlie/Blueprints/NPC_Snail" FILE="../../../../../controliegit/controliegame/ControliePractice/Content/Controlie/Blueprints/NPC_Snail.uasset" SILENT=true
[2018.11.03-01.42.08:138][427]LogSavePackage: Moving '../../../../../controliegit/controliegame/ControliePractice/Saved/NPC_SnailDE7CF2CE4712E57CECA9E0BF5FA52479.tmp' to '../../../../../controliegit/controliegame/ControliePractice/Content/Controlie/Blueprints/NPC_Snail.uasset'
[2018.11.03-01.42.08:139][427]LogFileManager: Warning: DeleteFile was unable to delete '../../../../../controliegit/controliegame/ControliePractice/Content/Controlie/Blueprints/NPC_Snail.uasset', retrying in .5s...
[2018.11.03-01.42.08:640][427]LogFileManager: Error: Error deleting file '../../../../../controliegit/controliegame/ControliePractice/Content/Controlie/Blueprints/NPC_Snail.uasset'.
[2018.11.03-01.42.08:640][427]LogSavePackage: Error: Error saving '../../../../../controliegit/controliegame/ControliePractice/Content/Controlie/Blueprints/NPC_Snail.uasset'
[2018.11.03-01.42.09:658][427]LogSlate: Window 'Message' being destroyed
[2018.11.03-01.42.09:668][427]EditorErrors: New page: Save Output
[2018.11.03-01.42.09:668][427]EditorErrors: Warning: Error saving '../../../../../controliegit/controliegame/ControliePractice/Content/Controlie/Blueprints/NPC.uasset'
[2018.11.03-01.42.09:668][427]EditorErrors: Warning: Error saving '../../../../../controliegit/controliegame/ControliePractice/Content/Controlie/Blueprints/NPC.uasset'
[2018.11.03-01.42.09:668][427]EditorErrors: Warning: Error saving '../../../../../controliegit/controliegame/ControliePractice/Content/Controlie/Blueprints/NPC_Snail.uasset'
[2018.11.03-01.42.12:819][427]LogSlate: Window 'Packages Failed To Save' being destroyed
[2018.11.03-01.42.18:000][896]LogAssetEditorManager: Opening Asset editor for Blueprint /Game/Controlie/Blueprints/BP_Destination.BP_Destination
[2018.11.03-01.42.22:622][197]Cmd: OBJ SAVEPACKAGE PACKAGE="/Game/Controlie/Blueprints/BP_Destination" FILE="../../../../../controliegit/controliegame/ControliePractice/Content/Controlie/Blueprints/BP_Destination.uasset" SILENT=true
[2018.11.03-01.42.22:699][197]LogSavePackage: Moving '../../../../../controliegit/controliegame/ControliePractice/Saved/BP_DestinationDAC29C4247ADF6AD7533C29914E41AA8.tmp' to '../../../../../controliegit/controliegame/ControliePractice/Content/Controlie/Blueprints/BP_Destination.uasset'
[2018.11.03-01.42.23:794][290]BlueprintLog: New page: Compile BP_Destination
[2018.11.03-01.42.46:400][939]BlueprintLog: New page: Compile NPC
[2018.11.03-01.42.48:135][939]LogSavePackage: Moving '../../../../../controliegit/controliegame/ControliePractice/Saved/ControlieLandC53AFA614B21122D6B1259A10D7C7F09.tmp' to '../../../../../controliegit/controliegame/ControliePractice/Content/Controlie/Levels/ControlieLand.umap'
[2018.11.03-01.42.48:235][939]LogFileHelpers: Saving map 'ControlieLand' took 1.174
[2018.11.03-01.42.48:257][939]Cmd: OBJ SAVEPACKAGE PACKAGE="/Game/Controlie/Blueprints/NPC" FILE="../../../../../controliegit/controliegame/ControliePractice/Content/Controlie/Blueprints/NPC.uasset" SILENT=true
[2018.11.03-01.42.48:391][939]LogSavePackage: Moving '../../../../../controliegit/controliegame/ControliePractice/Saved/NPC85C7183946EE4F42CD5AF28C876838E8.tmp' to '../../../../../controliegit/controliegame/ControliePractice/Content/Controlie/Blueprints/NPC.uasset'
[2018.11.03-01.42.48:392][939]LogFileManager: Warning: DeleteFile was unable to delete '../../../../../controliegit/controliegame/ControliePractice/Content/Controlie/Blueprints/NPC.uasset', retrying in .5s...
[2018.11.03-01.42.48:893][939]LogFileManager: Error: Error deleting file '../../../../../controliegit/controliegame/ControliePractice/Content/Controlie/Blueprints/NPC.uasset'.
[2018.11.03-01.42.48:893][939]LogSavePackage: Error: Error saving '../../../../../controliegit/controliegame/ControliePractice/Content/Controlie/Blueprints/NPC.uasset'
[2018.11.03-01.42.49:825][939]LogSlate: Window 'Message' being destroyed
[2018.11.03-01.42.49:835][939]EditorErrors: New page: Save Output
[2018.11.03-01.42.49:835][939]EditorErrors: Warning: Error saving '../../../../../controliegit/controliegame/ControliePractice/Content/Controlie/Blueprints/NPC.uasset'
[2018.11.03-01.42.51:679][123]Cmd: OBJ SAVEPACKAGE PACKAGE="/Game/Controlie/Blueprints/NPC" FILE="../../../../../controliegit/controliegame/ControliePractice/Content/Controlie/Blueprints/NPC.uasset" SILENT=true
[2018.11.03-01.42.51:809][123]LogSavePackage: Moving '../../../../../controliegit/controliegame/ControliePractice/Saved/NPC8AAE10E44CD2E3136DCD0DA451018193.tmp' to '../../../../../controliegit/controliegame/ControliePractice/Content/Controlie/Blueprints/NPC.uasset'
[2018.11.03-01.42.51:810][123]LogFileManager: Warning: DeleteFile was unable to delete '../../../../../controliegit/controliegame/ControliePractice/Content/Controlie/Blueprints/NPC.uasset', retrying in .5s...
[2018.11.03-01.42.52:312][123]LogFileManager: Error: Error deleting file '../../../../../controliegit/controliegame/ControliePractice/Content/Controlie/Blueprints/NPC.uasset'.
[2018.11.03-01.42.52:312][123]LogSavePackage: Error: Error saving '../../../../../controliegit/controliegame/ControliePractice/Content/Controlie/Blueprints/NPC.uasset'
[2018.11.03-01.42.53:120][123]LogSlate: Window 'Message' being destroyed
[2018.11.03-01.42.53:129][123]EditorErrors: New page: Save Output
[2018.11.03-01.42.53:129][123]EditorErrors: Warning: Error saving '../../../../../controliegit/controliegame/ControliePractice/Content/Controlie/Blueprints/NPC.uasset'
[2018.11.03-01.42.54:759][123]LogSlate: Window 'Packages Failed To Save' being destroyed
[2018.11.03-01.43.05:916][943]BlueprintLog: New page: Compile NPC
[2018.11.03-01.43.07:667][943]LogSavePackage: Moving '../../../../../controliegit/controliegame/ControliePractice/Saved/ControlieLand6E294E5D4655ED6D8AD7D2A140EBFDD6.tmp' to '../../../../../controliegit/controliegame/ControliePractice/Content/Controlie/Levels/ControlieLand.umap'
[2018.11.03-01.43.07:769][943]LogFileHelpers: Saving map 'ControlieLand' took 1.198
[2018.11.03-01.43.07:792][943]Cmd: OBJ SAVEPACKAGE PACKAGE="/Game/Controlie/Blueprints/NPC" FILE="../../../../../controliegit/controliegame/ControliePractice/Content/Controlie/Blueprints/NPC.uasset" SILENT=true
[2018.11.03-01.43.07:927][943]LogSavePackage: Moving '../../../../../controliegit/controliegame/ControliePractice/Saved/NPCF79EF1E4474B7601DFD29386D89EC6B0.tmp' to '../../../../../controliegit/controliegame/ControliePractice/Content/Controlie/Blueprints/NPC.uasset'
[2018.11.03-01.43.07:928][943]LogFileManager: Warning: DeleteFile was unable to delete '../../../../../controliegit/controliegame/ControliePractice/Content/Controlie/Blueprints/NPC.uasset', retrying in .5s...
[2018.11.03-01.43.08:429][943]LogFileManager: Error: Error deleting file '../../../../../controliegit/controliegame/ControliePractice/Content/Controlie/Blueprints/NPC.uasset'.
[2018.11.03-01.43.08:429][943]LogSavePackage: Error: Error saving '../../../../../controliegit/controliegame/ControliePractice/Content/Controlie/Blueprints/NPC.uasset'
[2018.11.03-01.43.10:168][943]LogSlate: Window 'Message' being destroyed
[2018.11.03-01.43.10:179][943]Cmd: OBJ SAVEPACKAGE PACKAGE="/Game/Controlie/Blueprints/NPC_Snail" FILE="../../../../../controliegit/controliegame/ControliePractice/Content/Controlie/Blueprints/NPC_Snail.uasset" SILENT=true
[2018.11.03-01.43.10:215][943]LogSavePackage: Moving '../../../../../controliegit/controliegame/ControliePractice/Saved/NPC_Snail18098B5B4181909757F5919B727F6A21.tmp' to '../../../../../controliegit/controliegame/ControliePractice/Content/Controlie/Blueprints/NPC_Snail.uasset'
[2018.11.03-01.43.10:216][943]LogFileManager: Warning: DeleteFile was unable to delete '../../../../../controliegit/controliegame/ControliePractice/Content/Controlie/Blueprints/NPC_Snail.uasset', retrying in .5s...
[2018.11.03-01.43.10:717][943]LogFileManager: Error: Error deleting file '../../../../../controliegit/controliegame/ControliePractice/Content/Controlie/Blueprints/NPC_Snail.uasset'.
[2018.11.03-01.43.10:717][943]LogSavePackage: Error: Error saving '../../../../../controliegit/controliegame/ControliePractice/Content/Controlie/Blueprints/NPC_Snail.uasset'
[2018.11.03-01.43.11:831][943]LogSlate: Window 'Message' being destroyed
[2018.11.03-01.43.11:840][943]EditorErrors: New page: Save Output
[2018.11.03-01.43.11:840][943]EditorErrors: Warning: Error saving '../../../../../controliegit/controliegame/ControliePractice/Content/Controlie/Blueprints/NPC.uasset'
[2018.11.03-01.43.11:840][943]EditorErrors: Warning: Error saving '../../../../../controliegit/controliegame/ControliePractice/Content/Controlie/Blueprints/NPC_Snail.uasset'
[2018.11.03-01.43.13:461][943]LogSlate: Window 'Packages Failed To Save' being destroyed
[2018.11.03-01.43.42:236][ 70]LogAIModule: Creating AISystem for world AIS_ControlieLevel
[2018.11.03-01.43.42:246][ 70]LogAssetEditorManager: Opening Asset editor for World /Game/Controlie/Levels/AIS_ControlieLevel.AIS_ControlieLevel
[2018.11.03-01.43.43:517][ 70]LogSlate: Window 'Save Content' being destroyed
[2018.11.03-01.43.43:526][ 70]Cmd: OBJ SAVEPACKAGE PACKAGE="/Game/Controlie/Blueprints/NPC" FILE="../../../../../controliegit/controliegame/ControliePractice/Content/Controlie/Blueprints/NPC.uasset" SILENT=true
[2018.11.03-01.43.43:656][ 70]LogSavePackage: Moving '../../../../../controliegit/controliegame/ControliePractice/Saved/NPC966BE4044313F39F38BD3D8C1E70C293.tmp' to '../../../../../controliegit/controliegame/ControliePractice/Content/Controlie/Blueprints/NPC.uasset'
[2018.11.03-01.43.43:657][ 70]LogFileManager: Warning: DeleteFile was unable to delete '../../../../../controliegit/controliegame/ControliePractice/Content/Controlie/Blueprints/NPC.uasset', retrying in .5s...
[2018.11.03-01.43.44:158][ 70]LogFileManager: Error: Error deleting file '../../../../../controliegit/controliegame/ControliePractice/Content/Controlie/Blueprints/NPC.uasset'.
[2018.11.03-01.43.44:158][ 70]LogSavePackage: Error: Error saving '../../../../../controliegit/controliegame/ControliePractice/Content/Controlie/Blueprints/NPC.uasset'
[2018.11.03-01.43.45:190][ 70]LogSlate: Window 'Message' being destroyed
[2018.11.03-01.43.45:200][ 70]Cmd: OBJ SAVEPACKAGE PACKAGE="/Game/Controlie/Blueprints/NPC_Snail" FILE="../../../../../controliegit/controliegame/ControliePractice/Content/Controlie/Blueprints/NPC_Snail.uasset" SILENT=true
[2018.11.03-01.43.45:234][ 70]LogSavePackage: Moving '../../../../../controliegit/controliegame/ControliePractice/Saved/NPC_Snail6973DDB446FB54403D686BA1D1461A4C.tmp' to '../../../../../controliegit/controliegame/ControliePractice/Content/Controlie/Blueprints/NPC_Snail.uasset'
[2018.11.03-01.43.45:235][ 70]LogFileManager: Warning: DeleteFile was unable to delete '../../../../../controliegit/controliegame/ControliePractice/Content/Controlie/Blueprints/NPC_Snail.uasset', retrying in .5s...
[2018.11.03-01.43.45:736][ 70]LogFileManager: Error: Error deleting file '../../../../../controliegit/controliegame/ControliePractice/Content/Controlie/Blueprints/NPC_Snail.uasset'.
[2018.11.03-01.43.45:736][ 70]LogSavePackage: Error: Error saving '../../../../../controliegit/controliegame/ControliePractice/Content/Controlie/Blueprints/NPC_Snail.uasset'
[2018.11.03-01.43.46:584][ 70]LogSlate: Window 'Message' being destroyed
[2018.11.03-01.43.46:590][ 70]EditorErrors: New page: Save Output
[2018.11.03-01.43.46:590][ 70]EditorErrors: Warning: Error saving '../../../../../controliegit/controliegame/ControliePractice/Content/Controlie/Blueprints/NPC.uasset'
[2018.11.03-01.43.46:590][ 70]EditorErrors: Warning: Error saving '../../../../../controliegit/controliegame/ControliePractice/Content/Controlie/Blueprints/NPC_Snail.uasset'
[2018.11.03-01.43.47:405][ 70]LogSlate: Window 'Packages Failed To Save' being destroyed
[2018.11.03-01.43.47:411][ 70]Cmd: MAP LOAD FILE="../../../../../controliegit/controliegame/ControliePractice/Content/Controlie/Levels/AIS_ControlieLevel.umap" TEMPLATE=0 SHOWPROGRESS=1 FEATURELEVEL=3
[2018.11.03-01.43.47:415][ 70]LightingResults: New page: Lighting Build
[2018.11.03-01.43.47:416][ 70]LoadErrors: New page: Loading map: AIS_ControlieLevel.umap
[2018.11.03-01.43.47:418][ 70]MapCheck: New page: Map Check
[2018.11.03-01.43.47:418][ 70]LightingResults: New page: Lighting Build
[2018.11.03-01.43.47:689][ 70]LogEditorServer: Finished looking for orphan Actors (0.000 secs)
[2018.11.03-01.43.47:906][ 70]Cmd: MAP CHECKDEP NOCLEARLOG
[2018.11.03-01.43.48:074][ 70]MapCheck: Map check complete: 0 Error(s), 0 Warning(s), took 167.685ms to complete.
[2018.11.03-01.43.48:074][ 70]LogFileHelpers: Loading map 'AIS_ControlieLevel' took 0.665
[2018.11.03-01.43.51:578][355]LogEditorViewport: Clicking on Actor (LMB): StaticMeshActor (Floor)
[2018.11.03-01.43.52:565][411]LogEditorViewport: Clicking on Actor (LMB): StaticMeshActor (Floor)
[2018.11.03-01.43.53:266][454]LogEditorViewport: Clicking on Actor (LMB): BP_FunDestination_C (BP_FunDestination3)
[2018.11.03-01.43.54:341][517]LogSlate: FSceneViewport::OnFocusLost() reason 0
[2018.11.03-01.43.54:473][525]LogAssetEditorManager: Opening Asset editor for Blueprint /Game/Controlie/Blueprints/BP_FunDestination.BP_FunDestination
[2018.11.03-01.44.03:686][  6]LogActorComponent: UnregisterComponent: (/Engine/Transient.EditorFloorComp) Not registered. Aborting.
[2018.11.03-01.44.07:056][200]LogTemp: Repeating last play command: Selected Viewport
[2018.11.03-01.44.07:116][200]LogBlueprintUserMessages: Early PlayInEditor Detection: Level '/Game/Controlie/Levels/AIS_ControlieLevel.AIS_ControlieLevel:PersistentLevel' has LevelScriptBlueprint '/Game/Controlie/Levels/AIS_ControlieLevel.AIS_ControlieLevel:PersistentLevel.AIS_ControlieLevel' with GeneratedClass '/Game/Controlie/Levels/AIS_ControlieLevel.AIS_ControlieLevel_C' with ClassGeneratedBy '/Game/Controlie/Levels/AIS_ControlieLevel.AIS_ControlieLevel:PersistentLevel.AIS_ControlieLevel'
[2018.11.03-01.44.07:117][200]LogPlayLevel: PlayLevel: No blueprints needed recompiling
[2018.11.03-01.44.07:130][200]PIE: New page: PIE session: AIS_ControlieLevel (Nov 2, 2018, 3:44:07 PM)
[2018.11.03-01.44.07:130][200]LogPlayLevel: Creating play world package: /Game/Controlie/Levels/UEDPIE_0_AIS_ControlieLevel
[2018.11.03-01.44.07:138][200]LogPlayLevel: PIE: StaticDuplicateObject took: (0.007466s)
[2018.11.03-01.44.07:139][200]LogAIModule: Creating AISystem for world AIS_ControlieLevel
[2018.11.03-01.44.07:139][200]LogPlayLevel: PIE: World Init took: (0.001219s)
[2018.11.03-01.44.07:139][200]LogPlayLevel: PIE: Created PIE world by copying editor world from /Game/Controlie/Levels/AIS_ControlieLevel.AIS_ControlieLevel to /Game/Controlie/Levels/UEDPIE_0_AIS_ControlieLevel.AIS_ControlieLevel (0.008972s)
[2018.11.03-01.44.07:287][200]LogInit: XAudio2 using 'Speakers (Realtek High Definition Audio)' : 2 channels at 48 kHz using 32 bits per sample (channel mask 0x3)
[2018.11.03-01.44.07:305][200]LogInit: FAudioDevice initialized.
[2018.11.03-01.44.07:351][200]LogLoad: Game class is 'CameraCharacterGameMode_C'
[2018.11.03-01.44.07:354][200]LogWorld: Bringing World /Game/Controlie/Levels/UEDPIE_0_AIS_ControlieLevel.AIS_ControlieLevel up for play (max tick rate 0) at 2018.11.02-20.44.07
[2018.11.03-01.44.07:355][200]LogWorld: Bringing up level for play took: 0.002967
[2018.11.03-01.44.07:378][200]LogContentBrowser: Native class hierarchy updated for 'MovieSceneCapture' in 0.0006 seconds. Added 10 classes and 0 folders.
[2018.11.03-01.44.07:384][200]PIE: Play in editor start time for /Game/Controlie/Levels/UEDPIE_0_AIS_ControlieLevel 0.779
[2018.11.03-01.44.07:384][200]LogBlueprintUserMessages: Late PlayInEditor Detection: Level '/Game/Controlie/Levels/AIS_ControlieLevel.AIS_ControlieLevel:PersistentLevel' has LevelScriptBlueprint '/Game/Controlie/Levels/AIS_ControlieLevel.AIS_ControlieLevel:PersistentLevel.AIS_ControlieLevel' with GeneratedClass '/Game/Controlie/Levels/AIS_ControlieLevel.AIS_ControlieLevel_C' with ClassGeneratedBy '/Game/Controlie/Levels/AIS_ControlieLevel.AIS_ControlieLevel:PersistentLevel.AIS_ControlieLevel'
[2018.11.03-01.44.24:184][325]LogBlueprintUserMessages: [Service_StamCheck_C_1] Service_StamCheck chosen stat: 2
[2018.11.03-01.44.24:438][342]LogBlueprintUserMessages: [Service_StamCheck_C_1] Service_StamCheck chosen stat: 2
[2018.11.03-01.44.24:699][360]LogBlueprintUserMessages: [Service_StamCheck_C_1] Service_StamCheck chosen stat: 2
[2018.11.03-01.44.24:960][377]LogBlueprintUserMessages: [Service_StamCheck_C_1] Service_StamCheck chosen stat: 2
[2018.11.03-01.44.25:212][393]LogBlueprintUserMessages: [Service_StamCheck_C_1] Service_StamCheck chosen stat: 2
[2018.11.03-01.44.25:470][410]LogBlueprintUserMessages: [Service_StamCheck_C_1] Service_StamCheck chosen stat: 2
[2018.11.03-01.44.25:575][417]LogScript: Warning: Attempted to access index 7 from array StatRestore_0 of length 7!
	PlantFoodItem_C /Game/Controlie/Levels/UEDPIE_0_AIS_ControlieLevel.AIS_ControlieLevel:PersistentLevel.PlantFoodItem_C_3
	Function /Game/Controlie/AIS/BaseClasses/GoodFoodClass.GoodFoodClass_C:ExecuteUbergraph_GoodFoodClass:0166
[2018.11.03-01.44.25:575][417]PIE: Error: Blueprint Runtime Error: "Attempted to access index 7 from array StatRestore_0 of length 7!". Blueprint:  GoodFoodClass Function:  Execute Ubergraph Good Food Class Graph:  EventGraph Node:  Set Array Elem
[2018.11.03-01.44.25:575][417]LogScript: Warning: Attempted to access index 8 from array StatRestore_0 of length 7!
	PlantFoodItem_C /Game/Controlie/Levels/UEDPIE_0_AIS_ControlieLevel.AIS_ControlieLevel:PersistentLevel.PlantFoodItem_C_3
	Function /Game/Controlie/AIS/BaseClasses/GoodFoodClass.GoodFoodClass_C:ExecuteUbergraph_GoodFoodClass:0166
[2018.11.03-01.44.25:575][417]PIE: Error: Blueprint Runtime Error: "Attempted to access index 8 from array StatRestore_0 of length 7!". Blueprint:  GoodFoodClass Function:  Execute Ubergraph Good Food Class Graph:  EventGraph Node:  Set Array Elem
[2018.11.03-01.44.25:575][417]PIE: Warning: Invalid Simulate Options: Body (PlantFoodItem_C_3.StaticMesh truffle) is set to simulate physics but Collision Enabled is incompatible
[2018.11.03-01.44.25:575][417]PIE: Warning: Invalid Simulate Options: Body (PlantFoodItem_C_3.StaticMesh truffle) is set to simulate physics but Collision Enabled is incompatible
[2018.11.03-01.44.34:241][ 13]LogBlueprintUserMessages: [Service_StamCheck_C_1] Service_StamCheck chosen stat: 2
[2018.11.03-01.44.34:499][ 31]LogBlueprintUserMessages: [Service_StamCheck_C_1] Service_StamCheck chosen stat: 2
[2018.11.03-01.44.34:758][ 49]LogBlueprintUserMessages: [Service_StamCheck_C_1] Service_StamCheck chosen stat: 2
[2018.11.03-01.44.35:017][ 67]LogBlueprintUserMessages: [Service_StamCheck_C_1] Service_StamCheck chosen stat: 2
[2018.11.03-01.44.35:280][ 85]LogBlueprintUserMessages: [Service_StamCheck_C_1] Service_StamCheck chosen stat: 2
[2018.11.03-01.44.35:542][103]LogBlueprintUserMessages: [Service_StamCheck_C_1] Service_StamCheck chosen stat: 2
[2018.11.03-01.44.35:792][120]LogBlueprintUserMessages: [Service_StamCheck_C_1] Service_StamCheck chosen stat: 2
[2018.11.03-01.44.36:053][137]LogBlueprintUserMessages: [Service_StamCheck_C_1] Service_StamCheck chosen stat: 2
[2018.11.03-01.44.36:303][153]LogBlueprintUserMessages: [Service_StamCheck_C_1] Service_StamCheck chosen stat: 2
[2018.11.03-01.44.36:563][170]LogBlueprintUserMessages: [Service_StamCheck_C_1] Service_StamCheck chosen stat: 2
[2018.11.03-01.44.36:822][187]LogBlueprintUserMessages: [Service_StamCheck_C_1] Service_StamCheck chosen stat: 2
[2018.11.03-01.44.37:081][204]LogBlueprintUserMessages: [Service_StamCheck_C_1] Service_StamCheck chosen stat: 2
[2018.11.03-01.44.37:338][221]LogBlueprintUserMessages: [Service_StamCheck_C_1] Service_StamCheck chosen stat: 2
[2018.11.03-01.44.37:597][238]LogBlueprintUserMessages: [Service_StamCheck_C_1] Service_StamCheck chosen stat: 2
[2018.11.03-01.44.37:853][255]LogBlueprintUserMessages: [Service_StamCheck_C_1] Service_StamCheck chosen stat: 2
[2018.11.03-01.44.38:110][272]LogBlueprintUserMessages: [Service_StamCheck_C_1] Service_StamCheck chosen stat: 2
[2018.11.03-01.44.38:365][289]LogBlueprintUserMessages: [Service_StamCheck_C_1] Service_StamCheck chosen stat: 2
[2018.11.03-01.44.38:623][306]LogBlueprintUserMessages: [Service_StamCheck_C_1] Service_StamCheck chosen stat: 2
[2018.11.03-01.44.38:882][323]LogBlueprintUserMessages: [Service_StamCheck_C_1] Service_StamCheck chosen stat: 2
[2018.11.03-01.44.39:124][339]LogScript: Warning: Attempted to access index 7 from array StatRestore_0 of length 7!
	PlantFoodItem_C /Game/Controlie/Levels/UEDPIE_0_AIS_ControlieLevel.AIS_ControlieLevel:PersistentLevel.PlantFoodItem_C_1
	Function /Game/Controlie/AIS/BaseClasses/GoodFoodClass.GoodFoodClass_C:ExecuteUbergraph_GoodFoodClass:0166
[2018.11.03-01.44.39:124][339]PIE: Error: Blueprint Runtime Error: "Attempted to access index 7 from array StatRestore_0 of length 7!". Blueprint:  GoodFoodClass Function:  Execute Ubergraph Good Food Class Graph:  EventGraph Node:  Set Array Elem
[2018.11.03-01.44.39:124][339]LogScript: Warning: Attempted to access index 8 from array StatRestore_0 of length 7!
	PlantFoodItem_C /Game/Controlie/Levels/UEDPIE_0_AIS_ControlieLevel.AIS_ControlieLevel:PersistentLevel.PlantFoodItem_C_1
	Function /Game/Controlie/AIS/BaseClasses/GoodFoodClass.GoodFoodClass_C:ExecuteUbergraph_GoodFoodClass:0166
[2018.11.03-01.44.39:124][339]PIE: Error: Blueprint Runtime Error: "Attempted to access index 8 from array StatRestore_0 of length 7!". Blueprint:  GoodFoodClass Function:  Execute Ubergraph Good Food Class Graph:  EventGraph Node:  Set Array Elem
[2018.11.03-01.44.39:124][339]PIE: Warning: Invalid Simulate Options: Body (PlantFoodItem_C_1.StaticMesh truffle) is set to simulate physics but Collision Enabled is incompatible
[2018.11.03-01.44.39:124][339]PIE: Warning: Invalid Simulate Options: Body (PlantFoodItem_C_1.StaticMesh truffle) is set to simulate physics but Collision Enabled is incompatible
[2018.11.03-01.44.46:130][815]LogBlueprintUserMessages: [Service_StamCheck_C_1] Service_StamCheck chosen stat: 2
[2018.11.03-01.44.46:391][831]LogBlueprintUserMessages: [Service_StamCheck_C_1] Service_StamCheck chosen stat: 2
[2018.11.03-01.44.46:651][846]LogBlueprintUserMessages: [Service_StamCheck_C_1] Service_StamCheck chosen stat: 2
[2018.11.03-01.44.46:907][862]LogBlueprintUserMessages: [Service_StamCheck_C_1] Service_StamCheck chosen stat: 2
[2018.11.03-01.44.47:037][869]LogScript: Warning: Attempted to access index 7 from array StatRestore_0 of length 7!
	PlantFoodItem_C /Game/Controlie/Levels/UEDPIE_0_AIS_ControlieLevel.AIS_ControlieLevel:PersistentLevel.PlantFoodItem_C_4
	Function /Game/Controlie/AIS/BaseClasses/GoodFoodClass.GoodFoodClass_C:ExecuteUbergraph_GoodFoodClass:0166
[2018.11.03-01.44.47:037][869]PIE: Error: Blueprint Runtime Error: "Attempted to access index 7 from array StatRestore_0 of length 7!". Blueprint:  GoodFoodClass Function:  Execute Ubergraph Good Food Class Graph:  EventGraph Node:  Set Array Elem
[2018.11.03-01.44.47:037][869]LogScript: Warning: Attempted to access index 8 from array StatRestore_0 of length 7!
	PlantFoodItem_C /Game/Controlie/Levels/UEDPIE_0_AIS_ControlieLevel.AIS_ControlieLevel:PersistentLevel.PlantFoodItem_C_4
	Function /Game/Controlie/AIS/BaseClasses/GoodFoodClass.GoodFoodClass_C:ExecuteUbergraph_GoodFoodClass:0166
[2018.11.03-01.44.47:037][869]PIE: Error: Blueprint Runtime Error: "Attempted to access index 8 from array StatRestore_0 of length 7!". Blueprint:  GoodFoodClass Function:  Execute Ubergraph Good Food Class Graph:  EventGraph Node:  Set Array Elem
[2018.11.03-01.44.47:038][869]PIE: Warning: Invalid Simulate Options: Body (PlantFoodItem_C_4.StaticMesh truffle) is set to simulate physics but Collision Enabled is incompatible
[2018.11.03-01.44.47:038][869]PIE: Warning: Invalid Simulate Options: Body (PlantFoodItem_C_4.StaticMesh truffle) is set to simulate physics but Collision Enabled is incompatible
[2018.11.03-01.44.52:183][180]LogSlate: FSceneViewport::OnFocusLost() reason 0
[2018.11.03-01.44.56:436][437]LogBlueprintUserMessages: [Service_StamCheck_C_1] Service_StamCheck chosen stat: 2
[2018.11.03-01.44.56:693][454]LogBlueprintUserMessages: [Service_StamCheck_C_1] Service_StamCheck chosen stat: 2
[2018.11.03-01.44.56:945][471]LogBlueprintUserMessages: [Service_StamCheck_C_1] Service_StamCheck chosen stat: 2
[2018.11.03-01.44.57:300][494]LogBlueprintUserMessages: [Service_StamCheck_C_1] Service_StamCheck chosen stat: 2
[2018.11.03-01.44.57:564][510]LogBlueprintUserMessages: [Service_StamCheck_C_1] Service_StamCheck chosen stat: 2
[2018.11.03-01.44.57:827][526]LogBlueprintUserMessages: [Service_StamCheck_C_1] Service_StamCheck chosen stat: 2
[2018.11.03-01.44.58:086][540]LogBlueprintUserMessages: [Service_StamCheck_C_1] Service_StamCheck chosen stat: 2
[2018.11.03-01.44.58:342][555]LogBlueprintUserMessages: [Service_StamCheck_C_1] Service_StamCheck chosen stat: 2
[2018.11.03-01.44.58:602][571]LogBlueprintUserMessages: [Service_StamCheck_C_1] Service_StamCheck chosen stat: 2
[2018.11.03-01.44.58:859][587]LogBlueprintUserMessages: [Service_StamCheck_C_1] Service_StamCheck chosen stat: 2
[2018.11.03-01.44.59:070][600]LogScript: Warning: Attempted to access index 7 from array StatRestore_0 of length 7!
	PlantFoodItem_C /Game/Controlie/Levels/UEDPIE_0_AIS_ControlieLevel.AIS_ControlieLevel:PersistentLevel.PlantFoodItem_C_9
	Function /Game/Controlie/AIS/BaseClasses/GoodFoodClass.GoodFoodClass_C:ExecuteUbergraph_GoodFoodClass:0166
[2018.11.03-01.44.59:071][600]PIE: Error: Blueprint Runtime Error: "Attempted to access index 7 from array StatRestore_0 of length 7!". Blueprint:  GoodFoodClass Function:  Execute Ubergraph Good Food Class Graph:  EventGraph Node:  Set Array Elem
[2018.11.03-01.44.59:071][600]LogScript: Warning: Attempted to access index 8 from array StatRestore_0 of length 7!
	PlantFoodItem_C /Game/Controlie/Levels/UEDPIE_0_AIS_ControlieLevel.AIS_ControlieLevel:PersistentLevel.PlantFoodItem_C_9
	Function /Game/Controlie/AIS/BaseClasses/GoodFoodClass.GoodFoodClass_C:ExecuteUbergraph_GoodFoodClass:0166
[2018.11.03-01.44.59:071][600]PIE: Error: Blueprint Runtime Error: "Attempted to access index 8 from array StatRestore_0 of length 7!". Blueprint:  GoodFoodClass Function:  Execute Ubergraph Good Food Class Graph:  EventGraph Node:  Set Array Elem
[2018.11.03-01.44.59:071][600]PIE: Warning: Invalid Simulate Options: Body (PlantFoodItem_C_9.StaticMesh truffle) is set to simulate physics but Collision Enabled is incompatible
[2018.11.03-01.44.59:071][600]PIE: Warning: Invalid Simulate Options: Body (PlantFoodItem_C_9.StaticMesh truffle) is set to simulate physics but Collision Enabled is incompatible
[2018.11.03-01.44.59:328][617]LogAssetEditorManager: Opening Asset editor for BehaviorTree /Game/Controlie/AIS/BehaviorTrees/Controlie_BT.Controlie_BT
[2018.11.03-01.45.02:383][797]LogEditorViewport: Clicking on Actor (LMB): StaticMeshActor (Floor)
[2018.11.03-01.45.03:871][881]LogSlate: FSceneViewport::OnFocusLost() reason 0
[2018.11.03-01.45.08:988][203]LogBlueprintUserMessages: Early EndPlayMap Detection: Level '/Game/Controlie/Levels/AIS_ControlieLevel.AIS_ControlieLevel:PersistentLevel' has LevelScriptBlueprint '/Game/Controlie/Levels/AIS_ControlieLevel.AIS_ControlieLevel:PersistentLevel.AIS_ControlieLevel' with GeneratedClass '/Game/Controlie/Levels/AIS_ControlieLevel.AIS_ControlieLevel_C' with ClassGeneratedBy '/Game/Controlie/Levels/AIS_ControlieLevel.AIS_ControlieLevel:PersistentLevel.AIS_ControlieLevel'
[2018.11.03-01.45.08:994][203]LogSlate: Updating window title bar state: overlay mode, drag disabled, window buttons hidden, title bar hidden
[2018.11.03-01.45.09:039][203]LogPlayLevel: Display: Shutting down PIE online subsystems
[2018.11.03-01.45.09:039][203]LogBlueprintUserMessages: Late EndPlayMap Detection: Level '/Game/Controlie/Levels/AIS_ControlieLevel.AIS_ControlieLevel:PersistentLevel' has LevelScriptBlueprint '/Game/Controlie/Levels/AIS_ControlieLevel.AIS_ControlieLevel:PersistentLevel.AIS_ControlieLevel' with GeneratedClass '/Game/Controlie/Levels/AIS_ControlieLevel.AIS_ControlieLevel_C' with ClassGeneratedBy '/Game/Controlie/Levels/AIS_ControlieLevel.AIS_ControlieLevel:PersistentLevel.AIS_ControlieLevel'
[2018.11.03-01.45.09:160][203]LogSlate: Updating window title bar state: overlay mode, drag disabled, window buttons hidden, title bar hidden
[2018.11.03-01.45.09:211][204]LogPlayLevel: Display: Destroying online subsystem :Context_13
[2018.11.03-01.45.10:731][327]LogEditorViewport: Clicking on Actor (LMB): StaticMeshActor (Floor)
[2018.11.03-01.45.14:043][552]LogSlate: FSceneViewport::OnFocusLost() reason 0
[2018.11.03-01.45.18:043][812]LogAssetEditorManager: Opening Asset editor for Blueprint /Game/Controlie/AIS/AIS_AICon.AIS_AICon
[2018.11.03-01.45.24:683][141]BlueprintLog: New page: Compile AIS_AICon
[2018.11.03-01.45.25:050][141]Cmd: OBJ SAVEPACKAGE PACKAGE="/Game/Controlie/AIS/AIS_AICon" FILE="../../../../../controliegit/controliegame/ControliePractice/Content/Controlie/AIS/AIS_AICon.uasset" SILENT=true
[2018.11.03-01.45.25:105][141]LogSavePackage: Moving '../../../../../controliegit/controliegame/ControliePractice/Saved/AIS_AIConF232A7774370186E8A67E6A934AF1732.tmp' to '../../../../../controliegit/controliegame/ControliePractice/Content/Controlie/AIS/AIS_AICon.uasset'
[2018.11.03-01.45.25:106][141]LogFileManager: Warning: DeleteFile was unable to delete '../../../../../controliegit/controliegame/ControliePractice/Content/Controlie/AIS/AIS_AICon.uasset', retrying in .5s...
[2018.11.03-01.45.25:608][141]LogFileManager: Error: Error deleting file '../../../../../controliegit/controliegame/ControliePractice/Content/Controlie/AIS/AIS_AICon.uasset'.
[2018.11.03-01.45.25:608][141]LogSavePackage: Error: Error saving '../../../../../controliegit/controliegame/ControliePractice/Content/Controlie/AIS/AIS_AICon.uasset'
[2018.11.03-01.45.28:213][141]LogSlate: Window 'Message' being destroyed
[2018.11.03-01.45.28:222][141]EditorErrors: New page: Save Output
[2018.11.03-01.45.28:222][141]EditorErrors: Warning: Error saving '../../../../../controliegit/controliegame/ControliePractice/Content/Controlie/AIS/AIS_AICon.uasset'
[2018.11.03-01.46.07:452][141]LogSlate: Window 'Packages Failed To Save' being destroyed
[2018.11.03-01.46.10:995][375]Cmd: OBJ SAVEPACKAGE PACKAGE="/Game/Controlie/Blueprints/NPC" FILE="../../../../../controliegit/controliegame/ControliePractice/Content/Controlie/Blueprints/NPC.uasset" SILENT=true
[2018.11.03-01.46.11:122][375]LogSavePackage: Moving '../../../../../controliegit/controliegame/ControliePractice/Saved/NPC6D5DBD6648869B0BD0DC358D72314F11.tmp' to '../../../../../controliegit/controliegame/ControliePractice/Content/Controlie/Blueprints/NPC.uasset'
[2018.11.03-01.46.11:123][375]LogFileManager: Warning: DeleteFile was unable to delete '../../../../../controliegit/controliegame/ControliePractice/Content/Controlie/Blueprints/NPC.uasset', retrying in .5s...
[2018.11.03-01.46.11:624][375]LogFileManager: Error: Error deleting file '../../../../../controliegit/controliegame/ControliePractice/Content/Controlie/Blueprints/NPC.uasset'.
[2018.11.03-01.46.11:624][375]LogSavePackage: Error: Error saving '../../../../../controliegit/controliegame/ControliePractice/Content/Controlie/Blueprints/NPC.uasset'
[2018.11.03-01.46.12:638][375]LogSlate: Window 'Message' being destroyed
[2018.11.03-01.46.12:648][375]Cmd: OBJ SAVEPACKAGE PACKAGE="/Game/Controlie/AIS/AIS_AICon" FILE="../../../../../controliegit/controliegame/ControliePractice/Content/Controlie/AIS/AIS_AICon.uasset" SILENT=true
[2018.11.03-01.46.12:691][375]LogSavePackage: Moving '../../../../../controliegit/controliegame/ControliePractice/Saved/AIS_AICon21A7955B4E83488846F07FA0688154CE.tmp' to '../../../../../controliegit/controliegame/ControliePractice/Content/Controlie/AIS/AIS_AICon.uasset'
[2018.11.03-01.46.12:692][375]LogFileManager: Warning: DeleteFile was unable to delete '../../../../../controliegit/controliegame/ControliePractice/Content/Controlie/AIS/AIS_AICon.uasset', retrying in .5s...
[2018.11.03-01.46.13:193][375]LogFileManager: Error: Error deleting file '../../../../../controliegit/controliegame/ControliePractice/Content/Controlie/AIS/AIS_AICon.uasset'.
[2018.11.03-01.46.13:193][375]LogSavePackage: Error: Error saving '../../../../../controliegit/controliegame/ControliePractice/Content/Controlie/AIS/AIS_AICon.uasset'
[2018.11.03-01.46.13:994][375]LogSlate: Window 'Message' being destroyed
[2018.11.03-01.46.14:002][375]Cmd: OBJ SAVEPACKAGE PACKAGE="/Game/Controlie/Blueprints/NPC_Snail" FILE="../../../../../controliegit/controliegame/ControliePractice/Content/Controlie/Blueprints/NPC_Snail.uasset" SILENT=true
[2018.11.03-01.46.14:046][375]LogSavePackage: Moving '../../../../../controliegit/controliegame/ControliePractice/Saved/NPC_SnailC00BC81441E8B0CA9DBDCC9E28CB32C5.tmp' to '../../../../../controliegit/controliegame/ControliePractice/Content/Controlie/Blueprints/NPC_Snail.uasset'
[2018.11.03-01.46.14:047][375]LogFileManager: Warning: DeleteFile was unable to delete '../../../../../controliegit/controliegame/ControliePractice/Content/Controlie/Blueprints/NPC_Snail.uasset', retrying in .5s...
[2018.11.03-01.46.14:547][375]LogFileManager: Error: Error deleting file '../../../../../controliegit/controliegame/ControliePractice/Content/Controlie/Blueprints/NPC_Snail.uasset'.
[2018.11.03-01.46.14:547][375]LogSavePackage: Error: Error saving '../../../../../controliegit/controliegame/ControliePractice/Content/Controlie/Blueprints/NPC_Snail.uasset'
[2018.11.03-01.46.18:219][375]LogSlate: Window 'Message' being destroyed
[2018.11.03-01.46.18:226][375]EditorErrors: New page: Save Output
[2018.11.03-01.46.18:226][375]EditorErrors: Warning: Error saving '../../../../../controliegit/controliegame/ControliePractice/Content/Controlie/Blueprints/NPC.uasset'
[2018.11.03-01.46.18:226][375]EditorErrors: Warning: Error saving '../../../../../controliegit/controliegame/ControliePractice/Content/Controlie/AIS/AIS_AICon.uasset'
[2018.11.03-01.46.18:226][375]EditorErrors: Warning: Error saving '../../../../../controliegit/controliegame/ControliePractice/Content/Controlie/Blueprints/NPC_Snail.uasset'
[2018.11.03-01.46.19:784][375]LogSlate: Window 'Packages Failed To Save' being destroyed
[2018.11.03-01.46.33:683][299]BlueprintLog: New page: Compile AIS_AICon
[2018.11.03-01.46.34:048][299]Cmd: OBJ SAVEPACKAGE PACKAGE="/Game/Controlie/AIS/AIS_AICon" FILE="../../../../../controliegit/controliegame/ControliePractice/Content/Controlie/AIS/AIS_AICon.uasset" SILENT=true
[2018.11.03-01.46.34:096][299]LogSavePackage: Moving '../../../../../controliegit/controliegame/ControliePractice/Saved/AIS_AIConCAD172564442CE3195CD11B93A56181A.tmp' to '../../../../../controliegit/controliegame/ControliePractice/Content/Controlie/AIS/AIS_AICon.uasset'
[2018.11.03-01.46.34:097][299]LogFileManager: Warning: DeleteFile was unable to delete '../../../../../controliegit/controliegame/ControliePractice/Content/Controlie/AIS/AIS_AICon.uasset', retrying in .5s...
[2018.11.03-01.46.34:599][299]LogFileManager: Error: Error deleting file '../../../../../controliegit/controliegame/ControliePractice/Content/Controlie/AIS/AIS_AICon.uasset'.
[2018.11.03-01.46.34:599][299]LogSavePackage: Error: Error saving '../../../../../controliegit/controliegame/ControliePractice/Content/Controlie/AIS/AIS_AICon.uasset'
[2018.11.03-01.46.36:457][299]LogSlate: Window 'Message' being destroyed
[2018.11.03-01.46.36:465][299]EditorErrors: New page: Save Output
[2018.11.03-01.46.36:465][299]EditorErrors: Warning: Error saving '../../../../../controliegit/controliegame/ControliePractice/Content/Controlie/AIS/AIS_AICon.uasset'
[2018.11.03-01.46.37:617][423]Cmd: OBJ SAVEPACKAGE PACKAGE="/Game/Controlie/AIS/AIS_AICon" FILE="../../../../../controliegit/controliegame/ControliePractice/Content/Controlie/AIS/AIS_AICon.uasset" SILENT=true
[2018.11.03-01.46.37:660][423]LogSavePackage: Moving '../../../../../controliegit/controliegame/ControliePractice/Saved/AIS_AICon99FF30824BA1CF59A1B1CDB65CA12717.tmp' to '../../../../../controliegit/controliegame/ControliePractice/Content/Controlie/AIS/AIS_AICon.uasset'
[2018.11.03-01.46.37:661][423]LogFileManager: Warning: DeleteFile was unable to delete '../../../../../controliegit/controliegame/ControliePractice/Content/Controlie/AIS/AIS_AICon.uasset', retrying in .5s...
[2018.11.03-01.46.38:162][423]LogFileManager: Error: Error deleting file '../../../../../controliegit/controliegame/ControliePractice/Content/Controlie/AIS/AIS_AICon.uasset'.
[2018.11.03-01.46.38:162][423]LogSavePackage: Error: Error saving '../../../../../controliegit/controliegame/ControliePractice/Content/Controlie/AIS/AIS_AICon.uasset'
[2018.11.03-01.46.39:480][423]LogSlate: Window 'Message' being destroyed
[2018.11.03-01.46.39:484][423]Cmd: OBJ SAVEPACKAGE PACKAGE="/Game/Controlie/AIS/AIS_AICon" FILE="../../../../../controliegit/controliegame/ControliePractice/Content/Controlie/AIS/AIS_AICon.uasset" SILENT=true
[2018.11.03-01.46.39:528][423]LogSavePackage: Moving '../../../../../controliegit/controliegame/ControliePractice/Saved/AIS_AICon8B1106C94B3F65F72ACF0596FD78D3AC.tmp' to '../../../../../controliegit/controliegame/ControliePractice/Content/Controlie/AIS/AIS_AICon.uasset'
[2018.11.03-01.46.39:530][423]LogFileManager: Warning: DeleteFile was unable to delete '../../../../../controliegit/controliegame/ControliePractice/Content/Controlie/AIS/AIS_AICon.uasset', retrying in .5s...
[2018.11.03-01.46.40:030][423]LogFileManager: Error: Error deleting file '../../../../../controliegit/controliegame/ControliePractice/Content/Controlie/AIS/AIS_AICon.uasset'.
[2018.11.03-01.46.40:030][423]LogSavePackage: Error: Error saving '../../../../../controliegit/controliegame/ControliePractice/Content/Controlie/AIS/AIS_AICon.uasset'
[2018.11.03-01.46.40:617][423]LogSlate: Window 'Message' being destroyed
[2018.11.03-01.46.40:622][423]Cmd: OBJ SAVEPACKAGE PACKAGE="/Game/Controlie/AIS/AIS_AICon" FILE="../../../../../controliegit/controliegame/ControliePractice/Content/Controlie/AIS/AIS_AICon.uasset" SILENT=true
[2018.11.03-01.46.40:665][423]LogSavePackage: Moving '../../../../../controliegit/controliegame/ControliePractice/Saved/AIS_AICon3115BBBC4C4D606A8A7B6D93E7AE48D6.tmp' to '../../../../../controliegit/controliegame/ControliePractice/Content/Controlie/AIS/AIS_AICon.uasset'
[2018.11.03-01.46.40:667][423]LogFileManager: Warning: DeleteFile was unable to delete '../../../../../controliegit/controliegame/ControliePractice/Content/Controlie/AIS/AIS_AICon.uasset', retrying in .5s...
[2018.11.03-01.46.41:168][423]LogFileManager: Error: Error deleting file '../../../../../controliegit/controliegame/ControliePractice/Content/Controlie/AIS/AIS_AICon.uasset'.
[2018.11.03-01.46.41:168][423]LogSavePackage: Error: Error saving '../../../../../controliegit/controliegame/ControliePractice/Content/Controlie/AIS/AIS_AICon.uasset'
[2018.11.03-01.46.41:596][423]LogSlate: Window 'Message' being destroyed
[2018.11.03-01.46.41:605][423]EditorErrors: New page: Save Output
[2018.11.03-01.46.41:605][423]EditorErrors: Warning: Error saving '../../../../../controliegit/controliegame/ControliePractice/Content/Controlie/AIS/AIS_AICon.uasset'
[2018.11.03-01.46.41:605][423]EditorErrors: Warning: Error saving '../../../../../controliegit/controliegame/ControliePractice/Content/Controlie/AIS/AIS_AICon.uasset'
[2018.11.03-01.46.41:605][423]EditorErrors: Warning: Error saving '../../../../../controliegit/controliegame/ControliePractice/Content/Controlie/AIS/AIS_AICon.uasset'
[2018.11.03-01.46.43:350][423]LogSlate: Window 'Packages Failed To Save' being destroyed
