Log file open, 10/28/18 00:03:24
LogWindows: Failed to load 'aqProf.dll' (GetLastError=126)
LogWindows: File 'aqProf.dll' does not exist
LogWindows: Failed to load 'VtuneApi.dll' (GetLastError=126)
LogWindows: File 'VtuneApi.dll' does not exist
LogWindows: Failed to load 'VtuneApi32e.dll' (GetLastError=126)
LogWindows: File 'VtuneApi32e.dll' does not exist
LogInit: Display: Running engine for game: ControliePractice
LogPlatformFile: Not using cached read wrapper
LogTaskGraph: Started task graph with 5 named threads and 23 total threads with 3 sets of task threads.
LogStats: Stats thread started at 0.318285
LogD3D11RHI: Loaded GFSDK_Aftermath_Lib.x64.dll
LogICUInternationalization: Display: ICU TimeZone Detection - Raw Offset: -6:00, Platform Override: ''
LogPluginManager: Mounting plugin Paper2D
LogPluginManager: Mounting plugin AISupport
LogPluginManager: Mounting plugin LightPropagationVolume
LogPluginManager: Mounting plugin CLionSourceCodeAccess
LogPluginManager: Mounting plugin CodeLiteSourceCodeAccess
LogPluginManager: Mounting plugin GitSourceControl
LogPluginManager: Mounting plugin KDevelopSourceCodeAccess
LogPluginManager: Mounting plugin NullSourceCodeAccess
LogPluginManager: Mounting plugin PerforceSourceControl
LogPluginManager: Mounting plugin SubversionSourceControl
LogPluginManager: Mounting plugin UObjectPlugin
LogPluginManager: Mounting plugin VisualStudioCodeSourceCodeAccess
LogPluginManager: Mounting plugin VisualStudioSourceCodeAccess
LogPluginManager: Mounting plugin XCodeSourceCodeAccess
LogPluginManager: Mounting plugin AssetManagerEditor
LogPluginManager: Mounting plugin CryptoKeys
LogPluginManager: Mounting plugin DataValidation
LogPluginManager: Mounting plugin EditorScriptingUtilities
LogPluginManager: Mounting plugin FacialAnimation
LogPluginManager: Mounting plugin GameplayTagsEditor
LogPluginManager: Mounting plugin MacGraphicsSwitching
LogPluginManager: Mounting plugin MeshEditor
LogPluginManager: Mounting plugin MobileLauncherProfileWizard
LogPluginManager: Mounting plugin PluginBrowser
LogPluginManager: Mounting plugin SpeedTreeImporter
LogPluginManager: Mounting plugin DatasmithContent
LogPluginManager: Mounting plugin AlembicImporter
LogPluginManager: Mounting plugin AppleImageUtils
LogPluginManager: Mounting plugin AppleVision
LogPluginManager: Mounting plugin BackChannel
LogPluginManager: Mounting plugin CharacterAI
LogPluginManager: Mounting plugin GeometryCache
LogPluginManager: Mounting plugin HTML5Networking
LogPluginManager: Mounting plugin ProxyLODPlugin
LogPluginManager: Mounting plugin MagicLeap
LogPluginManager: Mounting plugin MagicLeapEmulator
LogPluginManager: Mounting plugin MagicLeapMedia
LogPluginManager: Mounting plugin AndroidMedia
LogPluginManager: Mounting plugin AvfMedia
LogPluginManager: Mounting plugin ImgMedia
LogPluginManager: Mounting plugin LinearTimecode
LogPluginManager: Mounting plugin MediaCompositing
LogPluginManager: Mounting plugin MediaPlayerEditor
LogPluginManager: Mounting plugin WmfMedia
LogPluginManager: Mounting plugin TcpMessaging
LogPluginManager: Mounting plugin UdpMessaging
LogPluginManager: Mounting plugin ActorSequence
LogPluginManager: Mounting plugin LevelSequenceEditor
LogPluginManager: Mounting plugin MatineeToLevelSequence
LogPluginManager: Mounting plugin NetcodeUnitTest
LogPluginManager: Mounting plugin NUTUnrealEngine4
LogPluginManager: Mounting plugin OnlineSubsystemGooglePlay
LogPluginManager: Mounting plugin OnlineSubsystemIOS
LogPluginManager: Mounting plugin OnlineSubsystem
LogPluginManager: Mounting plugin OnlineSubsystemNull
LogPluginManager: Mounting plugin OnlineSubsystemUtils
LogPluginManager: Mounting plugin LauncherChunkInstaller
LogPluginManager: Mounting plugin AndroidDeviceProfileSelector
LogPluginManager: Mounting plugin AndroidMoviePlayer
LogPluginManager: Mounting plugin AndroidPermission
LogPluginManager: Mounting plugin AppleMoviePlayer
LogPluginManager: Mounting plugin ArchVisCharacter
LogPluginManager: Mounting plugin AudioCapture
LogPluginManager: Mounting plugin CableComponent
LogPluginManager: Mounting plugin CustomMeshComponent
LogPluginManager: Mounting plugin EditableMesh
LogPluginManager: Mounting plugin ExampleDeviceProfileSelector
LogPluginManager: Mounting plugin GoogleCloudMessaging
LogPluginManager: Mounting plugin ImmediatePhysics
LogPluginManager: Mounting plugin IOSDeviceProfileSelector
LogPluginManager: Mounting plugin LinuxDeviceProfileSelector
LogPluginManager: Mounting plugin LocationServicesBPLibrary
LogPluginManager: Mounting plugin MobilePatchingUtils
LogPluginManager: Mounting plugin OculusVR
LogPluginManager: Plugin shader directory ../../../Engine/Plugins/Runtime/Oculus/OculusVR/Shaders found
LogPluginManager: Mapping shader source directory ../../../Engine/Plugins/Runtime/Oculus/OculusVR/Shaders to virtual directory /Plugin/OculusVR
LogPluginManager: Mounting plugin PhysXVehicles
LogPluginManager: Mounting plugin ProceduralMeshComponent
LogPluginManager: Mounting plugin RuntimePhysXCooking
LogPluginManager: Mounting plugin SteamVR
LogPluginManager: Mounting plugin WindowsMoviePlayer
LogPluginManager: Mounting plugin DatasmithCADImporter
LogPluginManager: Mounting plugin DatasmithFBXImporter
LogPluginManager: Mounting plugin DatasmithImporter
LogPluginManager: Mounting plugin DatasmithMDLImporter
LogPluginManager: Mounting plugin StaticMeshEditorExtension
LogStreaming: Display: Took  0.271s to configure plugins.
LogInit: Using libcurl 7.55.1-DEV
LogInit:  - built for x86_64-pc-win32
LogInit:  - supports SSL with OpenSSL/1.0.2h
LogInit:  - supports HTTP deflate (compression) using libz 1.2.8
LogInit:  - other features:
LogInit:      CURL_VERSION_SSL
LogInit:      CURL_VERSION_LIBZ
LogInit:      CURL_VERSION_IPV6
LogInit:      CURL_VERSION_ASYNCHDNS
LogInit:      CURL_VERSION_LARGEFILE
LogInit:      CURL_VERSION_IDN
LogInit:  CurlRequestOptions (configurable via config and command line):
LogInit:  - bVerifyPeer = false  - Libcurl will NOT verify peer certificate
LogInit:  - bUseHttpProxy = false  - Libcurl will NOT use HTTP proxy
LogInit:  - bDontReuseConnections = false  - Libcurl will reuse connections
LogInit:  - CertBundlePath = nullptr  - Libcurl will use whatever was configured at build time.
LogInit:  - MaxHostConnections = 16  - Libcurl will limit the number of connections to a host
LogInit:  - LocalHostAddr = Default
LogInit:  - BufferSize = 65536
LogInit: WinSock: version 1.1 (2.2), MaxSocks=32767, MaxUdp=65467
LogHMD: Failed initializing OVRPlugin 1.25.0
LogInit: Build: ++UE4+Release-4.20-CL-4369336
LogInit: Engine Version: 4.20.3-4369336+++UE4+Release-4.20
LogInit: Compatible Engine Version: 4.20.0-4212847+++UE4+Release-4.20
LogInit: Net CL: 4212847
LogInit: OS: Windows 10 (), CPU: AMD FX(tm)-8350 Eight-Core Processor           , GPU: AMD Radeon R9 200 Series
LogInit: Compiled (64-bit): Sep 17 2018 12:26:19
LogInit: Compiled with Visual C++: 19.13.26129.00
LogInit: Build Configuration: Development
LogInit: Branch Name: ++UE4+Release-4.20
LogInit: Command Line:  
LogInit: Base Directory: E:/Unreal_Engine/UE_4.20/Engine/Binaries/Win64/
LogInit: Installed Engine Build: 1
LogDevObjectVersion: Number of dev versions registered: 20
LogDevObjectVersion:   Dev-Blueprints (B0D832E4-1F89-4F0D-ACCF-7EB736FD4AA2): 10
LogDevObjectVersion:   Dev-Build (E1C64328-A22C-4D53-A36C-8E866417BD8C): 0
LogDevObjectVersion:   Dev-Core (375EC13C-06E4-48FB-B500-84F0262A717E): 2
LogDevObjectVersion:   Dev-Editor (E4B068ED-F494-42E9-A231-DA0B2E46BB41): 24
LogDevObjectVersion:   Dev-Framework (CFFC743F-43B0-4480-9391-14DF171D2073): 34
LogDevObjectVersion:   Dev-Mobile (B02B49B5-BB20-44E9-A304-32B752E40360): 2
LogDevObjectVersion:   Dev-Networking (A4E4105C-59A1-49B5-A7C5-40C4547EDFEE): 0
LogDevObjectVersion:   Dev-Online (39C831C9-5AE6-47DC-9A44-9C173E1C8E7C): 0
LogDevObjectVersion:   Dev-Physics (78F01B33-EBEA-4F98-B9B4-84EACCB95AA2): 0
LogDevObjectVersion:   Dev-Platform (6631380F-2D4D-43E0-8009-CF276956A95A): 0
LogDevObjectVersion:   Dev-Rendering (12F88B9F-8875-4AFC-A67C-D90C383ABD29): 26
LogDevObjectVersion:   Dev-Sequencer (7B5AE74C-D270-4C10-A958-57980B212A5A): 9
LogDevObjectVersion:   Dev-VR (D7296918-1DD6-4BDD-9DE2-64A83CC13884): 2
LogDevObjectVersion:   Dev-LoadTimes (C2A15278-BFE7-4AFE-6C17-90FF531DF755): 1
LogDevObjectVersion:   Private-Geometry (6EACA3D4-40EC-4CC1-B786-8BED09428FC5): 3
LogDevObjectVersion:   Dev-AnimPhys (29E575DD-E0A3-4627-9D10-D276232CDCEA): 17
LogDevObjectVersion:   Dev-ReflectionCapture (6B266CEC-1EC7-4B8F-A30B-E4D90942FC07): 1
LogDevObjectVersion:   Dev-Automation (0DF73D61-A23F-47EA-B727-89E90C41499A): 1
LogDevObjectVersion:   FortniteMain (601D1886-AC64-4F84-AA16-D3DE0DEAC7D6): 12
LogDevObjectVersion:   Dev-Enterprise (9DFFBCD6-494F-0158-E221-12823C92A888): 1
LogStreaming: Display: Took  0.001s to delete old logs.
LogInit: Presizing for max 8388607 objects, including 0 objects not considered by GC, pre-allocating 0 bytes for permanent pool.
LogInit: Object subsystem initialized
[2018.10.28-05.03.25:864][  0]LogInit: Selected Device Profile: [Windows]
[2018.10.28-05.03.25:864][  0]LogInit: Applying CVar settings loaded from the selected device profile: [Windows]
[2018.10.28-05.03.25:931][  0]LogHAL: Display: Platform has ~ 16 GB [17075896320 / 17179869184 / 16], which maps to Larger [LargestMinGB=32, LargerMinGB=12, DefaultMinGB=8, SmallerMinGB=6, SmallestMinGB=0)
[2018.10.28-05.03.25:931][  0]LogInit: Setting Device Profile CVar: [[r.Vulkan.UseRealUBs:1]]
[2018.10.28-05.03.25:931][  0]LogInit: Going up to parent DeviceProfile []
[2018.10.28-05.03.25:944][  0]LogInit: Computer: BLACKWIDOW-PC
[2018.10.28-05.03.25:944][  0]LogInit: User: Rayray
[2018.10.28-05.03.25:944][  0]LogInit: CPU Page size=4096, Cores=4
[2018.10.28-05.03.25:944][  0]LogInit: High frequency timer resolution =3.919296 MHz
[2018.10.28-05.03.25:944][  0]LogMemory: Memory total: Physical=15.9GB (16GB approx)
[2018.10.28-05.03.25:944][  0]LogMemory: Platform Memory Stats for Windows
[2018.10.28-05.03.25:944][  0]LogMemory: Process Physical Memory: 103.78 MB used, 103.78 MB peak
[2018.10.28-05.03.25:944][  0]LogMemory: Process Virtual Memory: 90.39 MB used, 90.39 MB peak
[2018.10.28-05.03.25:944][  0]LogMemory: Physical Memory: 5313.36 MB used,  10971.48 MB free, 16284.84 MB total
[2018.10.28-05.03.25:944][  0]LogMemory: Virtual Memory: 4651.27 MB used,  10971.48 MB free, 134217728.00 MB total
[2018.10.28-05.03.26:002][  0]LogInit: Using OS detected language (en-US).
[2018.10.28-05.03.26:002][  0]LogInit: Using OS detected locale (en-US).
[2018.10.28-05.03.26:029][  0]LogTextLocalizationManager: No specific localization for 'en-US' exists, so the 'en' localization will be used.
[2018.10.28-05.03.26:714][  0]LogStreaming: Display: Took  0.712s to InitEngineTextLocalization.
[2018.10.28-05.03.26:714][  0]LogInit: Setting process to per monitor DPI aware
[2018.10.28-05.03.26:935][  0]LogSlate: New Slate User Created.  User Index 0, Is Virtual User: 0
[2018.10.28-05.03.26:935][  0]LogSlate: Slate User Registered.  User Index 0, Is Virtual User: 0
[2018.10.28-05.03.37:577][  0]LogHMD: Failed to initialize OpenVR with code 108
[2018.10.28-05.03.37:577][  0]LogD3D11RHI: D3D11 adapters:
[2018.10.28-05.03.37:608][  0]LogD3D11RHI:    0. 'AMD Radeon R9 200 Series' (Feature Level 11_0)
[2018.10.28-05.03.37:608][  0]LogD3D11RHI:       4072/0/8142 MB DedicatedVideo/DedicatedSystem/SharedSystem, Outputs:2, VendorId:0x1002
[2018.10.28-05.03.37:611][  0]LogD3D11RHI:    1. 'Microsoft Basic Render Driver' (Feature Level 11_0)
[2018.10.28-05.03.37:611][  0]LogD3D11RHI:       0/0/8142 MB DedicatedVideo/DedicatedSystem/SharedSystem, Outputs:0, VendorId:0x1414
[2018.10.28-05.03.37:611][  0]LogD3D11RHI: Chosen D3D11 Adapter: 0
[2018.10.28-05.03.37:620][  0]LogD3D11RHI: Creating new Direct3DDevice
[2018.10.28-05.03.37:620][  0]LogD3D11RHI:     GPU DeviceId: 0x67b0 (for the marketing name, search the web for "GPU Device Id")
[2018.10.28-05.03.37:620][  0]LogWindows: EnumDisplayDevices:
[2018.10.28-05.03.37:620][  0]LogWindows:    0. 'AMD Radeon R9 200 Series' (P:1 D:1)
[2018.10.28-05.03.37:621][  0]LogWindows:    1. 'AMD Radeon R9 200 Series' (P:0 D:1)
[2018.10.28-05.03.37:622][  0]LogWindows:    2. 'AMD Radeon R9 200 Series' (P:0 D:0)
[2018.10.28-05.03.37:622][  0]LogWindows:    3. 'AMD Radeon R9 200 Series' (P:0 D:0)
[2018.10.28-05.03.37:623][  0]LogWindows:    4. 'AMD Radeon R9 200 Series' (P:0 D:0)
[2018.10.28-05.03.37:623][  0]LogWindows:    5. 'AMD Radeon R9 200 Series' (P:0 D:0)
[2018.10.28-05.03.37:624][  0]LogWindows: DebugString: FoundDriverCount:6 
[2018.10.28-05.03.37:624][  0]LogD3D11RHI:     Adapter Name: AMD Radeon R9 200 Series
[2018.10.28-05.03.37:624][  0]LogD3D11RHI:   Driver Version: Crimson ReLive 17.7 (internal:22.19.677.257, unified:22.19.677.257)
[2018.10.28-05.03.37:624][  0]LogD3D11RHI:      Driver Date: 9-22-2017
[2018.10.28-05.03.37:624][  0]LogRHI: Texture pool is 2850 MB (70% of 4072 MB)
[2018.10.28-05.03.37:683][  0]LogD3D11RHI: Async texture creation enabled
[2018.10.28-05.03.37:696][  0]LogD3D11RHI: GPU Timing Frequency: 27.000000 (Debug: 2 1)
[2018.10.28-05.03.37:698][  0]LogShaderCompilers: Guid format shader working directory is -13 characters bigger than the processId version (../../../../../controliegit/controliegame/ControliePractice/Intermediate/Shaders/WorkingDirectory/12588/).
[2018.10.28-05.03.37:698][  0]LogShaderCompilers: Cleaned the shader compiler working directory 'C:/Users/Rayray/AppData/Local/Temp/UnrealShaderWorkingDir/5524EE214EBB91A4D64EF4AC0BAB96A7/'.
[2018.10.28-05.03.38:035][  0]LogTemp: Display: Loaded TP AllDesktopTargetPlatform
[2018.10.28-05.03.38:059][  0]LogTemp: Display: Loaded TP MacClientTargetPlatform
[2018.10.28-05.03.38:082][  0]LogTemp: Display: Loaded TP MacNoEditorTargetPlatform
[2018.10.28-05.03.38:104][  0]LogTemp: Display: Loaded TP MacServerTargetPlatform
[2018.10.28-05.03.38:138][  0]LogTemp: Display: Loaded TP MacTargetPlatform
[2018.10.28-05.03.38:162][  0]LogTemp: Display: Loaded TP WindowsClientTargetPlatform
[2018.10.28-05.03.38:185][  0]LogTemp: Display: Loaded TP WindowsNoEditorTargetPlatform
[2018.10.28-05.03.38:208][  0]LogTemp: Display: Loaded TP WindowsServerTargetPlatform
[2018.10.28-05.03.38:217][  0]LogTemp: Display: Loaded TP WindowsTargetPlatform
[2018.10.28-05.03.38:443][  0]LogTemp: Display: Loaded TP AndroidTargetPlatform
[2018.10.28-05.03.38:443][  0]LogTemp: Display: Loaded TP AndroidTargetPlatform
[2018.10.28-05.03.38:443][  0]LogTemp: Display: Loaded TP AndroidTargetPlatform
[2018.10.28-05.03.38:443][  0]LogTemp: Display: Loaded TP AndroidTargetPlatform
[2018.10.28-05.03.38:443][  0]LogTemp: Display: Loaded TP AndroidTargetPlatform
[2018.10.28-05.03.38:443][  0]LogTemp: Display: Loaded TP AndroidTargetPlatform
[2018.10.28-05.03.38:443][  0]LogTemp: Display: Loaded TP AndroidTargetPlatform
[2018.10.28-05.03.38:443][  0]LogTemp: Display: Loaded TP AndroidTargetPlatform
[2018.10.28-05.03.38:443][  0]LogTemp: Display: Loaded TP AndroidTargetPlatform
[2018.10.28-05.03.38:443][  0]LogTemp: Display: Loaded TP AndroidTargetPlatform
[2018.10.28-05.03.38:443][  0]LogTemp: Display: Loaded TP AndroidTargetPlatform
[2018.10.28-05.03.38:443][  0]LogTemp: Display: Loaded TP AndroidTargetPlatform
[2018.10.28-05.03.38:443][  0]LogTemp: Display: Loaded TP AndroidTargetPlatform
[2018.10.28-05.03.38:443][  0]LogTemp: Display: Loaded TP AndroidTargetPlatform
[2018.10.28-05.03.38:443][  0]LogTemp: Display: Loaded TP AndroidTargetPlatform
[2018.10.28-05.03.38:443][  0]LogTemp: Display: Loaded TP AndroidTargetPlatform
[2018.10.28-05.03.38:443][  0]LogTemp: Display: Loaded TP AndroidTargetPlatform
[2018.10.28-05.03.38:443][  0]LogTemp: Display: Loaded TP AndroidTargetPlatform
[2018.10.28-05.03.38:446][  0]LogTemp: Display: Loaded TP HTML5TargetPlatform
[2018.10.28-05.03.38:559][  0]LogTemp: Display: Loaded TP IOSTargetPlatform
[2018.10.28-05.03.38:559][  0]LogTemp: Display: Loaded TP IOSTargetPlatform
[2018.10.28-05.03.38:600][  0]LogTemp: Display: Loaded TP TVOSTargetPlatform
[2018.10.28-05.03.38:600][  0]LogTemp: Display: Loaded TP TVOSTargetPlatform
[2018.10.28-05.03.38:622][  0]LogTemp: Display: Loaded TP LinuxClientTargetPlatform
[2018.10.28-05.03.38:647][  0]LogTemp: Display: Loaded TP LinuxNoEditorTargetPlatform
[2018.10.28-05.03.38:670][  0]LogTemp: Display: Loaded TP LinuxServerTargetPlatform
[2018.10.28-05.03.38:694][  0]LogTemp: Display: Loaded TP LinuxTargetPlatform
[2018.10.28-05.03.38:709][  0]LogTemp: Display: Loaded TP LuminTargetPlatform
[2018.10.28-05.03.38:709][  0]LogTargetPlatformManager: Display: Building Assets For Windows
[2018.10.28-05.03.38:792][  0]LogXGEController: Cleaning working directory: C:/Users/Rayray/AppData/Local/Temp/UnrealXGEWorkingDir/
[2018.10.28-05.03.38:792][  0]LogXGEController: Cannot use XGE Controller as Incredibuild is not installed on this machine.
[2018.10.28-05.03.38:792][  0]LogShaderCompilers: Cannot use XGE Shader Compiler as Incredibuild is not installed on this machine.
[2018.10.28-05.03.38:792][  0]LogShaderCompilers: Display: Using Local Shader Compiler.
[2018.10.28-05.03.42:290][  0]LogDerivedDataCache: Display: Max Cache Size: 512 MB
[2018.10.28-05.03.42:690][  0]LogDerivedDataCache: Loaded boot cache 0.40s 87MB C:/Users/Rayray/AppData/Local/UnrealEngine/4.20/DerivedDataCache/Boot.ddc.
[2018.10.28-05.03.42:691][  0]LogDerivedDataCache: Display: Loaded Boot cache: C:/Users/Rayray/AppData/Local/UnrealEngine/4.20/DerivedDataCache/Boot.ddc
[2018.10.28-05.03.42:691][  0]LogDerivedDataCache: FDerivedDataBackendGraph:  Pak pak cache file ../../../../../controliegit/controliegame/ControliePractice/DerivedDataCache/DDC.ddp not found, will not use a pak cache.
[2018.10.28-05.03.42:691][  0]LogDerivedDataCache: Unable to find inner node Pak for hierarchical cache Hierarchy.
[2018.10.28-05.03.42:691][  0]LogDerivedDataCache: FDerivedDataBackendGraph:  CompressedPak pak cache file ../../../../../controliegit/controliegame/ControliePractice/DerivedDataCache/Compressed.ddp not found, will not use a pak cache.
[2018.10.28-05.03.42:691][  0]LogDerivedDataCache: Unable to find inner node CompressedPak for hierarchical cache Hierarchy.
[2018.10.28-05.03.42:742][  0]LogDerivedDataCache: Display: Pak cache opened for reading ../../../Engine/DerivedDataCache/Compressed.ddp.
[2018.10.28-05.03.42:754][  0]LogDerivedDataCache: Using Local data cache path C:/Users/Rayray/AppData/Local/UnrealEngine/Common/DerivedDataCache: Writable
[2018.10.28-05.03.42:754][  0]LogDerivedDataCache: Shared data cache path not found in *engine.ini, will not use an Shared cache.
[2018.10.28-05.03.42:754][  0]LogDerivedDataCache: Unable to find inner node Shared for hierarchical cache Hierarchy.
[2018.10.28-05.03.42:782][  0]LogMaterial: Verifying Global Shaders for PCD3D_SM5
[2018.10.28-05.03.42:784][  0]LogSlate: Using FreeType 2.6.0
[2018.10.28-05.03.42:840][  0]LogSlate: SlateFontServices - WITH_FREETYPE: 1, WITH_HARFBUZZ: 1
[2018.10.28-05.03.43:638][  0]LogAssetRegistry: FAssetRegistry took 0.0316 seconds to start up
[2018.10.28-05.03.44:149][  0]LogInit: Selected Device Profile: [Windows]
[2018.10.28-05.03.44:333][  0]LogSimplygon: Simplygon DLL not present - disabling.
[2018.10.28-05.03.44:339][  0]LogMeshReduction: Using SimplygonSwarm for distributed automatic mesh merging
[2018.10.28-05.03.44:339][  0]LogMeshReduction: Using ProxyLODMeshReduction for automatic mesh merging
[2018.10.28-05.03.44:339][  0]LogMeshReduction: Using QuadricMeshReduction for automatic static mesh reduction
[2018.10.28-05.03.44:339][  0]LogMeshReduction: No automatic skeletal mesh reduction module available
[2018.10.28-05.03.44:373][  0]LogNetVersion: ControliePractice 1.0.0, NetCL: 4212847, EngineNetVer: 5, GameNetVer: 0 (Checksum: 2409719994)
[2018.10.28-05.03.45:224][  0]LogPackageLocalizationCache: Processed 13 localized package path(s) for 2 prioritized culture(s) in 0.212870 seconds
[2018.10.28-05.03.45:232][  0]LogUObjectArray: 38425 objects as part of root set at end of initial load.
[2018.10.28-05.03.45:232][  0]LogUObjectAllocator: 6690864 out of 0 bytes used by permanent object pool.
[2018.10.28-05.03.45:233][  0]LogUObjectArray: CloseDisregardForGC: 0/0 objects in disregard for GC pool
[2018.10.28-05.04.01:563][  0]LogTcpMessaging: Initializing TcpMessaging bridge
[2018.10.28-05.04.01:579][  0]LogUdpMessaging: Initializing bridge on interface 0.0.0.0:0 to multicast group 230.0.0.1:6666.
[2018.10.28-05.04.01:816][  0]SourceControl: Source control is disabled
[2018.10.28-05.04.01:816][  0]SourceControl: Source control is disabled
[2018.10.28-05.04.01:819][  0]SourceControl: Source control is disabled
[2018.10.28-05.04.01:820][  0]SourceControl: Source control is disabled
[2018.10.28-05.04.02:119][  0]LogAndroidPermission: UAndroidPermissionCallbackProxy::GetInstance
[2018.10.28-05.04.02:277][  0]LogOcInput: OculusInput pre-init called
[2018.10.28-05.04.06:911][  0]LogEngine: Initializing Engine...
[2018.10.28-05.04.13:964][  0]LogHMD: Failed to initialize OpenVR with code 108
[2018.10.28-05.04.13:967][  0]LogStats: UGameplayTagsManager::ConstructGameplayTagTree: ImportINI prefixes -  0.000 s
[2018.10.28-05.04.13:967][  0]LogStats: UGameplayTagsManager::ConstructGameplayTagTree: Construct from data asset -  0.000 s
[2018.10.28-05.04.13:967][  0]LogStats: UGameplayTagsManager::ConstructGameplayTagTree: ImportINI -  0.000 s
[2018.10.28-05.04.13:967][  0]LogStats: UGameplayTagsManager::ConstructGameplayTagTree: GameplayTagTreeChangedEvent.Broadcast -  0.000 s
[2018.10.28-05.04.14:288][  0]LogInit: Initializing FReadOnlyCVARCache
[2018.10.28-05.04.14:307][  0]LogAIModule: Creating AISystem for world Untitled
[2018.10.28-05.04.14:350][  0]LogInit: XAudio2 using 'Speakers (Realtek High Definition Audio)' : 2 channels at 48 kHz using 32 bits per sample (channel mask 0x3)
[2018.10.28-05.04.14:378][  0]LogInit: FAudioDevice initialized.
[2018.10.28-05.04.14:378][  0]LogNetVersion: Set ProjectVersion to 1.0.0.0. Version Checksum will be recalculated on next use.
[2018.10.28-05.04.14:513][  0]LogDerivedDataCache: Saved boot cache 0.13s 87MB C:/Users/Rayray/AppData/Local/UnrealEngine/4.20/DerivedDataCache/Boot.ddc.
[2018.10.28-05.04.14:559][  0]LogInit: Texture streaming: Enabled
[2018.10.28-05.04.14:594][  0]LogEngineSessionManager: EngineSessionManager initialized
[2018.10.28-05.04.14:615][  0]LogEngineSessionManager: EngineSessionManager sent abnormal shutdown report. Type=AbnormalShutdown, SessionId={76ADFFDE-494C-29FB-5DCC-45971B6A14FF}
[2018.10.28-05.04.14:642][  0]LogInit: Transaction tracking system initialized
[2018.10.28-05.04.14:680][  0]BlueprintLog: New page: Editor Load
[2018.10.28-05.04.14:830][  0]LocalizationService: Localization service is disabled
[2018.10.28-05.04.15:016][  0]LogLinker: Warning: Can't find file '/Game/SideScRolePlay/BluePrints/NewBlueprint'
[2018.10.28-05.04.15:016][  0]LogLinker: Warning: Can't find file '/Game/SideScRolePlay/BluePrints/NewBlueprint'
[2018.10.28-05.04.15:016][  0]LogUObjectGlobals: Warning: Failed to find object 'Class /Game/SideScRolePlay/BluePrints/NewBlueprint.NewBlueprint_C'
[2018.10.28-05.04.15:841][  0]LogCook: Display: Max memory allowance for cook 16384mb min free memory 0mb
[2018.10.28-05.04.15:841][  0]LogCook: Display: Mobile HDR setting 1
[2018.10.28-05.04.15:841][  0]LogGameplayTags: Display: UGameplayTagsManager::DoneAddingNativeTags. DelegateIsBound: 0
[2018.10.28-05.04.15:841][  0]LogStats: UGameplayTagsManager::ConstructGameplayTagTree: ImportINI prefixes -  0.000 s
[2018.10.28-05.04.15:841][  0]LogStats: UGameplayTagsManager::ConstructGameplayTagTree: Construct from data asset -  0.000 s
[2018.10.28-05.04.15:842][  0]LogStats: UGameplayTagsManager::ConstructGameplayTagTree: ImportINI -  0.000 s
[2018.10.28-05.04.15:842][  0]LogStats: UGameplayTagsManager::ConstructGameplayTagTree: GameplayTagTreeChangedEvent.Broadcast -  0.000 s
[2018.10.28-05.04.16:167][  0]LogFileCache: Scanning file cache for directory 'E:/controliegit/controliegame/ControliePractice/Content/' took 0.03s
[2018.10.28-05.04.18:520][  0]SourceControl: Source control is disabled
[2018.10.28-05.04.18:520][  0]Cmd: MAP LOAD FILE="../../../../../controliegit/controliegame/ControliePractice/Content/Controlie/Levels/ControlieLand.umap" TEMPLATE=0 SHOWPROGRESS=1 FEATURELEVEL=3
[2018.10.28-05.04.18:545][  0]LightingResults: New page: Lighting Build
[2018.10.28-05.04.18:548][  0]MapCheck: New page: Map Check
[2018.10.28-05.04.18:548][  0]LightingResults: New page: Lighting Build
[2018.10.28-05.04.22:267][  0]LogBlueprint: Warning: [Compiler ControlieCharacter] Character.ArrowComponent is not blueprint visible (BlueprintReadOnly or BlueprintReadWrite). Please fix mark up or cease accessing as this will be made an error in a future release.  Get ArrowComponent
[2018.10.28-05.04.22:276][  0]LogBlueprint: Warning: [Compiler ControlieCharacter] [0063.28] Compile of ControlieCharacter successful, but with 1 Warning(s) [in 22 ms] (/Game/Controlie/CameraCharacter/ControlieCharacter.ControlieCharacter)
[2018.10.28-05.04.25:327][  0]LogAIModule: Creating AISystem for world ControlieLand
[2018.10.28-05.04.26:582][  0]LogStreaming: Display: ULevelStreaming::RequestLevel(/Game/Controlie/Levels/Stream1) is flushing async loading
[2018.10.28-05.04.26:582][  0]LogStreaming: Display: Flushing async loaders.
[2018.10.28-05.04.26:696][  0]LogEditorServer: Finished looking for orphan Actors (0.000 secs)
[2018.10.28-05.04.26:830][  0]Cmd: MAP CHECKDEP NOCLEARLOG
[2018.10.28-05.04.26:974][  0]MapCheck: Map check complete: 0 Error(s), 0 Warning(s), took 143.104ms to complete.
[2018.10.28-05.04.26:974][  0]LogFileHelpers: Loading map 'ControlieLand' took 8.454
[2018.10.28-05.04.27:266][  0]LogSlate: Updating window title bar state: overlay mode, drag disabled, window buttons hidden, title bar hidden
[2018.10.28-05.04.27:277][  0]LogSlate: Updating window title bar state: overlay mode, drag disabled, window buttons hidden, title bar hidden
[2018.10.28-05.04.27:288][  0]LogSlate: Updating window title bar state: overlay mode, drag disabled, window buttons hidden, title bar hidden
[2018.10.28-05.04.27:299][  0]LogSlate: Updating window title bar state: overlay mode, drag disabled, window buttons hidden, title bar hidden
[2018.10.28-05.04.27:308][  0]LogCollectionManager: Loaded 0 collections in 0.001557 seconds
[2018.10.28-05.04.27:423][  0]LogFileCache: Scanning file cache for directory 'E:/controliegit/controliegame/ControliePractice/Saved/Collections/' took 0.01s
[2018.10.28-05.04.27:424][  0]LogFileCache: Scanning file cache for directory 'E:/controliegit/controliegame/ControliePractice/Content/Developers/Rayray/Collections/' took 0.01s
[2018.10.28-05.04.27:424][  0]LogFileCache: Scanning file cache for directory 'E:/controliegit/controliegame/ControliePractice/Content/Collections/' took 0.01s
[2018.10.28-05.04.27:424][  0]LogCollectionManager: Rebuilt the GUID cache for 0 collections in 0.000001 seconds
[2018.10.28-05.04.27:443][  0]LogContentBrowser: Native class hierarchy populated in 0.0188 seconds. Added 2628 classes and 631 folders.
[2018.10.28-05.04.27:545][  0]LogContentBrowser: Native class hierarchy updated for 'WidgetCarousel' in 0.0006 seconds. Added 0 classes and 0 folders.
[2018.10.28-05.04.28:684][  0]LogContentBrowser: Native class hierarchy updated for 'AddContentDialog' in 0.0006 seconds. Added 0 classes and 0 folders.
[2018.10.28-05.04.28:715][  0]LogContentBrowser: Native class hierarchy updated for 'SceneOutliner' in 0.0007 seconds. Added 1 classes and 2 folders.
[2018.10.28-05.04.29:102][  0]LogContentBrowser: Native class hierarchy updated for 'HierarchicalLODOutliner' in 0.0006 seconds. Added 0 classes and 0 folders.
[2018.10.28-05.04.29:102][  0]LogLoad: (Engine Initialization) Total time: 70.11 seconds
[2018.10.28-05.04.29:102][  0]LogLoad: (Engine Initialization) Total Blueprint compile time: 0.00 seconds
[2018.10.28-05.04.29:113][  0]LogWindowsTextInputMethodSystem: Display: IME system now deactivated.
[2018.10.28-05.04.29:141][  0]LogContentStreaming: Texture pool size now 1000 MB
[2018.10.28-05.04.29:158][  0]LogSlate: Took 0.014785 seconds to synchronously load lazily loaded font '../../../Engine/Content/Slate/Fonts/Roboto-Regular.ttf' (155K)
[2018.10.28-05.04.29:170][  0]LogSlate: Took 0.009612 seconds to synchronously load lazily loaded font '../../../Engine/Content/Slate/Fonts/Roboto-Bold.ttf' (160K)
[2018.10.28-05.04.29:186][  0]LogSlate: Took 0.009415 seconds to synchronously load lazily loaded font '../../../Engine/Content/Editor/Slate/Fonts/FontAwesome.ttf' (139K)
[2018.10.28-05.04.29:377][  0]LogRenderer: Reallocating scene render targets to support 1184x536 Format 26 NumSamples 1 (Frame:1).
[2018.10.28-05.04.29:378][  0]LogSlate: Took 0.011704 seconds to synchronously load lazily loaded font '../../../Engine/Content/Slate/Fonts/Roboto-Light.ttf' (167K)
[2018.10.28-05.04.29:597][  2]LogAssetRegistry: Asset discovery search completed in 45.9807 seconds
[2018.10.28-05.04.29:599][  2]LogCollectionManager: Rebuilt the object cache for 0 collections in 0.000000 seconds (found 0 objects)
[2018.10.28-05.04.29:599][  2]LogCollectionManager: Fixed up redirectors for 0 collections in 0.000097 seconds (updated 0 objects)
[2018.10.28-05.04.33:912][395]LogSlate: FSceneViewport::OnFocusLost() reason 0
[2018.10.28-05.04.33:979][403]Warning: RebindPackages not possible (no packages specified)
[2018.10.28-05.04.37:674][769]Warning: RebindPackages not possible (no packages specified)
[2018.10.28-05.04.42:030][131]LogSlate: Took 0.000423 seconds to synchronously load lazily loaded font '../../../Engine/Content/Slate/Fonts/Roboto-Light.ttf' (167K)
[2018.10.28-05.04.42:221][131]LogAIModule: Creating AISystem for world AISLevel
[2018.10.28-05.04.42:231][131]LogAssetEditorManager: Opening Asset editor for World /Game/Controlie/Levels/AISLevel.AISLevel
[2018.10.28-05.04.42:357][131]Cmd: MAP LOAD FILE="../../../../../controliegit/controliegame/ControliePractice/Content/Controlie/Levels/AISLevel.umap" TEMPLATE=0 SHOWPROGRESS=1 FEATURELEVEL=3
[2018.10.28-05.04.42:357][131]LightingResults: New page: Lighting Build
[2018.10.28-05.04.42:358][131]LoadErrors: New page: Loading map: AISLevel.umap
[2018.10.28-05.04.42:381][131]MapCheck: New page: Map Check
[2018.10.28-05.04.42:381][131]LightingResults: New page: Lighting Build
[2018.10.28-05.04.42:656][131]LogEditorServer: Finished looking for orphan Actors (0.000 secs)
[2018.10.28-05.04.42:869][131]Cmd: MAP CHECKDEP NOCLEARLOG
[2018.10.28-05.04.43:014][131]MapCheck: Map check complete: 0 Error(s), 0 Warning(s), took 144.47ms to complete.
[2018.10.28-05.04.43:018][131]LogFileHelpers: Loading map 'AISLevel' took 0.662
[2018.10.28-05.04.58:989][972]Warning: RebindPackages not possible (no packages specified)
[2018.10.28-05.05.03:060][446]MapCheck: New page: Map Check
[2018.10.28-05.05.03:083][446]Cmd: MAP REBUILD ALLVISIBLE
[2018.10.28-05.05.03:083][446]LogEditorServer: Rebuildmap Clear paths rebuilt
[2018.10.28-05.05.03:426][446]LogMaterial: Display: Missing cached shader map for material FDebugViewModeMaterialProxy DefaultMaterial, compiling. 
[2018.10.28-05.05.03:515][446]LogMaterial: Display: Missing cached shader map for material FDebugViewModeMaterialProxy MaterialInstanceDynamic_0, compiling. 
[2018.10.28-05.05.03:525][446]LogShaderCompilers: Display: Shaders left to compile 1
[2018.10.28-05.05.03:525][446]LogMaterial: Display: Missing cached shader map for material FDebugViewModeMaterialProxy WorldGridMaterial, compiling. Is special engine material.
[2018.10.28-05.05.03:532][446]LogMaterial: Display: Missing cached shader map for material FDebugViewModeMaterialProxy BasicShapeMaterial, compiling. 
[2018.10.28-05.05.03:538][446]LogMaterial: Display: Missing cached shader map for material FDebugViewModeMaterialProxy M_DebugSphereBounds_01, compiling. 
[2018.10.28-05.05.03:545][446]LogMaterial: Display: Missing cached shader map for material FDebugViewModeMaterialProxy M_UE4Man_Body, compiling. 
[2018.10.28-05.05.03:556][446]LogMaterial: Display: Missing cached shader map for material FDebugViewModeMaterialProxy M_UE4Man_ChestLogo, compiling. 
[2018.10.28-05.05.05:126][446]LogShaderCompilers: Display: Shaders left to compile 6
[2018.10.28-05.05.05:126][446]LogShaderCompilers: Display: Shaders left to compile 5
[2018.10.28-05.05.05:126][446]LogShaderCompilers: Display: Shaders left to compile 4
[2018.10.28-05.05.05:126][446]LogShaderCompilers: Display: Shaders left to compile 3
[2018.10.28-05.05.05:126][446]LogShaderCompilers: Display: Shaders left to compile 2
[2018.10.28-05.05.05:126][446]LogShaderCompilers: Display: Shaders left to compile 1
[2018.10.28-05.05.05:126][446]TextureStreamingBuild: Display: Compiling optional shaders took 1.705 seconds.
[2018.10.28-05.05.05:170][446]LogLevel: Display: Export Material TexCoord Scales took 0.044 seconds.
[2018.10.28-05.05.05:191][446]TextureStreamingBuild: Display: Build Texture Streaming took 0.012 seconds.
[2018.10.28-05.05.05:351][446]LightingResults: New page: Lighting Build - Oct 27, 2018, 7:05:05 PM
[2018.10.28-05.05.05:470][446]LogSwarmInterface: [OpenConnection] Registering TCP channel ...
[2018.10.28-05.05.05:602][446]LogSwarmInterface: [OpenConnection] Connecting to agent ...
[2018.10.28-05.05.05:623][446]LogSwarmInterface: [TryOpenConnection] Testing the Agent
[2018.10.28-05.05.06:644][446]LogSwarmInterface: [TryOpenConnection] Opening Connection to Agent
[2018.10.28-05.05.06:644][446]LogSwarmInterface: [TryOpenConnection] Local Process ID is 12588
[2018.10.28-05.05.12:283][446]LogStaticLightingSystem: Warning: No importance volume found, so the scene bounding box was used.  You can optimize your scene's quality and lighting build times by adding importance volumes.
[2018.10.28-05.05.12:283][446]LogStaticLightingSystem: Running Lightmass w/ ImmediateImport mode ENABLED
[2018.10.28-05.05.12:283][446]LogStaticLightingSystem: Running Lightmass w/ ImmediateProcess mode ENABLED
[2018.10.28-05.05.12:284][446]LogStaticLightingSystem: Running Lightmass w/ Sorting mode ENABLED
[2018.10.28-05.05.12:284][446]LogStaticLightingSystem: Running Lightmass w/ Mapping paddings ENABLED
[2018.10.28-05.05.12:284][446]LogStaticLightingSystem: Running Lightmass w/ Mapping debug paddings DISABLED
[2018.10.28-05.05.12:488][446]Cmd: MAP CHECK DONTDISPLAYDIALOG
[2018.10.28-05.05.12:488][446]MapCheck: New page: AISLevel - Oct 27, 2018, 7:05:12 PM
[2018.10.28-05.05.12:494][446]MapCheck: Error: WorldSettings_1 Maps need lighting rebuilt 
[2018.10.28-05.05.12:641][446]MapCheck: Map check complete: 1 Error(s), 0 Warning(s), took 153.037ms to complete.
[2018.10.28-05.05.12:665][446]LogEditorBuildUtils: Build time 0:09
[2018.10.28-05.05.15:066][591]Job is a success!
[2018.10.28-05.05.15:164][593]LogVolumetricLightmapImport: Imported Volumetric Lightmap in 0.018s
[2018.10.28-05.05.15:164][593]LogVolumetricLightmapImport:      Indirection Texture 16x16x16 = 0.0Mb
[2018.10.28-05.05.15:164][593]LogVolumetricLightmapImport:      BrickData 340x5x5 = 0.3Mb
[2018.10.28-05.05.15:164][593]LogVolumetricLightmapImport:      Bricks at Level
[2018.10.28-05.05.15:164][593]LogVolumetricLightmapImport:          0: 1.5% covering 100.0% of volume
[2018.10.28-05.05.15:164][593]LogVolumetricLightmapImport:          1: 5.9% covering 6.3% of volume
[2018.10.28-05.05.15:164][593]LogVolumetricLightmapImport:          2: 92.6% covering 1.5% of volume
[2018.10.28-05.05.15:390][593]LogTexture: Display: Building textures: HQ_Lightmap0_1 (AutoDXT, 512X512)
[2018.10.28-05.05.15:390][593]LogTexture: Display: Building textures: LQ_Lightmap_0_1 (DXT1, 512X512)
[2018.10.28-05.05.15:390][593]LogTexture: Display: Building textures: HQ_Lightmap0_2 (AutoDXT, 256X256)
[2018.10.28-05.05.15:390][593]LogTexture: Display: Building textures: HQ_Lightmap0_3 (AutoDXT, 64X64)
[2018.10.28-05.05.15:390][593]LogTexture: Display: Building textures: LQ_Lightmap_0_2 (DXT1, 256X256)
[2018.10.28-05.05.15:390][593]LogTexture: Display: Building textures: LQ_Lightmap_0_3 (DXT1, 64X64)
[2018.10.28-05.05.15:390][593]LogTexture: Display: Building textures: ShadowMapTexture2D_4 (G8, 32X32)
[2018.10.28-05.05.15:390][593]LogTexture: Display: Building textures: ShadowMapTexture2D_1 (G8, 256X128)
[2018.10.28-05.05.15:390][593]LogTexture: Display: Building textures: ShadowMapTexture2D_0 (G8, 256X256)
[2018.10.28-05.05.15:456][593]Lightmass on BLACKWIDOW-PC: 1.69 sec total, 217 ms importing, 23 ms setup, 444 ms photons, 968 ms processing, 0 ms extra exporting [28/28 mappings]. Threads: 6.61 sec total, 1.68 sec processing.
[2018.10.28-05.05.15:594][593]LogStaticLightingSystem: Illumination: 10.2 sec (145 ms encoding lightmaps, 31 ms encoding shadowmaps)
[2018.10.28-05.05.15:594][593]LogStaticLightingSystem: Lightmap texture memory:  0.6 MB (0.1 MB streaming, 0.5 MB non-streaming), 6 textures
[2018.10.28-05.05.15:594][593]LogStaticLightingSystem: Shadowmap texture memory: 0.1 MB (0.0 MB streaming, 0.1 MB non-streaming), 3 textures
[2018.10.28-05.05.16:290][593]DumpUnbuiltLightIteractions
[2018.10.28-05.05.16:290][593]Lights with unbuilt interactions: 0
[2018.10.28-05.05.16:290][593]
[2018.10.28-05.05.16:290][593]Primitives with unbuilt interactions: 0
[2018.10.28-05.05.16:355][594]Cmd: MAP CHECK NOTIFYRESULTS
[2018.10.28-05.05.16:355][594]MapCheck: New page: AISLevel - Oct 27, 2018, 7:05:16 PM
[2018.10.28-05.05.16:504][594]MapCheck: Map check complete: 0 Error(s), 0 Warning(s), took 148.226ms to complete.
[2018.10.28-05.05.20:475][ 24]LogSavePackage: Moving '../../../../../controliegit/controliegame/ControliePractice/Saved/AISLevel65EE9163495E6DC79F56129ECE53FB8A.tmp' to '../../../../../controliegit/controliegame/ControliePractice/Content/Controlie/Levels/AISLevel.umap'
[2018.10.28-05.05.20:576][ 24]Cmd: OBJ SAVEPACKAGE PACKAGE="/Game/Controlie/Levels/AISLevel_BuiltData" FILE="../../../../../controliegit/controliegame/ControliePractice/Content/Controlie/Levels/AISLevel_BuiltData.uasset" SILENT=true
[2018.10.28-05.05.20:652][ 24]LogSavePackage: Moving '../../../../../controliegit/controliegame/ControliePractice/Saved/AISLevel_BuiltDataB4F7BA044D573CC72E4E549736F7A626.tmp' to '../../../../../controliegit/controliegame/ControliePractice/Content/Controlie/Levels/AISLevel_BuiltData.uasset'
[2018.10.28-05.05.21:580][133]Warning: RebindPackages not possible (no packages specified)
[2018.10.28-05.05.37:801][ 77]Warning: RebindPackages not possible (no packages specified)
[2018.10.28-05.07.29:876][824]Warning: RebindPackages not possible (no packages specified)
[2018.10.28-05.07.31:577][ 28]Warning: RebindPackages not possible (no packages specified)
[2018.10.28-05.07.31:744][ 48]Warning: RebindPackages not possible (no packages specified)
[2018.10.28-05.07.31:869][ 63]Warning: RebindPackages not possible (no packages specified)
[2018.10.28-05.07.32:019][ 81]Warning: RebindPackages not possible (no packages specified)
[2018.10.28-05.07.32:502][139]Warning: RebindPackages not possible (no packages specified)
[2018.10.28-05.07.32:677][160]Warning: RebindPackages not possible (no packages specified)
[2018.10.28-05.07.32:836][179]Warning: RebindPackages not possible (no packages specified)
[2018.10.28-05.07.32:969][195]Warning: RebindPackages not possible (no packages specified)
[2018.10.28-05.07.33:577][268]Warning: RebindPackages not possible (no packages specified)
[2018.10.28-05.07.33:736][287]Warning: RebindPackages not possible (no packages specified)
[2018.10.28-05.07.33:861][302]Warning: RebindPackages not possible (no packages specified)
[2018.10.28-05.07.34:761][410]Warning: RebindPackages not possible (no packages specified)
[2018.10.28-05.09.06:767][129]Warning: RebindPackages not possible (no packages specified)
[2018.10.28-05.09.07:776][250]Warning: RebindPackages not possible (no packages specified)
[2018.10.28-05.09.07:942][270]Warning: RebindPackages not possible (no packages specified)
[2018.10.28-05.09.08:100][289]Warning: RebindPackages not possible (no packages specified)
[2018.10.28-05.10.03:068][237]Warning: RebindPackages not possible (no packages specified)
[2018.10.28-05.10.15:059][592]Running E:/Unreal_Engine/UE_4.20/Engine/Binaries/DotNET/UnrealBuildTool.exe  -projectfiles -project="E:/controliegit/controliegame/ControliePractice/ControliePractice.uproject" -game -rocket -progress
[2018.10.28-05.10.15:477][592]Discovering modules, targets and source code for project...
[2018.10.28-05.10.18:507][592]E:\Unreal_Engine\UE_4.20\Engine\Source\ThirdParty\Expat\Expat.Build.cs: warning: Referenced directory 'E:\Unreal_Engine\UE_4.20\Engine\Source\ThirdParty\Expat\expat-2.2.0\Win64\VS2015\Release' does not exist.
[2018.10.28-05.10.19:413][592]E:\Unreal_Engine\UE_4.20\Engine\Plugins\Marketplace\SubsystemConfigurator\Source\OnlineSubsystemConfigurator\SubsystemConfigurator.Build.cs: warning: Referenced directory 'E:\Unreal_Engine\UE_4.20\Engine\Source\SubsystemConfigurator\Public' does not exist.
[2018.10.28-05.10.19:413][592]E:\Unreal_Engine\UE_4.20\Engine\Plugins\Marketplace\TwitchWorks\Source\TwitchPlugin\TwitchPlugin.Build.cs: warning: Referenced directory 'E:\Unreal_Engine\UE_4.20\Engine\Source\TwitchPlugin\Public' does not exist.
[2018.10.28-05.10.19:413][592]E:\Unreal_Engine\UE_4.20\Engine\Plugins\Marketplace\TwitchWorks\Source\TwitchSettingsPlugin\TwitchSettingsPlugin.Build.cs: warning: Referenced directory 'E:\Unreal_Engine\UE_4.20\Engine\Source\TwitchSettingsPlugin\Public' does not exist.
[2018.10.28-05.10.19:413][592]E:\Unreal_Engine\UE_4.20\Engine\Plugins\Marketplace\TwitchWorks\Source\TwitchSettingsEditor\TwitchSettingsEditor.Build.cs: warning: Referenced directory 'E:\Unreal_Engine\UE_4.20\Engine\Source\TwitchSettingsEditor\Public' does not exist.
[2018.10.28-05.10.19:817][592]E:\Unreal_Engine\UE_4.20\Enterprise\Plugins\Editor\DatasmithMDLImporter\Source\DatasmithMDLImporter\DatasmithMDLImporter.Build.cs: warning: Referenced directory 'E:\Unreal_Engine\UE_4.20\Enterprise\Plugins\Editor\DatasmithMDLImporter\Source\ThirdParty\NotForLicensees\AxF-Decoding-SDK-1.5.1\include' does not exist.
[2018.10.28-05.10.19:817][592]E:\Unreal_Engine\UE_4.20\Enterprise\Plugins\Editor\DatasmithMDLImporter\Source\DatasmithMDLImporter\DatasmithMDLImporter.Build.cs: warning: Referenced directory 'E:\Unreal_Engine\UE_4.20\Enterprise\Plugins\Editor\DatasmithMDLImporter\Source\ThirdParty\NotForLicensees\mdl-sdk-302800.547\include' does not exist.
[2018.10.28-05.10.41:194][540]LogAssetTools: Warning: Failed to import 'E:\controliegit\controliegame\ControliePractice\Source\ControliePractice\StatItem.cpp'. Unknown extension 'cpp'.
[2018.10.28-05.10.48:608][597]LogAssetTools: Warning: Failed to import 'E:\controliegit\controliegame\ControliePractice\Source\ControliePractice\StatItem.h'. Unknown extension 'h'.
[2018.10.28-05.12.11:170][180]Warning: RebindPackages not possible (no packages specified)
[2018.10.28-05.12.11:821][258]Warning: RebindPackages not possible (no packages specified)
[2018.10.28-05.12.11:979][277]Warning: RebindPackages not possible (no packages specified)
[2018.10.28-05.12.12:104][292]Warning: RebindPackages not possible (no packages specified)
[2018.10.28-05.12.12:212][305]Warning: RebindPackages not possible (no packages specified)
[2018.10.28-05.12.13:538][423]LogSlate: Window 'ControliePractice - Unreal Editor' being destroyed
[2018.10.28-05.12.13:539][423]LogWindowsTextInputMethodSystem: Display: IME system now deactivated.
[2018.10.28-05.12.13:782][424]Cmd: QUIT_EDITOR
[2018.10.28-05.12.13:824][424]LogExit: Preparing to exit.
[2018.10.28-05.12.14:934][424]LogExit: Editor shut down
[2018.10.28-05.12.14:934][424]LogExit: Transaction tracking system shut down
[2018.10.28-05.12.15:724][424]LogExit: Object subsystem successfully closed.
[2018.10.28-05.12.15:747][424]LogShaderCompilers: Display: Shaders left to compile 0
[2018.10.28-05.12.15:753][424]LogD3D11RHI: Shutdown
[2018.10.28-05.12.15:753][424]LogD3D11RHI: CleanupD3DDevice
[2018.10.28-05.12.15:756][424]LogD3D11RHI: ~FD3D11DynamicRHI
[2018.10.28-05.12.15:771][424]LogModuleManager: Shutting down and abandoning module HierarchicalLODUtilities (634)
[2018.10.28-05.12.15:771][424]LogModuleManager: Shutting down and abandoning module HierarchicalLODOutliner (632)
[2018.10.28-05.12.15:771][424]LogModuleManager: Shutting down and abandoning module SceneOutliner (630)
[2018.10.28-05.12.15:772][424]LogModuleManager: Shutting down and abandoning module AddContentDialog (628)
[2018.10.28-05.12.15:772][424]LogModuleManager: Shutting down and abandoning module WidgetCarousel (627)
[2018.10.28-05.12.15:772][424]LogModuleManager: Shutting down and abandoning module EditorWidgets (624)
[2018.10.28-05.12.15:772][424]LogModuleManager: Shutting down and abandoning module CollectionManager (622)
[2018.10.28-05.12.15:772][424]LogModuleManager: Shutting down and abandoning module StatsViewer (620)
[2018.10.28-05.12.15:772][424]LogModuleManager: Shutting down and abandoning module FoliageEdit (618)
[2018.10.28-05.12.15:772][424]LogModuleManager: Shutting down and abandoning module LandscapeEditor (616)
[2018.10.28-05.12.15:773][424]LogModuleManager: Shutting down and abandoning module MeshPaintMode (614)
[2018.10.28-05.12.15:773][424]LogModuleManager: Shutting down and abandoning module SceneDepthPickerMode (612)
[2018.10.28-05.12.15:773][424]LogModuleManager: Shutting down and abandoning module ActorPickerMode (610)
[2018.10.28-05.12.15:773][424]LogModuleManager: Shutting down and abandoning module GeometryMode (608)
[2018.10.28-05.12.15:773][424]LogModuleManager: Shutting down and abandoning module TextureAlignMode (606)
[2018.10.28-05.12.15:773][424]LogModuleManager: Shutting down and abandoning module BspMode (604)
[2018.10.28-05.12.15:773][424]LogModuleManager: Shutting down and abandoning module PIEPreviewDeviceProfileSelector (602)
[2018.10.28-05.12.15:773][424]LogModuleManager: Shutting down and abandoning module SequenceRecorderSections (600)
[2018.10.28-05.12.15:773][424]LogModuleManager: Shutting down and abandoning module AutomationWorker (598)
[2018.10.28-05.12.15:773][424]LogModuleManager: Shutting down and abandoning module DatasmithFBXImporter (596)
[2018.10.28-05.12.15:773][424]LogModuleManager: Shutting down and abandoning module DatasmithDeltaGenImporter (594)
[2018.10.28-05.12.15:773][424]LogModuleManager: Shutting down and abandoning module DatasmithVREDImporter (592)
[2018.10.28-05.12.15:773][424]LogModuleManager: Shutting down and abandoning module AudioCaptureEditor (590)
[2018.10.28-05.12.15:773][424]LogModuleManager: Shutting down and abandoning module SequenceRecorder (589)
[2018.10.28-05.12.15:773][424]LogModuleManager: Shutting down and abandoning module MatineeToLevelSequence (586)
[2018.10.28-05.12.15:773][424]LogModuleManager: Shutting down and abandoning module LevelSequenceEditor (584)
[2018.10.28-05.12.15:773][424]LogModuleManager: Shutting down and abandoning module PlacementMode (583)
[2018.10.28-05.12.15:773][424]LogModuleManager: Shutting down and abandoning module MaterialEditor (582)
[2018.10.28-05.12.15:773][424]LogModuleManager: Shutting down and abandoning module WmfMediaFactory (578)
[2018.10.28-05.12.15:773][424]LogModuleManager: Shutting down and abandoning module WmfMediaEditor (576)
[2018.10.28-05.12.15:773][424]LogModuleManager: Shutting down and abandoning module MediaPlayerEditor (574)
[2018.10.28-05.12.15:773][424]LogModuleManager: Shutting down and abandoning module OpenExrWrapper (572)
[2018.10.28-05.12.15:773][424]LogModuleManager: Shutting down and abandoning module ImgMediaFactory (570)
[2018.10.28-05.12.15:773][424]LogModuleManager: Shutting down and abandoning module ImgMediaEditor (568)
[2018.10.28-05.12.15:773][424]LogModuleManager: Shutting down and abandoning module AvfMediaFactory (566)
[2018.10.28-05.12.15:773][424]LogModuleManager: Shutting down and abandoning module AvfMediaEditor (564)
[2018.10.28-05.12.15:774][424]LogModuleManager: Shutting down and abandoning module AndroidMediaFactory (562)
[2018.10.28-05.12.15:774][424]LogModuleManager: Shutting down and abandoning module AndroidMediaEditor (560)
[2018.10.28-05.12.15:774][424]LogModuleManager: Shutting down and abandoning module MagicLeapCameraPreviewFactory (558)
[2018.10.28-05.12.15:774][424]LogModuleManager: Shutting down and abandoning module MagicLeapMediaFactory (556)
[2018.10.28-05.12.15:774][424]LogModuleManager: Shutting down and abandoning module MagicLeapMediaEditor (554)
[2018.10.28-05.12.15:774][424]LogModuleManager: Shutting down and abandoning module CharacterAI (552)
[2018.10.28-05.12.15:774][424]LogModuleManager: Shutting down and abandoning module SmartSnapping (550)
[2018.10.28-05.12.15:774][424]LogModuleManager: Shutting down and abandoning module SessionServices (548)
[2018.10.28-05.12.15:774][424]LogModuleManager: Shutting down and abandoning module ViewportSnapping (546)
[2018.10.28-05.12.15:774][424]LogModuleManager: Shutting down and abandoning module ViewportInteraction (544)
[2018.10.28-05.12.15:774][424]LogModuleManager: Shutting down and abandoning module ClothPainter (542)
[2018.10.28-05.12.15:774][424]LogModuleManager: Shutting down and abandoning module SkeletalMeshEditor (541)
[2018.10.28-05.12.15:774][424]LogModuleManager: Shutting down and abandoning module LogVisualizer (538)
[2018.10.28-05.12.15:774][424]LogModuleManager: Shutting down and abandoning module IntroTutorials (536)
[2018.10.28-05.12.15:774][424]LogModuleManager: Shutting down and abandoning module GameProjectGeneration (535)
[2018.10.28-05.12.15:774][424]LogModuleManager: Shutting down and abandoning module LuminPlatformEditor (532)
[2018.10.28-05.12.15:774][424]LogModuleManager: Shutting down and abandoning module IOSPlatformEditor (530)
[2018.10.28-05.12.15:774][424]LogModuleManager: Shutting down and abandoning module HTML5PlatformEditor (528)
[2018.10.28-05.12.15:774][424]LogModuleManager: Shutting down and abandoning module AndroidPlatformEditor (526)
[2018.10.28-05.12.15:774][424]LogModuleManager: Shutting down and abandoning module AndroidDeviceDetection (525)
[2018.10.28-05.12.16:223][424]LogModuleManager: Shutting down and abandoning module WindowsPlatformEditor (522)
[2018.10.28-05.12.16:224][424]LogModuleManager: Shutting down and abandoning module LuminRuntimeSettings (520)
[2018.10.28-05.12.16:224][424]LogModuleManager: Shutting down and abandoning module IOSRuntimeSettings (518)
[2018.10.28-05.12.16:224][424]LogModuleManager: Shutting down and abandoning module AndroidRuntimeSettings (516)
[2018.10.28-05.12.16:224][424]LogModuleManager: Shutting down and abandoning module InputBindingEditor (514)
[2018.10.28-05.12.16:224][424]LogModuleManager: Shutting down and abandoning module MergeActors (512)
[2018.10.28-05.12.16:224][424]LogModuleManager: Shutting down and abandoning module LocalizationDashboard (510)
[2018.10.28-05.12.16:224][424]LogModuleManager: Shutting down and abandoning module LocalizationService (509)
[2018.10.28-05.12.16:224][424]LogModuleManager: Shutting down and abandoning module HardwareTargeting (506)
[2018.10.28-05.12.16:224][424]LogModuleManager: Shutting down and abandoning module DeviceProfileEditor (504)
[2018.10.28-05.12.16:224][424]LogModuleManager: Shutting down and abandoning module UndoHistory (502)
[2018.10.28-05.12.16:224][424]LogModuleManager: Shutting down and abandoning module XmlParser (500)
[2018.10.28-05.12.16:224][424]LogModuleManager: Shutting down and abandoning module Blutility (498)
[2018.10.28-05.12.16:224][424]LogModuleManager: Shutting down and abandoning module ProjectSettingsViewer (496)
[2018.10.28-05.12.16:224][424]LogModuleManager: Shutting down and abandoning module ProjectTargetPlatformEditor (495)
[2018.10.28-05.12.16:224][424]LogModuleManager: Shutting down and abandoning module EditorSettingsViewer (492)
[2018.10.28-05.12.16:224][424]LogModuleManager: Shutting down and abandoning module SettingsEditor (490)
[2018.10.28-05.12.16:224][424]LogModuleManager: Shutting down and abandoning module ProjectLauncher (488)
[2018.10.28-05.12.16:224][424]LogModuleManager: Shutting down and abandoning module SessionFrontend (486)
[2018.10.28-05.12.16:224][424]LogModuleManager: Shutting down and abandoning module ProfilerClient (484)
[2018.10.28-05.12.16:224][424]LogModuleManager: Shutting down and abandoning module DeviceManager (482)
[2018.10.28-05.12.16:224][424]LogModuleManager: Shutting down and abandoning module TargetDeviceServices (481)
[2018.10.28-05.12.16:290][424]LogModuleManager: Shutting down and abandoning module AutomationController (478)
[2018.10.28-05.12.16:290][424]LogModuleManager: Shutting down and abandoning module AutomationWindow (476)
[2018.10.28-05.12.16:290][424]LogModuleManager: Shutting down and abandoning module Layers (474)
[2018.10.28-05.12.16:290][424]LogModuleManager: Shutting down and abandoning module ComponentVisualizers (472)
[2018.10.28-05.12.16:290][424]LogModuleManager: Shutting down and abandoning module DetailCustomizations (470)
[2018.10.28-05.12.16:290][424]LogModuleManager: Shutting down and abandoning module PackagesDialog (468)
[2018.10.28-05.12.16:290][424]LogModuleManager: Shutting down and abandoning module Persona (466)
[2018.10.28-05.12.16:290][424]LogModuleManager: Shutting down and abandoning module AnimGraph (465)
[2018.10.28-05.12.16:290][424]LogModuleManager: Shutting down and abandoning module Kismet (462)
[2018.10.28-05.12.16:292][424]LogModuleManager: Shutting down and abandoning module GraphEditor (460)
[2018.10.28-05.12.16:292][424]LogModuleManager: Shutting down and abandoning module ClassViewer (458)
[2018.10.28-05.12.16:292][424]LogModuleManager: Shutting down and abandoning module Toolbox (456)
[2018.10.28-05.12.16:292][424]LogModuleManager: Shutting down and abandoning module DesktopPlatform (455)
[2018.10.28-05.12.16:292][424]LogModuleManager: Shutting down and abandoning module ModuleUI (452)
[2018.10.28-05.12.16:292][424]LogModuleManager: Shutting down and abandoning module MovieSceneTools (450)
[2018.10.28-05.12.16:292][424]LogModuleManager: Shutting down and abandoning module OutputLog (448)
[2018.10.28-05.12.16:292][424]LogModuleManager: Shutting down and abandoning module GammaUI (446)
[2018.10.28-05.12.16:292][424]LogModuleManager: Shutting down and abandoning module Documentation (444)
[2018.10.28-05.12.16:292][424]LogModuleManager: Shutting down and abandoning module MovieSceneTracks (442)
[2018.10.28-05.12.16:292][424]LogModuleManager: Shutting down and abandoning module MovieScene (440)
[2018.10.28-05.12.16:292][424]LogModuleManager: Shutting down and abandoning module StreamingPauseRendering (438)
[2018.10.28-05.12.16:292][424]LogModuleManager: Shutting down and abandoning module LauncherPlatform (436)
[2018.10.28-05.12.16:292][424]LogModuleManager: Shutting down and abandoning module AnalyticsET (434)
[2018.10.28-05.12.16:292][424]LogModuleManager: Shutting down and abandoning module PortalServices (432)
[2018.10.28-05.12.16:292][424]LogModuleManager: Shutting down and abandoning module PortalRpc (430)
[2018.10.28-05.12.16:292][424]LogModuleManager: Shutting down and abandoning module MessagingRpc (428)
[2018.10.28-05.12.16:292][424]LogModuleManager: Shutting down and abandoning module AIModule (426)
[2018.10.28-05.12.16:292][424]LogModuleManager: Shutting down and abandoning module GameplayDebugger (425)
[2018.10.28-05.12.16:292][424]LogModuleManager: Shutting down and abandoning module AITestSuite (423)
[2018.10.28-05.12.16:292][424]LogModuleManager: Shutting down and abandoning module NavigationSystem (421)
[2018.10.28-05.12.16:292][424]LogModuleManager: Shutting down and abandoning module ProfilerService (418)
[2018.10.28-05.12.16:508][424]LogModuleManager: Shutting down and abandoning module TaskGraph (416)
[2018.10.28-05.12.16:508][424]LogModuleManager: Shutting down and abandoning module DatasmithCADImporter (414)
[2018.10.28-05.12.16:508][424]LogModuleManager: Shutting down and abandoning module StaticMeshEditorExtension (412)
[2018.10.28-05.12.16:508][424]LogModuleManager: Shutting down and abandoning module StaticMeshEditor (411)
[2018.10.28-05.12.16:508][424]LogModuleManager: Shutting down and abandoning module AdvancedPreviewScene (410)
[2018.10.28-05.12.16:508][424]LogModuleManager: Shutting down and abandoning module DatasmithMDLImporter (406)
[2018.10.28-05.12.16:509][424]LogModuleManager: Shutting down and abandoning module DatasmithImporter (404)
[2018.10.28-05.12.16:509][424]LogModuleManager: Shutting down and abandoning module SteamVRController (402)
[2018.10.28-05.12.16:509][424]LogModuleManager: Shutting down and abandoning module ProceduralMeshComponentEditor (400)
[2018.10.28-05.12.16:509][424]LogModuleManager: Shutting down and abandoning module ProceduralMeshComponent (398)
[2018.10.28-05.12.16:509][424]LogModuleManager: Shutting down and abandoning module OculusInput (396)
[2018.10.28-05.12.16:509][424]LogModuleManager: Shutting down and abandoning module MobilePatchingUtils (394)
[2018.10.28-05.12.16:509][424]LogModuleManager: Shutting down and abandoning module EditableMesh (392)
[2018.10.28-05.12.16:509][424]LogModuleManager: Shutting down and abandoning module CustomMeshComponent (390)
[2018.10.28-05.12.16:509][424]LogModuleManager: Shutting down and abandoning module CableComponent (388)
[2018.10.28-05.12.16:510][424]LogModuleManager: Shutting down and abandoning module AudioCapture (386)
[2018.10.28-05.12.16:510][424]LogModuleManager: Shutting down and abandoning module ArchVisCharacter (384)
[2018.10.28-05.12.16:510][424]LogModuleManager: Shutting down and abandoning module AndroidPermission (382)
[2018.10.28-05.12.16:510][424]LogModuleManager: Shutting down and abandoning module NUTUnrealEngine4 (380)
[2018.10.28-05.12.16:510][424]LogModuleManager: Shutting down and abandoning module NetcodeUnitTest (378)
[2018.10.28-05.12.16:510][424]LogModuleManager: Shutting down and abandoning module MediaCompositingEditor (376)
[2018.10.28-05.12.16:510][424]LogModuleManager: Shutting down and abandoning module MediaCompositing (374)
[2018.10.28-05.12.16:510][424]LogModuleManager: Shutting down and abandoning module LinearTimecode (372)
[2018.10.28-05.12.16:510][424]LogModuleManager: Shutting down and abandoning module ImgMedia (370)
[2018.10.28-05.12.16:515][424]LogModuleManager: Shutting down and abandoning module HTML5Networking (368)
[2018.10.28-05.12.16:515][424]LogModuleManager: Shutting down and abandoning module GeometryCacheTracks (366)
[2018.10.28-05.12.16:515][424]LogModuleManager: Shutting down and abandoning module GeometryCacheSequencer (364)
[2018.10.28-05.12.16:515][424]LogModuleManager: Shutting down and abandoning module BackChannel (362)
[2018.10.28-05.12.16:515][424]LogModuleManager: Shutting down and abandoning module AppleVision (360)
[2018.10.28-05.12.16:515][424]LogModuleManager: Shutting down and abandoning module AppleImageUtils (358)
[2018.10.28-05.12.16:515][424]LogModuleManager: Shutting down and abandoning module AlembicImporter (356)
[2018.10.28-05.12.16:515][424]LogModuleManager: Shutting down and abandoning module AlembicLibrary (355)
[2018.10.28-05.12.16:515][424]LogModuleManager: Shutting down and abandoning module GeometryCache (354)
[2018.10.28-05.12.16:515][424]LogModuleManager: Shutting down and abandoning module GeometryCacheEd (353)
[2018.10.28-05.12.16:515][424]LogModuleManager: Shutting down and abandoning module DatasmithContentEditor (348)
[2018.10.28-05.12.16:515][424]LogModuleManager: Shutting down and abandoning module DatasmithContent (346)
[2018.10.28-05.12.16:516][424]LogModuleManager: Shutting down and abandoning module SpeedTreeImporter (344)
[2018.10.28-05.12.16:516][424]LogModuleManager: Shutting down and abandoning module PluginBrowser (342)
[2018.10.28-05.12.16:516][424]LogModuleManager: Shutting down and abandoning module MobileLauncherProfileWizard (340)
[2018.10.28-05.12.16:516][424]LogModuleManager: Shutting down and abandoning module PolygonModeling (338)
[2018.10.28-05.12.16:516][424]LogModuleManager: Shutting down and abandoning module MeshEditor (336)
[2018.10.28-05.12.16:516][424]LogModuleManager: Shutting down and abandoning module EditorScriptingUtilities (334)
[2018.10.28-05.12.16:516][424]LogModuleManager: Shutting down and abandoning module CryptoKeysOpenSSL (332)
[2018.10.28-05.12.16:516][424]LogModuleManager: Shutting down and abandoning module CryptoKeys (330)
[2018.10.28-05.12.16:516][424]LogModuleManager: Shutting down and abandoning module VisualStudioSourceCodeAccess (328)
[2018.10.28-05.12.16:516][424]LogModuleManager: Shutting down and abandoning module VisualStudioCodeSourceCodeAccess (326)
[2018.10.28-05.12.16:516][424]LogModuleManager: Shutting down and abandoning module UObjectPlugin (324)
[2018.10.28-05.12.16:516][424]LogModuleManager: Shutting down and abandoning module SubversionSourceControl (322)
[2018.10.28-05.12.16:516][424]LogModuleManager: Shutting down and abandoning module PerforceSourceControl (320)
[2018.10.28-05.12.16:516][424]LogModuleManager: Shutting down and abandoning module GitSourceControl (318)
[2018.10.28-05.12.16:517][424]LogModuleManager: Shutting down and abandoning module SourceControl (317)
[2018.10.28-05.12.16:517][424]LogModuleManager: Shutting down and abandoning module CLionSourceCodeAccess (314)
[2018.10.28-05.12.16:517][424]LogModuleManager: Shutting down and abandoning module LightPropagationVolumeEditor (312)
[2018.10.28-05.12.16:517][424]LogModuleManager: Shutting down and abandoning module PaperTiledImporter (310)
[2018.10.28-05.12.16:517][424]LogModuleManager: Shutting down and abandoning module PaperSpriteSheetImporter (308)
[2018.10.28-05.12.16:517][424]LogModuleManager: Shutting down and abandoning module Paper2DEditor (306)
[2018.10.28-05.12.16:517][424]LogModuleManager: Shutting down and abandoning module MeshPaint (305)
[2018.10.28-05.12.16:517][424]LogModuleManager: Shutting down and abandoning module ControliePractice (302)
[2018.10.28-05.12.16:517][424]LogModuleManager: Shutting down and abandoning module RuntimePhysXCooking (300)
[2018.10.28-05.12.16:517][424]LogModuleManager: Shutting down and abandoning module PhysXVehiclesEditor (298)
[2018.10.28-05.12.16:517][424]LogModuleManager: Shutting down and abandoning module PhysXVehicles (296)
[2018.10.28-05.12.16:517][424]LogModuleManager: Shutting down and abandoning module OculusEditor (294)
[2018.10.28-05.12.16:517][424]LogModuleManager: Shutting down and abandoning module LocationServicesBPLibrary (292)
[2018.10.28-05.12.16:517][424]LogModuleManager: Shutting down and abandoning module ImmediatePhysicsEditor (290)
[2018.10.28-05.12.16:517][424]LogModuleManager: Shutting down and abandoning module ImmediatePhysics (288)
[2018.10.28-05.12.16:517][424]LogModuleManager: Shutting down and abandoning module ActorSequence (286)
[2018.10.28-05.12.16:517][424]LogModuleManager: Shutting down and abandoning module UdpMessaging (284)
[2018.10.28-05.12.16:618][424]LogModuleManager: Shutting down and abandoning module TcpMessaging (282)
[2018.10.28-05.12.16:719][424]LogModuleManager: Shutting down and abandoning module MagicLeapAudio (280)
[2018.10.28-05.12.16:719][424]LogModuleManager: Shutting down and abandoning module GameplayTagsEditor (278)
[2018.10.28-05.12.16:719][424]LogModuleManager: Shutting down and abandoning module FacialAnimationEditor (276)
[2018.10.28-05.12.16:719][424]LogModuleManager: Shutting down and abandoning module FacialAnimation (274)
[2018.10.28-05.12.16:719][424]LogModuleManager: Shutting down and abandoning module DataValidation (272)
[2018.10.28-05.12.16:719][424]LogModuleManager: Shutting down and abandoning module AssetManagerEditor (270)
[2018.10.28-05.12.16:719][424]LogModuleManager: Shutting down and abandoning module LevelEditor (269)
[2018.10.28-05.12.16:720][424]LogModuleManager: Shutting down and abandoning module PixelInspectorModule (268)
[2018.10.28-05.12.16:720][424]LogModuleManager: Shutting down and abandoning module CommonMenuExtensions (266)
[2018.10.28-05.12.16:720][424]LogModuleManager: Shutting down and abandoning module MainFrame (264)
[2018.10.28-05.12.16:720][424]LogModuleManager: Shutting down and abandoning module HotReload (263)
[2018.10.28-05.12.16:721][424]LogModuleManager: Shutting down and abandoning module ContentBrowser (259)
[2018.10.28-05.12.16:722][424]LogModuleManager: Shutting down and abandoning module TreeMap (257)
[2018.10.28-05.12.16:722][424]LogModuleManager: Shutting down and abandoning module LightPropagationVolumeRuntime (254)
[2018.10.28-05.12.16:722][424]LogModuleManager: Shutting down and abandoning module AISupportModule (252)
[2018.10.28-05.12.16:722][424]LogModuleManager: Shutting down and abandoning module Paper2D (250)
[2018.10.28-05.12.16:722][424]LogModuleManager: Shutting down and abandoning module WindowsMoviePlayer (248)
[2018.10.28-05.12.16:722][424]LogModuleManager: Shutting down and abandoning module WmfMedia (246)
[2018.10.28-05.12.16:724][424]LogModuleManager: Shutting down and abandoning module Media (245)
[2018.10.28-05.12.16:730][424]LogModuleManager: Shutting down and abandoning module PacketHandler (242)
[2018.10.28-05.12.16:730][424]LogModuleManager: Shutting down and abandoning module ClothingSystemEditor (240)
[2018.10.28-05.12.16:730][424]LogModuleManager: Shutting down and abandoning module ClothingSystemRuntime (238)
[2018.10.28-05.12.16:730][424]LogModuleManager: Shutting down and abandoning module MediaAssets (236)
[2018.10.28-05.12.16:730][424]LogModuleManager: Shutting down and abandoning module Overlay (234)
[2018.10.28-05.12.16:730][424]LogModuleManager: Shutting down and abandoning module OverlayEditor (233)
[2018.10.28-05.12.16:730][424]LogModuleManager: Shutting down and abandoning module EnvironmentQueryEditor (230)
[2018.10.28-05.12.16:730][424]LogModuleManager: Shutting down and abandoning module VREditor (228)
[2018.10.28-05.12.16:730][424]LogModuleManager: Shutting down and abandoning module StringTableEditor (226)
[2018.10.28-05.12.16:730][424]LogModuleManager: Shutting down and abandoning module GameplayTasksEditor (224)
[2018.10.28-05.12.16:730][424]LogModuleManager: Shutting down and abandoning module BehaviorTreeEditor (222)
[2018.10.28-05.12.16:731][424]LogModuleManager: Shutting down and abandoning module FunctionalTesting (220)
[2018.10.28-05.12.16:731][424]LogModuleManager: Shutting down and abandoning module CollisionAnalyzer (218)
[2018.10.28-05.12.16:731][424]LogModuleManager: Shutting down and abandoning module WorkspaceMenuStructure (217)
[2018.10.28-05.12.16:731][424]LogModuleManager: Shutting down and abandoning module UMG (214)
[2018.10.28-05.12.16:731][424]LogModuleManager: Shutting down and abandoning module UMGEditor (213)
[2018.10.28-05.12.16:731][424]LogModuleManager: Shutting down and abandoning module Sequencer (212)
[2018.10.28-05.12.16:731][424]LogModuleManager: Shutting down and abandoning module MessageLog (209)
[2018.10.28-05.12.16:731][424]LogModuleManager: Shutting down and abandoning module SlateReflector (204)
[2018.10.28-05.12.16:731][424]LogModuleManager: Shutting down and abandoning module Slate (202)
[2018.10.28-05.12.16:731][424]LogModuleManager: Shutting down and abandoning module EditorStyle (200)
[2018.10.28-05.12.16:733][424]LogModuleManager: Shutting down and abandoning module MRMesh (198)
[2018.10.28-05.12.16:733][424]LogModuleManager: Shutting down and abandoning module SourceCodeAccess (196)
[2018.10.28-05.12.16:733][424]LogModuleManager: Shutting down and abandoning module HeadMountedDisplay (194)
[2018.10.28-05.12.16:733][424]LogModuleManager: Shutting down and abandoning module XAudio2 (192)
[2018.10.28-05.12.16:733][424]LogModuleManager: Shutting down and abandoning module Networking (190)
[2018.10.28-05.12.16:733][424]LogModuleManager: Shutting down and abandoning module Core (188)
[2018.10.28-05.12.16:733][424]LogModuleManager: Shutting down and abandoning module LevelSequence (186)
[2018.10.28-05.12.16:733][424]LogModuleManager: Shutting down and abandoning module KismetCompiler (184)
[2018.10.28-05.12.16:733][424]LogModuleManager: Shutting down and abandoning module MeshUtilities (182)
[2018.10.28-05.12.16:733][424]LogModuleManager: Shutting down and abandoning module MeshMergeUtilities (181)
[2018.10.28-05.12.16:734][424]LogModuleManager: Shutting down and abandoning module MeshReductionInterface (180)
[2018.10.28-05.12.16:734][424]LogModuleManager: Shutting down and abandoning module SimplygonSwarm (179)
[2018.10.28-05.12.16:734][424]LogModuleManager: Shutting down and abandoning module ProxyLODMeshReduction (177)
[2018.10.28-05.12.16:734][424]LogModuleManager: Shutting down and abandoning module SimplygonMeshReduction (175)
[2018.10.28-05.12.16:734][424]LogModuleManager: Shutting down and abandoning module QuadricMeshReduction (173)
[2018.10.28-05.12.16:734][424]LogModuleManager: Shutting down and abandoning module MaterialBaking (169)
[2018.10.28-05.12.16:734][424]LogModuleManager: Shutting down and abandoning module DirectoryWatcher (165)
[2018.10.28-05.12.16:734][424]LogModuleManager: Shutting down and abandoning module DerivedDataCache (162)
[2018.10.28-05.12.16:759][424]LogDerivedDataCache: Shutdown
[2018.10.28-05.12.16:759][424]LogModuleManager: Shutting down and abandoning module XGEController (160)
[2018.10.28-05.12.16:759][424]LogXGEController: Cleaning working directory: C:/Users/Rayray/AppData/Local/Temp/UnrealXGEWorkingDir/
[2018.10.28-05.12.16:759][424]LogModuleManager: Shutting down and abandoning module TargetPlatform (158)
[2018.10.28-05.12.16:759][424]LogModuleManager: Shutting down and abandoning module VulkanShaderFormat (157)
[2018.10.28-05.12.16:759][424]LogModuleManager: Shutting down and abandoning module ShaderFormatVectorVM (155)
[2018.10.28-05.12.16:759][424]LogModuleManager: Shutting down and abandoning module ShaderFormatOpenGL (153)
[2018.10.28-05.12.16:759][424]LogModuleManager: Shutting down and abandoning module ShaderFormatD3D (151)
[2018.10.28-05.12.16:759][424]LogModuleManager: Shutting down and abandoning module MetalShaderFormat (149)
[2018.10.28-05.12.16:759][424]LogModuleManager: Shutting down and abandoning module TextureFormatUncompressed (147)
[2018.10.28-05.12.16:759][424]LogModuleManager: Shutting down and abandoning module TextureFormatPVR (145)
[2018.10.28-05.12.16:759][424]LogModuleManager: Shutting down and abandoning module TextureFormatDXT (143)
[2018.10.28-05.12.16:759][424]LogModuleManager: Shutting down and abandoning module TextureFormatIntelISPCTexComp (141)
[2018.10.28-05.12.16:759][424]LogModuleManager: Shutting down and abandoning module TextureFormatASTC (139)
[2018.10.28-05.12.16:759][424]LogModuleManager: Shutting down and abandoning module ImageWrapper (138)
[2018.10.28-05.12.16:759][424]LogModuleManager: Shutting down and abandoning module TextureFormatAndroid (135)
[2018.10.28-05.12.16:759][424]LogModuleManager: Shutting down and abandoning module AudioFormatOpus (133)
[2018.10.28-05.12.16:759][424]LogModuleManager: Shutting down and abandoning module AudioFormatOgg (131)
[2018.10.28-05.12.16:760][424]LogModuleManager: Shutting down and abandoning module AudioFormatADPCM (129)
[2018.10.28-05.12.16:760][424]LogModuleManager: Shutting down and abandoning module LuminTargetPlatform (127)
[2018.10.28-05.12.16:760][424]LogModuleManager: Shutting down and abandoning module LinuxTargetPlatform (125)
[2018.10.28-05.12.16:760][424]LogModuleManager: Shutting down and abandoning module LinuxServerTargetPlatform (123)
[2018.10.28-05.12.16:760][424]LogModuleManager: Shutting down and abandoning module LinuxNoEditorTargetPlatform (121)
[2018.10.28-05.12.16:760][424]LogModuleManager: Shutting down and abandoning module LinuxClientTargetPlatform (119)
[2018.10.28-05.12.16:760][424]LogModuleManager: Shutting down and abandoning module TVOSTargetPlatform (117)
[2018.10.28-05.12.16:761][424]LogModuleManager: Shutting down and abandoning module Messaging (115)
[2018.10.28-05.12.16:761][424]LogModuleManager: Shutting down and abandoning module IOSTargetPlatform (113)
[2018.10.28-05.12.16:762][424]LogModuleManager: Shutting down and abandoning module HTML5TargetPlatform (111)
[2018.10.28-05.12.16:762][424]LogModuleManager: Shutting down and abandoning module AndroidTargetPlatform (109)
[2018.10.28-05.12.16:770][424]LogModuleManager: Shutting down and abandoning module WindowsTargetPlatform (107)
[2018.10.28-05.12.16:770][424]LogModuleManager: Shutting down and abandoning module WindowsServerTargetPlatform (105)
[2018.10.28-05.12.16:770][424]LogModuleManager: Shutting down and abandoning module WindowsNoEditorTargetPlatform (103)
[2018.10.28-05.12.16:770][424]LogModuleManager: Shutting down and abandoning module WindowsClientTargetPlatform (101)
[2018.10.28-05.12.16:770][424]LogModuleManager: Shutting down and abandoning module MacTargetPlatform (99)
[2018.10.28-05.12.16:770][424]LogModuleManager: Shutting down and abandoning module MacServerTargetPlatform (97)
[2018.10.28-05.12.16:770][424]LogModuleManager: Shutting down and abandoning module MacNoEditorTargetPlatform (95)
[2018.10.28-05.12.16:770][424]LogModuleManager: Shutting down and abandoning module MacClientTargetPlatform (93)
[2018.10.28-05.12.16:770][424]LogModuleManager: Shutting down and abandoning module AllDesktopTargetPlatform (91)
[2018.10.28-05.12.16:770][424]LogModuleManager: Shutting down and abandoning module InputCore (88)
[2018.10.28-05.12.16:770][424]LogModuleManager: Shutting down and abandoning module Settings (86)
[2018.10.28-05.12.16:770][424]LogModuleManager: Shutting down and abandoning module PhysXCooking (84)
[2018.10.28-05.12.16:770][424]LogModuleManager: Shutting down and abandoning module SteamVR (82)
[2018.10.28-05.12.16:770][424]LogModuleManager: Shutting down and abandoning module OculusHMD (80)
[2018.10.28-05.12.16:770][424]LogModuleManager: Shutting down and abandoning module ExampleDeviceProfileSelector (78)
[2018.10.28-05.12.16:770][424]LogModuleManager: Shutting down and abandoning module LauncherChunkInstaller (76)
[2018.10.28-05.12.16:770][424]LogModuleManager: Shutting down and abandoning module OnlineBlueprintSupport (74)
[2018.10.28-05.12.16:770][424]LogModuleManager: Shutting down and abandoning module OnlineSubsystem (70)
[2018.10.28-05.12.16:771][424]LogModuleManager: Shutting down and abandoning module XMPP (65)
[2018.10.28-05.12.16:771][424]LogModuleManager: Shutting down and abandoning module WebSockets (64)
[2018.10.28-05.12.16:797][424]LogModuleManager: Shutting down and abandoning module HTTP (61)
[2018.10.28-05.12.16:797][424]LogHttp: Display: Http module shutting down, but needs to wait on 1 outstanding Http requests:
[2018.10.28-05.12.16:797][424]LogHttp: Display: 	verb=[POST] url=[https://datarouter.ol.epicgames.com/datarouter/api/v1/public/data?SessionID=%7B560C5DF1-49AD-7ECA-5878-62BBDDC3CF50%7D&AppID=UEEditor.Rocket.Release&AppVersion=4.20.3-4369336%2B%2B%2BUE4%2BRelease-4.20&UserID=1716449542d6b509f39843a71e4bae07%7C1baec983b97f4796bacc8ff667cbe195%7Cbb5ab3e9-97b2-4d17-97ec-caaca043106f&AppEnvironment=datacollector-binary&UploadType=eteventstream] status=Processing
[2018.10.28-05.12.16:807][424]LogModuleManager: Shutting down and abandoning module SSL (60)
[2018.10.28-05.12.16:809][424]LogModuleManager: Shutting down and abandoning module MagicLeapEmulator (56)
[2018.10.28-05.12.16:809][424]LogModuleManager: Shutting down and abandoning module MagicLeapPrivileges (54)
[2018.10.28-05.12.16:809][424]LogModuleManager: Shutting down and abandoning module MagicLeapIdentity (52)
[2018.10.28-05.12.16:809][424]LogModuleManager: Shutting down and abandoning module MagicLeapHelperVulkan (50)
[2018.10.28-05.12.16:809][424]LogModuleManager: Shutting down and abandoning module MagicLeapHelperOpenGL (48)
[2018.10.28-05.12.16:809][424]LogModuleManager: Shutting down and abandoning module MagicLeapSecureStorage (46)
[2018.10.28-05.12.16:809][424]LogModuleManager: Shutting down and abandoning module MagicLeapGestures (44)
[2018.10.28-05.12.16:809][424]LogModuleManager: Shutting down and abandoning module MagicLeapEyeTracker (42)
[2018.10.28-05.12.16:809][424]LogModuleManager: Shutting down and abandoning module MagicLeapController (40)
[2018.10.28-05.12.16:809][424]LogSlate: Slate User Destroyed.  User Index 0, Is Virtual User: 0
[2018.10.28-05.12.16:809][424]LogModuleManager: Shutting down and abandoning module MagicLeap (38)
[2018.10.28-05.12.16:809][424]LogModuleManager: Shutting down and abandoning module AnimationModifiers (36)
[2018.10.28-05.12.16:809][424]LogModuleManager: Shutting down and abandoning module PropertyEditor (35)
[2018.10.28-05.12.16:809][424]LogModuleManager: Shutting down and abandoning module AudioEditor (32)
[2018.10.28-05.12.16:809][424]LogModuleManager: Shutting down and abandoning module TextureCompressor (30)
[2018.10.28-05.12.16:809][424]LogModuleManager: Shutting down and abandoning module ShaderCore (28)
[2018.10.28-05.12.16:809][424]LogModuleManager: Shutting down and abandoning module Landscape (26)
[2018.10.28-05.12.16:809][424]LogModuleManager: Shutting down and abandoning module SlateRHIRenderer (24)
[2018.10.28-05.12.16:810][424]LogModuleManager: Shutting down and abandoning module OpenGLDrv (22)
[2018.10.28-05.12.16:810][424]LogModuleManager: Shutting down and abandoning module D3D11RHI (20)
[2018.10.28-05.12.16:810][424]LogModuleManager: Shutting down and abandoning module AnimGraphRuntime (18)
[2018.10.28-05.12.16:810][424]LogModuleManager: Shutting down and abandoning module Renderer (16)
[2018.10.28-05.12.16:810][424]LogModuleManager: Shutting down and abandoning module Engine (14)
[2018.10.28-05.12.16:810][424]LogModuleManager: Shutting down and abandoning module CoreUObject (12)
[2018.10.28-05.12.16:810][424]LogModuleManager: Shutting down and abandoning module NetworkFile (10)
[2018.10.28-05.12.16:810][424]LogModuleManager: Shutting down and abandoning module CookedIterativeFile (8)
[2018.10.28-05.12.16:810][424]LogModuleManager: Shutting down and abandoning module StreamingFile (6)
[2018.10.28-05.12.16:810][424]LogModuleManager: Shutting down and abandoning module SandboxFile (4)
[2018.10.28-05.12.16:810][424]LogModuleManager: Shutting down and abandoning module PakFile (2)
[2018.10.28-05.12.16:820][424]LogExit: Exiting.
[2018.10.28-05.12.16:826][424]Log file closed, 10/28/18 00:12:16
